
build/release/user/cat.elf:     file format elf32-littleriscv
build/release/user/cat.elf
architecture: riscv:rv32, flags 0x00000112:
EXEC_P, HAS_SYMS, D_PAGED
start address 0x80200000

Program Header:
0x70000003 off    0x000032a8 vaddr 0x00000000 paddr 0x00000000 align 2**0
         filesz 0x0000004b memsz 0x00000000 flags r--
    LOAD off    0x00001000 vaddr 0x80200000 paddr 0x80200000 align 2**12
         filesz 0x000011f8 memsz 0x000011f8 flags r-x
    LOAD off    0x00003000 vaddr 0x80208000 paddr 0x80208000 align 2**12
         filesz 0x000002a8 memsz 0x000007e4 flags rw-

Sections:
Idx Name              Size      VMA       LMA       File off  Algn  Flags
  0 .text             000011f8  80200000  80200000  00001000  2**3  CONTENTS, ALLOC, LOAD, READONLY, CODE
  1 .rodata           00000160  80208000  80208000  00003000  2**3  CONTENTS, ALLOC, LOAD, READONLY, DATA
  2 .data             00000148  80208160  80208160  00003160  2**3  CONTENTS, ALLOC, LOAD, DATA
  3 .bss              0000053c  802082a8  802082a8  000032a8  2**3  ALLOC
  4 .riscv.attributes 0000004b  00000000  00000000  000032a8  2**0  CONTENTS, READONLY
  5 .comment          00000033  00000000  00000000  000032f3  2**0  CONTENTS, READONLY
SYMBOL TABLE:
80200000 l    d  .text	00000000 .text
80208000 l    d  .rodata	00000000 .rodata
80208160 l    d  .data	00000000 .data
802082a8 l    d  .bss	00000000 .bss
00000000 l    d  .riscv.attributes	00000000 .riscv.attributes
00000000 l    d  .comment	00000000 .comment
00000000 l    df *ABS*	00000000 ccVngA1u.o
00000000 l    df *ABS*	00000000 cat.c
00000000 l    df *ABS*	00000000 print.c
00000000 l    df *ABS*	00000000 servers.c
802082a8 l     O .bss	00000004 sender
802082ac l     O .bss	00000400 buf
00000000 l    df *ABS*	00000000 syscall.c
802082a0 l     O .data	00000004 sc
00000000 l    df *ABS*	00000000 libc_a-atoi.o
00000000 l    df *ABS*	00000000 libc_a-itoa.o
00000000 l    df *ABS*	00000000 libc_a-strtol.o
802007b8 l     F .text	00000370 _strtol_l.part.0
00000000 l    df *ABS*	00000000 libc_a-utoa.o
00000000 l    df *ABS*	00000000 libc_a-strcat.o
00000000 l    df *ABS*	00000000 libc_a-strncat.o
00000000 l    df *ABS*	00000000 libc_a-strncmp.o
00000000 l    df *ABS*	00000000 libc_a-errno.o
00000000 l    df *ABS*	00000000 libc_a-memcpy.o
00000000 l    df *ABS*	00000000 libc_a-strlen.o
00000000 l    df *ABS*	00000000 libc_a-strcpy.o
00000000 l    df *ABS*	00000000 muldi3.o
00000000 l    df *ABS*	00000000 div.o
802006a4 g     F .text	00000090 sys_recv
8020107c g     F .text	000000a4 strcpy
80200258 g     F .text	00000098 my_printf
80200ebc g     F .text	0000000c __errno
80200000 g       .text	00000000 app_entry
80200ec8 g     F .text	00000128 memcpy
8020114c g     F .text	00000048 .hidden __hidden___udivsi3
8020114c g     F .text	00000048 .hidden __udivsi3
80200740 g     F .text	00000078 itoa
80200b28 g     F .text	00000050 strtol
802086ac g     O .bss	00000138 __sf
80200634 g     F .text	00000070 sys_send
80200ccc g     F .text	000000a0 strcat
80201194 g     F .text	00000010 .hidden __umodsi3
80200518 g     F .text	000000b4 file_read
8020010c g     F .text	0000014c format_to_str
80200e18 g     F .text	000000a4 strncmp
80201120 g     F .text	00000024 .hidden __mulsi3
80200d6c g     F .text	000000ac strncat
80200b78 g     F .text	00000154 __utoa
80200010 g     F .text	000000fc main
80201144 g     F .text	00000084 .hidden __divsi3
80300000 g       *ABS*	00000000 __heap_end
802082a4 g     O .data	00000004 _impure_ptr
802087e8 g       .riscv.attributes	00000000 __heap_start
802005cc g     F .text	00000068 term_write
802003d4 g     F .text	00000034 exit
802011c8 g     F .text	00000030 .hidden __modsi3
80208160 g     O .data	00000140 _impure_data
80200734 g     F .text	0000000c atoi
8020805c g     O .rodata	00000101 _ctype_
80200408 g     F .text	00000110 dir_lookup
80200ff0 g     F .text	0000008c strlen
802002f0 g     F .text	000000e4 INFO



Disassembly of section .text:

80200000 <app_entry>:
app_entry():
80200000:	00052503          	lw	a0,0(a0)
80200004:	80400137          	lui	sp,0x80400
80200008:	008000ef          	jal	80200010 <main>
8020000c:	3c8000ef          	jal	802003d4 <exit>

80200010 <main>:
main():
80200010:	dd010113          	addi	sp,sp,-560 # 803ffdd0 <__heap_end+0xffdd0>
80200014:	22112623          	sw	ra,556(sp)
80200018:	22812423          	sw	s0,552(sp)
8020001c:	23010413          	addi	s0,sp,560
80200020:	dca42e23          	sw	a0,-548(s0)
80200024:	dcb42c23          	sw	a1,-552(s0)
80200028:	ddc42703          	lw	a4,-548(s0)
8020002c:	00200793          	li	a5,2
80200030:	00f70c63          	beq	a4,a5,80200048 <main+0x38>
80200034:	802087b7          	lui	a5,0x80208
80200038:	00078513          	mv	a0,a5
8020003c:	2b4000ef          	jal	802002f0 <INFO>
80200040:	fff00793          	li	a5,-1
80200044:	0b40006f          	j	802000f8 <main+0xe8>
80200048:	803027b7          	lui	a5,0x80302
8020004c:	0007a703          	lw	a4,0(a5) # 80302000 <__heap_end+0x2000>
80200050:	dd842783          	lw	a5,-552(s0)
80200054:	00478793          	addi	a5,a5,4
80200058:	0007a783          	lw	a5,0(a5)
8020005c:	00078593          	mv	a1,a5
80200060:	00070513          	mv	a0,a4
80200064:	3a4000ef          	jal	80200408 <dir_lookup>
80200068:	fea42623          	sw	a0,-20(s0)
8020006c:	fec42783          	lw	a5,-20(s0)
80200070:	0207d463          	bgez	a5,80200098 <main+0x88>
80200074:	dd842783          	lw	a5,-552(s0)
80200078:	00478793          	addi	a5,a5,4
8020007c:	0007a783          	lw	a5,0(a5)
80200080:	00078593          	mv	a1,a5
80200084:	802087b7          	lui	a5,0x80208
80200088:	01478513          	addi	a0,a5,20 # 80208014 <__modsi3+0x6e4c>
8020008c:	264000ef          	jal	802002f0 <INFO>
80200090:	fff00793          	li	a5,-1
80200094:	0640006f          	j	802000f8 <main+0xe8>
80200098:	dec40793          	addi	a5,s0,-532
8020009c:	00078613          	mv	a2,a5
802000a0:	00000593          	li	a1,0
802000a4:	fec42503          	lw	a0,-20(s0)
802000a8:	470000ef          	jal	80200518 <file_read>
802000ac:	dec40793          	addi	a5,s0,-532
802000b0:	00078593          	mv	a1,a5
802000b4:	802087b7          	lui	a5,0x80208
802000b8:	02c78513          	addi	a0,a5,44 # 8020802c <__modsi3+0x6e64>
802000bc:	19c000ef          	jal	80200258 <my_printf>
802000c0:	dec40793          	addi	a5,s0,-532
802000c4:	00078513          	mv	a0,a5
802000c8:	729000ef          	jal	80200ff0 <strlen>
802000cc:	00050793          	mv	a5,a0
802000d0:	fff78793          	addi	a5,a5,-1
802000d4:	ff078793          	addi	a5,a5,-16
802000d8:	008787b3          	add	a5,a5,s0
802000dc:	dfc7c703          	lbu	a4,-516(a5)
802000e0:	00a00793          	li	a5,10
802000e4:	00f70863          	beq	a4,a5,802000f4 <main+0xe4>
802000e8:	802087b7          	lui	a5,0x80208
802000ec:	03078513          	addi	a0,a5,48 # 80208030 <__modsi3+0x6e68>
802000f0:	168000ef          	jal	80200258 <my_printf>
802000f4:	00000793          	li	a5,0
802000f8:	00078513          	mv	a0,a5
802000fc:	22c12083          	lw	ra,556(sp)
80200100:	22812403          	lw	s0,552(sp)
80200104:	23010113          	addi	sp,sp,560
80200108:	00008067          	ret

8020010c <format_to_str>:
format_to_str():
8020010c:	fe010113          	addi	sp,sp,-32
80200110:	00112e23          	sw	ra,28(sp)
80200114:	00812c23          	sw	s0,24(sp)
80200118:	00912a23          	sw	s1,20(sp)
8020011c:	02010413          	addi	s0,sp,32
80200120:	fea42623          	sw	a0,-20(s0)
80200124:	feb42423          	sw	a1,-24(s0)
80200128:	fec42223          	sw	a2,-28(s0)
8020012c:	fec42783          	lw	a5,-20(s0)
80200130:	00078023          	sb	zero,0(a5)
80200134:	0fc0006f          	j	80200230 <format_to_str+0x124>
80200138:	fe842783          	lw	a5,-24(s0)
8020013c:	0007c703          	lbu	a4,0(a5)
80200140:	02500793          	li	a5,37
80200144:	00f70c63          	beq	a4,a5,8020015c <format_to_str+0x50>
80200148:	00100613          	li	a2,1
8020014c:	fe842583          	lw	a1,-24(s0)
80200150:	fec42503          	lw	a0,-20(s0)
80200154:	419000ef          	jal	80200d6c <strncat>
80200158:	0cc0006f          	j	80200224 <format_to_str+0x118>
8020015c:	fe842783          	lw	a5,-24(s0)
80200160:	00178793          	addi	a5,a5,1
80200164:	fef42423          	sw	a5,-24(s0)
80200168:	fe842783          	lw	a5,-24(s0)
8020016c:	0007c703          	lbu	a4,0(a5)
80200170:	07300793          	li	a5,115
80200174:	02f71263          	bne	a4,a5,80200198 <format_to_str+0x8c>
80200178:	fe442783          	lw	a5,-28(s0)
8020017c:	00478713          	addi	a4,a5,4
80200180:	fee42223          	sw	a4,-28(s0)
80200184:	0007a783          	lw	a5,0(a5)
80200188:	00078593          	mv	a1,a5
8020018c:	fec42503          	lw	a0,-20(s0)
80200190:	33d000ef          	jal	80200ccc <strcat>
80200194:	0900006f          	j	80200224 <format_to_str+0x118>
80200198:	fe842783          	lw	a5,-24(s0)
8020019c:	0007c703          	lbu	a4,0(a5)
802001a0:	06400793          	li	a5,100
802001a4:	02f71e63          	bne	a4,a5,802001e0 <format_to_str+0xd4>
802001a8:	fe442783          	lw	a5,-28(s0)
802001ac:	00478713          	addi	a4,a5,4
802001b0:	fee42223          	sw	a4,-28(s0)
802001b4:	0007a483          	lw	s1,0(a5)
802001b8:	fec42503          	lw	a0,-20(s0)
802001bc:	635000ef          	jal	80200ff0 <strlen>
802001c0:	00050713          	mv	a4,a0
802001c4:	fec42783          	lw	a5,-20(s0)
802001c8:	00e787b3          	add	a5,a5,a4
802001cc:	00a00613          	li	a2,10
802001d0:	00078593          	mv	a1,a5
802001d4:	00048513          	mv	a0,s1
802001d8:	568000ef          	jal	80200740 <itoa>
802001dc:	0480006f          	j	80200224 <format_to_str+0x118>
802001e0:	fe842783          	lw	a5,-24(s0)
802001e4:	0007c703          	lbu	a4,0(a5)
802001e8:	07800793          	li	a5,120
802001ec:	02f71c63          	bne	a4,a5,80200224 <format_to_str+0x118>
802001f0:	fe442783          	lw	a5,-28(s0)
802001f4:	00478713          	addi	a4,a5,4
802001f8:	fee42223          	sw	a4,-28(s0)
802001fc:	0007a483          	lw	s1,0(a5)
80200200:	fec42503          	lw	a0,-20(s0)
80200204:	5ed000ef          	jal	80200ff0 <strlen>
80200208:	00050713          	mv	a4,a0
8020020c:	fec42783          	lw	a5,-20(s0)
80200210:	00e787b3          	add	a5,a5,a4
80200214:	01000613          	li	a2,16
80200218:	00078593          	mv	a1,a5
8020021c:	00048513          	mv	a0,s1
80200220:	520000ef          	jal	80200740 <itoa>
80200224:	fe842783          	lw	a5,-24(s0)
80200228:	00178793          	addi	a5,a5,1
8020022c:	fef42423          	sw	a5,-24(s0)
80200230:	fe842783          	lw	a5,-24(s0)
80200234:	0007c783          	lbu	a5,0(a5)
80200238:	f00790e3          	bnez	a5,80200138 <format_to_str+0x2c>
8020023c:	00000013          	nop
80200240:	00000013          	nop
80200244:	01c12083          	lw	ra,28(sp)
80200248:	01812403          	lw	s0,24(sp)
8020024c:	01412483          	lw	s1,20(sp)
80200250:	02010113          	addi	sp,sp,32
80200254:	00008067          	ret

80200258 <my_printf>:
my_printf():
80200258:	db010113          	addi	sp,sp,-592
8020025c:	22112623          	sw	ra,556(sp)
80200260:	22812423          	sw	s0,552(sp)
80200264:	23010413          	addi	s0,sp,560
80200268:	dca42e23          	sw	a0,-548(s0)
8020026c:	00b42223          	sw	a1,4(s0)
80200270:	00c42423          	sw	a2,8(s0)
80200274:	00d42623          	sw	a3,12(s0)
80200278:	00e42823          	sw	a4,16(s0)
8020027c:	00f42a23          	sw	a5,20(s0)
80200280:	01042c23          	sw	a6,24(s0)
80200284:	01142e23          	sw	a7,28(s0)
80200288:	de040823          	sb	zero,-528(s0)
8020028c:	02040793          	addi	a5,s0,32
80200290:	dcf42c23          	sw	a5,-552(s0)
80200294:	dd842783          	lw	a5,-552(s0)
80200298:	fe478793          	addi	a5,a5,-28
8020029c:	def42623          	sw	a5,-532(s0)
802002a0:	dec42703          	lw	a4,-532(s0)
802002a4:	df040793          	addi	a5,s0,-528
802002a8:	00070613          	mv	a2,a4
802002ac:	ddc42583          	lw	a1,-548(s0)
802002b0:	00078513          	mv	a0,a5
802002b4:	e59ff0ef          	jal	8020010c <format_to_str>
802002b8:	df040793          	addi	a5,s0,-528
802002bc:	00078513          	mv	a0,a5
802002c0:	531000ef          	jal	80200ff0 <strlen>
802002c4:	00050713          	mv	a4,a0
802002c8:	df040793          	addi	a5,s0,-528
802002cc:	00070593          	mv	a1,a4
802002d0:	00078513          	mv	a0,a5
802002d4:	2f8000ef          	jal	802005cc <term_write>
802002d8:	00000013          	nop
802002dc:	00078513          	mv	a0,a5
802002e0:	22c12083          	lw	ra,556(sp)
802002e4:	22812403          	lw	s0,552(sp)
802002e8:	25010113          	addi	sp,sp,592
802002ec:	00008067          	ret

802002f0 <INFO>:
INFO():
802002f0:	db010113          	addi	sp,sp,-592
802002f4:	22112623          	sw	ra,556(sp)
802002f8:	22812423          	sw	s0,552(sp)
802002fc:	23010413          	addi	s0,sp,560
80200300:	dca42e23          	sw	a0,-548(s0)
80200304:	00b42223          	sw	a1,4(s0)
80200308:	00c42423          	sw	a2,8(s0)
8020030c:	00d42623          	sw	a3,12(s0)
80200310:	00e42823          	sw	a4,16(s0)
80200314:	00f42a23          	sw	a5,20(s0)
80200318:	01042c23          	sw	a6,24(s0)
8020031c:	01142e23          	sw	a7,28(s0)
80200320:	df040793          	addi	a5,s0,-528
80200324:	464e5737          	lui	a4,0x464e5
80200328:	95b70713          	addi	a4,a4,-1701 # 464e495b <app_entry-0x39d1b6a5>
8020032c:	00e7a023          	sw	a4,0(a5)
80200330:	00206737          	lui	a4,0x206
80200334:	d4f70713          	addi	a4,a4,-689 # 205d4f <app_entry-0x7fffa2b1>
80200338:	00e7a223          	sw	a4,4(a5)
8020033c:	02040793          	addi	a5,s0,32
80200340:	dcf42c23          	sw	a5,-552(s0)
80200344:	dd842783          	lw	a5,-552(s0)
80200348:	fe478793          	addi	a5,a5,-28
8020034c:	def42623          	sw	a5,-532(s0)
80200350:	df040793          	addi	a5,s0,-528
80200354:	00778793          	addi	a5,a5,7
80200358:	dec42703          	lw	a4,-532(s0)
8020035c:	00070613          	mv	a2,a4
80200360:	ddc42583          	lw	a1,-548(s0)
80200364:	00078513          	mv	a0,a5
80200368:	da5ff0ef          	jal	8020010c <format_to_str>
8020036c:	df040793          	addi	a5,s0,-528
80200370:	00078513          	mv	a0,a5
80200374:	47d000ef          	jal	80200ff0 <strlen>
80200378:	00050793          	mv	a5,a0
8020037c:	00078713          	mv	a4,a5
80200380:	df040793          	addi	a5,s0,-528
80200384:	00e787b3          	add	a5,a5,a4
80200388:	00a00713          	li	a4,10
8020038c:	00e78023          	sb	a4,0(a5)
80200390:	00d00713          	li	a4,13
80200394:	00e780a3          	sb	a4,1(a5)
80200398:	00078123          	sb	zero,2(a5)
8020039c:	df040793          	addi	a5,s0,-528
802003a0:	00078513          	mv	a0,a5
802003a4:	44d000ef          	jal	80200ff0 <strlen>
802003a8:	00050713          	mv	a4,a0
802003ac:	df040793          	addi	a5,s0,-528
802003b0:	00070593          	mv	a1,a4
802003b4:	00078513          	mv	a0,a5
802003b8:	214000ef          	jal	802005cc <term_write>
802003bc:	00000013          	nop
802003c0:	00078513          	mv	a0,a5
802003c4:	22c12083          	lw	ra,556(sp)
802003c8:	22812403          	lw	s0,552(sp)
802003cc:	25010113          	addi	sp,sp,592
802003d0:	00008067          	ret

802003d4 <exit>:
exit():
802003d4:	dd010113          	addi	sp,sp,-560
802003d8:	22112623          	sw	ra,556(sp)
802003dc:	22812423          	sw	s0,552(sp)
802003e0:	23010413          	addi	s0,sp,560
802003e4:	dca42e23          	sw	a0,-548(s0)
802003e8:	00100793          	li	a5,1
802003ec:	def42423          	sw	a5,-536(s0)
802003f0:	de840793          	addi	a5,s0,-536
802003f4:	20800613          	li	a2,520
802003f8:	00078593          	mv	a1,a5
802003fc:	00100513          	li	a0,1
80200400:	234000ef          	jal	80200634 <sys_send>
80200404:	0000006f          	j	80200404 <exit+0x30>

80200408 <dir_lookup>:
dir_lookup():
80200408:	dd010113          	addi	sp,sp,-560
8020040c:	22112623          	sw	ra,556(sp)
80200410:	22812423          	sw	s0,552(sp)
80200414:	23010413          	addi	s0,sp,560
80200418:	dca42e23          	sw	a0,-548(s0)
8020041c:	dcb42c23          	sw	a1,-552(s0)
80200420:	de840793          	addi	a5,s0,-536
80200424:	00078613          	mv	a2,a5
80200428:	00000593          	li	a1,0
8020042c:	ddc42503          	lw	a0,-548(s0)
80200430:	0e8000ef          	jal	80200518 <file_read>
80200434:	fe042623          	sw	zero,-20(s0)
80200438:	dd842503          	lw	a0,-552(s0)
8020043c:	3b5000ef          	jal	80200ff0 <strlen>
80200440:	fea42423          	sw	a0,-24(s0)
80200444:	09c0006f          	j	802004e0 <dir_lookup+0xd8>
80200448:	de840713          	addi	a4,s0,-536
8020044c:	fec42783          	lw	a5,-20(s0)
80200450:	00f707b3          	add	a5,a4,a5
80200454:	fe842603          	lw	a2,-24(s0)
80200458:	00078593          	mv	a1,a5
8020045c:	dd842503          	lw	a0,-552(s0)
80200460:	1b9000ef          	jal	80200e18 <strncmp>
80200464:	00050793          	mv	a5,a0
80200468:	06079663          	bnez	a5,802004d4 <dir_lookup+0xcc>
8020046c:	fec42703          	lw	a4,-20(s0)
80200470:	fe842783          	lw	a5,-24(s0)
80200474:	00f707b3          	add	a5,a4,a5
80200478:	ff078793          	addi	a5,a5,-16
8020047c:	008787b3          	add	a5,a5,s0
80200480:	df87c703          	lbu	a4,-520(a5)
80200484:	02000793          	li	a5,32
80200488:	04f71663          	bne	a4,a5,802004d4 <dir_lookup+0xcc>
8020048c:	fec42783          	lw	a5,-20(s0)
80200490:	02078063          	beqz	a5,802004b0 <dir_lookup+0xa8>
80200494:	fec42783          	lw	a5,-20(s0)
80200498:	fff78793          	addi	a5,a5,-1
8020049c:	ff078793          	addi	a5,a5,-16
802004a0:	008787b3          	add	a5,a5,s0
802004a4:	df87c703          	lbu	a4,-520(a5)
802004a8:	02000793          	li	a5,32
802004ac:	02f71463          	bne	a4,a5,802004d4 <dir_lookup+0xcc>
802004b0:	fec42703          	lw	a4,-20(s0)
802004b4:	fe842783          	lw	a5,-24(s0)
802004b8:	00f707b3          	add	a5,a4,a5
802004bc:	de840713          	addi	a4,s0,-536
802004c0:	00f707b3          	add	a5,a4,a5
802004c4:	00078513          	mv	a0,a5
802004c8:	26c000ef          	jal	80200734 <atoi>
802004cc:	00050793          	mv	a5,a0
802004d0:	0340006f          	j	80200504 <dir_lookup+0xfc>
802004d4:	fec42783          	lw	a5,-20(s0)
802004d8:	00178793          	addi	a5,a5,1
802004dc:	fef42623          	sw	a5,-20(s0)
802004e0:	de840793          	addi	a5,s0,-536
802004e4:	00078513          	mv	a0,a5
802004e8:	309000ef          	jal	80200ff0 <strlen>
802004ec:	00050713          	mv	a4,a0
802004f0:	fe842783          	lw	a5,-24(s0)
802004f4:	40f707b3          	sub	a5,a4,a5
802004f8:	fec42703          	lw	a4,-20(s0)
802004fc:	f4f766e3          	bltu	a4,a5,80200448 <dir_lookup+0x40>
80200500:	fff00793          	li	a5,-1
80200504:	00078513          	mv	a0,a5
80200508:	22c12083          	lw	ra,556(sp)
8020050c:	22812403          	lw	s0,552(sp)
80200510:	23010113          	addi	sp,sp,560
80200514:	00008067          	ret

80200518 <file_read>:
file_read():
80200518:	dd010113          	addi	sp,sp,-560
8020051c:	22112623          	sw	ra,556(sp)
80200520:	22812423          	sw	s0,552(sp)
80200524:	23010413          	addi	s0,sp,560
80200528:	dca42e23          	sw	a0,-548(s0)
8020052c:	dcb42c23          	sw	a1,-552(s0)
80200530:	dcc42a23          	sw	a2,-556(s0)
80200534:	00100793          	li	a5,1
80200538:	def42023          	sw	a5,-544(s0)
8020053c:	ddc42783          	lw	a5,-548(s0)
80200540:	def42223          	sw	a5,-540(s0)
80200544:	dd842783          	lw	a5,-552(s0)
80200548:	def42423          	sw	a5,-536(s0)
8020054c:	de040793          	addi	a5,s0,-544
80200550:	20c00613          	li	a2,524
80200554:	00078593          	mv	a1,a5
80200558:	00300513          	li	a0,3
8020055c:	0d8000ef          	jal	80200634 <sys_send>
80200560:	40000693          	li	a3,1024
80200564:	802087b7          	lui	a5,0x80208
80200568:	2ac78613          	addi	a2,a5,684 # 802082ac <buf>
8020056c:	802087b7          	lui	a5,0x80208
80200570:	2a878593          	addi	a1,a5,680 # 802082a8 <sender>
80200574:	00300513          	li	a0,3
80200578:	12c000ef          	jal	802006a4 <sys_recv>
8020057c:	802087b7          	lui	a5,0x80208
80200580:	2ac78793          	addi	a5,a5,684 # 802082ac <buf>
80200584:	fef42623          	sw	a5,-20(s0)
80200588:	fec42783          	lw	a5,-20(s0)
8020058c:	00478793          	addi	a5,a5,4
80200590:	20000613          	li	a2,512
80200594:	00078593          	mv	a1,a5
80200598:	dd442503          	lw	a0,-556(s0)
8020059c:	12d000ef          	jal	80200ec8 <memcpy>
802005a0:	fec42783          	lw	a5,-20(s0)
802005a4:	0007a783          	lw	a5,0(a5)
802005a8:	00079663          	bnez	a5,802005b4 <file_read+0x9c>
802005ac:	00000793          	li	a5,0
802005b0:	0080006f          	j	802005b8 <file_read+0xa0>
802005b4:	fff00793          	li	a5,-1
802005b8:	00078513          	mv	a0,a5
802005bc:	22c12083          	lw	ra,556(sp)
802005c0:	22812403          	lw	s0,552(sp)
802005c4:	23010113          	addi	sp,sp,560
802005c8:	00008067          	ret

802005cc <term_write>:
term_write():
802005cc:	dd010113          	addi	sp,sp,-560
802005d0:	22112623          	sw	ra,556(sp)
802005d4:	22812423          	sw	s0,552(sp)
802005d8:	23010413          	addi	s0,sp,560
802005dc:	dca42e23          	sw	a0,-548(s0)
802005e0:	dcb42c23          	sw	a1,-552(s0)
802005e4:	00100793          	li	a5,1
802005e8:	def42423          	sw	a5,-536(s0)
802005ec:	dd842783          	lw	a5,-552(s0)
802005f0:	def42623          	sw	a5,-532(s0)
802005f4:	de840793          	addi	a5,s0,-536
802005f8:	00878793          	addi	a5,a5,8
802005fc:	dd842603          	lw	a2,-552(s0)
80200600:	ddc42583          	lw	a1,-548(s0)
80200604:	00078513          	mv	a0,a5
80200608:	0c1000ef          	jal	80200ec8 <memcpy>
8020060c:	de840793          	addi	a5,s0,-536
80200610:	20800613          	li	a2,520
80200614:	00078593          	mv	a1,a5
80200618:	00200513          	li	a0,2
8020061c:	018000ef          	jal	80200634 <sys_send>
80200620:	00000013          	nop
80200624:	22c12083          	lw	ra,556(sp)
80200628:	22812403          	lw	s0,552(sp)
8020062c:	23010113          	addi	sp,sp,560
80200630:	00008067          	ret

80200634 <sys_send>:
sys_send():
80200634:	fe010113          	addi	sp,sp,-32
80200638:	00112e23          	sw	ra,28(sp)
8020063c:	00812c23          	sw	s0,24(sp)
80200640:	02010413          	addi	s0,sp,32
80200644:	fea42623          	sw	a0,-20(s0)
80200648:	feb42423          	sw	a1,-24(s0)
8020064c:	fec42223          	sw	a2,-28(s0)
80200650:	802087b7          	lui	a5,0x80208
80200654:	2a07a783          	lw	a5,672(a5) # 802082a0 <sc>
80200658:	00200713          	li	a4,2
8020065c:	00e7a023          	sw	a4,0(a5)
80200660:	802087b7          	lui	a5,0x80208
80200664:	2a07a783          	lw	a5,672(a5) # 802082a0 <sc>
80200668:	fec42703          	lw	a4,-20(s0)
8020066c:	00e7a423          	sw	a4,8(a5)
80200670:	802087b7          	lui	a5,0x80208
80200674:	2a07a783          	lw	a5,672(a5) # 802082a0 <sc>
80200678:	00c78793          	addi	a5,a5,12
8020067c:	fe442603          	lw	a2,-28(s0)
80200680:	fe842583          	lw	a1,-24(s0)
80200684:	00078513          	mv	a0,a5
80200688:	041000ef          	jal	80200ec8 <memcpy>
8020068c:	00000073          	ecall
80200690:	00000013          	nop
80200694:	01c12083          	lw	ra,28(sp)
80200698:	01812403          	lw	s0,24(sp)
8020069c:	02010113          	addi	sp,sp,32
802006a0:	00008067          	ret

802006a4 <sys_recv>:
sys_recv():
802006a4:	fe010113          	addi	sp,sp,-32
802006a8:	00112e23          	sw	ra,28(sp)
802006ac:	00812c23          	sw	s0,24(sp)
802006b0:	02010413          	addi	s0,sp,32
802006b4:	fea42623          	sw	a0,-20(s0)
802006b8:	feb42423          	sw	a1,-24(s0)
802006bc:	fec42223          	sw	a2,-28(s0)
802006c0:	fed42023          	sw	a3,-32(s0)
802006c4:	802087b7          	lui	a5,0x80208
802006c8:	2a07a783          	lw	a5,672(a5) # 802082a0 <sc>
802006cc:	00100713          	li	a4,1
802006d0:	00e7a023          	sw	a4,0(a5)
802006d4:	802087b7          	lui	a5,0x80208
802006d8:	2a07a783          	lw	a5,672(a5) # 802082a0 <sc>
802006dc:	fec42703          	lw	a4,-20(s0)
802006e0:	00e7a223          	sw	a4,4(a5)
802006e4:	00000073          	ecall
802006e8:	802087b7          	lui	a5,0x80208
802006ec:	2a07a783          	lw	a5,672(a5) # 802082a0 <sc>
802006f0:	00c78793          	addi	a5,a5,12
802006f4:	fe042603          	lw	a2,-32(s0)
802006f8:	00078593          	mv	a1,a5
802006fc:	fe442503          	lw	a0,-28(s0)
80200700:	7c8000ef          	jal	80200ec8 <memcpy>
80200704:	fe842783          	lw	a5,-24(s0)
80200708:	00078c63          	beqz	a5,80200720 <sys_recv+0x7c>
8020070c:	802087b7          	lui	a5,0x80208
80200710:	2a07a783          	lw	a5,672(a5) # 802082a0 <sc>
80200714:	0047a703          	lw	a4,4(a5)
80200718:	fe842783          	lw	a5,-24(s0)
8020071c:	00e7a023          	sw	a4,0(a5)
80200720:	00000013          	nop
80200724:	01c12083          	lw	ra,28(sp)
80200728:	01812403          	lw	s0,24(sp)
8020072c:	02010113          	addi	sp,sp,32
80200730:	00008067          	ret

80200734 <atoi>:
atoi():
80200734:	00a00613          	li	a2,10
80200738:	00000593          	li	a1,0
8020073c:	3ec0006f          	j	80200b28 <strtol>

80200740 <itoa>:
itoa():
80200740:	ffe60713          	addi	a4,a2,-2
80200744:	02200793          	li	a5,34
80200748:	06e7e263          	bltu	a5,a4,802007ac <itoa+0x6c>
8020074c:	fe010113          	addi	sp,sp,-32
80200750:	00112e23          	sw	ra,28(sp)
80200754:	ff660793          	addi	a5,a2,-10
80200758:	02079a63          	bnez	a5,8020078c <itoa+0x4c>
8020075c:	02055863          	bgez	a0,8020078c <itoa+0x4c>
80200760:	02d00793          	li	a5,45
80200764:	00158713          	addi	a4,a1,1
80200768:	00b12623          	sw	a1,12(sp)
8020076c:	00f58023          	sb	a5,0(a1)
80200770:	40a00533          	neg	a0,a0
80200774:	00070593          	mv	a1,a4
80200778:	400000ef          	jal	80200b78 <__utoa>
8020077c:	01c12083          	lw	ra,28(sp)
80200780:	00c12503          	lw	a0,12(sp)
80200784:	02010113          	addi	sp,sp,32
80200788:	00008067          	ret
8020078c:	00058713          	mv	a4,a1
80200790:	00b12623          	sw	a1,12(sp)
80200794:	00070593          	mv	a1,a4
80200798:	3e0000ef          	jal	80200b78 <__utoa>
8020079c:	01c12083          	lw	ra,28(sp)
802007a0:	00c12503          	lw	a0,12(sp)
802007a4:	02010113          	addi	sp,sp,32
802007a8:	00008067          	ret
802007ac:	00058023          	sb	zero,0(a1)
802007b0:	00000513          	li	a0,0
802007b4:	00008067          	ret

802007b8 <_strtol_l.part.0>:
_strtol_l.part.0():
802007b8:	fb010113          	addi	sp,sp,-80
802007bc:	04812423          	sw	s0,72(sp)
802007c0:	03312e23          	sw	s3,60(sp)
802007c4:	03512a23          	sw	s5,52(sp)
802007c8:	03612823          	sw	s6,48(sp)
802007cc:	04112623          	sw	ra,76(sp)
802007d0:	00068b13          	mv	s6,a3
802007d4:	04912223          	sw	s1,68(sp)
802007d8:	05212023          	sw	s2,64(sp)
802007dc:	03412c23          	sw	s4,56(sp)
802007e0:	03712623          	sw	s7,44(sp)
802007e4:	03812423          	sw	s8,40(sp)
802007e8:	03912223          	sw	s9,36(sp)
802007ec:	03a12023          	sw	s10,32(sp)
802007f0:	01b12e23          	sw	s11,28(sp)
802007f4:	00058993          	mv	s3,a1
802007f8:	00a12423          	sw	a0,8(sp)
802007fc:	00060a93          	mv	s5,a2
80200800:	00058413          	mv	s0,a1
80200804:	00008697          	auipc	a3,0x8
80200808:	85968693          	addi	a3,a3,-1959 # 8020805d <_ctype_+0x1>
8020080c:	00040613          	mv	a2,s0
80200810:	00044703          	lbu	a4,0(s0)
80200814:	00140413          	addi	s0,s0,1
80200818:	00e687b3          	add	a5,a3,a4
8020081c:	0007c783          	lbu	a5,0(a5)
80200820:	0087f793          	andi	a5,a5,8
80200824:	fe0794e3          	bnez	a5,8020080c <_strtol_l.part.0+0x54>
80200828:	02d00793          	li	a5,45
8020082c:	fefb7913          	andi	s2,s6,-17
80200830:	16f70863          	beq	a4,a5,802009a0 <_strtol_l.part.0+0x1e8>
80200834:	02b00793          	li	a5,43
80200838:	02f70c63          	beq	a4,a5,80200870 <_strtol_l.part.0+0xb8>
8020083c:	04091063          	bnez	s2,8020087c <_strtol_l.part.0+0xc4>
80200840:	03000793          	li	a5,48
80200844:	24f70263          	beq	a4,a5,80200a88 <_strtol_l.part.0+0x2d0>
80200848:	220b0463          	beqz	s6,80200a70 <_strtol_l.part.0+0x2b8>
8020084c:	08000bb7          	lui	s7,0x8000
80200850:	01000b13          	li	s6,16
80200854:	fffb8b93          	addi	s7,s7,-1 # 7ffffff <app_entry-0x78200001>
80200858:	000b0a13          	mv	s4,s6
8020085c:	00f00913          	li	s2,15
80200860:	800007b7          	lui	a5,0x80000
80200864:	fff78d93          	addi	s11,a5,-1 # 7fffffff <app_entry-0x200001>
80200868:	00000d13          	li	s10,0
8020086c:	0480006f          	j	802008b4 <_strtol_l.part.0+0xfc>
80200870:	00044703          	lbu	a4,0(s0)
80200874:	00260413          	addi	s0,a2,2
80200878:	1a090063          	beqz	s2,80200a18 <_strtol_l.part.0+0x260>
8020087c:	800004b7          	lui	s1,0x80000
80200880:	000b0593          	mv	a1,s6
80200884:	fff48513          	addi	a0,s1,-1 # 7fffffff <app_entry-0x200001>
80200888:	00e12623          	sw	a4,12(sp)
8020088c:	109000ef          	jal	80201194 <__umodsi3>
80200890:	00050913          	mv	s2,a0
80200894:	000b0593          	mv	a1,s6
80200898:	fff48513          	addi	a0,s1,-1
8020089c:	0b1000ef          	jal	8020114c <__hidden___udivsi3>
802008a0:	00c12703          	lw	a4,12(sp)
802008a4:	000b0a13          	mv	s4,s6
802008a8:	fff48d93          	addi	s11,s1,-1
802008ac:	00050b93          	mv	s7,a0
802008b0:	00000d13          	li	s10,0
802008b4:	00000793          	li	a5,0
802008b8:	00000513          	li	a0,0
802008bc:	00900c13          	li	s8,9
802008c0:	01900c93          	li	s9,25
802008c4:	fd070493          	addi	s1,a4,-48
802008c8:	009c7e63          	bgeu	s8,s1,802008e4 <_strtol_l.part.0+0x12c>
802008cc:	fbf70693          	addi	a3,a4,-65
802008d0:	fc970493          	addi	s1,a4,-55
802008d4:	00dcf863          	bgeu	s9,a3,802008e4 <_strtol_l.part.0+0x12c>
802008d8:	f9f70693          	addi	a3,a4,-97
802008dc:	04dce663          	bltu	s9,a3,80200928 <_strtol_l.part.0+0x170>
802008e0:	fa970493          	addi	s1,a4,-87
802008e4:	0564d263          	bge	s1,s6,80200928 <_strtol_l.part.0+0x170>
802008e8:	00178793          	addi	a5,a5,1
802008ec:	02078063          	beqz	a5,8020090c <_strtol_l.part.0+0x154>
802008f0:	00abee63          	bltu	s7,a0,8020090c <_strtol_l.part.0+0x154>
802008f4:	03751063          	bne	a0,s7,80200914 <_strtol_l.part.0+0x15c>
802008f8:	fff00793          	li	a5,-1
802008fc:	00995c63          	bge	s2,s1,80200914 <_strtol_l.part.0+0x15c>
80200900:	00140413          	addi	s0,s0,1
80200904:	fff44703          	lbu	a4,-1(s0)
80200908:	fbdff06f          	j	802008c4 <_strtol_l.part.0+0x10c>
8020090c:	fff00793          	li	a5,-1
80200910:	ff1ff06f          	j	80200900 <_strtol_l.part.0+0x148>
80200914:	000a0593          	mv	a1,s4
80200918:	009000ef          	jal	80201120 <__mulsi3>
8020091c:	00a48533          	add	a0,s1,a0
80200920:	00100793          	li	a5,1
80200924:	fddff06f          	j	80200900 <_strtol_l.part.0+0x148>
80200928:	fff00713          	li	a4,-1
8020092c:	04e78a63          	beq	a5,a4,80200980 <_strtol_l.part.0+0x1c8>
80200930:	000d0463          	beqz	s10,80200938 <_strtol_l.part.0+0x180>
80200934:	40a00533          	neg	a0,a0
80200938:	000a8663          	beqz	s5,80200944 <_strtol_l.part.0+0x18c>
8020093c:	0c079a63          	bnez	a5,80200a10 <_strtol_l.part.0+0x258>
80200940:	013aa023          	sw	s3,0(s5)
80200944:	04c12083          	lw	ra,76(sp)
80200948:	04812403          	lw	s0,72(sp)
8020094c:	04412483          	lw	s1,68(sp)
80200950:	04012903          	lw	s2,64(sp)
80200954:	03c12983          	lw	s3,60(sp)
80200958:	03812a03          	lw	s4,56(sp)
8020095c:	03412a83          	lw	s5,52(sp)
80200960:	03012b03          	lw	s6,48(sp)
80200964:	02c12b83          	lw	s7,44(sp)
80200968:	02812c03          	lw	s8,40(sp)
8020096c:	02412c83          	lw	s9,36(sp)
80200970:	02012d03          	lw	s10,32(sp)
80200974:	01c12d83          	lw	s11,28(sp)
80200978:	05010113          	addi	sp,sp,80
8020097c:	00008067          	ret
80200980:	00812703          	lw	a4,8(sp)
80200984:	02200793          	li	a5,34
80200988:	000d8513          	mv	a0,s11
8020098c:	00f72023          	sw	a5,0(a4)
80200990:	fa0a8ae3          	beqz	s5,80200944 <_strtol_l.part.0+0x18c>
80200994:	fff40993          	addi	s3,s0,-1
80200998:	000d8513          	mv	a0,s11
8020099c:	fa5ff06f          	j	80200940 <_strtol_l.part.0+0x188>
802009a0:	00044703          	lbu	a4,0(s0)
802009a4:	00260413          	addi	s0,a2,2
802009a8:	02091863          	bnez	s2,802009d8 <_strtol_l.part.0+0x220>
802009ac:	03000793          	li	a5,48
802009b0:	10f70663          	beq	a4,a5,80200abc <_strtol_l.part.0+0x304>
802009b4:	120b1863          	bnez	s6,80200ae4 <_strtol_l.part.0+0x32c>
802009b8:	00a00b13          	li	s6,10
802009bc:	0cccdbb7          	lui	s7,0xcccd
802009c0:	cccb8b93          	addi	s7,s7,-820 # ccccccc <app_entry-0x73533334>
802009c4:	000b0a13          	mv	s4,s6
802009c8:	00800913          	li	s2,8
802009cc:	00100d13          	li	s10,1
802009d0:	80000db7          	lui	s11,0x80000
802009d4:	ee1ff06f          	j	802008b4 <_strtol_l.part.0+0xfc>
802009d8:	000b0593          	mv	a1,s6
802009dc:	80000537          	lui	a0,0x80000
802009e0:	00e12623          	sw	a4,12(sp)
802009e4:	7b0000ef          	jal	80201194 <__umodsi3>
802009e8:	000b0a13          	mv	s4,s6
802009ec:	00050913          	mv	s2,a0
802009f0:	000b0593          	mv	a1,s6
802009f4:	80000537          	lui	a0,0x80000
802009f8:	754000ef          	jal	8020114c <__hidden___udivsi3>
802009fc:	00c12703          	lw	a4,12(sp)
80200a00:	00050b93          	mv	s7,a0
80200a04:	00100d13          	li	s10,1
80200a08:	80000db7          	lui	s11,0x80000
80200a0c:	ea9ff06f          	j	802008b4 <_strtol_l.part.0+0xfc>
80200a10:	00050d93          	mv	s11,a0
80200a14:	f81ff06f          	j	80200994 <_strtol_l.part.0+0x1dc>
80200a18:	03000793          	li	a5,48
80200a1c:	e2f716e3          	bne	a4,a5,80200848 <_strtol_l.part.0+0x90>
80200a20:	00264783          	lbu	a5,2(a2)
80200a24:	05800693          	li	a3,88
80200a28:	0df7f793          	andi	a5,a5,223
80200a2c:	08d79063          	bne	a5,a3,80200aac <_strtol_l.part.0+0x2f4>
80200a30:	00364703          	lbu	a4,3(a2)
80200a34:	01000b13          	li	s6,16
80200a38:	000b0a13          	mv	s4,s6
80200a3c:	00460413          	addi	s0,a2,4
80200a40:	800004b7          	lui	s1,0x80000
80200a44:	000a0593          	mv	a1,s4
80200a48:	fff48513          	addi	a0,s1,-1 # 7fffffff <app_entry-0x200001>
80200a4c:	00e12623          	sw	a4,12(sp)
80200a50:	744000ef          	jal	80201194 <__umodsi3>
80200a54:	00050913          	mv	s2,a0
80200a58:	000a0593          	mv	a1,s4
80200a5c:	fff48513          	addi	a0,s1,-1
80200a60:	6ec000ef          	jal	8020114c <__hidden___udivsi3>
80200a64:	00c12703          	lw	a4,12(sp)
80200a68:	00050b93          	mv	s7,a0
80200a6c:	df5ff06f          	j	80200860 <_strtol_l.part.0+0xa8>
80200a70:	00a00b13          	li	s6,10
80200a74:	0cccdbb7          	lui	s7,0xcccd
80200a78:	cccb8b93          	addi	s7,s7,-820 # ccccccc <app_entry-0x73533334>
80200a7c:	000b0a13          	mv	s4,s6
80200a80:	00700913          	li	s2,7
80200a84:	dddff06f          	j	80200860 <_strtol_l.part.0+0xa8>
80200a88:	00044783          	lbu	a5,0(s0)
80200a8c:	05800693          	li	a3,88
80200a90:	0df7f793          	andi	a5,a5,223
80200a94:	00d79c63          	bne	a5,a3,80200aac <_strtol_l.part.0+0x2f4>
80200a98:	01000b13          	li	s6,16
80200a9c:	00144703          	lbu	a4,1(s0)
80200aa0:	000b0a13          	mv	s4,s6
80200aa4:	00360413          	addi	s0,a2,3
80200aa8:	f99ff06f          	j	80200a40 <_strtol_l.part.0+0x288>
80200aac:	060b1263          	bnez	s6,80200b10 <_strtol_l.part.0+0x358>
80200ab0:	00800b13          	li	s6,8
80200ab4:	000b0a13          	mv	s4,s6
80200ab8:	f89ff06f          	j	80200a40 <_strtol_l.part.0+0x288>
80200abc:	00264783          	lbu	a5,2(a2)
80200ac0:	05800693          	li	a3,88
80200ac4:	0df7f793          	andi	a5,a5,223
80200ac8:	02d78a63          	beq	a5,a3,80200afc <_strtol_l.part.0+0x344>
80200acc:	040b0863          	beqz	s6,80200b1c <_strtol_l.part.0+0x364>
80200ad0:	01000b13          	li	s6,16
80200ad4:	000b0a13          	mv	s4,s6
80200ad8:	00e12623          	sw	a4,12(sp)
80200adc:	000a0593          	mv	a1,s4
80200ae0:	f15ff06f          	j	802009f4 <_strtol_l.part.0+0x23c>
80200ae4:	01000b13          	li	s6,16
80200ae8:	000b0a13          	mv	s4,s6
80200aec:	08000bb7          	lui	s7,0x8000
80200af0:	00100d13          	li	s10,1
80200af4:	80000db7          	lui	s11,0x80000
80200af8:	dbdff06f          	j	802008b4 <_strtol_l.part.0+0xfc>
80200afc:	01000b13          	li	s6,16
80200b00:	00364703          	lbu	a4,3(a2)
80200b04:	000b0a13          	mv	s4,s6
80200b08:	00460413          	addi	s0,a2,4
80200b0c:	fcdff06f          	j	80200ad8 <_strtol_l.part.0+0x320>
80200b10:	01000b13          	li	s6,16
80200b14:	000b0a13          	mv	s4,s6
80200b18:	f29ff06f          	j	80200a40 <_strtol_l.part.0+0x288>
80200b1c:	00800b13          	li	s6,8
80200b20:	000b0a13          	mv	s4,s6
80200b24:	fb5ff06f          	j	80200ad8 <_strtol_l.part.0+0x320>

80200b28 <strtol>:
strtol():
80200b28:	02563793          	sltiu	a5,a2,37
80200b2c:	02078463          	beqz	a5,80200b54 <strtol+0x2c>
80200b30:	fff60793          	addi	a5,a2,-1
80200b34:	02078063          	beqz	a5,80200b54 <strtol+0x2c>
80200b38:	00050713          	mv	a4,a0
80200b3c:	00007517          	auipc	a0,0x7
80200b40:	76852503          	lw	a0,1896(a0) # 802082a4 <_impure_ptr>
80200b44:	00060693          	mv	a3,a2
80200b48:	00058613          	mv	a2,a1
80200b4c:	00070593          	mv	a1,a4
80200b50:	c69ff06f          	j	802007b8 <_strtol_l.part.0>
80200b54:	ff010113          	addi	sp,sp,-16
80200b58:	00112623          	sw	ra,12(sp)
80200b5c:	360000ef          	jal	80200ebc <__errno>
80200b60:	00c12083          	lw	ra,12(sp)
80200b64:	01600793          	li	a5,22
80200b68:	00f52023          	sw	a5,0(a0)
80200b6c:	00000513          	li	a0,0
80200b70:	01010113          	addi	sp,sp,16
80200b74:	00008067          	ret

80200b78 <__utoa>:
__utoa():
80200b78:	00007797          	auipc	a5,0x7
80200b7c:	4bc78793          	addi	a5,a5,1212 # 80208034 <__modsi3+0x6e6c>
80200b80:	0207a703          	lw	a4,32(a5)
80200b84:	0007af83          	lw	t6,0(a5)
80200b88:	0047af03          	lw	t5,4(a5)
80200b8c:	0087ae83          	lw	t4,8(a5)
80200b90:	00c7ae03          	lw	t3,12(a5)
80200b94:	0107a303          	lw	t1,16(a5)
80200b98:	0147a883          	lw	a7,20(a5)
80200b9c:	0187a803          	lw	a6,24(a5)
80200ba0:	01c7a683          	lw	a3,28(a5)
80200ba4:	00007797          	auipc	a5,0x7
80200ba8:	4b47c783          	lbu	a5,1204(a5) # 80208058 <__modsi3+0x6e90>
80200bac:	fb010113          	addi	sp,sp,-80
80200bb0:	03512a23          	sw	s5,52(sp)
80200bb4:	02e12423          	sw	a4,40(sp)
80200bb8:	02f10623          	sb	a5,44(sp)
80200bbc:	04112623          	sw	ra,76(sp)
80200bc0:	01f12423          	sw	t6,8(sp)
80200bc4:	01e12623          	sw	t5,12(sp)
80200bc8:	01d12823          	sw	t4,16(sp)
80200bcc:	01c12a23          	sw	t3,20(sp)
80200bd0:	00612c23          	sw	t1,24(sp)
80200bd4:	01112e23          	sw	a7,28(sp)
80200bd8:	03012023          	sw	a6,32(sp)
80200bdc:	02d12223          	sw	a3,36(sp)
80200be0:	ffe60713          	addi	a4,a2,-2
80200be4:	02200793          	li	a5,34
80200be8:	00058a93          	mv	s5,a1
80200bec:	0ce7e463          	bltu	a5,a4,80200cb4 <__utoa+0x13c>
80200bf0:	04812423          	sw	s0,72(sp)
80200bf4:	04912223          	sw	s1,68(sp)
80200bf8:	05212023          	sw	s2,64(sp)
80200bfc:	03312e23          	sw	s3,60(sp)
80200c00:	03412c23          	sw	s4,56(sp)
80200c04:	03612823          	sw	s6,48(sp)
80200c08:	00060493          	mv	s1,a2
80200c0c:	00050413          	mv	s0,a0
80200c10:	00000913          	li	s2,0
80200c14:	00048593          	mv	a1,s1
80200c18:	00040513          	mv	a0,s0
80200c1c:	578000ef          	jal	80201194 <__umodsi3>
80200c20:	00250533          	add	a0,a0,sp
80200c24:	00854783          	lbu	a5,8(a0)
80200c28:	00090993          	mv	s3,s2
80200c2c:	00190913          	addi	s2,s2,1
80200c30:	012a8a33          	add	s4,s5,s2
80200c34:	00040513          	mv	a0,s0
80200c38:	00048593          	mv	a1,s1
80200c3c:	fefa0fa3          	sb	a5,-1(s4)
80200c40:	00040b13          	mv	s6,s0
80200c44:	508000ef          	jal	8020114c <__hidden___udivsi3>
80200c48:	00050413          	mv	s0,a0
80200c4c:	fc9b74e3          	bgeu	s6,s1,80200c14 <__utoa+0x9c>
80200c50:	000a0023          	sb	zero,0(s4)
80200c54:	02098a63          	beqz	s3,80200c88 <__utoa+0x110>
80200c58:	000a8693          	mv	a3,s5
80200c5c:	013a8733          	add	a4,s5,s3
80200c60:	00000793          	li	a5,0
80200c64:	00074583          	lbu	a1,0(a4)
80200c68:	0006c603          	lbu	a2,0(a3)
80200c6c:	00178793          	addi	a5,a5,1
80200c70:	00b68023          	sb	a1,0(a3)
80200c74:	00c70023          	sb	a2,0(a4)
80200c78:	40f98633          	sub	a2,s3,a5
80200c7c:	00168693          	addi	a3,a3,1
80200c80:	fff70713          	addi	a4,a4,-1
80200c84:	fec7c0e3          	blt	a5,a2,80200c64 <__utoa+0xec>
80200c88:	04812403          	lw	s0,72(sp)
80200c8c:	04c12083          	lw	ra,76(sp)
80200c90:	04412483          	lw	s1,68(sp)
80200c94:	04012903          	lw	s2,64(sp)
80200c98:	03c12983          	lw	s3,60(sp)
80200c9c:	03812a03          	lw	s4,56(sp)
80200ca0:	03012b03          	lw	s6,48(sp)
80200ca4:	000a8513          	mv	a0,s5
80200ca8:	03412a83          	lw	s5,52(sp)
80200cac:	05010113          	addi	sp,sp,80
80200cb0:	00008067          	ret
80200cb4:	00058023          	sb	zero,0(a1)
80200cb8:	04c12083          	lw	ra,76(sp)
80200cbc:	03412a83          	lw	s5,52(sp)
80200cc0:	00000513          	li	a0,0
80200cc4:	05010113          	addi	sp,sp,80
80200cc8:	00008067          	ret

80200ccc <strcat>:
strcat():
80200ccc:	ff010113          	addi	sp,sp,-16
80200cd0:	00812423          	sw	s0,8(sp)
80200cd4:	00112623          	sw	ra,12(sp)
80200cd8:	00357793          	andi	a5,a0,3
80200cdc:	00050413          	mv	s0,a0
80200ce0:	06079663          	bnez	a5,80200d4c <strcat+0x80>
80200ce4:	00052703          	lw	a4,0(a0)
80200ce8:	feff0637          	lui	a2,0xfeff0
80200cec:	eff60613          	addi	a2,a2,-257 # fefefeff <__heap_end+0x7ecefeff>
80200cf0:	00c707b3          	add	a5,a4,a2
80200cf4:	808086b7          	lui	a3,0x80808
80200cf8:	fff74713          	not	a4,a4
80200cfc:	00e7f7b3          	and	a5,a5,a4
80200d00:	08068693          	addi	a3,a3,128 # 80808080 <__heap_end+0x508080>
80200d04:	00d7f7b3          	and	a5,a5,a3
80200d08:	04079263          	bnez	a5,80200d4c <strcat+0x80>
80200d0c:	00452703          	lw	a4,4(a0)
80200d10:	00450513          	addi	a0,a0,4
80200d14:	00c707b3          	add	a5,a4,a2
80200d18:	fff74713          	not	a4,a4
80200d1c:	00e7f7b3          	and	a5,a5,a4
80200d20:	00d7f7b3          	and	a5,a5,a3
80200d24:	02079463          	bnez	a5,80200d4c <strcat+0x80>
80200d28:	00452703          	lw	a4,4(a0)
80200d2c:	00450513          	addi	a0,a0,4
80200d30:	00c707b3          	add	a5,a4,a2
80200d34:	fff74713          	not	a4,a4
80200d38:	00e7f7b3          	and	a5,a5,a4
80200d3c:	00d7f7b3          	and	a5,a5,a3
80200d40:	fc0786e3          	beqz	a5,80200d0c <strcat+0x40>
80200d44:	0080006f          	j	80200d4c <strcat+0x80>
80200d48:	00150513          	addi	a0,a0,1
80200d4c:	00054783          	lbu	a5,0(a0)
80200d50:	fe079ce3          	bnez	a5,80200d48 <strcat+0x7c>
80200d54:	328000ef          	jal	8020107c <strcpy>
80200d58:	00c12083          	lw	ra,12(sp)
80200d5c:	00040513          	mv	a0,s0
80200d60:	00812403          	lw	s0,8(sp)
80200d64:	01010113          	addi	sp,sp,16
80200d68:	00008067          	ret

80200d6c <strncat>:
strncat():
80200d6c:	00357713          	andi	a4,a0,3
80200d70:	00050793          	mv	a5,a0
80200d74:	06071663          	bnez	a4,80200de0 <strncat+0x74>
80200d78:	00052683          	lw	a3,0(a0)
80200d7c:	feff08b7          	lui	a7,0xfeff0
80200d80:	eff88893          	addi	a7,a7,-257 # fefefeff <__heap_end+0x7ecefeff>
80200d84:	01168733          	add	a4,a3,a7
80200d88:	80808837          	lui	a6,0x80808
80200d8c:	fff6c693          	not	a3,a3
80200d90:	00d77733          	and	a4,a4,a3
80200d94:	08080813          	addi	a6,a6,128 # 80808080 <__heap_end+0x508080>
80200d98:	01077733          	and	a4,a4,a6
80200d9c:	04071263          	bnez	a4,80200de0 <strncat+0x74>
80200da0:	0047a683          	lw	a3,4(a5)
80200da4:	00478793          	addi	a5,a5,4
80200da8:	01168733          	add	a4,a3,a7
80200dac:	fff6c693          	not	a3,a3
80200db0:	00d77733          	and	a4,a4,a3
80200db4:	01077733          	and	a4,a4,a6
80200db8:	02071463          	bnez	a4,80200de0 <strncat+0x74>
80200dbc:	0047a683          	lw	a3,4(a5)
80200dc0:	00478793          	addi	a5,a5,4
80200dc4:	01168733          	add	a4,a3,a7
80200dc8:	fff6c693          	not	a3,a3
80200dcc:	00d77733          	and	a4,a4,a3
80200dd0:	01077733          	and	a4,a4,a6
80200dd4:	fc0706e3          	beqz	a4,80200da0 <strncat+0x34>
80200dd8:	0080006f          	j	80200de0 <strncat+0x74>
80200ddc:	00178793          	addi	a5,a5,1
80200de0:	0007c703          	lbu	a4,0(a5)
80200de4:	fe071ce3          	bnez	a4,80200ddc <strncat+0x70>
80200de8:	00c786b3          	add	a3,a5,a2
80200dec:	02060463          	beqz	a2,80200e14 <strncat+0xa8>
80200df0:	0005c703          	lbu	a4,0(a1)
80200df4:	00178793          	addi	a5,a5,1
80200df8:	00158593          	addi	a1,a1,1
80200dfc:	fee78fa3          	sb	a4,-1(a5)
80200e00:	00070863          	beqz	a4,80200e10 <strncat+0xa4>
80200e04:	fef696e3          	bne	a3,a5,80200df0 <strncat+0x84>
80200e08:	00068023          	sb	zero,0(a3)
80200e0c:	00008067          	ret
80200e10:	00008067          	ret
80200e14:	00008067          	ret

80200e18 <strncmp>:
strncmp():
80200e18:	08060a63          	beqz	a2,80200eac <strncmp+0x94>
80200e1c:	00b567b3          	or	a5,a0,a1
80200e20:	0037f793          	andi	a5,a5,3
80200e24:	04079a63          	bnez	a5,80200e78 <strncmp+0x60>
80200e28:	feff0337          	lui	t1,0xfeff0
80200e2c:	808088b7          	lui	a7,0x80808
80200e30:	00300e13          	li	t3,3
80200e34:	eff30313          	addi	t1,t1,-257 # fefefeff <__heap_end+0x7ecefeff>
80200e38:	08088893          	addi	a7,a7,128 # 80808080 <__heap_end+0x508080>
80200e3c:	02ce6063          	bltu	t3,a2,80200e5c <strncmp+0x44>
80200e40:	0380006f          	j	80200e78 <strncmp+0x60>
80200e44:	ffc60613          	addi	a2,a2,-4
80200e48:	06060263          	beqz	a2,80200eac <strncmp+0x94>
80200e4c:	06079063          	bnez	a5,80200eac <strncmp+0x94>
80200e50:	00450513          	addi	a0,a0,4
80200e54:	00458593          	addi	a1,a1,4
80200e58:	02ce7063          	bgeu	t3,a2,80200e78 <strncmp+0x60>
80200e5c:	00052703          	lw	a4,0(a0)
80200e60:	0005a683          	lw	a3,0(a1)
80200e64:	006707b3          	add	a5,a4,t1
80200e68:	fff74813          	not	a6,a4
80200e6c:	0107f7b3          	and	a5,a5,a6
80200e70:	0117f7b3          	and	a5,a5,a7
80200e74:	fcd708e3          	beq	a4,a3,80200e44 <strncmp+0x2c>
80200e78:	00054783          	lbu	a5,0(a0)
80200e7c:	0005c703          	lbu	a4,0(a1)
80200e80:	fff60613          	addi	a2,a2,-1
80200e84:	00c50633          	add	a2,a0,a2
80200e88:	00e78e63          	beq	a5,a4,80200ea4 <strncmp+0x8c>
80200e8c:	0280006f          	j	80200eb4 <strncmp+0x9c>
80200e90:	00150513          	addi	a0,a0,1
80200e94:	00078c63          	beqz	a5,80200eac <strncmp+0x94>
80200e98:	00054783          	lbu	a5,0(a0)
80200e9c:	0005c703          	lbu	a4,0(a1)
80200ea0:	00e79a63          	bne	a5,a4,80200eb4 <strncmp+0x9c>
80200ea4:	00158593          	addi	a1,a1,1
80200ea8:	fec514e3          	bne	a0,a2,80200e90 <strncmp+0x78>
80200eac:	00000513          	li	a0,0
80200eb0:	00008067          	ret
80200eb4:	40e78533          	sub	a0,a5,a4
80200eb8:	00008067          	ret

80200ebc <__errno>:
__errno():
80200ebc:	00007517          	auipc	a0,0x7
80200ec0:	3e852503          	lw	a0,1000(a0) # 802082a4 <_impure_ptr>
80200ec4:	00008067          	ret

80200ec8 <memcpy>:
memcpy():
80200ec8:	00a5c7b3          	xor	a5,a1,a0
80200ecc:	0037f793          	andi	a5,a5,3
80200ed0:	00c508b3          	add	a7,a0,a2
80200ed4:	06079663          	bnez	a5,80200f40 <memcpy+0x78>
80200ed8:	00463613          	sltiu	a2,a2,4
80200edc:	06061263          	bnez	a2,80200f40 <memcpy+0x78>
80200ee0:	00357793          	andi	a5,a0,3
80200ee4:	00050713          	mv	a4,a0
80200ee8:	0c079a63          	bnez	a5,80200fbc <memcpy+0xf4>
80200eec:	ffc8f613          	andi	a2,a7,-4
80200ef0:	40e606b3          	sub	a3,a2,a4
80200ef4:	02000793          	li	a5,32
80200ef8:	06d7c463          	blt	a5,a3,80200f60 <memcpy+0x98>
80200efc:	00058693          	mv	a3,a1
80200f00:	00070793          	mv	a5,a4
80200f04:	02c77a63          	bgeu	a4,a2,80200f38 <memcpy+0x70>
80200f08:	0006a803          	lw	a6,0(a3)
80200f0c:	00478793          	addi	a5,a5,4
80200f10:	00468693          	addi	a3,a3,4
80200f14:	ff07ae23          	sw	a6,-4(a5)
80200f18:	fec7e8e3          	bltu	a5,a2,80200f08 <memcpy+0x40>
80200f1c:	fff60613          	addi	a2,a2,-1
80200f20:	40e60633          	sub	a2,a2,a4
80200f24:	ffc67613          	andi	a2,a2,-4
80200f28:	00458593          	addi	a1,a1,4
80200f2c:	00470713          	addi	a4,a4,4
80200f30:	00c585b3          	add	a1,a1,a2
80200f34:	00c70733          	add	a4,a4,a2
80200f38:	01176863          	bltu	a4,a7,80200f48 <memcpy+0x80>
80200f3c:	00008067          	ret
80200f40:	00050713          	mv	a4,a0
80200f44:	ff157ce3          	bgeu	a0,a7,80200f3c <memcpy+0x74>
80200f48:	0005c783          	lbu	a5,0(a1)
80200f4c:	00170713          	addi	a4,a4,1
80200f50:	00158593          	addi	a1,a1,1
80200f54:	fef70fa3          	sb	a5,-1(a4)
80200f58:	fee898e3          	bne	a7,a4,80200f48 <memcpy+0x80>
80200f5c:	00008067          	ret
80200f60:	0005a683          	lw	a3,0(a1)
80200f64:	0045a283          	lw	t0,4(a1)
80200f68:	0085af83          	lw	t6,8(a1)
80200f6c:	00c5af03          	lw	t5,12(a1)
80200f70:	0105ae83          	lw	t4,16(a1)
80200f74:	0145ae03          	lw	t3,20(a1)
80200f78:	0185a303          	lw	t1,24(a1)
80200f7c:	01c5a803          	lw	a6,28(a1)
80200f80:	00d72023          	sw	a3,0(a4)
80200f84:	0205a683          	lw	a3,32(a1)
80200f88:	02470713          	addi	a4,a4,36
80200f8c:	fe572023          	sw	t0,-32(a4)
80200f90:	fed72e23          	sw	a3,-4(a4)
80200f94:	fff72223          	sw	t6,-28(a4)
80200f98:	40e606b3          	sub	a3,a2,a4
80200f9c:	ffe72423          	sw	t5,-24(a4)
80200fa0:	ffd72623          	sw	t4,-20(a4)
80200fa4:	ffc72823          	sw	t3,-16(a4)
80200fa8:	fe672a23          	sw	t1,-12(a4)
80200fac:	ff072c23          	sw	a6,-8(a4)
80200fb0:	02458593          	addi	a1,a1,36
80200fb4:	fad7c6e3          	blt	a5,a3,80200f60 <memcpy+0x98>
80200fb8:	f45ff06f          	j	80200efc <memcpy+0x34>
80200fbc:	0005c683          	lbu	a3,0(a1)
80200fc0:	00170713          	addi	a4,a4,1
80200fc4:	00377793          	andi	a5,a4,3
80200fc8:	fed70fa3          	sb	a3,-1(a4)
80200fcc:	00158593          	addi	a1,a1,1
80200fd0:	f0078ee3          	beqz	a5,80200eec <memcpy+0x24>
80200fd4:	0005c683          	lbu	a3,0(a1)
80200fd8:	00170713          	addi	a4,a4,1
80200fdc:	00377793          	andi	a5,a4,3
80200fe0:	fed70fa3          	sb	a3,-1(a4)
80200fe4:	00158593          	addi	a1,a1,1
80200fe8:	fc079ae3          	bnez	a5,80200fbc <memcpy+0xf4>
80200fec:	f01ff06f          	j	80200eec <memcpy+0x24>

80200ff0 <strlen>:
strlen():
80200ff0:	00357793          	andi	a5,a0,3
80200ff4:	00050713          	mv	a4,a0
80200ff8:	04079c63          	bnez	a5,80201050 <strlen+0x60>
80200ffc:	7f7f86b7          	lui	a3,0x7f7f8
80201000:	f7f68693          	addi	a3,a3,-129 # 7f7f7f7f <app_entry-0xa08081>
80201004:	fff00593          	li	a1,-1
80201008:	00072603          	lw	a2,0(a4)
8020100c:	00470713          	addi	a4,a4,4
80201010:	00d677b3          	and	a5,a2,a3
80201014:	00d787b3          	add	a5,a5,a3
80201018:	00c7e7b3          	or	a5,a5,a2
8020101c:	00d7e7b3          	or	a5,a5,a3
80201020:	feb784e3          	beq	a5,a1,80201008 <strlen+0x18>
80201024:	ffc74683          	lbu	a3,-4(a4)
80201028:	40a707b3          	sub	a5,a4,a0
8020102c:	04068463          	beqz	a3,80201074 <strlen+0x84>
80201030:	ffd74683          	lbu	a3,-3(a4)
80201034:	02068c63          	beqz	a3,8020106c <strlen+0x7c>
80201038:	ffe74503          	lbu	a0,-2(a4)
8020103c:	00a03533          	snez	a0,a0
80201040:	00f50533          	add	a0,a0,a5
80201044:	ffe50513          	addi	a0,a0,-2
80201048:	00008067          	ret
8020104c:	fa0688e3          	beqz	a3,80200ffc <strlen+0xc>
80201050:	00074783          	lbu	a5,0(a4)
80201054:	00170713          	addi	a4,a4,1
80201058:	00377693          	andi	a3,a4,3
8020105c:	fe0798e3          	bnez	a5,8020104c <strlen+0x5c>
80201060:	40a70733          	sub	a4,a4,a0
80201064:	fff70513          	addi	a0,a4,-1
80201068:	00008067          	ret
8020106c:	ffd78513          	addi	a0,a5,-3
80201070:	00008067          	ret
80201074:	ffc78513          	addi	a0,a5,-4
80201078:	00008067          	ret

8020107c <strcpy>:
strcpy():
8020107c:	00b567b3          	or	a5,a0,a1
80201080:	0037f793          	andi	a5,a5,3
80201084:	08079063          	bnez	a5,80201104 <strcpy+0x88>
80201088:	0005a703          	lw	a4,0(a1)
8020108c:	7f7f86b7          	lui	a3,0x7f7f8
80201090:	f7f68693          	addi	a3,a3,-129 # 7f7f7f7f <app_entry-0xa08081>
80201094:	00d77833          	and	a6,a4,a3
80201098:	00d80833          	add	a6,a6,a3
8020109c:	00e86833          	or	a6,a6,a4
802010a0:	00d86833          	or	a6,a6,a3
802010a4:	fff00793          	li	a5,-1
802010a8:	00050613          	mv	a2,a0
802010ac:	02f81463          	bne	a6,a5,802010d4 <strcpy+0x58>
802010b0:	00458593          	addi	a1,a1,4
802010b4:	00e62023          	sw	a4,0(a2)
802010b8:	0005a703          	lw	a4,0(a1)
802010bc:	00460613          	addi	a2,a2,4
802010c0:	00d777b3          	and	a5,a4,a3
802010c4:	00d787b3          	add	a5,a5,a3
802010c8:	00e7e7b3          	or	a5,a5,a4
802010cc:	00d7e7b3          	or	a5,a5,a3
802010d0:	ff0780e3          	beq	a5,a6,802010b0 <strcpy+0x34>
802010d4:	0005c783          	lbu	a5,0(a1)
802010d8:	0015c703          	lbu	a4,1(a1)
802010dc:	0025c683          	lbu	a3,2(a1)
802010e0:	00f60023          	sb	a5,0(a2)
802010e4:	00078a63          	beqz	a5,802010f8 <strcpy+0x7c>
802010e8:	00e600a3          	sb	a4,1(a2)
802010ec:	00070663          	beqz	a4,802010f8 <strcpy+0x7c>
802010f0:	00d60123          	sb	a3,2(a2)
802010f4:	00069463          	bnez	a3,802010fc <strcpy+0x80>
802010f8:	00008067          	ret
802010fc:	000601a3          	sb	zero,3(a2)
80201100:	00008067          	ret
80201104:	00050793          	mv	a5,a0
80201108:	0005c703          	lbu	a4,0(a1)
8020110c:	00178793          	addi	a5,a5,1
80201110:	00158593          	addi	a1,a1,1
80201114:	fee78fa3          	sb	a4,-1(a5)
80201118:	fe0718e3          	bnez	a4,80201108 <strcpy+0x8c>
8020111c:	00008067          	ret

80201120 <__mulsi3>:
__mulsi3():
80201120:	00050613          	mv	a2,a0
80201124:	00000513          	li	a0,0
80201128:	0015f693          	andi	a3,a1,1
8020112c:	00068463          	beqz	a3,80201134 <__mulsi3+0x14>
80201130:	00c50533          	add	a0,a0,a2
80201134:	0015d593          	srli	a1,a1,0x1
80201138:	00161613          	slli	a2,a2,0x1
8020113c:	fe0596e3          	bnez	a1,80201128 <__mulsi3+0x8>
80201140:	00008067          	ret

80201144 <__divsi3>:
__divsi3():
80201144:	06054063          	bltz	a0,802011a4 <__umodsi3+0x10>
80201148:	0605c663          	bltz	a1,802011b4 <__umodsi3+0x20>

8020114c <__hidden___udivsi3>:
8020114c:	00058613          	mv	a2,a1
80201150:	00050593          	mv	a1,a0
80201154:	fff00513          	li	a0,-1
80201158:	02060c63          	beqz	a2,80201190 <__hidden___udivsi3+0x44>
8020115c:	00100693          	li	a3,1
80201160:	00b67a63          	bgeu	a2,a1,80201174 <__hidden___udivsi3+0x28>
80201164:	00c05863          	blez	a2,80201174 <__hidden___udivsi3+0x28>
80201168:	00161613          	slli	a2,a2,0x1
8020116c:	00169693          	slli	a3,a3,0x1
80201170:	feb66ae3          	bltu	a2,a1,80201164 <__hidden___udivsi3+0x18>
80201174:	00000513          	li	a0,0
80201178:	00c5e663          	bltu	a1,a2,80201184 <__hidden___udivsi3+0x38>
8020117c:	40c585b3          	sub	a1,a1,a2
80201180:	00d56533          	or	a0,a0,a3
80201184:	0016d693          	srli	a3,a3,0x1
80201188:	00165613          	srli	a2,a2,0x1
8020118c:	fe0696e3          	bnez	a3,80201178 <__hidden___udivsi3+0x2c>
80201190:	00008067          	ret

80201194 <__umodsi3>:
80201194:	00008293          	mv	t0,ra
80201198:	fb5ff0ef          	jal	8020114c <__hidden___udivsi3>
8020119c:	00058513          	mv	a0,a1
802011a0:	00028067          	jr	t0
802011a4:	40a00533          	neg	a0,a0
802011a8:	00b04863          	bgtz	a1,802011b8 <__umodsi3+0x24>
802011ac:	40b005b3          	neg	a1,a1
802011b0:	f9dff06f          	j	8020114c <__hidden___udivsi3>
802011b4:	40b005b3          	neg	a1,a1
802011b8:	00008293          	mv	t0,ra
802011bc:	f91ff0ef          	jal	8020114c <__hidden___udivsi3>
802011c0:	40a00533          	neg	a0,a0
802011c4:	00028067          	jr	t0

802011c8 <__modsi3>:
__modsi3():
802011c8:	00008293          	mv	t0,ra
802011cc:	0005ca63          	bltz	a1,802011e0 <__modsi3+0x18>
802011d0:	00054c63          	bltz	a0,802011e8 <__modsi3+0x20>
802011d4:	f79ff0ef          	jal	8020114c <__hidden___udivsi3>
802011d8:	00058513          	mv	a0,a1
802011dc:	00028067          	jr	t0
802011e0:	40b005b3          	neg	a1,a1
802011e4:	fe0558e3          	bgez	a0,802011d4 <__modsi3+0xc>
802011e8:	40a00533          	neg	a0,a0
802011ec:	f61ff0ef          	jal	8020114c <__hidden___udivsi3>
802011f0:	40b00533          	neg	a0,a1
802011f4:	00028067          	jr	t0
