
build/release/user/cd.elf:     file format elf32-littleriscv
build/release/user/cd.elf
architecture: riscv:rv32, flags 0x00000112:
EXEC_P, HAS_SYMS, D_PAGED
start address 0x80200000

Program Header:
0x70000003 off    0x000032b8 vaddr 0x00000000 paddr 0x00000000 align 2**0
         filesz 0x0000004b memsz 0x00000000 flags r--
    LOAD off    0x00001000 vaddr 0x80200000 paddr 0x80200000 align 2**12
         filesz 0x0000147c memsz 0x0000147c flags r-x
    LOAD off    0x00003000 vaddr 0x80208000 paddr 0x80208000 align 2**12
         filesz 0x000002b8 memsz 0x000007f4 flags rw-

Sections:
Idx Name              Size      VMA       LMA       File off  Algn  Flags
  0 .text             0000147c  80200000  80200000  00001000  2**3  CONTENTS, ALLOC, LOAD, READONLY, CODE
  1 .rodata           00000170  80208000  80208000  00003000  2**3  CONTENTS, ALLOC, LOAD, READONLY, DATA
  2 .data             00000148  80208170  80208170  00003170  2**3  CONTENTS, ALLOC, LOAD, DATA
  3 .bss              0000053c  802082b8  802082b8  000032b8  2**3  ALLOC
  4 .riscv.attributes 0000004b  00000000  00000000  000032b8  2**0  CONTENTS, READONLY
  5 .comment          00000033  00000000  00000000  00003303  2**0  CONTENTS, READONLY
SYMBOL TABLE:
80200000 l    d  .text	00000000 .text
80208000 l    d  .rodata	00000000 .rodata
80208170 l    d  .data	00000000 .data
802082b8 l    d  .bss	00000000 .bss
00000000 l    d  .riscv.attributes	00000000 .riscv.attributes
00000000 l    d  .comment	00000000 .comment
00000000 l    df *ABS*	00000000 cc67Rpg5.o
00000000 l    df *ABS*	00000000 cd.c
00000000 l    df *ABS*	00000000 print.c
00000000 l    df *ABS*	00000000 servers.c
802082b8 l     O .bss	00000004 sender
802082bc l     O .bss	00000400 buf
00000000 l    df *ABS*	00000000 syscall.c
802082b0 l     O .data	00000004 sc
00000000 l    df *ABS*	00000000 libc_a-atoi.o
00000000 l    df *ABS*	00000000 libc_a-itoa.o
00000000 l    df *ABS*	00000000 libc_a-strtol.o
802008c0 l     F .text	00000370 _strtol_l.part.0
00000000 l    df *ABS*	00000000 libc_a-utoa.o
00000000 l    df *ABS*	00000000 libc_a-strcat.o
00000000 l    df *ABS*	00000000 libc_a-strncat.o
00000000 l    df *ABS*	00000000 libc_a-strncmp.o
00000000 l    df *ABS*	00000000 libc_a-errno.o
00000000 l    df *ABS*	00000000 libc_a-memcpy.o
00000000 l    df *ABS*	00000000 libc_a-strlen.o
00000000 l    df *ABS*	00000000 libc_a-strcpy.o
00000000 l    df *ABS*	00000000 libc_a-strcmp.o
00000000 l    df *ABS*	00000000 muldi3.o
00000000 l    df *ABS*	00000000 div.o
802007ac g     F .text	00000090 sys_recv
80201184 g     F .text	000000a4 strcpy
80200fc4 g     F .text	0000000c __errno
80200000 g       .text	00000000 app_entry
80200fd0 g     F .text	00000128 memcpy
802013d0 g     F .text	00000048 .hidden __hidden___udivsi3
802013d0 g     F .text	00000048 .hidden __udivsi3
80200848 g     F .text	00000078 itoa
80200c30 g     F .text	00000050 strtol
802086bc g     O .bss	00000138 __sf
8020073c g     F .text	00000070 sys_send
80200dd4 g     F .text	000000a0 strcat
80201418 g     F .text	00000010 .hidden __umodsi3
80200620 g     F .text	000000b4 file_read
802002ac g     F .text	0000014c format_to_str
80200f20 g     F .text	000000a4 strncmp
802013a4 g     F .text	00000024 .hidden __mulsi3
80200e74 g     F .text	000000ac strncat
80200c80 g     F .text	00000154 __utoa
80200010 g     F .text	0000029c main
802013c8 g     F .text	00000084 .hidden __divsi3
80201228 g     F .text	0000017c strcmp
80300000 g       *ABS*	00000000 __heap_end
802082b4 g     O .data	00000004 _impure_ptr
802087f8 g       .riscv.attributes	00000000 __heap_start
802006d4 g     F .text	00000068 term_write
802004dc g     F .text	00000034 exit
8020144c g     F .text	00000030 .hidden __modsi3
80208170 g     O .data	00000140 _impure_data
8020083c g     F .text	0000000c atoi
8020806c g     O .rodata	00000101 _ctype_
80200510 g     F .text	00000110 dir_lookup
802010f8 g     F .text	0000008c strlen
802003f8 g     F .text	000000e4 INFO



Disassembly of section .text:

80200000 <app_entry>:
app_entry():
80200000:	00052503          	lw	a0,0(a0)
80200004:	80400137          	lui	sp,0x80400
80200008:	008000ef          	jal	80200010 <main>
8020000c:	4d0000ef          	jal	802004dc <exit>

80200010 <main>:
main():
80200010:	fd010113          	addi	sp,sp,-48 # 803fffd0 <__heap_end+0xfffd0>
80200014:	02112623          	sw	ra,44(sp)
80200018:	02812423          	sw	s0,40(sp)
8020001c:	02912223          	sw	s1,36(sp)
80200020:	03010413          	addi	s0,sp,48
80200024:	fca42e23          	sw	a0,-36(s0)
80200028:	fcb42c23          	sw	a1,-40(s0)
8020002c:	fdc42703          	lw	a4,-36(s0)
80200030:	00100793          	li	a5,1
80200034:	06f71663          	bne	a4,a5,802000a0 <main+0x90>
80200038:	802087b7          	lui	a5,0x80208
8020003c:	00078593          	mv	a1,a5
80200040:	00000513          	li	a0,0
80200044:	4cc000ef          	jal	80200510 <dir_lookup>
80200048:	fea42223          	sw	a0,-28(s0)
8020004c:	803024b7          	lui	s1,0x80302
80200050:	802087b7          	lui	a5,0x80208
80200054:	00878593          	addi	a1,a5,8 # 80208008 <__modsi3+0x6bbc>
80200058:	fe442503          	lw	a0,-28(s0)
8020005c:	4b4000ef          	jal	80200510 <dir_lookup>
80200060:	00050793          	mv	a5,a0
80200064:	00f4a023          	sw	a5,0(s1) # 80302000 <__heap_end+0x2000>
80200068:	803027b7          	lui	a5,0x80302
8020006c:	00478793          	addi	a5,a5,4 # 80302004 <__heap_end+0x2004>
80200070:	80208737          	lui	a4,0x80208
80200074:	01070713          	addi	a4,a4,16 # 80208010 <__modsi3+0x6bc4>
80200078:	00072603          	lw	a2,0(a4)
8020007c:	00472683          	lw	a3,4(a4)
80200080:	00c7a023          	sw	a2,0(a5)
80200084:	00d7a223          	sw	a3,4(a5)
80200088:	00872683          	lw	a3,8(a4)
8020008c:	00d7a423          	sw	a3,8(a5)
80200090:	00c74703          	lbu	a4,12(a4)
80200094:	00e78623          	sb	a4,12(a5)
80200098:	00000793          	li	a5,0
8020009c:	1f80006f          	j	80200294 <main+0x284>
802000a0:	fd842783          	lw	a5,-40(s0)
802000a4:	00478793          	addi	a5,a5,4
802000a8:	0007a483          	lw	s1,0(a5)
802000ac:	fd842783          	lw	a5,-40(s0)
802000b0:	00478793          	addi	a5,a5,4
802000b4:	0007a783          	lw	a5,0(a5)
802000b8:	00078513          	mv	a0,a5
802000bc:	03c010ef          	jal	802010f8 <strlen>
802000c0:	00050793          	mv	a5,a0
802000c4:	fff78793          	addi	a5,a5,-1
802000c8:	00f487b3          	add	a5,s1,a5
802000cc:	0007c703          	lbu	a4,0(a5)
802000d0:	02f00793          	li	a5,47
802000d4:	02f70663          	beq	a4,a5,80200100 <main+0xf0>
802000d8:	fd842783          	lw	a5,-40(s0)
802000dc:	00478793          	addi	a5,a5,4
802000e0:	0007a483          	lw	s1,0(a5)
802000e4:	00048513          	mv	a0,s1
802000e8:	010010ef          	jal	802010f8 <strlen>
802000ec:	00050793          	mv	a5,a0
802000f0:	00f487b3          	add	a5,s1,a5
802000f4:	02f00713          	li	a4,47
802000f8:	00e78023          	sb	a4,0(a5)
802000fc:	000780a3          	sb	zero,1(a5)
80200100:	803027b7          	lui	a5,0x80302
80200104:	0007a703          	lw	a4,0(a5) # 80302000 <__heap_end+0x2000>
80200108:	fd842783          	lw	a5,-40(s0)
8020010c:	00478793          	addi	a5,a5,4
80200110:	0007a783          	lw	a5,0(a5)
80200114:	00078593          	mv	a1,a5
80200118:	00070513          	mv	a0,a4
8020011c:	3f4000ef          	jal	80200510 <dir_lookup>
80200120:	fea42423          	sw	a0,-24(s0)
80200124:	fe842703          	lw	a4,-24(s0)
80200128:	fff00793          	li	a5,-1
8020012c:	02f71463          	bne	a4,a5,80200154 <main+0x144>
80200130:	fd842783          	lw	a5,-40(s0)
80200134:	00478793          	addi	a5,a5,4
80200138:	0007a783          	lw	a5,0(a5)
8020013c:	00078593          	mv	a1,a5
80200140:	802087b7          	lui	a5,0x80208
80200144:	02078513          	addi	a0,a5,32 # 80208020 <__modsi3+0x6bd4>
80200148:	2b0000ef          	jal	802003f8 <INFO>
8020014c:	fff00793          	li	a5,-1
80200150:	1440006f          	j	80200294 <main+0x284>
80200154:	803027b7          	lui	a5,0x80302
80200158:	fe842703          	lw	a4,-24(s0)
8020015c:	00e7a023          	sw	a4,0(a5) # 80302000 <__heap_end+0x2000>
80200160:	fd842783          	lw	a5,-40(s0)
80200164:	00478793          	addi	a5,a5,4
80200168:	0007a783          	lw	a5,0(a5)
8020016c:	00078593          	mv	a1,a5
80200170:	802087b7          	lui	a5,0x80208
80200174:	03c78513          	addi	a0,a5,60 # 8020803c <__modsi3+0x6bf0>
80200178:	0b0010ef          	jal	80201228 <strcmp>
8020017c:	00050793          	mv	a5,a0
80200180:	00079663          	bnez	a5,8020018c <main+0x17c>
80200184:	00000793          	li	a5,0
80200188:	10c0006f          	j	80200294 <main+0x284>
8020018c:	803027b7          	lui	a5,0x80302
80200190:	00478513          	addi	a0,a5,4 # 80302004 <__heap_end+0x2004>
80200194:	765000ef          	jal	802010f8 <strlen>
80200198:	fea42623          	sw	a0,-20(s0)
8020019c:	fd842783          	lw	a5,-40(s0)
802001a0:	00478793          	addi	a5,a5,4
802001a4:	0007a783          	lw	a5,0(a5)
802001a8:	00078593          	mv	a1,a5
802001ac:	802087b7          	lui	a5,0x80208
802001b0:	04078513          	addi	a0,a5,64 # 80208040 <__modsi3+0x6bf4>
802001b4:	074010ef          	jal	80201228 <strcmp>
802001b8:	00050793          	mv	a5,a0
802001bc:	06079063          	bnez	a5,8020021c <main+0x20c>
802001c0:	0200006f          	j	802001e0 <main+0x1d0>
802001c4:	fec42783          	lw	a5,-20(s0)
802001c8:	fff78713          	addi	a4,a5,-1
802001cc:	fee42623          	sw	a4,-20(s0)
802001d0:	80302737          	lui	a4,0x80302
802001d4:	00470713          	addi	a4,a4,4 # 80302004 <__heap_end+0x2004>
802001d8:	00e787b3          	add	a5,a5,a4
802001dc:	00078023          	sb	zero,0(a5)
802001e0:	fec42703          	lw	a4,-20(s0)
802001e4:	803027b7          	lui	a5,0x80302
802001e8:	00478793          	addi	a5,a5,4 # 80302004 <__heap_end+0x2004>
802001ec:	00f707b3          	add	a5,a4,a5
802001f0:	0007c703          	lbu	a4,0(a5)
802001f4:	02f00793          	li	a5,47
802001f8:	fcf716e3          	bne	a4,a5,802001c4 <main+0x1b4>
802001fc:	fec42783          	lw	a5,-20(s0)
80200200:	08078863          	beqz	a5,80200290 <main+0x280>
80200204:	fec42703          	lw	a4,-20(s0)
80200208:	803027b7          	lui	a5,0x80302
8020020c:	00478793          	addi	a5,a5,4 # 80302004 <__heap_end+0x2004>
80200210:	00f707b3          	add	a5,a4,a5
80200214:	00078023          	sb	zero,0(a5)
80200218:	0780006f          	j	80200290 <main+0x280>
8020021c:	fec42703          	lw	a4,-20(s0)
80200220:	00100793          	li	a5,1
80200224:	02e7f863          	bgeu	a5,a4,80200254 <main+0x244>
80200228:	803027b7          	lui	a5,0x80302
8020022c:	00478513          	addi	a0,a5,4 # 80302004 <__heap_end+0x2004>
80200230:	6c9000ef          	jal	802010f8 <strlen>
80200234:	00050793          	mv	a5,a0
80200238:	00078713          	mv	a4,a5
8020023c:	803027b7          	lui	a5,0x80302
80200240:	00478793          	addi	a5,a5,4 # 80302004 <__heap_end+0x2004>
80200244:	00f707b3          	add	a5,a4,a5
80200248:	02f00713          	li	a4,47
8020024c:	00e78023          	sb	a4,0(a5)
80200250:	000780a3          	sb	zero,1(a5)
80200254:	fd842783          	lw	a5,-40(s0)
80200258:	00478793          	addi	a5,a5,4
8020025c:	0007a483          	lw	s1,0(a5)
80200260:	fd842783          	lw	a5,-40(s0)
80200264:	00478793          	addi	a5,a5,4
80200268:	0007a783          	lw	a5,0(a5)
8020026c:	00078513          	mv	a0,a5
80200270:	689000ef          	jal	802010f8 <strlen>
80200274:	00050793          	mv	a5,a0
80200278:	fff78793          	addi	a5,a5,-1
8020027c:	00078613          	mv	a2,a5
80200280:	00048593          	mv	a1,s1
80200284:	803027b7          	lui	a5,0x80302
80200288:	00478513          	addi	a0,a5,4 # 80302004 <__heap_end+0x2004>
8020028c:	3e9000ef          	jal	80200e74 <strncat>
80200290:	00000793          	li	a5,0
80200294:	00078513          	mv	a0,a5
80200298:	02c12083          	lw	ra,44(sp)
8020029c:	02812403          	lw	s0,40(sp)
802002a0:	02412483          	lw	s1,36(sp)
802002a4:	03010113          	addi	sp,sp,48
802002a8:	00008067          	ret

802002ac <format_to_str>:
format_to_str():
802002ac:	fe010113          	addi	sp,sp,-32
802002b0:	00112e23          	sw	ra,28(sp)
802002b4:	00812c23          	sw	s0,24(sp)
802002b8:	00912a23          	sw	s1,20(sp)
802002bc:	02010413          	addi	s0,sp,32
802002c0:	fea42623          	sw	a0,-20(s0)
802002c4:	feb42423          	sw	a1,-24(s0)
802002c8:	fec42223          	sw	a2,-28(s0)
802002cc:	fec42783          	lw	a5,-20(s0)
802002d0:	00078023          	sb	zero,0(a5)
802002d4:	0fc0006f          	j	802003d0 <format_to_str+0x124>
802002d8:	fe842783          	lw	a5,-24(s0)
802002dc:	0007c703          	lbu	a4,0(a5)
802002e0:	02500793          	li	a5,37
802002e4:	00f70c63          	beq	a4,a5,802002fc <format_to_str+0x50>
802002e8:	00100613          	li	a2,1
802002ec:	fe842583          	lw	a1,-24(s0)
802002f0:	fec42503          	lw	a0,-20(s0)
802002f4:	381000ef          	jal	80200e74 <strncat>
802002f8:	0cc0006f          	j	802003c4 <format_to_str+0x118>
802002fc:	fe842783          	lw	a5,-24(s0)
80200300:	00178793          	addi	a5,a5,1
80200304:	fef42423          	sw	a5,-24(s0)
80200308:	fe842783          	lw	a5,-24(s0)
8020030c:	0007c703          	lbu	a4,0(a5)
80200310:	07300793          	li	a5,115
80200314:	02f71263          	bne	a4,a5,80200338 <format_to_str+0x8c>
80200318:	fe442783          	lw	a5,-28(s0)
8020031c:	00478713          	addi	a4,a5,4
80200320:	fee42223          	sw	a4,-28(s0)
80200324:	0007a783          	lw	a5,0(a5)
80200328:	00078593          	mv	a1,a5
8020032c:	fec42503          	lw	a0,-20(s0)
80200330:	2a5000ef          	jal	80200dd4 <strcat>
80200334:	0900006f          	j	802003c4 <format_to_str+0x118>
80200338:	fe842783          	lw	a5,-24(s0)
8020033c:	0007c703          	lbu	a4,0(a5)
80200340:	06400793          	li	a5,100
80200344:	02f71e63          	bne	a4,a5,80200380 <format_to_str+0xd4>
80200348:	fe442783          	lw	a5,-28(s0)
8020034c:	00478713          	addi	a4,a5,4
80200350:	fee42223          	sw	a4,-28(s0)
80200354:	0007a483          	lw	s1,0(a5)
80200358:	fec42503          	lw	a0,-20(s0)
8020035c:	59d000ef          	jal	802010f8 <strlen>
80200360:	00050713          	mv	a4,a0
80200364:	fec42783          	lw	a5,-20(s0)
80200368:	00e787b3          	add	a5,a5,a4
8020036c:	00a00613          	li	a2,10
80200370:	00078593          	mv	a1,a5
80200374:	00048513          	mv	a0,s1
80200378:	4d0000ef          	jal	80200848 <itoa>
8020037c:	0480006f          	j	802003c4 <format_to_str+0x118>
80200380:	fe842783          	lw	a5,-24(s0)
80200384:	0007c703          	lbu	a4,0(a5)
80200388:	07800793          	li	a5,120
8020038c:	02f71c63          	bne	a4,a5,802003c4 <format_to_str+0x118>
80200390:	fe442783          	lw	a5,-28(s0)
80200394:	00478713          	addi	a4,a5,4
80200398:	fee42223          	sw	a4,-28(s0)
8020039c:	0007a483          	lw	s1,0(a5)
802003a0:	fec42503          	lw	a0,-20(s0)
802003a4:	555000ef          	jal	802010f8 <strlen>
802003a8:	00050713          	mv	a4,a0
802003ac:	fec42783          	lw	a5,-20(s0)
802003b0:	00e787b3          	add	a5,a5,a4
802003b4:	01000613          	li	a2,16
802003b8:	00078593          	mv	a1,a5
802003bc:	00048513          	mv	a0,s1
802003c0:	488000ef          	jal	80200848 <itoa>
802003c4:	fe842783          	lw	a5,-24(s0)
802003c8:	00178793          	addi	a5,a5,1
802003cc:	fef42423          	sw	a5,-24(s0)
802003d0:	fe842783          	lw	a5,-24(s0)
802003d4:	0007c783          	lbu	a5,0(a5)
802003d8:	f00790e3          	bnez	a5,802002d8 <format_to_str+0x2c>
802003dc:	00000013          	nop
802003e0:	00000013          	nop
802003e4:	01c12083          	lw	ra,28(sp)
802003e8:	01812403          	lw	s0,24(sp)
802003ec:	01412483          	lw	s1,20(sp)
802003f0:	02010113          	addi	sp,sp,32
802003f4:	00008067          	ret

802003f8 <INFO>:
INFO():
802003f8:	db010113          	addi	sp,sp,-592
802003fc:	22112623          	sw	ra,556(sp)
80200400:	22812423          	sw	s0,552(sp)
80200404:	23010413          	addi	s0,sp,560
80200408:	dca42e23          	sw	a0,-548(s0)
8020040c:	00b42223          	sw	a1,4(s0)
80200410:	00c42423          	sw	a2,8(s0)
80200414:	00d42623          	sw	a3,12(s0)
80200418:	00e42823          	sw	a4,16(s0)
8020041c:	00f42a23          	sw	a5,20(s0)
80200420:	01042c23          	sw	a6,24(s0)
80200424:	01142e23          	sw	a7,28(s0)
80200428:	df040793          	addi	a5,s0,-528
8020042c:	464e5737          	lui	a4,0x464e5
80200430:	95b70713          	addi	a4,a4,-1701 # 464e495b <app_entry-0x39d1b6a5>
80200434:	00e7a023          	sw	a4,0(a5)
80200438:	00206737          	lui	a4,0x206
8020043c:	d4f70713          	addi	a4,a4,-689 # 205d4f <app_entry-0x7fffa2b1>
80200440:	00e7a223          	sw	a4,4(a5)
80200444:	02040793          	addi	a5,s0,32
80200448:	dcf42c23          	sw	a5,-552(s0)
8020044c:	dd842783          	lw	a5,-552(s0)
80200450:	fe478793          	addi	a5,a5,-28
80200454:	def42623          	sw	a5,-532(s0)
80200458:	df040793          	addi	a5,s0,-528
8020045c:	00778793          	addi	a5,a5,7
80200460:	dec42703          	lw	a4,-532(s0)
80200464:	00070613          	mv	a2,a4
80200468:	ddc42583          	lw	a1,-548(s0)
8020046c:	00078513          	mv	a0,a5
80200470:	e3dff0ef          	jal	802002ac <format_to_str>
80200474:	df040793          	addi	a5,s0,-528
80200478:	00078513          	mv	a0,a5
8020047c:	47d000ef          	jal	802010f8 <strlen>
80200480:	00050793          	mv	a5,a0
80200484:	00078713          	mv	a4,a5
80200488:	df040793          	addi	a5,s0,-528
8020048c:	00e787b3          	add	a5,a5,a4
80200490:	00a00713          	li	a4,10
80200494:	00e78023          	sb	a4,0(a5)
80200498:	00d00713          	li	a4,13
8020049c:	00e780a3          	sb	a4,1(a5)
802004a0:	00078123          	sb	zero,2(a5)
802004a4:	df040793          	addi	a5,s0,-528
802004a8:	00078513          	mv	a0,a5
802004ac:	44d000ef          	jal	802010f8 <strlen>
802004b0:	00050713          	mv	a4,a0
802004b4:	df040793          	addi	a5,s0,-528
802004b8:	00070593          	mv	a1,a4
802004bc:	00078513          	mv	a0,a5
802004c0:	214000ef          	jal	802006d4 <term_write>
802004c4:	00000013          	nop
802004c8:	00078513          	mv	a0,a5
802004cc:	22c12083          	lw	ra,556(sp)
802004d0:	22812403          	lw	s0,552(sp)
802004d4:	25010113          	addi	sp,sp,592
802004d8:	00008067          	ret

802004dc <exit>:
exit():
802004dc:	dd010113          	addi	sp,sp,-560
802004e0:	22112623          	sw	ra,556(sp)
802004e4:	22812423          	sw	s0,552(sp)
802004e8:	23010413          	addi	s0,sp,560
802004ec:	dca42e23          	sw	a0,-548(s0)
802004f0:	00100793          	li	a5,1
802004f4:	def42423          	sw	a5,-536(s0)
802004f8:	de840793          	addi	a5,s0,-536
802004fc:	20800613          	li	a2,520
80200500:	00078593          	mv	a1,a5
80200504:	00100513          	li	a0,1
80200508:	234000ef          	jal	8020073c <sys_send>
8020050c:	0000006f          	j	8020050c <exit+0x30>

80200510 <dir_lookup>:
dir_lookup():
80200510:	dd010113          	addi	sp,sp,-560
80200514:	22112623          	sw	ra,556(sp)
80200518:	22812423          	sw	s0,552(sp)
8020051c:	23010413          	addi	s0,sp,560
80200520:	dca42e23          	sw	a0,-548(s0)
80200524:	dcb42c23          	sw	a1,-552(s0)
80200528:	de840793          	addi	a5,s0,-536
8020052c:	00078613          	mv	a2,a5
80200530:	00000593          	li	a1,0
80200534:	ddc42503          	lw	a0,-548(s0)
80200538:	0e8000ef          	jal	80200620 <file_read>
8020053c:	fe042623          	sw	zero,-20(s0)
80200540:	dd842503          	lw	a0,-552(s0)
80200544:	3b5000ef          	jal	802010f8 <strlen>
80200548:	fea42423          	sw	a0,-24(s0)
8020054c:	09c0006f          	j	802005e8 <dir_lookup+0xd8>
80200550:	de840713          	addi	a4,s0,-536
80200554:	fec42783          	lw	a5,-20(s0)
80200558:	00f707b3          	add	a5,a4,a5
8020055c:	fe842603          	lw	a2,-24(s0)
80200560:	00078593          	mv	a1,a5
80200564:	dd842503          	lw	a0,-552(s0)
80200568:	1b9000ef          	jal	80200f20 <strncmp>
8020056c:	00050793          	mv	a5,a0
80200570:	06079663          	bnez	a5,802005dc <dir_lookup+0xcc>
80200574:	fec42703          	lw	a4,-20(s0)
80200578:	fe842783          	lw	a5,-24(s0)
8020057c:	00f707b3          	add	a5,a4,a5
80200580:	ff078793          	addi	a5,a5,-16
80200584:	008787b3          	add	a5,a5,s0
80200588:	df87c703          	lbu	a4,-520(a5)
8020058c:	02000793          	li	a5,32
80200590:	04f71663          	bne	a4,a5,802005dc <dir_lookup+0xcc>
80200594:	fec42783          	lw	a5,-20(s0)
80200598:	02078063          	beqz	a5,802005b8 <dir_lookup+0xa8>
8020059c:	fec42783          	lw	a5,-20(s0)
802005a0:	fff78793          	addi	a5,a5,-1
802005a4:	ff078793          	addi	a5,a5,-16
802005a8:	008787b3          	add	a5,a5,s0
802005ac:	df87c703          	lbu	a4,-520(a5)
802005b0:	02000793          	li	a5,32
802005b4:	02f71463          	bne	a4,a5,802005dc <dir_lookup+0xcc>
802005b8:	fec42703          	lw	a4,-20(s0)
802005bc:	fe842783          	lw	a5,-24(s0)
802005c0:	00f707b3          	add	a5,a4,a5
802005c4:	de840713          	addi	a4,s0,-536
802005c8:	00f707b3          	add	a5,a4,a5
802005cc:	00078513          	mv	a0,a5
802005d0:	26c000ef          	jal	8020083c <atoi>
802005d4:	00050793          	mv	a5,a0
802005d8:	0340006f          	j	8020060c <dir_lookup+0xfc>
802005dc:	fec42783          	lw	a5,-20(s0)
802005e0:	00178793          	addi	a5,a5,1
802005e4:	fef42623          	sw	a5,-20(s0)
802005e8:	de840793          	addi	a5,s0,-536
802005ec:	00078513          	mv	a0,a5
802005f0:	309000ef          	jal	802010f8 <strlen>
802005f4:	00050713          	mv	a4,a0
802005f8:	fe842783          	lw	a5,-24(s0)
802005fc:	40f707b3          	sub	a5,a4,a5
80200600:	fec42703          	lw	a4,-20(s0)
80200604:	f4f766e3          	bltu	a4,a5,80200550 <dir_lookup+0x40>
80200608:	fff00793          	li	a5,-1
8020060c:	00078513          	mv	a0,a5
80200610:	22c12083          	lw	ra,556(sp)
80200614:	22812403          	lw	s0,552(sp)
80200618:	23010113          	addi	sp,sp,560
8020061c:	00008067          	ret

80200620 <file_read>:
file_read():
80200620:	dd010113          	addi	sp,sp,-560
80200624:	22112623          	sw	ra,556(sp)
80200628:	22812423          	sw	s0,552(sp)
8020062c:	23010413          	addi	s0,sp,560
80200630:	dca42e23          	sw	a0,-548(s0)
80200634:	dcb42c23          	sw	a1,-552(s0)
80200638:	dcc42a23          	sw	a2,-556(s0)
8020063c:	00100793          	li	a5,1
80200640:	def42023          	sw	a5,-544(s0)
80200644:	ddc42783          	lw	a5,-548(s0)
80200648:	def42223          	sw	a5,-540(s0)
8020064c:	dd842783          	lw	a5,-552(s0)
80200650:	def42423          	sw	a5,-536(s0)
80200654:	de040793          	addi	a5,s0,-544
80200658:	20c00613          	li	a2,524
8020065c:	00078593          	mv	a1,a5
80200660:	00300513          	li	a0,3
80200664:	0d8000ef          	jal	8020073c <sys_send>
80200668:	40000693          	li	a3,1024
8020066c:	802087b7          	lui	a5,0x80208
80200670:	2bc78613          	addi	a2,a5,700 # 802082bc <buf>
80200674:	802087b7          	lui	a5,0x80208
80200678:	2b878593          	addi	a1,a5,696 # 802082b8 <sender>
8020067c:	00300513          	li	a0,3
80200680:	12c000ef          	jal	802007ac <sys_recv>
80200684:	802087b7          	lui	a5,0x80208
80200688:	2bc78793          	addi	a5,a5,700 # 802082bc <buf>
8020068c:	fef42623          	sw	a5,-20(s0)
80200690:	fec42783          	lw	a5,-20(s0)
80200694:	00478793          	addi	a5,a5,4
80200698:	20000613          	li	a2,512
8020069c:	00078593          	mv	a1,a5
802006a0:	dd442503          	lw	a0,-556(s0)
802006a4:	12d000ef          	jal	80200fd0 <memcpy>
802006a8:	fec42783          	lw	a5,-20(s0)
802006ac:	0007a783          	lw	a5,0(a5)
802006b0:	00079663          	bnez	a5,802006bc <file_read+0x9c>
802006b4:	00000793          	li	a5,0
802006b8:	0080006f          	j	802006c0 <file_read+0xa0>
802006bc:	fff00793          	li	a5,-1
802006c0:	00078513          	mv	a0,a5
802006c4:	22c12083          	lw	ra,556(sp)
802006c8:	22812403          	lw	s0,552(sp)
802006cc:	23010113          	addi	sp,sp,560
802006d0:	00008067          	ret

802006d4 <term_write>:
term_write():
802006d4:	dd010113          	addi	sp,sp,-560
802006d8:	22112623          	sw	ra,556(sp)
802006dc:	22812423          	sw	s0,552(sp)
802006e0:	23010413          	addi	s0,sp,560
802006e4:	dca42e23          	sw	a0,-548(s0)
802006e8:	dcb42c23          	sw	a1,-552(s0)
802006ec:	00100793          	li	a5,1
802006f0:	def42423          	sw	a5,-536(s0)
802006f4:	dd842783          	lw	a5,-552(s0)
802006f8:	def42623          	sw	a5,-532(s0)
802006fc:	de840793          	addi	a5,s0,-536
80200700:	00878793          	addi	a5,a5,8
80200704:	dd842603          	lw	a2,-552(s0)
80200708:	ddc42583          	lw	a1,-548(s0)
8020070c:	00078513          	mv	a0,a5
80200710:	0c1000ef          	jal	80200fd0 <memcpy>
80200714:	de840793          	addi	a5,s0,-536
80200718:	20800613          	li	a2,520
8020071c:	00078593          	mv	a1,a5
80200720:	00200513          	li	a0,2
80200724:	018000ef          	jal	8020073c <sys_send>
80200728:	00000013          	nop
8020072c:	22c12083          	lw	ra,556(sp)
80200730:	22812403          	lw	s0,552(sp)
80200734:	23010113          	addi	sp,sp,560
80200738:	00008067          	ret

8020073c <sys_send>:
sys_send():
8020073c:	fe010113          	addi	sp,sp,-32
80200740:	00112e23          	sw	ra,28(sp)
80200744:	00812c23          	sw	s0,24(sp)
80200748:	02010413          	addi	s0,sp,32
8020074c:	fea42623          	sw	a0,-20(s0)
80200750:	feb42423          	sw	a1,-24(s0)
80200754:	fec42223          	sw	a2,-28(s0)
80200758:	802087b7          	lui	a5,0x80208
8020075c:	2b07a783          	lw	a5,688(a5) # 802082b0 <sc>
80200760:	00200713          	li	a4,2
80200764:	00e7a023          	sw	a4,0(a5)
80200768:	802087b7          	lui	a5,0x80208
8020076c:	2b07a783          	lw	a5,688(a5) # 802082b0 <sc>
80200770:	fec42703          	lw	a4,-20(s0)
80200774:	00e7a423          	sw	a4,8(a5)
80200778:	802087b7          	lui	a5,0x80208
8020077c:	2b07a783          	lw	a5,688(a5) # 802082b0 <sc>
80200780:	00c78793          	addi	a5,a5,12
80200784:	fe442603          	lw	a2,-28(s0)
80200788:	fe842583          	lw	a1,-24(s0)
8020078c:	00078513          	mv	a0,a5
80200790:	041000ef          	jal	80200fd0 <memcpy>
80200794:	00000073          	ecall
80200798:	00000013          	nop
8020079c:	01c12083          	lw	ra,28(sp)
802007a0:	01812403          	lw	s0,24(sp)
802007a4:	02010113          	addi	sp,sp,32
802007a8:	00008067          	ret

802007ac <sys_recv>:
sys_recv():
802007ac:	fe010113          	addi	sp,sp,-32
802007b0:	00112e23          	sw	ra,28(sp)
802007b4:	00812c23          	sw	s0,24(sp)
802007b8:	02010413          	addi	s0,sp,32
802007bc:	fea42623          	sw	a0,-20(s0)
802007c0:	feb42423          	sw	a1,-24(s0)
802007c4:	fec42223          	sw	a2,-28(s0)
802007c8:	fed42023          	sw	a3,-32(s0)
802007cc:	802087b7          	lui	a5,0x80208
802007d0:	2b07a783          	lw	a5,688(a5) # 802082b0 <sc>
802007d4:	00100713          	li	a4,1
802007d8:	00e7a023          	sw	a4,0(a5)
802007dc:	802087b7          	lui	a5,0x80208
802007e0:	2b07a783          	lw	a5,688(a5) # 802082b0 <sc>
802007e4:	fec42703          	lw	a4,-20(s0)
802007e8:	00e7a223          	sw	a4,4(a5)
802007ec:	00000073          	ecall
802007f0:	802087b7          	lui	a5,0x80208
802007f4:	2b07a783          	lw	a5,688(a5) # 802082b0 <sc>
802007f8:	00c78793          	addi	a5,a5,12
802007fc:	fe042603          	lw	a2,-32(s0)
80200800:	00078593          	mv	a1,a5
80200804:	fe442503          	lw	a0,-28(s0)
80200808:	7c8000ef          	jal	80200fd0 <memcpy>
8020080c:	fe842783          	lw	a5,-24(s0)
80200810:	00078c63          	beqz	a5,80200828 <sys_recv+0x7c>
80200814:	802087b7          	lui	a5,0x80208
80200818:	2b07a783          	lw	a5,688(a5) # 802082b0 <sc>
8020081c:	0047a703          	lw	a4,4(a5)
80200820:	fe842783          	lw	a5,-24(s0)
80200824:	00e7a023          	sw	a4,0(a5)
80200828:	00000013          	nop
8020082c:	01c12083          	lw	ra,28(sp)
80200830:	01812403          	lw	s0,24(sp)
80200834:	02010113          	addi	sp,sp,32
80200838:	00008067          	ret

8020083c <atoi>:
atoi():
8020083c:	00a00613          	li	a2,10
80200840:	00000593          	li	a1,0
80200844:	3ec0006f          	j	80200c30 <strtol>

80200848 <itoa>:
itoa():
80200848:	ffe60713          	addi	a4,a2,-2
8020084c:	02200793          	li	a5,34
80200850:	06e7e263          	bltu	a5,a4,802008b4 <itoa+0x6c>
80200854:	fe010113          	addi	sp,sp,-32
80200858:	00112e23          	sw	ra,28(sp)
8020085c:	ff660793          	addi	a5,a2,-10
80200860:	02079a63          	bnez	a5,80200894 <itoa+0x4c>
80200864:	02055863          	bgez	a0,80200894 <itoa+0x4c>
80200868:	02d00793          	li	a5,45
8020086c:	00158713          	addi	a4,a1,1
80200870:	00b12623          	sw	a1,12(sp)
80200874:	00f58023          	sb	a5,0(a1)
80200878:	40a00533          	neg	a0,a0
8020087c:	00070593          	mv	a1,a4
80200880:	400000ef          	jal	80200c80 <__utoa>
80200884:	01c12083          	lw	ra,28(sp)
80200888:	00c12503          	lw	a0,12(sp)
8020088c:	02010113          	addi	sp,sp,32
80200890:	00008067          	ret
80200894:	00058713          	mv	a4,a1
80200898:	00b12623          	sw	a1,12(sp)
8020089c:	00070593          	mv	a1,a4
802008a0:	3e0000ef          	jal	80200c80 <__utoa>
802008a4:	01c12083          	lw	ra,28(sp)
802008a8:	00c12503          	lw	a0,12(sp)
802008ac:	02010113          	addi	sp,sp,32
802008b0:	00008067          	ret
802008b4:	00058023          	sb	zero,0(a1)
802008b8:	00000513          	li	a0,0
802008bc:	00008067          	ret

802008c0 <_strtol_l.part.0>:
_strtol_l.part.0():
802008c0:	fb010113          	addi	sp,sp,-80
802008c4:	04812423          	sw	s0,72(sp)
802008c8:	03312e23          	sw	s3,60(sp)
802008cc:	03512a23          	sw	s5,52(sp)
802008d0:	03612823          	sw	s6,48(sp)
802008d4:	04112623          	sw	ra,76(sp)
802008d8:	00068b13          	mv	s6,a3
802008dc:	04912223          	sw	s1,68(sp)
802008e0:	05212023          	sw	s2,64(sp)
802008e4:	03412c23          	sw	s4,56(sp)
802008e8:	03712623          	sw	s7,44(sp)
802008ec:	03812423          	sw	s8,40(sp)
802008f0:	03912223          	sw	s9,36(sp)
802008f4:	03a12023          	sw	s10,32(sp)
802008f8:	01b12e23          	sw	s11,28(sp)
802008fc:	00058993          	mv	s3,a1
80200900:	00a12423          	sw	a0,8(sp)
80200904:	00060a93          	mv	s5,a2
80200908:	00058413          	mv	s0,a1
8020090c:	00007697          	auipc	a3,0x7
80200910:	76168693          	addi	a3,a3,1889 # 8020806d <_ctype_+0x1>
80200914:	00040613          	mv	a2,s0
80200918:	00044703          	lbu	a4,0(s0)
8020091c:	00140413          	addi	s0,s0,1
80200920:	00e687b3          	add	a5,a3,a4
80200924:	0007c783          	lbu	a5,0(a5)
80200928:	0087f793          	andi	a5,a5,8
8020092c:	fe0794e3          	bnez	a5,80200914 <_strtol_l.part.0+0x54>
80200930:	02d00793          	li	a5,45
80200934:	fefb7913          	andi	s2,s6,-17
80200938:	16f70863          	beq	a4,a5,80200aa8 <_strtol_l.part.0+0x1e8>
8020093c:	02b00793          	li	a5,43
80200940:	02f70c63          	beq	a4,a5,80200978 <_strtol_l.part.0+0xb8>
80200944:	04091063          	bnez	s2,80200984 <_strtol_l.part.0+0xc4>
80200948:	03000793          	li	a5,48
8020094c:	24f70263          	beq	a4,a5,80200b90 <_strtol_l.part.0+0x2d0>
80200950:	220b0463          	beqz	s6,80200b78 <_strtol_l.part.0+0x2b8>
80200954:	08000bb7          	lui	s7,0x8000
80200958:	01000b13          	li	s6,16
8020095c:	fffb8b93          	addi	s7,s7,-1 # 7ffffff <app_entry-0x78200001>
80200960:	000b0a13          	mv	s4,s6
80200964:	00f00913          	li	s2,15
80200968:	800007b7          	lui	a5,0x80000
8020096c:	fff78d93          	addi	s11,a5,-1 # 7fffffff <app_entry-0x200001>
80200970:	00000d13          	li	s10,0
80200974:	0480006f          	j	802009bc <_strtol_l.part.0+0xfc>
80200978:	00044703          	lbu	a4,0(s0)
8020097c:	00260413          	addi	s0,a2,2
80200980:	1a090063          	beqz	s2,80200b20 <_strtol_l.part.0+0x260>
80200984:	800004b7          	lui	s1,0x80000
80200988:	000b0593          	mv	a1,s6
8020098c:	fff48513          	addi	a0,s1,-1 # 7fffffff <app_entry-0x200001>
80200990:	00e12623          	sw	a4,12(sp)
80200994:	285000ef          	jal	80201418 <__umodsi3>
80200998:	00050913          	mv	s2,a0
8020099c:	000b0593          	mv	a1,s6
802009a0:	fff48513          	addi	a0,s1,-1
802009a4:	22d000ef          	jal	802013d0 <__hidden___udivsi3>
802009a8:	00c12703          	lw	a4,12(sp)
802009ac:	000b0a13          	mv	s4,s6
802009b0:	fff48d93          	addi	s11,s1,-1
802009b4:	00050b93          	mv	s7,a0
802009b8:	00000d13          	li	s10,0
802009bc:	00000793          	li	a5,0
802009c0:	00000513          	li	a0,0
802009c4:	00900c13          	li	s8,9
802009c8:	01900c93          	li	s9,25
802009cc:	fd070493          	addi	s1,a4,-48
802009d0:	009c7e63          	bgeu	s8,s1,802009ec <_strtol_l.part.0+0x12c>
802009d4:	fbf70693          	addi	a3,a4,-65
802009d8:	fc970493          	addi	s1,a4,-55
802009dc:	00dcf863          	bgeu	s9,a3,802009ec <_strtol_l.part.0+0x12c>
802009e0:	f9f70693          	addi	a3,a4,-97
802009e4:	04dce663          	bltu	s9,a3,80200a30 <_strtol_l.part.0+0x170>
802009e8:	fa970493          	addi	s1,a4,-87
802009ec:	0564d263          	bge	s1,s6,80200a30 <_strtol_l.part.0+0x170>
802009f0:	00178793          	addi	a5,a5,1
802009f4:	02078063          	beqz	a5,80200a14 <_strtol_l.part.0+0x154>
802009f8:	00abee63          	bltu	s7,a0,80200a14 <_strtol_l.part.0+0x154>
802009fc:	03751063          	bne	a0,s7,80200a1c <_strtol_l.part.0+0x15c>
80200a00:	fff00793          	li	a5,-1
80200a04:	00995c63          	bge	s2,s1,80200a1c <_strtol_l.part.0+0x15c>
80200a08:	00140413          	addi	s0,s0,1
80200a0c:	fff44703          	lbu	a4,-1(s0)
80200a10:	fbdff06f          	j	802009cc <_strtol_l.part.0+0x10c>
80200a14:	fff00793          	li	a5,-1
80200a18:	ff1ff06f          	j	80200a08 <_strtol_l.part.0+0x148>
80200a1c:	000a0593          	mv	a1,s4
80200a20:	185000ef          	jal	802013a4 <__mulsi3>
80200a24:	00a48533          	add	a0,s1,a0
80200a28:	00100793          	li	a5,1
80200a2c:	fddff06f          	j	80200a08 <_strtol_l.part.0+0x148>
80200a30:	fff00713          	li	a4,-1
80200a34:	04e78a63          	beq	a5,a4,80200a88 <_strtol_l.part.0+0x1c8>
80200a38:	000d0463          	beqz	s10,80200a40 <_strtol_l.part.0+0x180>
80200a3c:	40a00533          	neg	a0,a0
80200a40:	000a8663          	beqz	s5,80200a4c <_strtol_l.part.0+0x18c>
80200a44:	0c079a63          	bnez	a5,80200b18 <_strtol_l.part.0+0x258>
80200a48:	013aa023          	sw	s3,0(s5)
80200a4c:	04c12083          	lw	ra,76(sp)
80200a50:	04812403          	lw	s0,72(sp)
80200a54:	04412483          	lw	s1,68(sp)
80200a58:	04012903          	lw	s2,64(sp)
80200a5c:	03c12983          	lw	s3,60(sp)
80200a60:	03812a03          	lw	s4,56(sp)
80200a64:	03412a83          	lw	s5,52(sp)
80200a68:	03012b03          	lw	s6,48(sp)
80200a6c:	02c12b83          	lw	s7,44(sp)
80200a70:	02812c03          	lw	s8,40(sp)
80200a74:	02412c83          	lw	s9,36(sp)
80200a78:	02012d03          	lw	s10,32(sp)
80200a7c:	01c12d83          	lw	s11,28(sp)
80200a80:	05010113          	addi	sp,sp,80
80200a84:	00008067          	ret
80200a88:	00812703          	lw	a4,8(sp)
80200a8c:	02200793          	li	a5,34
80200a90:	000d8513          	mv	a0,s11
80200a94:	00f72023          	sw	a5,0(a4)
80200a98:	fa0a8ae3          	beqz	s5,80200a4c <_strtol_l.part.0+0x18c>
80200a9c:	fff40993          	addi	s3,s0,-1
80200aa0:	000d8513          	mv	a0,s11
80200aa4:	fa5ff06f          	j	80200a48 <_strtol_l.part.0+0x188>
80200aa8:	00044703          	lbu	a4,0(s0)
80200aac:	00260413          	addi	s0,a2,2
80200ab0:	02091863          	bnez	s2,80200ae0 <_strtol_l.part.0+0x220>
80200ab4:	03000793          	li	a5,48
80200ab8:	10f70663          	beq	a4,a5,80200bc4 <_strtol_l.part.0+0x304>
80200abc:	120b1863          	bnez	s6,80200bec <_strtol_l.part.0+0x32c>
80200ac0:	00a00b13          	li	s6,10
80200ac4:	0cccdbb7          	lui	s7,0xcccd
80200ac8:	cccb8b93          	addi	s7,s7,-820 # ccccccc <app_entry-0x73533334>
80200acc:	000b0a13          	mv	s4,s6
80200ad0:	00800913          	li	s2,8
80200ad4:	00100d13          	li	s10,1
80200ad8:	80000db7          	lui	s11,0x80000
80200adc:	ee1ff06f          	j	802009bc <_strtol_l.part.0+0xfc>
80200ae0:	000b0593          	mv	a1,s6
80200ae4:	80000537          	lui	a0,0x80000
80200ae8:	00e12623          	sw	a4,12(sp)
80200aec:	12d000ef          	jal	80201418 <__umodsi3>
80200af0:	000b0a13          	mv	s4,s6
80200af4:	00050913          	mv	s2,a0
80200af8:	000b0593          	mv	a1,s6
80200afc:	80000537          	lui	a0,0x80000
80200b00:	0d1000ef          	jal	802013d0 <__hidden___udivsi3>
80200b04:	00c12703          	lw	a4,12(sp)
80200b08:	00050b93          	mv	s7,a0
80200b0c:	00100d13          	li	s10,1
80200b10:	80000db7          	lui	s11,0x80000
80200b14:	ea9ff06f          	j	802009bc <_strtol_l.part.0+0xfc>
80200b18:	00050d93          	mv	s11,a0
80200b1c:	f81ff06f          	j	80200a9c <_strtol_l.part.0+0x1dc>
80200b20:	03000793          	li	a5,48
80200b24:	e2f716e3          	bne	a4,a5,80200950 <_strtol_l.part.0+0x90>
80200b28:	00264783          	lbu	a5,2(a2)
80200b2c:	05800693          	li	a3,88
80200b30:	0df7f793          	andi	a5,a5,223
80200b34:	08d79063          	bne	a5,a3,80200bb4 <_strtol_l.part.0+0x2f4>
80200b38:	00364703          	lbu	a4,3(a2)
80200b3c:	01000b13          	li	s6,16
80200b40:	000b0a13          	mv	s4,s6
80200b44:	00460413          	addi	s0,a2,4
80200b48:	800004b7          	lui	s1,0x80000
80200b4c:	000a0593          	mv	a1,s4
80200b50:	fff48513          	addi	a0,s1,-1 # 7fffffff <app_entry-0x200001>
80200b54:	00e12623          	sw	a4,12(sp)
80200b58:	0c1000ef          	jal	80201418 <__umodsi3>
80200b5c:	00050913          	mv	s2,a0
80200b60:	000a0593          	mv	a1,s4
80200b64:	fff48513          	addi	a0,s1,-1
80200b68:	069000ef          	jal	802013d0 <__hidden___udivsi3>
80200b6c:	00c12703          	lw	a4,12(sp)
80200b70:	00050b93          	mv	s7,a0
80200b74:	df5ff06f          	j	80200968 <_strtol_l.part.0+0xa8>
80200b78:	00a00b13          	li	s6,10
80200b7c:	0cccdbb7          	lui	s7,0xcccd
80200b80:	cccb8b93          	addi	s7,s7,-820 # ccccccc <app_entry-0x73533334>
80200b84:	000b0a13          	mv	s4,s6
80200b88:	00700913          	li	s2,7
80200b8c:	dddff06f          	j	80200968 <_strtol_l.part.0+0xa8>
80200b90:	00044783          	lbu	a5,0(s0)
80200b94:	05800693          	li	a3,88
80200b98:	0df7f793          	andi	a5,a5,223
80200b9c:	00d79c63          	bne	a5,a3,80200bb4 <_strtol_l.part.0+0x2f4>
80200ba0:	01000b13          	li	s6,16
80200ba4:	00144703          	lbu	a4,1(s0)
80200ba8:	000b0a13          	mv	s4,s6
80200bac:	00360413          	addi	s0,a2,3
80200bb0:	f99ff06f          	j	80200b48 <_strtol_l.part.0+0x288>
80200bb4:	060b1263          	bnez	s6,80200c18 <_strtol_l.part.0+0x358>
80200bb8:	00800b13          	li	s6,8
80200bbc:	000b0a13          	mv	s4,s6
80200bc0:	f89ff06f          	j	80200b48 <_strtol_l.part.0+0x288>
80200bc4:	00264783          	lbu	a5,2(a2)
80200bc8:	05800693          	li	a3,88
80200bcc:	0df7f793          	andi	a5,a5,223
80200bd0:	02d78a63          	beq	a5,a3,80200c04 <_strtol_l.part.0+0x344>
80200bd4:	040b0863          	beqz	s6,80200c24 <_strtol_l.part.0+0x364>
80200bd8:	01000b13          	li	s6,16
80200bdc:	000b0a13          	mv	s4,s6
80200be0:	00e12623          	sw	a4,12(sp)
80200be4:	000a0593          	mv	a1,s4
80200be8:	f15ff06f          	j	80200afc <_strtol_l.part.0+0x23c>
80200bec:	01000b13          	li	s6,16
80200bf0:	000b0a13          	mv	s4,s6
80200bf4:	08000bb7          	lui	s7,0x8000
80200bf8:	00100d13          	li	s10,1
80200bfc:	80000db7          	lui	s11,0x80000
80200c00:	dbdff06f          	j	802009bc <_strtol_l.part.0+0xfc>
80200c04:	01000b13          	li	s6,16
80200c08:	00364703          	lbu	a4,3(a2)
80200c0c:	000b0a13          	mv	s4,s6
80200c10:	00460413          	addi	s0,a2,4
80200c14:	fcdff06f          	j	80200be0 <_strtol_l.part.0+0x320>
80200c18:	01000b13          	li	s6,16
80200c1c:	000b0a13          	mv	s4,s6
80200c20:	f29ff06f          	j	80200b48 <_strtol_l.part.0+0x288>
80200c24:	00800b13          	li	s6,8
80200c28:	000b0a13          	mv	s4,s6
80200c2c:	fb5ff06f          	j	80200be0 <_strtol_l.part.0+0x320>

80200c30 <strtol>:
strtol():
80200c30:	02563793          	sltiu	a5,a2,37
80200c34:	02078463          	beqz	a5,80200c5c <strtol+0x2c>
80200c38:	fff60793          	addi	a5,a2,-1
80200c3c:	02078063          	beqz	a5,80200c5c <strtol+0x2c>
80200c40:	00050713          	mv	a4,a0
80200c44:	00007517          	auipc	a0,0x7
80200c48:	67052503          	lw	a0,1648(a0) # 802082b4 <_impure_ptr>
80200c4c:	00060693          	mv	a3,a2
80200c50:	00058613          	mv	a2,a1
80200c54:	00070593          	mv	a1,a4
80200c58:	c69ff06f          	j	802008c0 <_strtol_l.part.0>
80200c5c:	ff010113          	addi	sp,sp,-16
80200c60:	00112623          	sw	ra,12(sp)
80200c64:	360000ef          	jal	80200fc4 <__errno>
80200c68:	00c12083          	lw	ra,12(sp)
80200c6c:	01600793          	li	a5,22
80200c70:	00f52023          	sw	a5,0(a0)
80200c74:	00000513          	li	a0,0
80200c78:	01010113          	addi	sp,sp,16
80200c7c:	00008067          	ret

80200c80 <__utoa>:
__utoa():
80200c80:	00007797          	auipc	a5,0x7
80200c84:	3c478793          	addi	a5,a5,964 # 80208044 <__modsi3+0x6bf8>
80200c88:	0207a703          	lw	a4,32(a5)
80200c8c:	0007af83          	lw	t6,0(a5)
80200c90:	0047af03          	lw	t5,4(a5)
80200c94:	0087ae83          	lw	t4,8(a5)
80200c98:	00c7ae03          	lw	t3,12(a5)
80200c9c:	0107a303          	lw	t1,16(a5)
80200ca0:	0147a883          	lw	a7,20(a5)
80200ca4:	0187a803          	lw	a6,24(a5)
80200ca8:	01c7a683          	lw	a3,28(a5)
80200cac:	00007797          	auipc	a5,0x7
80200cb0:	3bc7c783          	lbu	a5,956(a5) # 80208068 <__modsi3+0x6c1c>
80200cb4:	fb010113          	addi	sp,sp,-80
80200cb8:	03512a23          	sw	s5,52(sp)
80200cbc:	02e12423          	sw	a4,40(sp)
80200cc0:	02f10623          	sb	a5,44(sp)
80200cc4:	04112623          	sw	ra,76(sp)
80200cc8:	01f12423          	sw	t6,8(sp)
80200ccc:	01e12623          	sw	t5,12(sp)
80200cd0:	01d12823          	sw	t4,16(sp)
80200cd4:	01c12a23          	sw	t3,20(sp)
80200cd8:	00612c23          	sw	t1,24(sp)
80200cdc:	01112e23          	sw	a7,28(sp)
80200ce0:	03012023          	sw	a6,32(sp)
80200ce4:	02d12223          	sw	a3,36(sp)
80200ce8:	ffe60713          	addi	a4,a2,-2
80200cec:	02200793          	li	a5,34
80200cf0:	00058a93          	mv	s5,a1
80200cf4:	0ce7e463          	bltu	a5,a4,80200dbc <__utoa+0x13c>
80200cf8:	04812423          	sw	s0,72(sp)
80200cfc:	04912223          	sw	s1,68(sp)
80200d00:	05212023          	sw	s2,64(sp)
80200d04:	03312e23          	sw	s3,60(sp)
80200d08:	03412c23          	sw	s4,56(sp)
80200d0c:	03612823          	sw	s6,48(sp)
80200d10:	00060493          	mv	s1,a2
80200d14:	00050413          	mv	s0,a0
80200d18:	00000913          	li	s2,0
80200d1c:	00048593          	mv	a1,s1
80200d20:	00040513          	mv	a0,s0
80200d24:	6f4000ef          	jal	80201418 <__umodsi3>
80200d28:	00250533          	add	a0,a0,sp
80200d2c:	00854783          	lbu	a5,8(a0)
80200d30:	00090993          	mv	s3,s2
80200d34:	00190913          	addi	s2,s2,1
80200d38:	012a8a33          	add	s4,s5,s2
80200d3c:	00040513          	mv	a0,s0
80200d40:	00048593          	mv	a1,s1
80200d44:	fefa0fa3          	sb	a5,-1(s4)
80200d48:	00040b13          	mv	s6,s0
80200d4c:	684000ef          	jal	802013d0 <__hidden___udivsi3>
80200d50:	00050413          	mv	s0,a0
80200d54:	fc9b74e3          	bgeu	s6,s1,80200d1c <__utoa+0x9c>
80200d58:	000a0023          	sb	zero,0(s4)
80200d5c:	02098a63          	beqz	s3,80200d90 <__utoa+0x110>
80200d60:	000a8693          	mv	a3,s5
80200d64:	013a8733          	add	a4,s5,s3
80200d68:	00000793          	li	a5,0
80200d6c:	00074583          	lbu	a1,0(a4)
80200d70:	0006c603          	lbu	a2,0(a3)
80200d74:	00178793          	addi	a5,a5,1
80200d78:	00b68023          	sb	a1,0(a3)
80200d7c:	00c70023          	sb	a2,0(a4)
80200d80:	40f98633          	sub	a2,s3,a5
80200d84:	00168693          	addi	a3,a3,1
80200d88:	fff70713          	addi	a4,a4,-1
80200d8c:	fec7c0e3          	blt	a5,a2,80200d6c <__utoa+0xec>
80200d90:	04812403          	lw	s0,72(sp)
80200d94:	04c12083          	lw	ra,76(sp)
80200d98:	04412483          	lw	s1,68(sp)
80200d9c:	04012903          	lw	s2,64(sp)
80200da0:	03c12983          	lw	s3,60(sp)
80200da4:	03812a03          	lw	s4,56(sp)
80200da8:	03012b03          	lw	s6,48(sp)
80200dac:	000a8513          	mv	a0,s5
80200db0:	03412a83          	lw	s5,52(sp)
80200db4:	05010113          	addi	sp,sp,80
80200db8:	00008067          	ret
80200dbc:	00058023          	sb	zero,0(a1)
80200dc0:	04c12083          	lw	ra,76(sp)
80200dc4:	03412a83          	lw	s5,52(sp)
80200dc8:	00000513          	li	a0,0
80200dcc:	05010113          	addi	sp,sp,80
80200dd0:	00008067          	ret

80200dd4 <strcat>:
strcat():
80200dd4:	ff010113          	addi	sp,sp,-16
80200dd8:	00812423          	sw	s0,8(sp)
80200ddc:	00112623          	sw	ra,12(sp)
80200de0:	00357793          	andi	a5,a0,3
80200de4:	00050413          	mv	s0,a0
80200de8:	06079663          	bnez	a5,80200e54 <strcat+0x80>
80200dec:	00052703          	lw	a4,0(a0)
80200df0:	feff0637          	lui	a2,0xfeff0
80200df4:	eff60613          	addi	a2,a2,-257 # fefefeff <__heap_end+0x7ecefeff>
80200df8:	00c707b3          	add	a5,a4,a2
80200dfc:	808086b7          	lui	a3,0x80808
80200e00:	fff74713          	not	a4,a4
80200e04:	00e7f7b3          	and	a5,a5,a4
80200e08:	08068693          	addi	a3,a3,128 # 80808080 <__heap_end+0x508080>
80200e0c:	00d7f7b3          	and	a5,a5,a3
80200e10:	04079263          	bnez	a5,80200e54 <strcat+0x80>
80200e14:	00452703          	lw	a4,4(a0)
80200e18:	00450513          	addi	a0,a0,4
80200e1c:	00c707b3          	add	a5,a4,a2
80200e20:	fff74713          	not	a4,a4
80200e24:	00e7f7b3          	and	a5,a5,a4
80200e28:	00d7f7b3          	and	a5,a5,a3
80200e2c:	02079463          	bnez	a5,80200e54 <strcat+0x80>
80200e30:	00452703          	lw	a4,4(a0)
80200e34:	00450513          	addi	a0,a0,4
80200e38:	00c707b3          	add	a5,a4,a2
80200e3c:	fff74713          	not	a4,a4
80200e40:	00e7f7b3          	and	a5,a5,a4
80200e44:	00d7f7b3          	and	a5,a5,a3
80200e48:	fc0786e3          	beqz	a5,80200e14 <strcat+0x40>
80200e4c:	0080006f          	j	80200e54 <strcat+0x80>
80200e50:	00150513          	addi	a0,a0,1
80200e54:	00054783          	lbu	a5,0(a0)
80200e58:	fe079ce3          	bnez	a5,80200e50 <strcat+0x7c>
80200e5c:	328000ef          	jal	80201184 <strcpy>
80200e60:	00c12083          	lw	ra,12(sp)
80200e64:	00040513          	mv	a0,s0
80200e68:	00812403          	lw	s0,8(sp)
80200e6c:	01010113          	addi	sp,sp,16
80200e70:	00008067          	ret

80200e74 <strncat>:
strncat():
80200e74:	00357713          	andi	a4,a0,3
80200e78:	00050793          	mv	a5,a0
80200e7c:	06071663          	bnez	a4,80200ee8 <strncat+0x74>
80200e80:	00052683          	lw	a3,0(a0)
80200e84:	feff08b7          	lui	a7,0xfeff0
80200e88:	eff88893          	addi	a7,a7,-257 # fefefeff <__heap_end+0x7ecefeff>
80200e8c:	01168733          	add	a4,a3,a7
80200e90:	80808837          	lui	a6,0x80808
80200e94:	fff6c693          	not	a3,a3
80200e98:	00d77733          	and	a4,a4,a3
80200e9c:	08080813          	addi	a6,a6,128 # 80808080 <__heap_end+0x508080>
80200ea0:	01077733          	and	a4,a4,a6
80200ea4:	04071263          	bnez	a4,80200ee8 <strncat+0x74>
80200ea8:	0047a683          	lw	a3,4(a5)
80200eac:	00478793          	addi	a5,a5,4
80200eb0:	01168733          	add	a4,a3,a7
80200eb4:	fff6c693          	not	a3,a3
80200eb8:	00d77733          	and	a4,a4,a3
80200ebc:	01077733          	and	a4,a4,a6
80200ec0:	02071463          	bnez	a4,80200ee8 <strncat+0x74>
80200ec4:	0047a683          	lw	a3,4(a5)
80200ec8:	00478793          	addi	a5,a5,4
80200ecc:	01168733          	add	a4,a3,a7
80200ed0:	fff6c693          	not	a3,a3
80200ed4:	00d77733          	and	a4,a4,a3
80200ed8:	01077733          	and	a4,a4,a6
80200edc:	fc0706e3          	beqz	a4,80200ea8 <strncat+0x34>
80200ee0:	0080006f          	j	80200ee8 <strncat+0x74>
80200ee4:	00178793          	addi	a5,a5,1
80200ee8:	0007c703          	lbu	a4,0(a5)
80200eec:	fe071ce3          	bnez	a4,80200ee4 <strncat+0x70>
80200ef0:	00c786b3          	add	a3,a5,a2
80200ef4:	02060463          	beqz	a2,80200f1c <strncat+0xa8>
80200ef8:	0005c703          	lbu	a4,0(a1)
80200efc:	00178793          	addi	a5,a5,1
80200f00:	00158593          	addi	a1,a1,1
80200f04:	fee78fa3          	sb	a4,-1(a5)
80200f08:	00070863          	beqz	a4,80200f18 <strncat+0xa4>
80200f0c:	fef696e3          	bne	a3,a5,80200ef8 <strncat+0x84>
80200f10:	00068023          	sb	zero,0(a3)
80200f14:	00008067          	ret
80200f18:	00008067          	ret
80200f1c:	00008067          	ret

80200f20 <strncmp>:
strncmp():
80200f20:	08060a63          	beqz	a2,80200fb4 <strncmp+0x94>
80200f24:	00b567b3          	or	a5,a0,a1
80200f28:	0037f793          	andi	a5,a5,3
80200f2c:	04079a63          	bnez	a5,80200f80 <strncmp+0x60>
80200f30:	feff0337          	lui	t1,0xfeff0
80200f34:	808088b7          	lui	a7,0x80808
80200f38:	00300e13          	li	t3,3
80200f3c:	eff30313          	addi	t1,t1,-257 # fefefeff <__heap_end+0x7ecefeff>
80200f40:	08088893          	addi	a7,a7,128 # 80808080 <__heap_end+0x508080>
80200f44:	02ce6063          	bltu	t3,a2,80200f64 <strncmp+0x44>
80200f48:	0380006f          	j	80200f80 <strncmp+0x60>
80200f4c:	ffc60613          	addi	a2,a2,-4
80200f50:	06060263          	beqz	a2,80200fb4 <strncmp+0x94>
80200f54:	06079063          	bnez	a5,80200fb4 <strncmp+0x94>
80200f58:	00450513          	addi	a0,a0,4
80200f5c:	00458593          	addi	a1,a1,4
80200f60:	02ce7063          	bgeu	t3,a2,80200f80 <strncmp+0x60>
80200f64:	00052703          	lw	a4,0(a0)
80200f68:	0005a683          	lw	a3,0(a1)
80200f6c:	006707b3          	add	a5,a4,t1
80200f70:	fff74813          	not	a6,a4
80200f74:	0107f7b3          	and	a5,a5,a6
80200f78:	0117f7b3          	and	a5,a5,a7
80200f7c:	fcd708e3          	beq	a4,a3,80200f4c <strncmp+0x2c>
80200f80:	00054783          	lbu	a5,0(a0)
80200f84:	0005c703          	lbu	a4,0(a1)
80200f88:	fff60613          	addi	a2,a2,-1
80200f8c:	00c50633          	add	a2,a0,a2
80200f90:	00e78e63          	beq	a5,a4,80200fac <strncmp+0x8c>
80200f94:	0280006f          	j	80200fbc <strncmp+0x9c>
80200f98:	00150513          	addi	a0,a0,1
80200f9c:	00078c63          	beqz	a5,80200fb4 <strncmp+0x94>
80200fa0:	00054783          	lbu	a5,0(a0)
80200fa4:	0005c703          	lbu	a4,0(a1)
80200fa8:	00e79a63          	bne	a5,a4,80200fbc <strncmp+0x9c>
80200fac:	00158593          	addi	a1,a1,1
80200fb0:	fec514e3          	bne	a0,a2,80200f98 <strncmp+0x78>
80200fb4:	00000513          	li	a0,0
80200fb8:	00008067          	ret
80200fbc:	40e78533          	sub	a0,a5,a4
80200fc0:	00008067          	ret

80200fc4 <__errno>:
__errno():
80200fc4:	00007517          	auipc	a0,0x7
80200fc8:	2f052503          	lw	a0,752(a0) # 802082b4 <_impure_ptr>
80200fcc:	00008067          	ret

80200fd0 <memcpy>:
memcpy():
80200fd0:	00a5c7b3          	xor	a5,a1,a0
80200fd4:	0037f793          	andi	a5,a5,3
80200fd8:	00c508b3          	add	a7,a0,a2
80200fdc:	06079663          	bnez	a5,80201048 <memcpy+0x78>
80200fe0:	00463613          	sltiu	a2,a2,4
80200fe4:	06061263          	bnez	a2,80201048 <memcpy+0x78>
80200fe8:	00357793          	andi	a5,a0,3
80200fec:	00050713          	mv	a4,a0
80200ff0:	0c079a63          	bnez	a5,802010c4 <memcpy+0xf4>
80200ff4:	ffc8f613          	andi	a2,a7,-4
80200ff8:	40e606b3          	sub	a3,a2,a4
80200ffc:	02000793          	li	a5,32
80201000:	06d7c463          	blt	a5,a3,80201068 <memcpy+0x98>
80201004:	00058693          	mv	a3,a1
80201008:	00070793          	mv	a5,a4
8020100c:	02c77a63          	bgeu	a4,a2,80201040 <memcpy+0x70>
80201010:	0006a803          	lw	a6,0(a3)
80201014:	00478793          	addi	a5,a5,4
80201018:	00468693          	addi	a3,a3,4
8020101c:	ff07ae23          	sw	a6,-4(a5)
80201020:	fec7e8e3          	bltu	a5,a2,80201010 <memcpy+0x40>
80201024:	fff60613          	addi	a2,a2,-1
80201028:	40e60633          	sub	a2,a2,a4
8020102c:	ffc67613          	andi	a2,a2,-4
80201030:	00458593          	addi	a1,a1,4
80201034:	00470713          	addi	a4,a4,4
80201038:	00c585b3          	add	a1,a1,a2
8020103c:	00c70733          	add	a4,a4,a2
80201040:	01176863          	bltu	a4,a7,80201050 <memcpy+0x80>
80201044:	00008067          	ret
80201048:	00050713          	mv	a4,a0
8020104c:	ff157ce3          	bgeu	a0,a7,80201044 <memcpy+0x74>
80201050:	0005c783          	lbu	a5,0(a1)
80201054:	00170713          	addi	a4,a4,1
80201058:	00158593          	addi	a1,a1,1
8020105c:	fef70fa3          	sb	a5,-1(a4)
80201060:	fee898e3          	bne	a7,a4,80201050 <memcpy+0x80>
80201064:	00008067          	ret
80201068:	0005a683          	lw	a3,0(a1)
8020106c:	0045a283          	lw	t0,4(a1)
80201070:	0085af83          	lw	t6,8(a1)
80201074:	00c5af03          	lw	t5,12(a1)
80201078:	0105ae83          	lw	t4,16(a1)
8020107c:	0145ae03          	lw	t3,20(a1)
80201080:	0185a303          	lw	t1,24(a1)
80201084:	01c5a803          	lw	a6,28(a1)
80201088:	00d72023          	sw	a3,0(a4)
8020108c:	0205a683          	lw	a3,32(a1)
80201090:	02470713          	addi	a4,a4,36
80201094:	fe572023          	sw	t0,-32(a4)
80201098:	fed72e23          	sw	a3,-4(a4)
8020109c:	fff72223          	sw	t6,-28(a4)
802010a0:	40e606b3          	sub	a3,a2,a4
802010a4:	ffe72423          	sw	t5,-24(a4)
802010a8:	ffd72623          	sw	t4,-20(a4)
802010ac:	ffc72823          	sw	t3,-16(a4)
802010b0:	fe672a23          	sw	t1,-12(a4)
802010b4:	ff072c23          	sw	a6,-8(a4)
802010b8:	02458593          	addi	a1,a1,36
802010bc:	fad7c6e3          	blt	a5,a3,80201068 <memcpy+0x98>
802010c0:	f45ff06f          	j	80201004 <memcpy+0x34>
802010c4:	0005c683          	lbu	a3,0(a1)
802010c8:	00170713          	addi	a4,a4,1
802010cc:	00377793          	andi	a5,a4,3
802010d0:	fed70fa3          	sb	a3,-1(a4)
802010d4:	00158593          	addi	a1,a1,1
802010d8:	f0078ee3          	beqz	a5,80200ff4 <memcpy+0x24>
802010dc:	0005c683          	lbu	a3,0(a1)
802010e0:	00170713          	addi	a4,a4,1
802010e4:	00377793          	andi	a5,a4,3
802010e8:	fed70fa3          	sb	a3,-1(a4)
802010ec:	00158593          	addi	a1,a1,1
802010f0:	fc079ae3          	bnez	a5,802010c4 <memcpy+0xf4>
802010f4:	f01ff06f          	j	80200ff4 <memcpy+0x24>

802010f8 <strlen>:
strlen():
802010f8:	00357793          	andi	a5,a0,3
802010fc:	00050713          	mv	a4,a0
80201100:	04079c63          	bnez	a5,80201158 <strlen+0x60>
80201104:	7f7f86b7          	lui	a3,0x7f7f8
80201108:	f7f68693          	addi	a3,a3,-129 # 7f7f7f7f <app_entry-0xa08081>
8020110c:	fff00593          	li	a1,-1
80201110:	00072603          	lw	a2,0(a4)
80201114:	00470713          	addi	a4,a4,4
80201118:	00d677b3          	and	a5,a2,a3
8020111c:	00d787b3          	add	a5,a5,a3
80201120:	00c7e7b3          	or	a5,a5,a2
80201124:	00d7e7b3          	or	a5,a5,a3
80201128:	feb784e3          	beq	a5,a1,80201110 <strlen+0x18>
8020112c:	ffc74683          	lbu	a3,-4(a4)
80201130:	40a707b3          	sub	a5,a4,a0
80201134:	04068463          	beqz	a3,8020117c <strlen+0x84>
80201138:	ffd74683          	lbu	a3,-3(a4)
8020113c:	02068c63          	beqz	a3,80201174 <strlen+0x7c>
80201140:	ffe74503          	lbu	a0,-2(a4)
80201144:	00a03533          	snez	a0,a0
80201148:	00f50533          	add	a0,a0,a5
8020114c:	ffe50513          	addi	a0,a0,-2
80201150:	00008067          	ret
80201154:	fa0688e3          	beqz	a3,80201104 <strlen+0xc>
80201158:	00074783          	lbu	a5,0(a4)
8020115c:	00170713          	addi	a4,a4,1
80201160:	00377693          	andi	a3,a4,3
80201164:	fe0798e3          	bnez	a5,80201154 <strlen+0x5c>
80201168:	40a70733          	sub	a4,a4,a0
8020116c:	fff70513          	addi	a0,a4,-1
80201170:	00008067          	ret
80201174:	ffd78513          	addi	a0,a5,-3
80201178:	00008067          	ret
8020117c:	ffc78513          	addi	a0,a5,-4
80201180:	00008067          	ret

80201184 <strcpy>:
strcpy():
80201184:	00b567b3          	or	a5,a0,a1
80201188:	0037f793          	andi	a5,a5,3
8020118c:	08079063          	bnez	a5,8020120c <strcpy+0x88>
80201190:	0005a703          	lw	a4,0(a1)
80201194:	7f7f86b7          	lui	a3,0x7f7f8
80201198:	f7f68693          	addi	a3,a3,-129 # 7f7f7f7f <app_entry-0xa08081>
8020119c:	00d77833          	and	a6,a4,a3
802011a0:	00d80833          	add	a6,a6,a3
802011a4:	00e86833          	or	a6,a6,a4
802011a8:	00d86833          	or	a6,a6,a3
802011ac:	fff00793          	li	a5,-1
802011b0:	00050613          	mv	a2,a0
802011b4:	02f81463          	bne	a6,a5,802011dc <strcpy+0x58>
802011b8:	00458593          	addi	a1,a1,4
802011bc:	00e62023          	sw	a4,0(a2)
802011c0:	0005a703          	lw	a4,0(a1)
802011c4:	00460613          	addi	a2,a2,4
802011c8:	00d777b3          	and	a5,a4,a3
802011cc:	00d787b3          	add	a5,a5,a3
802011d0:	00e7e7b3          	or	a5,a5,a4
802011d4:	00d7e7b3          	or	a5,a5,a3
802011d8:	ff0780e3          	beq	a5,a6,802011b8 <strcpy+0x34>
802011dc:	0005c783          	lbu	a5,0(a1)
802011e0:	0015c703          	lbu	a4,1(a1)
802011e4:	0025c683          	lbu	a3,2(a1)
802011e8:	00f60023          	sb	a5,0(a2)
802011ec:	00078a63          	beqz	a5,80201200 <strcpy+0x7c>
802011f0:	00e600a3          	sb	a4,1(a2)
802011f4:	00070663          	beqz	a4,80201200 <strcpy+0x7c>
802011f8:	00d60123          	sb	a3,2(a2)
802011fc:	00069463          	bnez	a3,80201204 <strcpy+0x80>
80201200:	00008067          	ret
80201204:	000601a3          	sb	zero,3(a2)
80201208:	00008067          	ret
8020120c:	00050793          	mv	a5,a0
80201210:	0005c703          	lbu	a4,0(a1)
80201214:	00178793          	addi	a5,a5,1
80201218:	00158593          	addi	a1,a1,1
8020121c:	fee78fa3          	sb	a4,-1(a5)
80201220:	fe0718e3          	bnez	a4,80201210 <strcpy+0x8c>
80201224:	00008067          	ret

80201228 <strcmp>:
strcmp():
80201228:	00b56733          	or	a4,a0,a1
8020122c:	fff00393          	li	t2,-1
80201230:	00377713          	andi	a4,a4,3
80201234:	10071063          	bnez	a4,80201334 <strcmp+0x10c>
80201238:	7f7f87b7          	lui	a5,0x7f7f8
8020123c:	f7f78793          	addi	a5,a5,-129 # 7f7f7f7f <app_entry-0xa08081>
80201240:	00052603          	lw	a2,0(a0)
80201244:	0005a683          	lw	a3,0(a1)
80201248:	00f672b3          	and	t0,a2,a5
8020124c:	00f66333          	or	t1,a2,a5
80201250:	00f282b3          	add	t0,t0,a5
80201254:	0062e2b3          	or	t0,t0,t1
80201258:	10729263          	bne	t0,t2,8020135c <strcmp+0x134>
8020125c:	08d61663          	bne	a2,a3,802012e8 <strcmp+0xc0>
80201260:	00452603          	lw	a2,4(a0)
80201264:	0045a683          	lw	a3,4(a1)
80201268:	00f672b3          	and	t0,a2,a5
8020126c:	00f66333          	or	t1,a2,a5
80201270:	00f282b3          	add	t0,t0,a5
80201274:	0062e2b3          	or	t0,t0,t1
80201278:	0c729e63          	bne	t0,t2,80201354 <strcmp+0x12c>
8020127c:	06d61663          	bne	a2,a3,802012e8 <strcmp+0xc0>
80201280:	00852603          	lw	a2,8(a0)
80201284:	0085a683          	lw	a3,8(a1)
80201288:	00f672b3          	and	t0,a2,a5
8020128c:	00f66333          	or	t1,a2,a5
80201290:	00f282b3          	add	t0,t0,a5
80201294:	0062e2b3          	or	t0,t0,t1
80201298:	0c729863          	bne	t0,t2,80201368 <strcmp+0x140>
8020129c:	04d61663          	bne	a2,a3,802012e8 <strcmp+0xc0>
802012a0:	00c52603          	lw	a2,12(a0)
802012a4:	00c5a683          	lw	a3,12(a1)
802012a8:	00f672b3          	and	t0,a2,a5
802012ac:	00f66333          	or	t1,a2,a5
802012b0:	00f282b3          	add	t0,t0,a5
802012b4:	0062e2b3          	or	t0,t0,t1
802012b8:	0c729263          	bne	t0,t2,8020137c <strcmp+0x154>
802012bc:	02d61663          	bne	a2,a3,802012e8 <strcmp+0xc0>
802012c0:	01052603          	lw	a2,16(a0)
802012c4:	0105a683          	lw	a3,16(a1)
802012c8:	00f672b3          	and	t0,a2,a5
802012cc:	00f66333          	or	t1,a2,a5
802012d0:	00f282b3          	add	t0,t0,a5
802012d4:	0062e2b3          	or	t0,t0,t1
802012d8:	0a729c63          	bne	t0,t2,80201390 <strcmp+0x168>
802012dc:	01450513          	addi	a0,a0,20
802012e0:	01458593          	addi	a1,a1,20
802012e4:	f4d60ee3          	beq	a2,a3,80201240 <strcmp+0x18>
802012e8:	01061713          	slli	a4,a2,0x10
802012ec:	01069793          	slli	a5,a3,0x10
802012f0:	00f71e63          	bne	a4,a5,8020130c <strcmp+0xe4>
802012f4:	01065713          	srli	a4,a2,0x10
802012f8:	0106d793          	srli	a5,a3,0x10
802012fc:	40f70533          	sub	a0,a4,a5
80201300:	0ff57593          	zext.b	a1,a0
80201304:	02059063          	bnez	a1,80201324 <strcmp+0xfc>
80201308:	00008067          	ret
8020130c:	01075713          	srli	a4,a4,0x10
80201310:	0107d793          	srli	a5,a5,0x10
80201314:	40f70533          	sub	a0,a4,a5
80201318:	0ff57593          	zext.b	a1,a0
8020131c:	00059463          	bnez	a1,80201324 <strcmp+0xfc>
80201320:	00008067          	ret
80201324:	0ff77713          	zext.b	a4,a4
80201328:	0ff7f793          	zext.b	a5,a5
8020132c:	40f70533          	sub	a0,a4,a5
80201330:	00008067          	ret
80201334:	00054603          	lbu	a2,0(a0)
80201338:	0005c683          	lbu	a3,0(a1)
8020133c:	00150513          	addi	a0,a0,1
80201340:	00158593          	addi	a1,a1,1
80201344:	00d61463          	bne	a2,a3,8020134c <strcmp+0x124>
80201348:	fe0616e3          	bnez	a2,80201334 <strcmp+0x10c>
8020134c:	40d60533          	sub	a0,a2,a3
80201350:	00008067          	ret
80201354:	00450513          	addi	a0,a0,4
80201358:	00458593          	addi	a1,a1,4
8020135c:	fcd61ce3          	bne	a2,a3,80201334 <strcmp+0x10c>
80201360:	00000513          	li	a0,0
80201364:	00008067          	ret
80201368:	00850513          	addi	a0,a0,8
8020136c:	00858593          	addi	a1,a1,8
80201370:	fcd612e3          	bne	a2,a3,80201334 <strcmp+0x10c>
80201374:	00000513          	li	a0,0
80201378:	00008067          	ret
8020137c:	00c50513          	addi	a0,a0,12
80201380:	00c58593          	addi	a1,a1,12
80201384:	fad618e3          	bne	a2,a3,80201334 <strcmp+0x10c>
80201388:	00000513          	li	a0,0
8020138c:	00008067          	ret
80201390:	01050513          	addi	a0,a0,16
80201394:	01058593          	addi	a1,a1,16
80201398:	f8d61ee3          	bne	a2,a3,80201334 <strcmp+0x10c>
8020139c:	00000513          	li	a0,0
802013a0:	00008067          	ret

802013a4 <__mulsi3>:
__mulsi3():
802013a4:	00050613          	mv	a2,a0
802013a8:	00000513          	li	a0,0
802013ac:	0015f693          	andi	a3,a1,1
802013b0:	00068463          	beqz	a3,802013b8 <__mulsi3+0x14>
802013b4:	00c50533          	add	a0,a0,a2
802013b8:	0015d593          	srli	a1,a1,0x1
802013bc:	00161613          	slli	a2,a2,0x1
802013c0:	fe0596e3          	bnez	a1,802013ac <__mulsi3+0x8>
802013c4:	00008067          	ret

802013c8 <__divsi3>:
__divsi3():
802013c8:	06054063          	bltz	a0,80201428 <__umodsi3+0x10>
802013cc:	0605c663          	bltz	a1,80201438 <__umodsi3+0x20>

802013d0 <__hidden___udivsi3>:
802013d0:	00058613          	mv	a2,a1
802013d4:	00050593          	mv	a1,a0
802013d8:	fff00513          	li	a0,-1
802013dc:	02060c63          	beqz	a2,80201414 <__hidden___udivsi3+0x44>
802013e0:	00100693          	li	a3,1
802013e4:	00b67a63          	bgeu	a2,a1,802013f8 <__hidden___udivsi3+0x28>
802013e8:	00c05863          	blez	a2,802013f8 <__hidden___udivsi3+0x28>
802013ec:	00161613          	slli	a2,a2,0x1
802013f0:	00169693          	slli	a3,a3,0x1
802013f4:	feb66ae3          	bltu	a2,a1,802013e8 <__hidden___udivsi3+0x18>
802013f8:	00000513          	li	a0,0
802013fc:	00c5e663          	bltu	a1,a2,80201408 <__hidden___udivsi3+0x38>
80201400:	40c585b3          	sub	a1,a1,a2
80201404:	00d56533          	or	a0,a0,a3
80201408:	0016d693          	srli	a3,a3,0x1
8020140c:	00165613          	srli	a2,a2,0x1
80201410:	fe0696e3          	bnez	a3,802013fc <__hidden___udivsi3+0x2c>
80201414:	00008067          	ret

80201418 <__umodsi3>:
80201418:	00008293          	mv	t0,ra
8020141c:	fb5ff0ef          	jal	802013d0 <__hidden___udivsi3>
80201420:	00058513          	mv	a0,a1
80201424:	00028067          	jr	t0
80201428:	40a00533          	neg	a0,a0
8020142c:	00b04863          	bgtz	a1,8020143c <__umodsi3+0x24>
80201430:	40b005b3          	neg	a1,a1
80201434:	f9dff06f          	j	802013d0 <__hidden___udivsi3>
80201438:	40b005b3          	neg	a1,a1
8020143c:	00008293          	mv	t0,ra
80201440:	f91ff0ef          	jal	802013d0 <__hidden___udivsi3>
80201444:	40a00533          	neg	a0,a0
80201448:	00028067          	jr	t0

8020144c <__modsi3>:
__modsi3():
8020144c:	00008293          	mv	t0,ra
80201450:	0005ca63          	bltz	a1,80201464 <__modsi3+0x18>
80201454:	00054c63          	bltz	a0,8020146c <__modsi3+0x20>
80201458:	f79ff0ef          	jal	802013d0 <__hidden___udivsi3>
8020145c:	00058513          	mv	a0,a1
80201460:	00028067          	jr	t0
80201464:	40b005b3          	neg	a1,a1
80201468:	fe0558e3          	bgez	a0,80201458 <__modsi3+0xc>
8020146c:	40a00533          	neg	a0,a0
80201470:	f61ff0ef          	jal	802013d0 <__hidden___udivsi3>
80201474:	40b00533          	neg	a0,a1
80201478:	00028067          	jr	t0
