
build/release/user/crash1.elf:     file format elf32-littleriscv
build/release/user/crash1.elf
architecture: riscv:rv32, flags 0x00000112:
EXEC_P, HAS_SYMS, D_PAGED
start address 0x80200000

Program Header:
0x70000003 off    0x000035a4 vaddr 0x00000000 paddr 0x00000000 align 2**0
         filesz 0x0000004b memsz 0x00000000 flags r--
    LOAD off    0x00001000 vaddr 0x80200000 paddr 0x80200000 align 2**12
         filesz 0x00001730 memsz 0x00001730 flags r-x
    LOAD off    0x00003000 vaddr 0x80208000 paddr 0x80208000 align 2**12
         filesz 0x000005a4 memsz 0x0000071c flags rw-

Sections:
Idx Name              Size      VMA       LMA       File off  Algn  Flags
  0 .text             00001730  80200000  80200000  00001000  2**3  CONTENTS, ALLOC, LOAD, READONLY, CODE
  1 .rodata           00000048  80208000  80208000  00003000  2**3  CONTENTS, ALLOC, LOAD, READONLY, DATA
  2 .data             0000055c  80208048  80208048  00003048  2**3  CONTENTS, ALLOC, LOAD, DATA
  3 .bss              00000174  802085a8  802085a8  000035a4  2**3  ALLOC
  4 .riscv.attributes 0000004b  00000000  00000000  000035a4  2**0  CONTENTS, READONLY
  5 .comment          00000033  00000000  00000000  000035ef  2**0  CONTENTS, READONLY
SYMBOL TABLE:
80200000 l    d  .text	00000000 .text
80208000 l    d  .rodata	00000000 .rodata
80208048 l    d  .data	00000000 .data
802085a8 l    d  .bss	00000000 .bss
00000000 l    d  .riscv.attributes	00000000 .riscv.attributes
00000000 l    d  .comment	00000000 .comment
00000000 l    df *ABS*	00000000 ccnc0723.o
00000000 l    df *ABS*	00000000 crash1.c
00000000 l    df *ABS*	00000000 malloc.c
80208590 l     O .data	00000004 brk
00000000 l    df *ABS*	00000000 print.c
00000000 l    df *ABS*	00000000 servers.c
00000000 l    df *ABS*	00000000 syscall.c
80208594 l     O .data	00000004 sc
00000000 l    df *ABS*	00000000 libc_a-itoa.o
00000000 l    df *ABS*	00000000 libc_a-malloc.o
00000000 l    df *ABS*	00000000 libc_a-mallocr.o
00000000 l    df *ABS*	00000000 libc_a-mlock.o
00000000 l    df *ABS*	00000000 libc_a-utoa.o
00000000 l    df *ABS*	00000000 libc_a-strcat.o
00000000 l    df *ABS*	00000000 libc_a-strncat.o
00000000 l    df *ABS*	00000000 libc_a-sbrkr.o
00000000 l    df *ABS*	00000000 libc_a-lock.o
00000000 l    df *ABS*	00000000 libc_a-memcpy.o
00000000 l    df *ABS*	00000000 libc_a-strlen.o
00000000 l    df *ABS*	00000000 libc_a-strcpy.o
00000000 l    df *ABS*	00000000 libc_a-freer.o
00000000 l    df *ABS*	00000000 div.o
802011b4 g     F .text	000000a4 strcpy
80200218 g     F .text	00000098 my_printf
80200cf4 g     F .text	0000000c __malloc_unlock
802085b8 g     O .bss	00000004 errno
80200000 g       .text	00000000 app_entry
80201000 g     F .text	00000128 memcpy
80201684 g     F .text	00000048 .hidden __hidden___udivsi3
80200434 g     F .text	00000010 malloc
80201684 g     F .text	00000048 .hidden __udivsi3
802085b0 g     O .bss	00000004 __malloc_top_pad
802003bc g     F .text	00000078 itoa
80200fa0 g     F .text	00000058 _sbrk_r
802085ac g     O .bss	00000004 __malloc_max_sbrked_mem
80200048 g     F .text	00000084 _sbrk
802085b4 g     O .bss	00000001 __lock___malloc_recursive_mutex
802085e4 g     O .bss	00000138 __sf
8020034c g     F .text	00000070 sys_send
80200e54 g     F .text	000000a0 strcat
802016cc g     F .text	00000010 .hidden __umodsi3
80200ffc g     F .text	00000004 __retarget_lock_release_recursive
8020138c g     F .text	000002f0 _free_r
802000cc g     F .text	0000014c format_to_str
80208598 g     O .data	00000004 __malloc_sbrk_base
802085bc g     O .bss	00000028 __malloc_current_mallinfo
80200ef4 g     F .text	000000ac strncat
80208048 g     O .data	00000408 __malloc_av_
80200ce8 g     F .text	0000000c __malloc_lock
80200d00 g     F .text	00000154 __utoa
80200ff8 g     F .text	00000004 __retarget_lock_acquire_recursive
80200010 g     F .text	00000038 main
802085a8 g     O .bss	00000004 __malloc_max_total_mem
80200444 g     F .text	000008a4 _malloc_r
8020167c g     F .text	00000084 .hidden __divsi3
80201258 g     F .text	00000134 _malloc_trim_r
80300000 g       *ABS*	00000000 __heap_end
802085a0 g     O .data	00000004 _impure_ptr
80208720 g       .riscv.attributes	00000000 __heap_start
802002e4 g     F .text	00000068 term_write
8020859c g     O .data	00000004 __malloc_trim_threshold
802002b0 g     F .text	00000034 exit
80201700 g     F .text	00000030 .hidden __modsi3
80208450 g     O .data	00000140 _impure_data
80201128 g     F .text	0000008c strlen



Disassembly of section .text:

80200000 <app_entry>:
app_entry():
80200000:	00052503          	lw	a0,0(a0)
80200004:	80400137          	lui	sp,0x80400
80200008:	008000ef          	jal	80200010 <main>
8020000c:	2a4000ef          	jal	802002b0 <exit>

80200010 <main>:
main():
80200010:	fe010113          	addi	sp,sp,-32 # 803fffe0 <__heap_end+0xfffe0>
80200014:	00112e23          	sw	ra,28(sp)
80200018:	00812c23          	sw	s0,24(sp)
8020001c:	02010413          	addi	s0,sp,32
80200020:	02000537          	lui	a0,0x2000
80200024:	410000ef          	jal	80200434 <malloc>
80200028:	00050793          	mv	a5,a0
8020002c:	fef42623          	sw	a5,-20(s0)
80200030:	00000793          	li	a5,0
80200034:	00078513          	mv	a0,a5
80200038:	01c12083          	lw	ra,28(sp)
8020003c:	01812403          	lw	s0,24(sp)
80200040:	02010113          	addi	sp,sp,32
80200044:	00008067          	ret

80200048 <_sbrk>:
_sbrk():
80200048:	fd010113          	addi	sp,sp,-48
8020004c:	02112623          	sw	ra,44(sp)
80200050:	02812423          	sw	s0,40(sp)
80200054:	03010413          	addi	s0,sp,48
80200058:	fca42e23          	sw	a0,-36(s0)
8020005c:	802087b7          	lui	a5,0x80208
80200060:	5907a703          	lw	a4,1424(a5) # 80208590 <brk>
80200064:	fdc42783          	lw	a5,-36(s0)
80200068:	00f70733          	add	a4,a4,a5
8020006c:	803007b7          	lui	a5,0x80300
80200070:	00078793          	mv	a5,a5
80200074:	00e7fe63          	bgeu	a5,a4,80200090 <_sbrk+0x48>
80200078:	802087b7          	lui	a5,0x80208
8020007c:	00078513          	mv	a0,a5
80200080:	198000ef          	jal	80200218 <my_printf>
80200084:	00000713          	li	a4,0
80200088:	00100793          	li	a5,1
8020008c:	00f72023          	sw	a5,0(a4)
80200090:	802087b7          	lui	a5,0x80208
80200094:	5907a783          	lw	a5,1424(a5) # 80208590 <brk>
80200098:	fef42623          	sw	a5,-20(s0)
8020009c:	802087b7          	lui	a5,0x80208
802000a0:	5907a703          	lw	a4,1424(a5) # 80208590 <brk>
802000a4:	fdc42783          	lw	a5,-36(s0)
802000a8:	00f70733          	add	a4,a4,a5
802000ac:	802087b7          	lui	a5,0x80208
802000b0:	58e7a823          	sw	a4,1424(a5) # 80208590 <brk>
802000b4:	fec42783          	lw	a5,-20(s0)
802000b8:	00078513          	mv	a0,a5
802000bc:	02c12083          	lw	ra,44(sp)
802000c0:	02812403          	lw	s0,40(sp)
802000c4:	03010113          	addi	sp,sp,48
802000c8:	00008067          	ret

802000cc <format_to_str>:
format_to_str():
802000cc:	fe010113          	addi	sp,sp,-32
802000d0:	00112e23          	sw	ra,28(sp)
802000d4:	00812c23          	sw	s0,24(sp)
802000d8:	00912a23          	sw	s1,20(sp)
802000dc:	02010413          	addi	s0,sp,32
802000e0:	fea42623          	sw	a0,-20(s0)
802000e4:	feb42423          	sw	a1,-24(s0)
802000e8:	fec42223          	sw	a2,-28(s0)
802000ec:	fec42783          	lw	a5,-20(s0)
802000f0:	00078023          	sb	zero,0(a5)
802000f4:	0fc0006f          	j	802001f0 <format_to_str+0x124>
802000f8:	fe842783          	lw	a5,-24(s0)
802000fc:	0007c703          	lbu	a4,0(a5)
80200100:	02500793          	li	a5,37
80200104:	00f70c63          	beq	a4,a5,8020011c <format_to_str+0x50>
80200108:	00100613          	li	a2,1
8020010c:	fe842583          	lw	a1,-24(s0)
80200110:	fec42503          	lw	a0,-20(s0)
80200114:	5e1000ef          	jal	80200ef4 <strncat>
80200118:	0cc0006f          	j	802001e4 <format_to_str+0x118>
8020011c:	fe842783          	lw	a5,-24(s0)
80200120:	00178793          	addi	a5,a5,1
80200124:	fef42423          	sw	a5,-24(s0)
80200128:	fe842783          	lw	a5,-24(s0)
8020012c:	0007c703          	lbu	a4,0(a5)
80200130:	07300793          	li	a5,115
80200134:	02f71263          	bne	a4,a5,80200158 <format_to_str+0x8c>
80200138:	fe442783          	lw	a5,-28(s0)
8020013c:	00478713          	addi	a4,a5,4
80200140:	fee42223          	sw	a4,-28(s0)
80200144:	0007a783          	lw	a5,0(a5)
80200148:	00078593          	mv	a1,a5
8020014c:	fec42503          	lw	a0,-20(s0)
80200150:	505000ef          	jal	80200e54 <strcat>
80200154:	0900006f          	j	802001e4 <format_to_str+0x118>
80200158:	fe842783          	lw	a5,-24(s0)
8020015c:	0007c703          	lbu	a4,0(a5)
80200160:	06400793          	li	a5,100
80200164:	02f71e63          	bne	a4,a5,802001a0 <format_to_str+0xd4>
80200168:	fe442783          	lw	a5,-28(s0)
8020016c:	00478713          	addi	a4,a5,4
80200170:	fee42223          	sw	a4,-28(s0)
80200174:	0007a483          	lw	s1,0(a5)
80200178:	fec42503          	lw	a0,-20(s0)
8020017c:	7ad000ef          	jal	80201128 <strlen>
80200180:	00050713          	mv	a4,a0
80200184:	fec42783          	lw	a5,-20(s0)
80200188:	00e787b3          	add	a5,a5,a4
8020018c:	00a00613          	li	a2,10
80200190:	00078593          	mv	a1,a5
80200194:	00048513          	mv	a0,s1
80200198:	224000ef          	jal	802003bc <itoa>
8020019c:	0480006f          	j	802001e4 <format_to_str+0x118>
802001a0:	fe842783          	lw	a5,-24(s0)
802001a4:	0007c703          	lbu	a4,0(a5)
802001a8:	07800793          	li	a5,120
802001ac:	02f71c63          	bne	a4,a5,802001e4 <format_to_str+0x118>
802001b0:	fe442783          	lw	a5,-28(s0)
802001b4:	00478713          	addi	a4,a5,4
802001b8:	fee42223          	sw	a4,-28(s0)
802001bc:	0007a483          	lw	s1,0(a5)
802001c0:	fec42503          	lw	a0,-20(s0)
802001c4:	765000ef          	jal	80201128 <strlen>
802001c8:	00050713          	mv	a4,a0
802001cc:	fec42783          	lw	a5,-20(s0)
802001d0:	00e787b3          	add	a5,a5,a4
802001d4:	01000613          	li	a2,16
802001d8:	00078593          	mv	a1,a5
802001dc:	00048513          	mv	a0,s1
802001e0:	1dc000ef          	jal	802003bc <itoa>
802001e4:	fe842783          	lw	a5,-24(s0)
802001e8:	00178793          	addi	a5,a5,1
802001ec:	fef42423          	sw	a5,-24(s0)
802001f0:	fe842783          	lw	a5,-24(s0)
802001f4:	0007c783          	lbu	a5,0(a5)
802001f8:	f00790e3          	bnez	a5,802000f8 <format_to_str+0x2c>
802001fc:	00000013          	nop
80200200:	00000013          	nop
80200204:	01c12083          	lw	ra,28(sp)
80200208:	01812403          	lw	s0,24(sp)
8020020c:	01412483          	lw	s1,20(sp)
80200210:	02010113          	addi	sp,sp,32
80200214:	00008067          	ret

80200218 <my_printf>:
my_printf():
80200218:	db010113          	addi	sp,sp,-592
8020021c:	22112623          	sw	ra,556(sp)
80200220:	22812423          	sw	s0,552(sp)
80200224:	23010413          	addi	s0,sp,560
80200228:	dca42e23          	sw	a0,-548(s0)
8020022c:	00b42223          	sw	a1,4(s0)
80200230:	00c42423          	sw	a2,8(s0)
80200234:	00d42623          	sw	a3,12(s0)
80200238:	00e42823          	sw	a4,16(s0)
8020023c:	00f42a23          	sw	a5,20(s0)
80200240:	01042c23          	sw	a6,24(s0)
80200244:	01142e23          	sw	a7,28(s0)
80200248:	de040823          	sb	zero,-528(s0)
8020024c:	02040793          	addi	a5,s0,32
80200250:	dcf42c23          	sw	a5,-552(s0)
80200254:	dd842783          	lw	a5,-552(s0)
80200258:	fe478793          	addi	a5,a5,-28
8020025c:	def42623          	sw	a5,-532(s0)
80200260:	dec42703          	lw	a4,-532(s0)
80200264:	df040793          	addi	a5,s0,-528
80200268:	00070613          	mv	a2,a4
8020026c:	ddc42583          	lw	a1,-548(s0)
80200270:	00078513          	mv	a0,a5
80200274:	e59ff0ef          	jal	802000cc <format_to_str>
80200278:	df040793          	addi	a5,s0,-528
8020027c:	00078513          	mv	a0,a5
80200280:	6a9000ef          	jal	80201128 <strlen>
80200284:	00050713          	mv	a4,a0
80200288:	df040793          	addi	a5,s0,-528
8020028c:	00070593          	mv	a1,a4
80200290:	00078513          	mv	a0,a5
80200294:	050000ef          	jal	802002e4 <term_write>
80200298:	00000013          	nop
8020029c:	00078513          	mv	a0,a5
802002a0:	22c12083          	lw	ra,556(sp)
802002a4:	22812403          	lw	s0,552(sp)
802002a8:	25010113          	addi	sp,sp,592
802002ac:	00008067          	ret

802002b0 <exit>:
exit():
802002b0:	dd010113          	addi	sp,sp,-560
802002b4:	22112623          	sw	ra,556(sp)
802002b8:	22812423          	sw	s0,552(sp)
802002bc:	23010413          	addi	s0,sp,560
802002c0:	dca42e23          	sw	a0,-548(s0)
802002c4:	00100793          	li	a5,1
802002c8:	def42423          	sw	a5,-536(s0)
802002cc:	de840793          	addi	a5,s0,-536
802002d0:	20800613          	li	a2,520
802002d4:	00078593          	mv	a1,a5
802002d8:	00100513          	li	a0,1
802002dc:	070000ef          	jal	8020034c <sys_send>
802002e0:	0000006f          	j	802002e0 <exit+0x30>

802002e4 <term_write>:
term_write():
802002e4:	dd010113          	addi	sp,sp,-560
802002e8:	22112623          	sw	ra,556(sp)
802002ec:	22812423          	sw	s0,552(sp)
802002f0:	23010413          	addi	s0,sp,560
802002f4:	dca42e23          	sw	a0,-548(s0)
802002f8:	dcb42c23          	sw	a1,-552(s0)
802002fc:	00100793          	li	a5,1
80200300:	def42423          	sw	a5,-536(s0)
80200304:	dd842783          	lw	a5,-552(s0)
80200308:	def42623          	sw	a5,-532(s0)
8020030c:	de840793          	addi	a5,s0,-536
80200310:	00878793          	addi	a5,a5,8
80200314:	dd842603          	lw	a2,-552(s0)
80200318:	ddc42583          	lw	a1,-548(s0)
8020031c:	00078513          	mv	a0,a5
80200320:	4e1000ef          	jal	80201000 <memcpy>
80200324:	de840793          	addi	a5,s0,-536
80200328:	20800613          	li	a2,520
8020032c:	00078593          	mv	a1,a5
80200330:	00200513          	li	a0,2
80200334:	018000ef          	jal	8020034c <sys_send>
80200338:	00000013          	nop
8020033c:	22c12083          	lw	ra,556(sp)
80200340:	22812403          	lw	s0,552(sp)
80200344:	23010113          	addi	sp,sp,560
80200348:	00008067          	ret

8020034c <sys_send>:
sys_send():
8020034c:	fe010113          	addi	sp,sp,-32
80200350:	00112e23          	sw	ra,28(sp)
80200354:	00812c23          	sw	s0,24(sp)
80200358:	02010413          	addi	s0,sp,32
8020035c:	fea42623          	sw	a0,-20(s0)
80200360:	feb42423          	sw	a1,-24(s0)
80200364:	fec42223          	sw	a2,-28(s0)
80200368:	802087b7          	lui	a5,0x80208
8020036c:	5947a783          	lw	a5,1428(a5) # 80208594 <sc>
80200370:	00200713          	li	a4,2
80200374:	00e7a023          	sw	a4,0(a5)
80200378:	802087b7          	lui	a5,0x80208
8020037c:	5947a783          	lw	a5,1428(a5) # 80208594 <sc>
80200380:	fec42703          	lw	a4,-20(s0)
80200384:	00e7a423          	sw	a4,8(a5)
80200388:	802087b7          	lui	a5,0x80208
8020038c:	5947a783          	lw	a5,1428(a5) # 80208594 <sc>
80200390:	00c78793          	addi	a5,a5,12
80200394:	fe442603          	lw	a2,-28(s0)
80200398:	fe842583          	lw	a1,-24(s0)
8020039c:	00078513          	mv	a0,a5
802003a0:	461000ef          	jal	80201000 <memcpy>
802003a4:	00000073          	ecall
802003a8:	00000013          	nop
802003ac:	01c12083          	lw	ra,28(sp)
802003b0:	01812403          	lw	s0,24(sp)
802003b4:	02010113          	addi	sp,sp,32
802003b8:	00008067          	ret

802003bc <itoa>:
itoa():
802003bc:	ffe60713          	addi	a4,a2,-2
802003c0:	02200793          	li	a5,34
802003c4:	06e7e263          	bltu	a5,a4,80200428 <itoa+0x6c>
802003c8:	fe010113          	addi	sp,sp,-32
802003cc:	00112e23          	sw	ra,28(sp)
802003d0:	ff660793          	addi	a5,a2,-10
802003d4:	02079a63          	bnez	a5,80200408 <itoa+0x4c>
802003d8:	02055863          	bgez	a0,80200408 <itoa+0x4c>
802003dc:	02d00793          	li	a5,45
802003e0:	00158713          	addi	a4,a1,1
802003e4:	00b12623          	sw	a1,12(sp)
802003e8:	00f58023          	sb	a5,0(a1)
802003ec:	40a00533          	neg	a0,a0
802003f0:	00070593          	mv	a1,a4
802003f4:	10d000ef          	jal	80200d00 <__utoa>
802003f8:	01c12083          	lw	ra,28(sp)
802003fc:	00c12503          	lw	a0,12(sp)
80200400:	02010113          	addi	sp,sp,32
80200404:	00008067          	ret
80200408:	00058713          	mv	a4,a1
8020040c:	00b12623          	sw	a1,12(sp)
80200410:	00070593          	mv	a1,a4
80200414:	0ed000ef          	jal	80200d00 <__utoa>
80200418:	01c12083          	lw	ra,28(sp)
8020041c:	00c12503          	lw	a0,12(sp)
80200420:	02010113          	addi	sp,sp,32
80200424:	00008067          	ret
80200428:	00058023          	sb	zero,0(a1)
8020042c:	00000513          	li	a0,0
80200430:	00008067          	ret

80200434 <malloc>:
malloc():
80200434:	00050593          	mv	a1,a0
80200438:	00008517          	auipc	a0,0x8
8020043c:	16852503          	lw	a0,360(a0) # 802085a0 <_impure_ptr>
80200440:	0040006f          	j	80200444 <_malloc_r>

80200444 <_malloc_r>:
_malloc_r():
80200444:	fc010113          	addi	sp,sp,-64
80200448:	02812c23          	sw	s0,56(sp)
8020044c:	02112e23          	sw	ra,60(sp)
80200450:	00b58793          	addi	a5,a1,11
80200454:	01600713          	li	a4,22
80200458:	00050413          	mv	s0,a0
8020045c:	08f76e63          	bltu	a4,a5,802004f8 <_malloc_r+0xb4>
80200460:	01000693          	li	a3,16
80200464:	06b6ec63          	bltu	a3,a1,802004dc <_malloc_r+0x98>
80200468:	081000ef          	jal	80200ce8 <__malloc_lock>
8020046c:	01000693          	li	a3,16
80200470:	01800713          	li	a4,24
80200474:	00200893          	li	a7,2
80200478:	00008817          	auipc	a6,0x8
8020047c:	bd080813          	addi	a6,a6,-1072 # 80208048 <__malloc_av_>
80200480:	00e80733          	add	a4,a6,a4
80200484:	00472783          	lw	a5,4(a4)
80200488:	ff870613          	addi	a2,a4,-8
8020048c:	46c78e63          	beq	a5,a2,80200908 <_malloc_r+0x4c4>
80200490:	0047a703          	lw	a4,4(a5)
80200494:	00c7a603          	lw	a2,12(a5)
80200498:	0087a583          	lw	a1,8(a5)
8020049c:	ffc77713          	andi	a4,a4,-4
802004a0:	00e78733          	add	a4,a5,a4
802004a4:	00472683          	lw	a3,4(a4)
802004a8:	00c5a623          	sw	a2,12(a1)
802004ac:	00f12623          	sw	a5,12(sp)
802004b0:	00b62423          	sw	a1,8(a2)
802004b4:	0016e693          	ori	a3,a3,1
802004b8:	00040513          	mv	a0,s0
802004bc:	00d72223          	sw	a3,4(a4)
802004c0:	035000ef          	jal	80200cf4 <__malloc_unlock>
802004c4:	00c12783          	lw	a5,12(sp)
802004c8:	03c12083          	lw	ra,60(sp)
802004cc:	03812403          	lw	s0,56(sp)
802004d0:	00878513          	addi	a0,a5,8
802004d4:	04010113          	addi	sp,sp,64
802004d8:	00008067          	ret
802004dc:	00c00793          	li	a5,12
802004e0:	00f42023          	sw	a5,0(s0)
802004e4:	00000513          	li	a0,0
802004e8:	03c12083          	lw	ra,60(sp)
802004ec:	03812403          	lw	s0,56(sp)
802004f0:	04010113          	addi	sp,sp,64
802004f4:	00008067          	ret
802004f8:	ff87f693          	andi	a3,a5,-8
802004fc:	fe07c0e3          	bltz	a5,802004dc <_malloc_r+0x98>
80200500:	fcb6eee3          	bltu	a3,a1,802004dc <_malloc_r+0x98>
80200504:	00d12623          	sw	a3,12(sp)
80200508:	7e0000ef          	jal	80200ce8 <__malloc_lock>
8020050c:	00c12683          	lw	a3,12(sp)
80200510:	1f700793          	li	a5,503
80200514:	4ed7f863          	bgeu	a5,a3,80200a04 <_malloc_r+0x5c0>
80200518:	0096d793          	srli	a5,a3,0x9
8020051c:	16078e63          	beqz	a5,80200698 <_malloc_r+0x254>
80200520:	00400713          	li	a4,4
80200524:	44f76a63          	bltu	a4,a5,80200978 <_malloc_r+0x534>
80200528:	0066d793          	srli	a5,a3,0x6
8020052c:	03978893          	addi	a7,a5,57
80200530:	03878e13          	addi	t3,a5,56
80200534:	00389513          	slli	a0,a7,0x3
80200538:	00008817          	auipc	a6,0x8
8020053c:	b1080813          	addi	a6,a6,-1264 # 80208048 <__malloc_av_>
80200540:	00a80533          	add	a0,a6,a0
80200544:	00452783          	lw	a5,4(a0)
80200548:	ff850513          	addi	a0,a0,-8
8020054c:	02f50863          	beq	a0,a5,8020057c <_malloc_r+0x138>
80200550:	00f00313          	li	t1,15
80200554:	0140006f          	j	80200568 <_malloc_r+0x124>
80200558:	00c7a583          	lw	a1,12(a5)
8020055c:	36065663          	bgez	a2,802008c8 <_malloc_r+0x484>
80200560:	00b50e63          	beq	a0,a1,8020057c <_malloc_r+0x138>
80200564:	00058793          	mv	a5,a1
80200568:	0047a703          	lw	a4,4(a5)
8020056c:	ffc77713          	andi	a4,a4,-4
80200570:	40d70633          	sub	a2,a4,a3
80200574:	fec352e3          	bge	t1,a2,80200558 <_malloc_r+0x114>
80200578:	000e0893          	mv	a7,t3
8020057c:	01082783          	lw	a5,16(a6)
80200580:	00008e97          	auipc	t4,0x8
80200584:	ad0e8e93          	addi	t4,t4,-1328 # 80208050 <__malloc_av_+0x8>
80200588:	2fd78e63          	beq	a5,t4,80200884 <_malloc_r+0x440>
8020058c:	0047a703          	lw	a4,4(a5)
80200590:	00f00593          	li	a1,15
80200594:	ffc77713          	andi	a4,a4,-4
80200598:	40d70633          	sub	a2,a4,a3
8020059c:	48c5ce63          	blt	a1,a2,80200a38 <_malloc_r+0x5f4>
802005a0:	01d82a23          	sw	t4,20(a6)
802005a4:	01d82823          	sw	t4,16(a6)
802005a8:	46065463          	bgez	a2,80200a10 <_malloc_r+0x5cc>
802005ac:	1ff00613          	li	a2,511
802005b0:	00482303          	lw	t1,4(a6)
802005b4:	36e66263          	bltu	a2,a4,80200918 <_malloc_r+0x4d4>
802005b8:	ff877613          	andi	a2,a4,-8
802005bc:	00860613          	addi	a2,a2,8
802005c0:	00c80633          	add	a2,a6,a2
802005c4:	00062583          	lw	a1,0(a2)
802005c8:	00575513          	srli	a0,a4,0x5
802005cc:	00100713          	li	a4,1
802005d0:	00a71733          	sll	a4,a4,a0
802005d4:	00e36333          	or	t1,t1,a4
802005d8:	ff860713          	addi	a4,a2,-8
802005dc:	00b7a423          	sw	a1,8(a5)
802005e0:	00e7a623          	sw	a4,12(a5)
802005e4:	00682223          	sw	t1,4(a6)
802005e8:	00f62023          	sw	a5,0(a2)
802005ec:	00f5a623          	sw	a5,12(a1)
802005f0:	4028d793          	srai	a5,a7,0x2
802005f4:	00100513          	li	a0,1
802005f8:	00f51533          	sll	a0,a0,a5
802005fc:	0aa36663          	bltu	t1,a0,802006a8 <_malloc_r+0x264>
80200600:	006577b3          	and	a5,a0,t1
80200604:	02079463          	bnez	a5,8020062c <_malloc_r+0x1e8>
80200608:	00151513          	slli	a0,a0,0x1
8020060c:	ffc8f893          	andi	a7,a7,-4
80200610:	006577b3          	and	a5,a0,t1
80200614:	00488893          	addi	a7,a7,4
80200618:	00079a63          	bnez	a5,8020062c <_malloc_r+0x1e8>
8020061c:	00151513          	slli	a0,a0,0x1
80200620:	006577b3          	and	a5,a0,t1
80200624:	00488893          	addi	a7,a7,4
80200628:	fe078ae3          	beqz	a5,8020061c <_malloc_r+0x1d8>
8020062c:	00f00e13          	li	t3,15
80200630:	00389f13          	slli	t5,a7,0x3
80200634:	01e80f33          	add	t5,a6,t5
80200638:	000f0313          	mv	t1,t5
8020063c:	00c32703          	lw	a4,12(t1)
80200640:	00088f93          	mv	t6,a7
80200644:	34e30c63          	beq	t1,a4,8020099c <_malloc_r+0x558>
80200648:	00472603          	lw	a2,4(a4)
8020064c:	00070793          	mv	a5,a4
80200650:	00c72703          	lw	a4,12(a4)
80200654:	ffc67613          	andi	a2,a2,-4
80200658:	40d605b3          	sub	a1,a2,a3
8020065c:	34be4c63          	blt	t3,a1,802009b4 <_malloc_r+0x570>
80200660:	fe05c2e3          	bltz	a1,80200644 <_malloc_r+0x200>
80200664:	00c78633          	add	a2,a5,a2
80200668:	00462683          	lw	a3,4(a2)
8020066c:	0087a583          	lw	a1,8(a5)
80200670:	00040513          	mv	a0,s0
80200674:	0016e693          	ori	a3,a3,1
80200678:	00d62223          	sw	a3,4(a2)
8020067c:	00e5a623          	sw	a4,12(a1)
80200680:	00b72423          	sw	a1,8(a4)
80200684:	00f12623          	sw	a5,12(sp)
80200688:	66c000ef          	jal	80200cf4 <__malloc_unlock>
8020068c:	00c12783          	lw	a5,12(sp)
80200690:	00878513          	addi	a0,a5,8
80200694:	e55ff06f          	j	802004e8 <_malloc_r+0xa4>
80200698:	20000513          	li	a0,512
8020069c:	04000893          	li	a7,64
802006a0:	03f00e13          	li	t3,63
802006a4:	e95ff06f          	j	80200538 <_malloc_r+0xf4>
802006a8:	00882783          	lw	a5,8(a6)
802006ac:	0047a703          	lw	a4,4(a5)
802006b0:	ffc77313          	andi	t1,a4,-4
802006b4:	40d30633          	sub	a2,t1,a3
802006b8:	00d36663          	bltu	t1,a3,802006c4 <_malloc_r+0x280>
802006bc:	01062713          	slti	a4,a2,16
802006c0:	1c070663          	beqz	a4,8020088c <_malloc_r+0x448>
802006c4:	00008597          	auipc	a1,0x8
802006c8:	eec5a583          	lw	a1,-276(a1) # 802085b0 <__malloc_top_pad>
802006cc:	00008617          	auipc	a2,0x8
802006d0:	ecc62603          	lw	a2,-308(a2) # 80208598 <__malloc_sbrk_base>
802006d4:	fff00713          	li	a4,-1
802006d8:	00b685b3          	add	a1,a3,a1
802006dc:	44e60263          	beq	a2,a4,80200b20 <_malloc_r+0x6dc>
802006e0:	00001737          	lui	a4,0x1
802006e4:	00f70713          	addi	a4,a4,15 # 100f <app_entry-0x801feff1>
802006e8:	00e585b3          	add	a1,a1,a4
802006ec:	fffff737          	lui	a4,0xfffff
802006f0:	00e5f5b3          	and	a1,a1,a4
802006f4:	00040513          	mv	a0,s0
802006f8:	01012e23          	sw	a6,28(sp)
802006fc:	00f12c23          	sw	a5,24(sp)
80200700:	00d12a23          	sw	a3,20(sp)
80200704:	00612823          	sw	t1,16(sp)
80200708:	00b12623          	sw	a1,12(sp)
8020070c:	095000ef          	jal	80200fa0 <_sbrk_r>
80200710:	fff00713          	li	a4,-1
80200714:	00c12583          	lw	a1,12(sp)
80200718:	01012303          	lw	t1,16(sp)
8020071c:	01412683          	lw	a3,20(sp)
80200720:	01812783          	lw	a5,24(sp)
80200724:	01c12803          	lw	a6,28(sp)
80200728:	00050e13          	mv	t3,a0
8020072c:	00008f17          	auipc	t5,0x8
80200730:	e6cf0f13          	addi	t5,t5,-404 # 80208598 <__malloc_sbrk_base>
80200734:	36e50063          	beq	a0,a4,80200a94 <_malloc_r+0x650>
80200738:	00678733          	add	a4,a5,t1
8020073c:	34e56a63          	bltu	a0,a4,80200a90 <_malloc_r+0x64c>
80200740:	00008e97          	auipc	t4,0x8
80200744:	e7ce8e93          	addi	t4,t4,-388 # 802085bc <__malloc_current_mallinfo>
80200748:	000ea603          	lw	a2,0(t4)
8020074c:	00c58633          	add	a2,a1,a2
80200750:	00cea023          	sw	a2,0(t4)
80200754:	4aa70463          	beq	a4,a0,80200bfc <_malloc_r+0x7b8>
80200758:	000f2883          	lw	a7,0(t5)
8020075c:	fff00513          	li	a0,-1
80200760:	4aa88c63          	beq	a7,a0,80200c18 <_malloc_r+0x7d4>
80200764:	40ee0733          	sub	a4,t3,a4
80200768:	00c70733          	add	a4,a4,a2
8020076c:	00eea023          	sw	a4,0(t4)
80200770:	007e7f13          	andi	t5,t3,7
80200774:	3c0f0663          	beqz	t5,80200b40 <_malloc_r+0x6fc>
80200778:	ff8e7e13          	andi	t3,t3,-8
8020077c:	000018b7          	lui	a7,0x1
80200780:	008e0e13          	addi	t3,t3,8
80200784:	00888893          	addi	a7,a7,8 # 1008 <app_entry-0x801feff8>
80200788:	00be0633          	add	a2,t3,a1
8020078c:	41e885b3          	sub	a1,a7,t5
80200790:	40c585b3          	sub	a1,a1,a2
80200794:	01459593          	slli	a1,a1,0x14
80200798:	0145d593          	srli	a1,a1,0x14
8020079c:	00040513          	mv	a0,s0
802007a0:	03d12623          	sw	t4,44(sp)
802007a4:	03012423          	sw	a6,40(sp)
802007a8:	02f12223          	sw	a5,36(sp)
802007ac:	02d12023          	sw	a3,32(sp)
802007b0:	00612e23          	sw	t1,28(sp)
802007b4:	01c12c23          	sw	t3,24(sp)
802007b8:	01e12a23          	sw	t5,20(sp)
802007bc:	00c12823          	sw	a2,16(sp)
802007c0:	00b12623          	sw	a1,12(sp)
802007c4:	7dc000ef          	jal	80200fa0 <_sbrk_r>
802007c8:	00050713          	mv	a4,a0
802007cc:	fff00513          	li	a0,-1
802007d0:	00c12583          	lw	a1,12(sp)
802007d4:	01012603          	lw	a2,16(sp)
802007d8:	01412f03          	lw	t5,20(sp)
802007dc:	01812e03          	lw	t3,24(sp)
802007e0:	01c12303          	lw	t1,28(sp)
802007e4:	02012683          	lw	a3,32(sp)
802007e8:	02412783          	lw	a5,36(sp)
802007ec:	02812803          	lw	a6,40(sp)
802007f0:	02c12e83          	lw	t4,44(sp)
802007f4:	46a70863          	beq	a4,a0,80200c64 <_malloc_r+0x820>
802007f8:	000ea603          	lw	a2,0(t4)
802007fc:	41c70733          	sub	a4,a4,t3
80200800:	00b70733          	add	a4,a4,a1
80200804:	00176713          	ori	a4,a4,1
80200808:	01c82423          	sw	t3,8(a6)
8020080c:	00c58633          	add	a2,a1,a2
80200810:	00ee2223          	sw	a4,4(t3)
80200814:	00cea023          	sw	a2,0(t4)
80200818:	03078e63          	beq	a5,a6,80200854 <_malloc_r+0x410>
8020081c:	00f00513          	li	a0,15
80200820:	40657063          	bgeu	a0,t1,80200c20 <_malloc_r+0x7dc>
80200824:	0047a583          	lw	a1,4(a5)
80200828:	ff430713          	addi	a4,t1,-12
8020082c:	ff877713          	andi	a4,a4,-8
80200830:	0015f593          	andi	a1,a1,1
80200834:	00e5e5b3          	or	a1,a1,a4
80200838:	00b7a223          	sw	a1,4(a5)
8020083c:	00500893          	li	a7,5
80200840:	00e785b3          	add	a1,a5,a4
80200844:	0115a223          	sw	a7,4(a1)
80200848:	0115a423          	sw	a7,8(a1)
8020084c:	42e56463          	bltu	a0,a4,80200c74 <_malloc_r+0x830>
80200850:	004e2703          	lw	a4,4(t3)
80200854:	00008797          	auipc	a5,0x8
80200858:	d587a783          	lw	a5,-680(a5) # 802085ac <__malloc_max_sbrked_mem>
8020085c:	00c7f663          	bgeu	a5,a2,80200868 <_malloc_r+0x424>
80200860:	00008797          	auipc	a5,0x8
80200864:	d4c7a623          	sw	a2,-692(a5) # 802085ac <__malloc_max_sbrked_mem>
80200868:	00008797          	auipc	a5,0x8
8020086c:	d407a783          	lw	a5,-704(a5) # 802085a8 <__malloc_max_total_mem>
80200870:	00c7f663          	bgeu	a5,a2,8020087c <_malloc_r+0x438>
80200874:	00008797          	auipc	a5,0x8
80200878:	d2c7aa23          	sw	a2,-716(a5) # 802085a8 <__malloc_max_total_mem>
8020087c:	000e0793          	mv	a5,t3
80200880:	21c0006f          	j	80200a9c <_malloc_r+0x658>
80200884:	00482303          	lw	t1,4(a6)
80200888:	d69ff06f          	j	802005f0 <_malloc_r+0x1ac>
8020088c:	0016e713          	ori	a4,a3,1
80200890:	00e7a223          	sw	a4,4(a5)
80200894:	00d786b3          	add	a3,a5,a3
80200898:	00166613          	ori	a2,a2,1
8020089c:	00d82423          	sw	a3,8(a6)
802008a0:	00040513          	mv	a0,s0
802008a4:	00c6a223          	sw	a2,4(a3)
802008a8:	00f12623          	sw	a5,12(sp)
802008ac:	448000ef          	jal	80200cf4 <__malloc_unlock>
802008b0:	00c12783          	lw	a5,12(sp)
802008b4:	03c12083          	lw	ra,60(sp)
802008b8:	03812403          	lw	s0,56(sp)
802008bc:	00878513          	addi	a0,a5,8
802008c0:	04010113          	addi	sp,sp,64
802008c4:	00008067          	ret
802008c8:	0087a603          	lw	a2,8(a5)
802008cc:	00e78733          	add	a4,a5,a4
802008d0:	00472683          	lw	a3,4(a4) # fffff004 <__heap_end+0x7fcff004>
802008d4:	00b62623          	sw	a1,12(a2)
802008d8:	00f12623          	sw	a5,12(sp)
802008dc:	0016e693          	ori	a3,a3,1
802008e0:	00c5a423          	sw	a2,8(a1)
802008e4:	00040513          	mv	a0,s0
802008e8:	00d72223          	sw	a3,4(a4)
802008ec:	408000ef          	jal	80200cf4 <__malloc_unlock>
802008f0:	00c12783          	lw	a5,12(sp)
802008f4:	03c12083          	lw	ra,60(sp)
802008f8:	03812403          	lw	s0,56(sp)
802008fc:	00878513          	addi	a0,a5,8
80200900:	04010113          	addi	sp,sp,64
80200904:	00008067          	ret
80200908:	00c72783          	lw	a5,12(a4)
8020090c:	00288893          	addi	a7,a7,2
80200910:	c6f706e3          	beq	a4,a5,8020057c <_malloc_r+0x138>
80200914:	b7dff06f          	j	80200490 <_malloc_r+0x4c>
80200918:	00975613          	srli	a2,a4,0x9
8020091c:	00400593          	li	a1,4
80200920:	14c5fe63          	bgeu	a1,a2,80200a7c <_malloc_r+0x638>
80200924:	01400593          	li	a1,20
80200928:	28c5e263          	bltu	a1,a2,80200bac <_malloc_r+0x768>
8020092c:	05c60513          	addi	a0,a2,92
80200930:	00351513          	slli	a0,a0,0x3
80200934:	05b60593          	addi	a1,a2,91
80200938:	00a80533          	add	a0,a6,a0
8020093c:	00052603          	lw	a2,0(a0)
80200940:	ff850513          	addi	a0,a0,-8
80200944:	00c51863          	bne	a0,a2,80200954 <_malloc_r+0x510>
80200948:	1e00006f          	j	80200b28 <_malloc_r+0x6e4>
8020094c:	00862603          	lw	a2,8(a2)
80200950:	00c50863          	beq	a0,a2,80200960 <_malloc_r+0x51c>
80200954:	00462583          	lw	a1,4(a2)
80200958:	ffc5f593          	andi	a1,a1,-4
8020095c:	feb768e3          	bltu	a4,a1,8020094c <_malloc_r+0x508>
80200960:	00c62503          	lw	a0,12(a2)
80200964:	00a7a623          	sw	a0,12(a5)
80200968:	00c7a423          	sw	a2,8(a5)
8020096c:	00f52423          	sw	a5,8(a0)
80200970:	00f62623          	sw	a5,12(a2)
80200974:	c7dff06f          	j	802005f0 <_malloc_r+0x1ac>
80200978:	01400713          	li	a4,20
8020097c:	14f77063          	bgeu	a4,a5,80200abc <_malloc_r+0x678>
80200980:	05400713          	li	a4,84
80200984:	24f76263          	bltu	a4,a5,80200bc8 <_malloc_r+0x784>
80200988:	00c6d793          	srli	a5,a3,0xc
8020098c:	06f78893          	addi	a7,a5,111
80200990:	06e78e13          	addi	t3,a5,110
80200994:	00389513          	slli	a0,a7,0x3
80200998:	ba1ff06f          	j	80200538 <_malloc_r+0xf4>
8020099c:	001f8f93          	addi	t6,t6,1
802009a0:	003ff793          	andi	a5,t6,3
802009a4:	00830313          	addi	t1,t1,8
802009a8:	12078863          	beqz	a5,80200ad8 <_malloc_r+0x694>
802009ac:	00c32703          	lw	a4,12(t1)
802009b0:	c95ff06f          	j	80200644 <_malloc_r+0x200>
802009b4:	0087a503          	lw	a0,8(a5)
802009b8:	0016e893          	ori	a7,a3,1
802009bc:	0117a223          	sw	a7,4(a5)
802009c0:	00e52623          	sw	a4,12(a0)
802009c4:	00a72423          	sw	a0,8(a4)
802009c8:	00d786b3          	add	a3,a5,a3
802009cc:	00d82a23          	sw	a3,20(a6)
802009d0:	00d82823          	sw	a3,16(a6)
802009d4:	0015e713          	ori	a4,a1,1
802009d8:	00c78633          	add	a2,a5,a2
802009dc:	01d6a623          	sw	t4,12(a3)
802009e0:	01d6a423          	sw	t4,8(a3)
802009e4:	00e6a223          	sw	a4,4(a3)
802009e8:	00040513          	mv	a0,s0
802009ec:	00b62023          	sw	a1,0(a2)
802009f0:	00f12623          	sw	a5,12(sp)
802009f4:	300000ef          	jal	80200cf4 <__malloc_unlock>
802009f8:	00c12783          	lw	a5,12(sp)
802009fc:	00878513          	addi	a0,a5,8
80200a00:	ae9ff06f          	j	802004e8 <_malloc_r+0xa4>
80200a04:	0036d893          	srli	a7,a3,0x3
80200a08:	00868713          	addi	a4,a3,8
80200a0c:	a6dff06f          	j	80200478 <_malloc_r+0x34>
80200a10:	00e78733          	add	a4,a5,a4
80200a14:	00472683          	lw	a3,4(a4)
80200a18:	00f12623          	sw	a5,12(sp)
80200a1c:	00040513          	mv	a0,s0
80200a20:	0016e693          	ori	a3,a3,1
80200a24:	00d72223          	sw	a3,4(a4)
80200a28:	2cc000ef          	jal	80200cf4 <__malloc_unlock>
80200a2c:	00c12783          	lw	a5,12(sp)
80200a30:	00878513          	addi	a0,a5,8
80200a34:	ab5ff06f          	j	802004e8 <_malloc_r+0xa4>
80200a38:	0016e593          	ori	a1,a3,1
80200a3c:	00b7a223          	sw	a1,4(a5)
80200a40:	00d786b3          	add	a3,a5,a3
80200a44:	00d82a23          	sw	a3,20(a6)
80200a48:	00d82823          	sw	a3,16(a6)
80200a4c:	00166593          	ori	a1,a2,1
80200a50:	00e78733          	add	a4,a5,a4
80200a54:	01d6a623          	sw	t4,12(a3)
80200a58:	01d6a423          	sw	t4,8(a3)
80200a5c:	00b6a223          	sw	a1,4(a3)
80200a60:	00040513          	mv	a0,s0
80200a64:	00c72023          	sw	a2,0(a4)
80200a68:	00f12623          	sw	a5,12(sp)
80200a6c:	288000ef          	jal	80200cf4 <__malloc_unlock>
80200a70:	00c12783          	lw	a5,12(sp)
80200a74:	00878513          	addi	a0,a5,8
80200a78:	a71ff06f          	j	802004e8 <_malloc_r+0xa4>
80200a7c:	00675613          	srli	a2,a4,0x6
80200a80:	03960513          	addi	a0,a2,57
80200a84:	00351513          	slli	a0,a0,0x3
80200a88:	03860593          	addi	a1,a2,56
80200a8c:	eadff06f          	j	80200938 <_malloc_r+0x4f4>
80200a90:	15078a63          	beq	a5,a6,80200be4 <_malloc_r+0x7a0>
80200a94:	00882783          	lw	a5,8(a6)
80200a98:	0047a703          	lw	a4,4(a5)
80200a9c:	ffc77713          	andi	a4,a4,-4
80200aa0:	40d70633          	sub	a2,a4,a3
80200aa4:	00d76663          	bltu	a4,a3,80200ab0 <_malloc_r+0x66c>
80200aa8:	01062713          	slti	a4,a2,16
80200aac:	de0700e3          	beqz	a4,8020088c <_malloc_r+0x448>
80200ab0:	00040513          	mv	a0,s0
80200ab4:	240000ef          	jal	80200cf4 <__malloc_unlock>
80200ab8:	a2dff06f          	j	802004e4 <_malloc_r+0xa0>
80200abc:	05c78893          	addi	a7,a5,92
80200ac0:	05b78e13          	addi	t3,a5,91
80200ac4:	00389513          	slli	a0,a7,0x3
80200ac8:	a71ff06f          	j	80200538 <_malloc_r+0xf4>
80200acc:	008f2783          	lw	a5,8(t5)
80200ad0:	fff88893          	addi	a7,a7,-1
80200ad4:	21e79663          	bne	a5,t5,80200ce0 <_malloc_r+0x89c>
80200ad8:	0038f793          	andi	a5,a7,3
80200adc:	ff8f0f13          	addi	t5,t5,-8
80200ae0:	fe0796e3          	bnez	a5,80200acc <_malloc_r+0x688>
80200ae4:	00482703          	lw	a4,4(a6)
80200ae8:	fff54793          	not	a5,a0
80200aec:	00e7f7b3          	and	a5,a5,a4
80200af0:	00f82223          	sw	a5,4(a6)
80200af4:	00151513          	slli	a0,a0,0x1
80200af8:	fff50713          	addi	a4,a0,-1
80200afc:	baf776e3          	bgeu	a4,a5,802006a8 <_malloc_r+0x264>
80200b00:	00f57733          	and	a4,a0,a5
80200b04:	00071a63          	bnez	a4,80200b18 <_malloc_r+0x6d4>
80200b08:	00151513          	slli	a0,a0,0x1
80200b0c:	00f57733          	and	a4,a0,a5
80200b10:	004f8f93          	addi	t6,t6,4
80200b14:	fe070ae3          	beqz	a4,80200b08 <_malloc_r+0x6c4>
80200b18:	000f8893          	mv	a7,t6
80200b1c:	b15ff06f          	j	80200630 <_malloc_r+0x1ec>
80200b20:	01058593          	addi	a1,a1,16
80200b24:	bd1ff06f          	j	802006f4 <_malloc_r+0x2b0>
80200b28:	4025d593          	srai	a1,a1,0x2
80200b2c:	00100713          	li	a4,1
80200b30:	00b71733          	sll	a4,a4,a1
80200b34:	00e36333          	or	t1,t1,a4
80200b38:	00682223          	sw	t1,4(a6)
80200b3c:	e29ff06f          	j	80200964 <_malloc_r+0x520>
80200b40:	00be0633          	add	a2,t3,a1
80200b44:	40c005b3          	neg	a1,a2
80200b48:	01459593          	slli	a1,a1,0x14
80200b4c:	0145d593          	srli	a1,a1,0x14
80200b50:	00040513          	mv	a0,s0
80200b54:	03d12423          	sw	t4,40(sp)
80200b58:	03012223          	sw	a6,36(sp)
80200b5c:	02f12023          	sw	a5,32(sp)
80200b60:	00d12e23          	sw	a3,28(sp)
80200b64:	00612c23          	sw	t1,24(sp)
80200b68:	01c12a23          	sw	t3,20(sp)
80200b6c:	00b12623          	sw	a1,12(sp)
80200b70:	00c12823          	sw	a2,16(sp)
80200b74:	42c000ef          	jal	80200fa0 <_sbrk_r>
80200b78:	00050713          	mv	a4,a0
80200b7c:	fff00513          	li	a0,-1
80200b80:	00c12583          	lw	a1,12(sp)
80200b84:	01412e03          	lw	t3,20(sp)
80200b88:	01812303          	lw	t1,24(sp)
80200b8c:	01c12683          	lw	a3,28(sp)
80200b90:	02012783          	lw	a5,32(sp)
80200b94:	02412803          	lw	a6,36(sp)
80200b98:	02812e83          	lw	t4,40(sp)
80200b9c:	c4a71ee3          	bne	a4,a0,802007f8 <_malloc_r+0x3b4>
80200ba0:	01012703          	lw	a4,16(sp)
80200ba4:	00000593          	li	a1,0
80200ba8:	c51ff06f          	j	802007f8 <_malloc_r+0x3b4>
80200bac:	05400593          	li	a1,84
80200bb0:	06c5ee63          	bltu	a1,a2,80200c2c <_malloc_r+0x7e8>
80200bb4:	00c75613          	srli	a2,a4,0xc
80200bb8:	06f60513          	addi	a0,a2,111
80200bbc:	00351513          	slli	a0,a0,0x3
80200bc0:	06e60593          	addi	a1,a2,110
80200bc4:	d75ff06f          	j	80200938 <_malloc_r+0x4f4>
80200bc8:	15400713          	li	a4,340
80200bcc:	06f76e63          	bltu	a4,a5,80200c48 <_malloc_r+0x804>
80200bd0:	00f6d793          	srli	a5,a3,0xf
80200bd4:	07878893          	addi	a7,a5,120
80200bd8:	07778e13          	addi	t3,a5,119
80200bdc:	00389513          	slli	a0,a7,0x3
80200be0:	959ff06f          	j	80200538 <_malloc_r+0xf4>
80200be4:	00008e97          	auipc	t4,0x8
80200be8:	9d8e8e93          	addi	t4,t4,-1576 # 802085bc <__malloc_current_mallinfo>
80200bec:	000ea603          	lw	a2,0(t4)
80200bf0:	00c58633          	add	a2,a1,a2
80200bf4:	00cea023          	sw	a2,0(t4)
80200bf8:	b61ff06f          	j	80200758 <_malloc_r+0x314>
80200bfc:	01451513          	slli	a0,a0,0x14
80200c00:	b4051ce3          	bnez	a0,80200758 <_malloc_r+0x314>
80200c04:	00882e03          	lw	t3,8(a6)
80200c08:	00b305b3          	add	a1,t1,a1
80200c0c:	0015e713          	ori	a4,a1,1
80200c10:	00ee2223          	sw	a4,4(t3)
80200c14:	c41ff06f          	j	80200854 <_malloc_r+0x410>
80200c18:	01cf2023          	sw	t3,0(t5)
80200c1c:	b55ff06f          	j	80200770 <_malloc_r+0x32c>
80200c20:	00100793          	li	a5,1
80200c24:	00fe2223          	sw	a5,4(t3)
80200c28:	e89ff06f          	j	80200ab0 <_malloc_r+0x66c>
80200c2c:	15400593          	li	a1,340
80200c30:	06c5ec63          	bltu	a1,a2,80200ca8 <_malloc_r+0x864>
80200c34:	00f75613          	srli	a2,a4,0xf
80200c38:	07860513          	addi	a0,a2,120
80200c3c:	00351513          	slli	a0,a0,0x3
80200c40:	07760593          	addi	a1,a2,119
80200c44:	cf5ff06f          	j	80200938 <_malloc_r+0x4f4>
80200c48:	55400713          	li	a4,1364
80200c4c:	06f76c63          	bltu	a4,a5,80200cc4 <_malloc_r+0x880>
80200c50:	0126d793          	srli	a5,a3,0x12
80200c54:	07d78893          	addi	a7,a5,125
80200c58:	07c78e13          	addi	t3,a5,124
80200c5c:	00389513          	slli	a0,a7,0x3
80200c60:	8d9ff06f          	j	80200538 <_malloc_r+0xf4>
80200c64:	ff8f0f13          	addi	t5,t5,-8
80200c68:	01e60733          	add	a4,a2,t5
80200c6c:	00000593          	li	a1,0
80200c70:	b89ff06f          	j	802007f8 <_malloc_r+0x3b4>
80200c74:	00878593          	addi	a1,a5,8
80200c78:	00040513          	mv	a0,s0
80200c7c:	01d12a23          	sw	t4,20(sp)
80200c80:	01012823          	sw	a6,16(sp)
80200c84:	00d12623          	sw	a3,12(sp)
80200c88:	704000ef          	jal	8020138c <_free_r>
80200c8c:	01012803          	lw	a6,16(sp)
80200c90:	01412e83          	lw	t4,20(sp)
80200c94:	00c12683          	lw	a3,12(sp)
80200c98:	00882e03          	lw	t3,8(a6)
80200c9c:	000ea603          	lw	a2,0(t4)
80200ca0:	004e2703          	lw	a4,4(t3)
80200ca4:	bb1ff06f          	j	80200854 <_malloc_r+0x410>
80200ca8:	55400593          	li	a1,1364
80200cac:	02c5e463          	bltu	a1,a2,80200cd4 <_malloc_r+0x890>
80200cb0:	01275613          	srli	a2,a4,0x12
80200cb4:	07d60513          	addi	a0,a2,125
80200cb8:	00351513          	slli	a0,a0,0x3
80200cbc:	07c60593          	addi	a1,a2,124
80200cc0:	c79ff06f          	j	80200938 <_malloc_r+0x4f4>
80200cc4:	3f800513          	li	a0,1016
80200cc8:	07f00893          	li	a7,127
80200ccc:	07e00e13          	li	t3,126
80200cd0:	869ff06f          	j	80200538 <_malloc_r+0xf4>
80200cd4:	3f800513          	li	a0,1016
80200cd8:	07e00593          	li	a1,126
80200cdc:	c5dff06f          	j	80200938 <_malloc_r+0x4f4>
80200ce0:	00482783          	lw	a5,4(a6)
80200ce4:	e11ff06f          	j	80200af4 <_malloc_r+0x6b0>

80200ce8 <__malloc_lock>:
__malloc_lock():
80200ce8:	00008517          	auipc	a0,0x8
80200cec:	8cc50513          	addi	a0,a0,-1844 # 802085b4 <__lock___malloc_recursive_mutex>
80200cf0:	3080006f          	j	80200ff8 <__retarget_lock_acquire_recursive>

80200cf4 <__malloc_unlock>:
__malloc_unlock():
80200cf4:	00008517          	auipc	a0,0x8
80200cf8:	8c050513          	addi	a0,a0,-1856 # 802085b4 <__lock___malloc_recursive_mutex>
80200cfc:	3000006f          	j	80200ffc <__retarget_lock_release_recursive>

80200d00 <__utoa>:
__utoa():
80200d00:	00007797          	auipc	a5,0x7
80200d04:	32078793          	addi	a5,a5,800 # 80208020 <__modsi3+0x6920>
80200d08:	0207a703          	lw	a4,32(a5)
80200d0c:	0007af83          	lw	t6,0(a5)
80200d10:	0047af03          	lw	t5,4(a5)
80200d14:	0087ae83          	lw	t4,8(a5)
80200d18:	00c7ae03          	lw	t3,12(a5)
80200d1c:	0107a303          	lw	t1,16(a5)
80200d20:	0147a883          	lw	a7,20(a5)
80200d24:	0187a803          	lw	a6,24(a5)
80200d28:	01c7a683          	lw	a3,28(a5)
80200d2c:	00007797          	auipc	a5,0x7
80200d30:	3187c783          	lbu	a5,792(a5) # 80208044 <__modsi3+0x6944>
80200d34:	fb010113          	addi	sp,sp,-80
80200d38:	03512a23          	sw	s5,52(sp)
80200d3c:	02e12423          	sw	a4,40(sp)
80200d40:	02f10623          	sb	a5,44(sp)
80200d44:	04112623          	sw	ra,76(sp)
80200d48:	01f12423          	sw	t6,8(sp)
80200d4c:	01e12623          	sw	t5,12(sp)
80200d50:	01d12823          	sw	t4,16(sp)
80200d54:	01c12a23          	sw	t3,20(sp)
80200d58:	00612c23          	sw	t1,24(sp)
80200d5c:	01112e23          	sw	a7,28(sp)
80200d60:	03012023          	sw	a6,32(sp)
80200d64:	02d12223          	sw	a3,36(sp)
80200d68:	ffe60713          	addi	a4,a2,-2
80200d6c:	02200793          	li	a5,34
80200d70:	00058a93          	mv	s5,a1
80200d74:	0ce7e463          	bltu	a5,a4,80200e3c <__utoa+0x13c>
80200d78:	04812423          	sw	s0,72(sp)
80200d7c:	04912223          	sw	s1,68(sp)
80200d80:	05212023          	sw	s2,64(sp)
80200d84:	03312e23          	sw	s3,60(sp)
80200d88:	03412c23          	sw	s4,56(sp)
80200d8c:	03612823          	sw	s6,48(sp)
80200d90:	00060493          	mv	s1,a2
80200d94:	00050413          	mv	s0,a0
80200d98:	00000913          	li	s2,0
80200d9c:	00048593          	mv	a1,s1
80200da0:	00040513          	mv	a0,s0
80200da4:	129000ef          	jal	802016cc <__umodsi3>
80200da8:	00250533          	add	a0,a0,sp
80200dac:	00854783          	lbu	a5,8(a0)
80200db0:	00090993          	mv	s3,s2
80200db4:	00190913          	addi	s2,s2,1
80200db8:	012a8a33          	add	s4,s5,s2
80200dbc:	00040513          	mv	a0,s0
80200dc0:	00048593          	mv	a1,s1
80200dc4:	fefa0fa3          	sb	a5,-1(s4)
80200dc8:	00040b13          	mv	s6,s0
80200dcc:	0b9000ef          	jal	80201684 <__hidden___udivsi3>
80200dd0:	00050413          	mv	s0,a0
80200dd4:	fc9b74e3          	bgeu	s6,s1,80200d9c <__utoa+0x9c>
80200dd8:	000a0023          	sb	zero,0(s4)
80200ddc:	02098a63          	beqz	s3,80200e10 <__utoa+0x110>
80200de0:	000a8693          	mv	a3,s5
80200de4:	013a8733          	add	a4,s5,s3
80200de8:	00000793          	li	a5,0
80200dec:	00074583          	lbu	a1,0(a4)
80200df0:	0006c603          	lbu	a2,0(a3)
80200df4:	00178793          	addi	a5,a5,1
80200df8:	00b68023          	sb	a1,0(a3)
80200dfc:	00c70023          	sb	a2,0(a4)
80200e00:	40f98633          	sub	a2,s3,a5
80200e04:	00168693          	addi	a3,a3,1
80200e08:	fff70713          	addi	a4,a4,-1
80200e0c:	fec7c0e3          	blt	a5,a2,80200dec <__utoa+0xec>
80200e10:	04812403          	lw	s0,72(sp)
80200e14:	04c12083          	lw	ra,76(sp)
80200e18:	04412483          	lw	s1,68(sp)
80200e1c:	04012903          	lw	s2,64(sp)
80200e20:	03c12983          	lw	s3,60(sp)
80200e24:	03812a03          	lw	s4,56(sp)
80200e28:	03012b03          	lw	s6,48(sp)
80200e2c:	000a8513          	mv	a0,s5
80200e30:	03412a83          	lw	s5,52(sp)
80200e34:	05010113          	addi	sp,sp,80
80200e38:	00008067          	ret
80200e3c:	00058023          	sb	zero,0(a1)
80200e40:	04c12083          	lw	ra,76(sp)
80200e44:	03412a83          	lw	s5,52(sp)
80200e48:	00000513          	li	a0,0
80200e4c:	05010113          	addi	sp,sp,80
80200e50:	00008067          	ret

80200e54 <strcat>:
strcat():
80200e54:	ff010113          	addi	sp,sp,-16
80200e58:	00812423          	sw	s0,8(sp)
80200e5c:	00112623          	sw	ra,12(sp)
80200e60:	00357793          	andi	a5,a0,3
80200e64:	00050413          	mv	s0,a0
80200e68:	06079663          	bnez	a5,80200ed4 <strcat+0x80>
80200e6c:	00052703          	lw	a4,0(a0)
80200e70:	feff0637          	lui	a2,0xfeff0
80200e74:	eff60613          	addi	a2,a2,-257 # fefefeff <__heap_end+0x7ecefeff>
80200e78:	00c707b3          	add	a5,a4,a2
80200e7c:	808086b7          	lui	a3,0x80808
80200e80:	fff74713          	not	a4,a4
80200e84:	00e7f7b3          	and	a5,a5,a4
80200e88:	08068693          	addi	a3,a3,128 # 80808080 <__heap_end+0x508080>
80200e8c:	00d7f7b3          	and	a5,a5,a3
80200e90:	04079263          	bnez	a5,80200ed4 <strcat+0x80>
80200e94:	00452703          	lw	a4,4(a0)
80200e98:	00450513          	addi	a0,a0,4
80200e9c:	00c707b3          	add	a5,a4,a2
80200ea0:	fff74713          	not	a4,a4
80200ea4:	00e7f7b3          	and	a5,a5,a4
80200ea8:	00d7f7b3          	and	a5,a5,a3
80200eac:	02079463          	bnez	a5,80200ed4 <strcat+0x80>
80200eb0:	00452703          	lw	a4,4(a0)
80200eb4:	00450513          	addi	a0,a0,4
80200eb8:	00c707b3          	add	a5,a4,a2
80200ebc:	fff74713          	not	a4,a4
80200ec0:	00e7f7b3          	and	a5,a5,a4
80200ec4:	00d7f7b3          	and	a5,a5,a3
80200ec8:	fc0786e3          	beqz	a5,80200e94 <strcat+0x40>
80200ecc:	0080006f          	j	80200ed4 <strcat+0x80>
80200ed0:	00150513          	addi	a0,a0,1
80200ed4:	00054783          	lbu	a5,0(a0)
80200ed8:	fe079ce3          	bnez	a5,80200ed0 <strcat+0x7c>
80200edc:	2d8000ef          	jal	802011b4 <strcpy>
80200ee0:	00c12083          	lw	ra,12(sp)
80200ee4:	00040513          	mv	a0,s0
80200ee8:	00812403          	lw	s0,8(sp)
80200eec:	01010113          	addi	sp,sp,16
80200ef0:	00008067          	ret

80200ef4 <strncat>:
strncat():
80200ef4:	00357713          	andi	a4,a0,3
80200ef8:	00050793          	mv	a5,a0
80200efc:	06071663          	bnez	a4,80200f68 <strncat+0x74>
80200f00:	00052683          	lw	a3,0(a0)
80200f04:	feff08b7          	lui	a7,0xfeff0
80200f08:	eff88893          	addi	a7,a7,-257 # fefefeff <__heap_end+0x7ecefeff>
80200f0c:	01168733          	add	a4,a3,a7
80200f10:	80808837          	lui	a6,0x80808
80200f14:	fff6c693          	not	a3,a3
80200f18:	00d77733          	and	a4,a4,a3
80200f1c:	08080813          	addi	a6,a6,128 # 80808080 <__heap_end+0x508080>
80200f20:	01077733          	and	a4,a4,a6
80200f24:	04071263          	bnez	a4,80200f68 <strncat+0x74>
80200f28:	0047a683          	lw	a3,4(a5)
80200f2c:	00478793          	addi	a5,a5,4
80200f30:	01168733          	add	a4,a3,a7
80200f34:	fff6c693          	not	a3,a3
80200f38:	00d77733          	and	a4,a4,a3
80200f3c:	01077733          	and	a4,a4,a6
80200f40:	02071463          	bnez	a4,80200f68 <strncat+0x74>
80200f44:	0047a683          	lw	a3,4(a5)
80200f48:	00478793          	addi	a5,a5,4
80200f4c:	01168733          	add	a4,a3,a7
80200f50:	fff6c693          	not	a3,a3
80200f54:	00d77733          	and	a4,a4,a3
80200f58:	01077733          	and	a4,a4,a6
80200f5c:	fc0706e3          	beqz	a4,80200f28 <strncat+0x34>
80200f60:	0080006f          	j	80200f68 <strncat+0x74>
80200f64:	00178793          	addi	a5,a5,1
80200f68:	0007c703          	lbu	a4,0(a5)
80200f6c:	fe071ce3          	bnez	a4,80200f64 <strncat+0x70>
80200f70:	00c786b3          	add	a3,a5,a2
80200f74:	02060463          	beqz	a2,80200f9c <strncat+0xa8>
80200f78:	0005c703          	lbu	a4,0(a1)
80200f7c:	00178793          	addi	a5,a5,1
80200f80:	00158593          	addi	a1,a1,1
80200f84:	fee78fa3          	sb	a4,-1(a5)
80200f88:	00070863          	beqz	a4,80200f98 <strncat+0xa4>
80200f8c:	fef696e3          	bne	a3,a5,80200f78 <strncat+0x84>
80200f90:	00068023          	sb	zero,0(a3)
80200f94:	00008067          	ret
80200f98:	00008067          	ret
80200f9c:	00008067          	ret

80200fa0 <_sbrk_r>:
_sbrk_r():
80200fa0:	ff010113          	addi	sp,sp,-16
80200fa4:	00812423          	sw	s0,8(sp)
80200fa8:	00050413          	mv	s0,a0
80200fac:	00058513          	mv	a0,a1
80200fb0:	00007797          	auipc	a5,0x7
80200fb4:	6007a423          	sw	zero,1544(a5) # 802085b8 <errno>
80200fb8:	00112623          	sw	ra,12(sp)
80200fbc:	88cff0ef          	jal	80200048 <_sbrk>
80200fc0:	fff00793          	li	a5,-1
80200fc4:	00f50a63          	beq	a0,a5,80200fd8 <_sbrk_r+0x38>
80200fc8:	00c12083          	lw	ra,12(sp)
80200fcc:	00812403          	lw	s0,8(sp)
80200fd0:	01010113          	addi	sp,sp,16
80200fd4:	00008067          	ret
80200fd8:	00007797          	auipc	a5,0x7
80200fdc:	5e07a783          	lw	a5,1504(a5) # 802085b8 <errno>
80200fe0:	fe0784e3          	beqz	a5,80200fc8 <_sbrk_r+0x28>
80200fe4:	00c12083          	lw	ra,12(sp)
80200fe8:	00f42023          	sw	a5,0(s0)
80200fec:	00812403          	lw	s0,8(sp)
80200ff0:	01010113          	addi	sp,sp,16
80200ff4:	00008067          	ret

80200ff8 <__retarget_lock_acquire_recursive>:
__retarget_lock_acquire_recursive():
80200ff8:	00008067          	ret

80200ffc <__retarget_lock_release_recursive>:
__retarget_lock_release_recursive():
80200ffc:	00008067          	ret

80201000 <memcpy>:
memcpy():
80201000:	00a5c7b3          	xor	a5,a1,a0
80201004:	0037f793          	andi	a5,a5,3
80201008:	00c508b3          	add	a7,a0,a2
8020100c:	06079663          	bnez	a5,80201078 <memcpy+0x78>
80201010:	00463613          	sltiu	a2,a2,4
80201014:	06061263          	bnez	a2,80201078 <memcpy+0x78>
80201018:	00357793          	andi	a5,a0,3
8020101c:	00050713          	mv	a4,a0
80201020:	0c079a63          	bnez	a5,802010f4 <memcpy+0xf4>
80201024:	ffc8f613          	andi	a2,a7,-4
80201028:	40e606b3          	sub	a3,a2,a4
8020102c:	02000793          	li	a5,32
80201030:	06d7c463          	blt	a5,a3,80201098 <memcpy+0x98>
80201034:	00058693          	mv	a3,a1
80201038:	00070793          	mv	a5,a4
8020103c:	02c77a63          	bgeu	a4,a2,80201070 <memcpy+0x70>
80201040:	0006a803          	lw	a6,0(a3)
80201044:	00478793          	addi	a5,a5,4
80201048:	00468693          	addi	a3,a3,4
8020104c:	ff07ae23          	sw	a6,-4(a5)
80201050:	fec7e8e3          	bltu	a5,a2,80201040 <memcpy+0x40>
80201054:	fff60613          	addi	a2,a2,-1
80201058:	40e60633          	sub	a2,a2,a4
8020105c:	ffc67613          	andi	a2,a2,-4
80201060:	00458593          	addi	a1,a1,4
80201064:	00470713          	addi	a4,a4,4
80201068:	00c585b3          	add	a1,a1,a2
8020106c:	00c70733          	add	a4,a4,a2
80201070:	01176863          	bltu	a4,a7,80201080 <memcpy+0x80>
80201074:	00008067          	ret
80201078:	00050713          	mv	a4,a0
8020107c:	ff157ce3          	bgeu	a0,a7,80201074 <memcpy+0x74>
80201080:	0005c783          	lbu	a5,0(a1)
80201084:	00170713          	addi	a4,a4,1
80201088:	00158593          	addi	a1,a1,1
8020108c:	fef70fa3          	sb	a5,-1(a4)
80201090:	fee898e3          	bne	a7,a4,80201080 <memcpy+0x80>
80201094:	00008067          	ret
80201098:	0005a683          	lw	a3,0(a1)
8020109c:	0045a283          	lw	t0,4(a1)
802010a0:	0085af83          	lw	t6,8(a1)
802010a4:	00c5af03          	lw	t5,12(a1)
802010a8:	0105ae83          	lw	t4,16(a1)
802010ac:	0145ae03          	lw	t3,20(a1)
802010b0:	0185a303          	lw	t1,24(a1)
802010b4:	01c5a803          	lw	a6,28(a1)
802010b8:	00d72023          	sw	a3,0(a4)
802010bc:	0205a683          	lw	a3,32(a1)
802010c0:	02470713          	addi	a4,a4,36
802010c4:	fe572023          	sw	t0,-32(a4)
802010c8:	fed72e23          	sw	a3,-4(a4)
802010cc:	fff72223          	sw	t6,-28(a4)
802010d0:	40e606b3          	sub	a3,a2,a4
802010d4:	ffe72423          	sw	t5,-24(a4)
802010d8:	ffd72623          	sw	t4,-20(a4)
802010dc:	ffc72823          	sw	t3,-16(a4)
802010e0:	fe672a23          	sw	t1,-12(a4)
802010e4:	ff072c23          	sw	a6,-8(a4)
802010e8:	02458593          	addi	a1,a1,36
802010ec:	fad7c6e3          	blt	a5,a3,80201098 <memcpy+0x98>
802010f0:	f45ff06f          	j	80201034 <memcpy+0x34>
802010f4:	0005c683          	lbu	a3,0(a1)
802010f8:	00170713          	addi	a4,a4,1
802010fc:	00377793          	andi	a5,a4,3
80201100:	fed70fa3          	sb	a3,-1(a4)
80201104:	00158593          	addi	a1,a1,1
80201108:	f0078ee3          	beqz	a5,80201024 <memcpy+0x24>
8020110c:	0005c683          	lbu	a3,0(a1)
80201110:	00170713          	addi	a4,a4,1
80201114:	00377793          	andi	a5,a4,3
80201118:	fed70fa3          	sb	a3,-1(a4)
8020111c:	00158593          	addi	a1,a1,1
80201120:	fc079ae3          	bnez	a5,802010f4 <memcpy+0xf4>
80201124:	f01ff06f          	j	80201024 <memcpy+0x24>

80201128 <strlen>:
strlen():
80201128:	00357793          	andi	a5,a0,3
8020112c:	00050713          	mv	a4,a0
80201130:	04079c63          	bnez	a5,80201188 <strlen+0x60>
80201134:	7f7f86b7          	lui	a3,0x7f7f8
80201138:	f7f68693          	addi	a3,a3,-129 # 7f7f7f7f <app_entry-0xa08081>
8020113c:	fff00593          	li	a1,-1
80201140:	00072603          	lw	a2,0(a4)
80201144:	00470713          	addi	a4,a4,4
80201148:	00d677b3          	and	a5,a2,a3
8020114c:	00d787b3          	add	a5,a5,a3
80201150:	00c7e7b3          	or	a5,a5,a2
80201154:	00d7e7b3          	or	a5,a5,a3
80201158:	feb784e3          	beq	a5,a1,80201140 <strlen+0x18>
8020115c:	ffc74683          	lbu	a3,-4(a4)
80201160:	40a707b3          	sub	a5,a4,a0
80201164:	04068463          	beqz	a3,802011ac <strlen+0x84>
80201168:	ffd74683          	lbu	a3,-3(a4)
8020116c:	02068c63          	beqz	a3,802011a4 <strlen+0x7c>
80201170:	ffe74503          	lbu	a0,-2(a4)
80201174:	00a03533          	snez	a0,a0
80201178:	00f50533          	add	a0,a0,a5
8020117c:	ffe50513          	addi	a0,a0,-2
80201180:	00008067          	ret
80201184:	fa0688e3          	beqz	a3,80201134 <strlen+0xc>
80201188:	00074783          	lbu	a5,0(a4)
8020118c:	00170713          	addi	a4,a4,1
80201190:	00377693          	andi	a3,a4,3
80201194:	fe0798e3          	bnez	a5,80201184 <strlen+0x5c>
80201198:	40a70733          	sub	a4,a4,a0
8020119c:	fff70513          	addi	a0,a4,-1
802011a0:	00008067          	ret
802011a4:	ffd78513          	addi	a0,a5,-3
802011a8:	00008067          	ret
802011ac:	ffc78513          	addi	a0,a5,-4
802011b0:	00008067          	ret

802011b4 <strcpy>:
strcpy():
802011b4:	00b567b3          	or	a5,a0,a1
802011b8:	0037f793          	andi	a5,a5,3
802011bc:	08079063          	bnez	a5,8020123c <strcpy+0x88>
802011c0:	0005a703          	lw	a4,0(a1)
802011c4:	7f7f86b7          	lui	a3,0x7f7f8
802011c8:	f7f68693          	addi	a3,a3,-129 # 7f7f7f7f <app_entry-0xa08081>
802011cc:	00d77833          	and	a6,a4,a3
802011d0:	00d80833          	add	a6,a6,a3
802011d4:	00e86833          	or	a6,a6,a4
802011d8:	00d86833          	or	a6,a6,a3
802011dc:	fff00793          	li	a5,-1
802011e0:	00050613          	mv	a2,a0
802011e4:	02f81463          	bne	a6,a5,8020120c <strcpy+0x58>
802011e8:	00458593          	addi	a1,a1,4
802011ec:	00e62023          	sw	a4,0(a2)
802011f0:	0005a703          	lw	a4,0(a1)
802011f4:	00460613          	addi	a2,a2,4
802011f8:	00d777b3          	and	a5,a4,a3
802011fc:	00d787b3          	add	a5,a5,a3
80201200:	00e7e7b3          	or	a5,a5,a4
80201204:	00d7e7b3          	or	a5,a5,a3
80201208:	ff0780e3          	beq	a5,a6,802011e8 <strcpy+0x34>
8020120c:	0005c783          	lbu	a5,0(a1)
80201210:	0015c703          	lbu	a4,1(a1)
80201214:	0025c683          	lbu	a3,2(a1)
80201218:	00f60023          	sb	a5,0(a2)
8020121c:	00078a63          	beqz	a5,80201230 <strcpy+0x7c>
80201220:	00e600a3          	sb	a4,1(a2)
80201224:	00070663          	beqz	a4,80201230 <strcpy+0x7c>
80201228:	00d60123          	sb	a3,2(a2)
8020122c:	00069463          	bnez	a3,80201234 <strcpy+0x80>
80201230:	00008067          	ret
80201234:	000601a3          	sb	zero,3(a2)
80201238:	00008067          	ret
8020123c:	00050793          	mv	a5,a0
80201240:	0005c703          	lbu	a4,0(a1)
80201244:	00178793          	addi	a5,a5,1
80201248:	00158593          	addi	a1,a1,1
8020124c:	fee78fa3          	sb	a4,-1(a5)
80201250:	fe0718e3          	bnez	a4,80201240 <strcpy+0x8c>
80201254:	00008067          	ret

80201258 <_malloc_trim_r>:
_malloc_trim_r():
80201258:	fe010113          	addi	sp,sp,-32
8020125c:	00812c23          	sw	s0,24(sp)
80201260:	00912a23          	sw	s1,20(sp)
80201264:	01212823          	sw	s2,16(sp)
80201268:	01312623          	sw	s3,12(sp)
8020126c:	00058413          	mv	s0,a1
80201270:	00112e23          	sw	ra,28(sp)
80201274:	00050913          	mv	s2,a0
80201278:	00007997          	auipc	s3,0x7
8020127c:	dd098993          	addi	s3,s3,-560 # 80208048 <__malloc_av_>
80201280:	a69ff0ef          	jal	80200ce8 <__malloc_lock>
80201284:	0089a783          	lw	a5,8(s3)
80201288:	00001737          	lui	a4,0x1
8020128c:	0047a483          	lw	s1,4(a5)
80201290:	ffc4f493          	andi	s1,s1,-4
80201294:	7ff48793          	addi	a5,s1,2047
80201298:	7f078793          	addi	a5,a5,2032
8020129c:	40878433          	sub	s0,a5,s0
802012a0:	00c45413          	srli	s0,s0,0xc
802012a4:	fff40413          	addi	s0,s0,-1
802012a8:	00c41413          	slli	s0,s0,0xc
802012ac:	00e44e63          	blt	s0,a4,802012c8 <_malloc_trim_r+0x70>
802012b0:	00000593          	li	a1,0
802012b4:	00090513          	mv	a0,s2
802012b8:	ce9ff0ef          	jal	80200fa0 <_sbrk_r>
802012bc:	0089a783          	lw	a5,8(s3)
802012c0:	009787b3          	add	a5,a5,s1
802012c4:	02f50663          	beq	a0,a5,802012f0 <_malloc_trim_r+0x98>
802012c8:	00090513          	mv	a0,s2
802012cc:	a29ff0ef          	jal	80200cf4 <__malloc_unlock>
802012d0:	01c12083          	lw	ra,28(sp)
802012d4:	01812403          	lw	s0,24(sp)
802012d8:	01412483          	lw	s1,20(sp)
802012dc:	01012903          	lw	s2,16(sp)
802012e0:	00c12983          	lw	s3,12(sp)
802012e4:	00000513          	li	a0,0
802012e8:	02010113          	addi	sp,sp,32
802012ec:	00008067          	ret
802012f0:	408005b3          	neg	a1,s0
802012f4:	00090513          	mv	a0,s2
802012f8:	ca9ff0ef          	jal	80200fa0 <_sbrk_r>
802012fc:	fff00793          	li	a5,-1
80201300:	04f50863          	beq	a0,a5,80201350 <_malloc_trim_r+0xf8>
80201304:	0089a703          	lw	a4,8(s3)
80201308:	00007797          	auipc	a5,0x7
8020130c:	2b47a783          	lw	a5,692(a5) # 802085bc <__malloc_current_mallinfo>
80201310:	408484b3          	sub	s1,s1,s0
80201314:	0014e493          	ori	s1,s1,1
80201318:	00972223          	sw	s1,4(a4) # 1004 <app_entry-0x801feffc>
8020131c:	00090513          	mv	a0,s2
80201320:	408787b3          	sub	a5,a5,s0
80201324:	00007717          	auipc	a4,0x7
80201328:	28f72c23          	sw	a5,664(a4) # 802085bc <__malloc_current_mallinfo>
8020132c:	9c9ff0ef          	jal	80200cf4 <__malloc_unlock>
80201330:	01c12083          	lw	ra,28(sp)
80201334:	01812403          	lw	s0,24(sp)
80201338:	01412483          	lw	s1,20(sp)
8020133c:	01012903          	lw	s2,16(sp)
80201340:	00c12983          	lw	s3,12(sp)
80201344:	00100513          	li	a0,1
80201348:	02010113          	addi	sp,sp,32
8020134c:	00008067          	ret
80201350:	00000593          	li	a1,0
80201354:	00090513          	mv	a0,s2
80201358:	c49ff0ef          	jal	80200fa0 <_sbrk_r>
8020135c:	0089a703          	lw	a4,8(s3)
80201360:	00f00693          	li	a3,15
80201364:	40e507b3          	sub	a5,a0,a4
80201368:	f6f6d0e3          	bge	a3,a5,802012c8 <_malloc_trim_r+0x70>
8020136c:	00007697          	auipc	a3,0x7
80201370:	22c6a683          	lw	a3,556(a3) # 80208598 <__malloc_sbrk_base>
80201374:	0017e793          	ori	a5,a5,1
80201378:	00f72223          	sw	a5,4(a4)
8020137c:	40d50533          	sub	a0,a0,a3
80201380:	00007797          	auipc	a5,0x7
80201384:	22a7ae23          	sw	a0,572(a5) # 802085bc <__malloc_current_mallinfo>
80201388:	f41ff06f          	j	802012c8 <_malloc_trim_r+0x70>

8020138c <_free_r>:
_free_r():
8020138c:	12058463          	beqz	a1,802014b4 <_free_r+0x128>
80201390:	fe010113          	addi	sp,sp,-32
80201394:	00812c23          	sw	s0,24(sp)
80201398:	00b12623          	sw	a1,12(sp)
8020139c:	00050413          	mv	s0,a0
802013a0:	00112e23          	sw	ra,28(sp)
802013a4:	945ff0ef          	jal	80200ce8 <__malloc_lock>
802013a8:	00c12583          	lw	a1,12(sp)
802013ac:	00007897          	auipc	a7,0x7
802013b0:	c9c88893          	addi	a7,a7,-868 # 80208048 <__malloc_av_>
802013b4:	0088a803          	lw	a6,8(a7)
802013b8:	ffc5a503          	lw	a0,-4(a1)
802013bc:	ff858713          	addi	a4,a1,-8
802013c0:	ffe57793          	andi	a5,a0,-2
802013c4:	00f70633          	add	a2,a4,a5
802013c8:	00462683          	lw	a3,4(a2)
802013cc:	00157313          	andi	t1,a0,1
802013d0:	ffc6f693          	andi	a3,a3,-4
802013d4:	18c80863          	beq	a6,a2,80201564 <_free_r+0x1d8>
802013d8:	00d62223          	sw	a3,4(a2)
802013dc:	00d60833          	add	a6,a2,a3
802013e0:	00482803          	lw	a6,4(a6)
802013e4:	00187813          	andi	a6,a6,1
802013e8:	08031a63          	bnez	t1,8020147c <_free_r+0xf0>
802013ec:	ff85a303          	lw	t1,-8(a1)
802013f0:	00007517          	auipc	a0,0x7
802013f4:	c6050513          	addi	a0,a0,-928 # 80208050 <__malloc_av_+0x8>
802013f8:	40670733          	sub	a4,a4,t1
802013fc:	00872583          	lw	a1,8(a4)
80201400:	006787b3          	add	a5,a5,t1
80201404:	12a58a63          	beq	a1,a0,80201538 <_free_r+0x1ac>
80201408:	00c72303          	lw	t1,12(a4)
8020140c:	0065a623          	sw	t1,12(a1)
80201410:	00b32423          	sw	a1,8(t1)
80201414:	1a080063          	beqz	a6,802015b4 <_free_r+0x228>
80201418:	0017e693          	ori	a3,a5,1
8020141c:	00d72223          	sw	a3,4(a4)
80201420:	00f62023          	sw	a5,0(a2)
80201424:	1ff00693          	li	a3,511
80201428:	0af6e263          	bltu	a3,a5,802014cc <_free_r+0x140>
8020142c:	ff87f693          	andi	a3,a5,-8
80201430:	00868693          	addi	a3,a3,8
80201434:	0048a583          	lw	a1,4(a7)
80201438:	00d886b3          	add	a3,a7,a3
8020143c:	0006a603          	lw	a2,0(a3)
80201440:	0057d513          	srli	a0,a5,0x5
80201444:	00100793          	li	a5,1
80201448:	00a797b3          	sll	a5,a5,a0
8020144c:	00b7e7b3          	or	a5,a5,a1
80201450:	ff868593          	addi	a1,a3,-8
80201454:	00c72423          	sw	a2,8(a4)
80201458:	00b72623          	sw	a1,12(a4)
8020145c:	00f8a223          	sw	a5,4(a7)
80201460:	00e6a023          	sw	a4,0(a3)
80201464:	00e62623          	sw	a4,12(a2)
80201468:	00040513          	mv	a0,s0
8020146c:	01812403          	lw	s0,24(sp)
80201470:	01c12083          	lw	ra,28(sp)
80201474:	02010113          	addi	sp,sp,32
80201478:	87dff06f          	j	80200cf4 <__malloc_unlock>
8020147c:	02081e63          	bnez	a6,802014b8 <_free_r+0x12c>
80201480:	00d787b3          	add	a5,a5,a3
80201484:	00007517          	auipc	a0,0x7
80201488:	bcc50513          	addi	a0,a0,-1076 # 80208050 <__malloc_av_+0x8>
8020148c:	00862683          	lw	a3,8(a2)
80201490:	0017e813          	ori	a6,a5,1
80201494:	00f705b3          	add	a1,a4,a5
80201498:	16a68463          	beq	a3,a0,80201600 <_free_r+0x274>
8020149c:	00c62603          	lw	a2,12(a2)
802014a0:	00c6a623          	sw	a2,12(a3)
802014a4:	00d62423          	sw	a3,8(a2)
802014a8:	01072223          	sw	a6,4(a4)
802014ac:	00f5a023          	sw	a5,0(a1)
802014b0:	f75ff06f          	j	80201424 <_free_r+0x98>
802014b4:	00008067          	ret
802014b8:	00156513          	ori	a0,a0,1
802014bc:	fea5ae23          	sw	a0,-4(a1)
802014c0:	00f62023          	sw	a5,0(a2)
802014c4:	1ff00693          	li	a3,511
802014c8:	f6f6f2e3          	bgeu	a3,a5,8020142c <_free_r+0xa0>
802014cc:	0097d693          	srli	a3,a5,0x9
802014d0:	00400613          	li	a2,4
802014d4:	0ed66463          	bltu	a2,a3,802015bc <_free_r+0x230>
802014d8:	0067d693          	srli	a3,a5,0x6
802014dc:	03968593          	addi	a1,a3,57
802014e0:	00359593          	slli	a1,a1,0x3
802014e4:	03868613          	addi	a2,a3,56
802014e8:	00b885b3          	add	a1,a7,a1
802014ec:	0005a683          	lw	a3,0(a1)
802014f0:	ff858593          	addi	a1,a1,-8
802014f4:	00d59863          	bne	a1,a3,80201504 <_free_r+0x178>
802014f8:	1240006f          	j	8020161c <_free_r+0x290>
802014fc:	0086a683          	lw	a3,8(a3)
80201500:	00d58863          	beq	a1,a3,80201510 <_free_r+0x184>
80201504:	0046a603          	lw	a2,4(a3)
80201508:	ffc67613          	andi	a2,a2,-4
8020150c:	fec7e8e3          	bltu	a5,a2,802014fc <_free_r+0x170>
80201510:	00c6a583          	lw	a1,12(a3)
80201514:	00b72623          	sw	a1,12(a4)
80201518:	00d72423          	sw	a3,8(a4)
8020151c:	00040513          	mv	a0,s0
80201520:	01812403          	lw	s0,24(sp)
80201524:	01c12083          	lw	ra,28(sp)
80201528:	00e5a423          	sw	a4,8(a1)
8020152c:	00e6a623          	sw	a4,12(a3)
80201530:	02010113          	addi	sp,sp,32
80201534:	fc0ff06f          	j	80200cf4 <__malloc_unlock>
80201538:	0a081463          	bnez	a6,802015e0 <_free_r+0x254>
8020153c:	00c62583          	lw	a1,12(a2)
80201540:	00862603          	lw	a2,8(a2)
80201544:	00f686b3          	add	a3,a3,a5
80201548:	0016e793          	ori	a5,a3,1
8020154c:	00b62623          	sw	a1,12(a2)
80201550:	00c5a423          	sw	a2,8(a1)
80201554:	00f72223          	sw	a5,4(a4)
80201558:	00d70733          	add	a4,a4,a3
8020155c:	00d72023          	sw	a3,0(a4)
80201560:	f09ff06f          	j	80201468 <_free_r+0xdc>
80201564:	00d786b3          	add	a3,a5,a3
80201568:	02031063          	bnez	t1,80201588 <_free_r+0x1fc>
8020156c:	ff85a783          	lw	a5,-8(a1)
80201570:	40f70733          	sub	a4,a4,a5
80201574:	00872603          	lw	a2,8(a4)
80201578:	00f686b3          	add	a3,a3,a5
8020157c:	00c72783          	lw	a5,12(a4)
80201580:	00f62623          	sw	a5,12(a2)
80201584:	00c7a423          	sw	a2,8(a5)
80201588:	0016e613          	ori	a2,a3,1
8020158c:	00007797          	auipc	a5,0x7
80201590:	0107a783          	lw	a5,16(a5) # 8020859c <__malloc_trim_threshold>
80201594:	00c72223          	sw	a2,4(a4)
80201598:	00e8a423          	sw	a4,8(a7)
8020159c:	ecf6e6e3          	bltu	a3,a5,80201468 <_free_r+0xdc>
802015a0:	00007597          	auipc	a1,0x7
802015a4:	0105a583          	lw	a1,16(a1) # 802085b0 <__malloc_top_pad>
802015a8:	00040513          	mv	a0,s0
802015ac:	cadff0ef          	jal	80201258 <_malloc_trim_r>
802015b0:	eb9ff06f          	j	80201468 <_free_r+0xdc>
802015b4:	00d787b3          	add	a5,a5,a3
802015b8:	ed5ff06f          	j	8020148c <_free_r+0x100>
802015bc:	01400613          	li	a2,20
802015c0:	02d67863          	bgeu	a2,a3,802015f0 <_free_r+0x264>
802015c4:	05400613          	li	a2,84
802015c8:	06d66863          	bltu	a2,a3,80201638 <_free_r+0x2ac>
802015cc:	00c7d693          	srli	a3,a5,0xc
802015d0:	06f68593          	addi	a1,a3,111
802015d4:	00359593          	slli	a1,a1,0x3
802015d8:	06e68613          	addi	a2,a3,110
802015dc:	f0dff06f          	j	802014e8 <_free_r+0x15c>
802015e0:	0017e693          	ori	a3,a5,1
802015e4:	00d72223          	sw	a3,4(a4)
802015e8:	00f62023          	sw	a5,0(a2)
802015ec:	e7dff06f          	j	80201468 <_free_r+0xdc>
802015f0:	05c68593          	addi	a1,a3,92
802015f4:	00359593          	slli	a1,a1,0x3
802015f8:	05b68613          	addi	a2,a3,91
802015fc:	eedff06f          	j	802014e8 <_free_r+0x15c>
80201600:	00e8aa23          	sw	a4,20(a7)
80201604:	00e8a823          	sw	a4,16(a7)
80201608:	00a72623          	sw	a0,12(a4)
8020160c:	00a72423          	sw	a0,8(a4)
80201610:	01072223          	sw	a6,4(a4)
80201614:	00f5a023          	sw	a5,0(a1)
80201618:	e51ff06f          	j	80201468 <_free_r+0xdc>
8020161c:	0048a503          	lw	a0,4(a7)
80201620:	40265613          	srai	a2,a2,0x2
80201624:	00100793          	li	a5,1
80201628:	00c797b3          	sll	a5,a5,a2
8020162c:	00a7e7b3          	or	a5,a5,a0
80201630:	00f8a223          	sw	a5,4(a7)
80201634:	ee1ff06f          	j	80201514 <_free_r+0x188>
80201638:	15400613          	li	a2,340
8020163c:	00d66c63          	bltu	a2,a3,80201654 <_free_r+0x2c8>
80201640:	00f7d693          	srli	a3,a5,0xf
80201644:	07868593          	addi	a1,a3,120
80201648:	00359593          	slli	a1,a1,0x3
8020164c:	07768613          	addi	a2,a3,119
80201650:	e99ff06f          	j	802014e8 <_free_r+0x15c>
80201654:	55400613          	li	a2,1364
80201658:	00d66c63          	bltu	a2,a3,80201670 <_free_r+0x2e4>
8020165c:	0127d693          	srli	a3,a5,0x12
80201660:	07d68593          	addi	a1,a3,125
80201664:	00359593          	slli	a1,a1,0x3
80201668:	07c68613          	addi	a2,a3,124
8020166c:	e7dff06f          	j	802014e8 <_free_r+0x15c>
80201670:	3f800593          	li	a1,1016
80201674:	07e00613          	li	a2,126
80201678:	e71ff06f          	j	802014e8 <_free_r+0x15c>

8020167c <__divsi3>:
__divsi3():
8020167c:	06054063          	bltz	a0,802016dc <__umodsi3+0x10>
80201680:	0605c663          	bltz	a1,802016ec <__umodsi3+0x20>

80201684 <__hidden___udivsi3>:
80201684:	00058613          	mv	a2,a1
80201688:	00050593          	mv	a1,a0
8020168c:	fff00513          	li	a0,-1
80201690:	02060c63          	beqz	a2,802016c8 <__hidden___udivsi3+0x44>
80201694:	00100693          	li	a3,1
80201698:	00b67a63          	bgeu	a2,a1,802016ac <__hidden___udivsi3+0x28>
8020169c:	00c05863          	blez	a2,802016ac <__hidden___udivsi3+0x28>
802016a0:	00161613          	slli	a2,a2,0x1
802016a4:	00169693          	slli	a3,a3,0x1
802016a8:	feb66ae3          	bltu	a2,a1,8020169c <__hidden___udivsi3+0x18>
802016ac:	00000513          	li	a0,0
802016b0:	00c5e663          	bltu	a1,a2,802016bc <__hidden___udivsi3+0x38>
802016b4:	40c585b3          	sub	a1,a1,a2
802016b8:	00d56533          	or	a0,a0,a3
802016bc:	0016d693          	srli	a3,a3,0x1
802016c0:	00165613          	srli	a2,a2,0x1
802016c4:	fe0696e3          	bnez	a3,802016b0 <__hidden___udivsi3+0x2c>
802016c8:	00008067          	ret

802016cc <__umodsi3>:
802016cc:	00008293          	mv	t0,ra
802016d0:	fb5ff0ef          	jal	80201684 <__hidden___udivsi3>
802016d4:	00058513          	mv	a0,a1
802016d8:	00028067          	jr	t0
802016dc:	40a00533          	neg	a0,a0
802016e0:	00b04863          	bgtz	a1,802016f0 <__umodsi3+0x24>
802016e4:	40b005b3          	neg	a1,a1
802016e8:	f9dff06f          	j	80201684 <__hidden___udivsi3>
802016ec:	40b005b3          	neg	a1,a1
802016f0:	00008293          	mv	t0,ra
802016f4:	f91ff0ef          	jal	80201684 <__hidden___udivsi3>
802016f8:	40a00533          	neg	a0,a0
802016fc:	00028067          	jr	t0

80201700 <__modsi3>:
__modsi3():
80201700:	00008293          	mv	t0,ra
80201704:	0005ca63          	bltz	a1,80201718 <__modsi3+0x18>
80201708:	00054c63          	bltz	a0,80201720 <__modsi3+0x20>
8020170c:	f79ff0ef          	jal	80201684 <__hidden___udivsi3>
80201710:	00058513          	mv	a0,a1
80201714:	00028067          	jr	t0
80201718:	40b005b3          	neg	a1,a1
8020171c:	fe0558e3          	bgez	a0,8020170c <__modsi3+0xc>
80201720:	40a00533          	neg	a0,a0
80201724:	f61ff0ef          	jal	80201684 <__hidden___udivsi3>
80201728:	40b00533          	neg	a0,a1
8020172c:	00028067          	jr	t0
