
build/release/user/echo.elf:     file format elf32-littleriscv
build/release/user/echo.elf
architecture: riscv:rv32, flags 0x00000112:
EXEC_P, HAS_SYMS, D_PAGED
start address 0x80200000

Program Header:
0x70000003 off    0x00002034 vaddr 0x00000000 paddr 0x00000000 align 2**0
         filesz 0x0000004b memsz 0x00000000 flags r--
    LOAD off    0x00001000 vaddr 0x80200000 paddr 0x80200000 align 2**12
         filesz 0x000009a8 memsz 0x000009a8 flags r-x
    LOAD off    0x00002000 vaddr 0x80208000 paddr 0x80208000 align 2**12
         filesz 0x00000034 memsz 0x00000034 flags rw-

Sections:
Idx Name              Size      VMA       LMA       File off  Algn  Flags
  0 .text             000009a8  80200000  80200000  00001000  2**3  CONTENTS, ALLOC, LOAD, READONLY, CODE
  1 .rodata           00000030  80208000  80208000  00002000  2**3  CONTENTS, ALLOC, LOAD, READONLY, DATA
  2 .data             00000004  80208030  80208030  00002030  2**3  CONTENTS, ALLOC, LOAD, DATA
  3 .riscv.attributes 0000004b  00000000  00000000  00002034  2**0  CONTENTS, READONLY
  4 .comment          00000033  00000000  00000000  0000207f  2**0  CONTENTS, READONLY
SYMBOL TABLE:
80200000 l    d  .text	00000000 .text
80208000 l    d  .rodata	00000000 .rodata
80208030 l    d  .data	00000000 .data
00000000 l    d  .riscv.attributes	00000000 .riscv.attributes
00000000 l    d  .comment	00000000 .comment
00000000 l    df *ABS*	00000000 ccispSJA.o
00000000 l    df *ABS*	00000000 echo.c
00000000 l    df *ABS*	00000000 print.c
00000000 l    df *ABS*	00000000 servers.c
00000000 l    df *ABS*	00000000 syscall.c
80208030 l     O .data	00000004 sc
00000000 l    df *ABS*	00000000 libc_a-itoa.o
00000000 l    df *ABS*	00000000 libc_a-utoa.o
00000000 l    df *ABS*	00000000 libc_a-strcat.o
00000000 l    df *ABS*	00000000 libc_a-strncat.o
00000000 l    df *ABS*	00000000 libc_a-memcpy.o
00000000 l    df *ABS*	00000000 libc_a-strlen.o
00000000 l    df *ABS*	00000000 libc_a-strcpy.o
00000000 l    df *ABS*	00000000 div.o
80200850 g     F .text	000000a4 strcpy
802001e0 g     F .text	00000098 my_printf
80200000 g       .text	00000000 app_entry
8020069c g     F .text	00000128 memcpy
802008fc g     F .text	00000048 .hidden __hidden___udivsi3
802008fc g     F .text	00000048 .hidden __udivsi3
80200384 g     F .text	00000078 itoa
80200314 g     F .text	00000070 sys_send
80200550 g     F .text	000000a0 strcat
80200944 g     F .text	00000010 .hidden __umodsi3
80200094 g     F .text	0000014c format_to_str
802005f0 g     F .text	000000ac strncat
802003fc g     F .text	00000154 __utoa
80200010 g     F .text	00000084 main
802008f4 g     F .text	00000084 .hidden __divsi3
80300000 g       *ABS*	00000000 __heap_end
80208038 g       .data	00000000 __heap_start
802002ac g     F .text	00000068 term_write
80200278 g     F .text	00000034 exit
80200978 g     F .text	00000030 .hidden __modsi3
802007c4 g     F .text	0000008c strlen



Disassembly of section .text:

80200000 <app_entry>:
app_entry():
80200000:	00052503          	lw	a0,0(a0)
80200004:	80400137          	lui	sp,0x80400
80200008:	008000ef          	jal	80200010 <main>
8020000c:	26c000ef          	jal	80200278 <exit>

80200010 <main>:
main():
80200010:	fd010113          	addi	sp,sp,-48 # 803fffd0 <__heap_end+0xfffd0>
80200014:	02112623          	sw	ra,44(sp)
80200018:	02812423          	sw	s0,40(sp)
8020001c:	03010413          	addi	s0,sp,48
80200020:	fca42e23          	sw	a0,-36(s0)
80200024:	fcb42c23          	sw	a1,-40(s0)
80200028:	00100793          	li	a5,1
8020002c:	fef42623          	sw	a5,-20(s0)
80200030:	0340006f          	j	80200064 <main+0x54>
80200034:	fec42783          	lw	a5,-20(s0)
80200038:	00279793          	slli	a5,a5,0x2
8020003c:	fd842703          	lw	a4,-40(s0)
80200040:	00f707b3          	add	a5,a4,a5
80200044:	0007a783          	lw	a5,0(a5)
80200048:	00078593          	mv	a1,a5
8020004c:	802087b7          	lui	a5,0x80208
80200050:	00078513          	mv	a0,a5
80200054:	18c000ef          	jal	802001e0 <my_printf>
80200058:	fec42783          	lw	a5,-20(s0)
8020005c:	00178793          	addi	a5,a5,1 # 80208001 <__modsi3+0x7689>
80200060:	fef42623          	sw	a5,-20(s0)
80200064:	fdc42783          	lw	a5,-36(s0)
80200068:	fec42703          	lw	a4,-20(s0)
8020006c:	fcf764e3          	bltu	a4,a5,80200034 <main+0x24>
80200070:	802087b7          	lui	a5,0x80208
80200074:	00478513          	addi	a0,a5,4 # 80208004 <__modsi3+0x768c>
80200078:	168000ef          	jal	802001e0 <my_printf>
8020007c:	00000793          	li	a5,0
80200080:	00078513          	mv	a0,a5
80200084:	02c12083          	lw	ra,44(sp)
80200088:	02812403          	lw	s0,40(sp)
8020008c:	03010113          	addi	sp,sp,48
80200090:	00008067          	ret

80200094 <format_to_str>:
format_to_str():
80200094:	fe010113          	addi	sp,sp,-32
80200098:	00112e23          	sw	ra,28(sp)
8020009c:	00812c23          	sw	s0,24(sp)
802000a0:	00912a23          	sw	s1,20(sp)
802000a4:	02010413          	addi	s0,sp,32
802000a8:	fea42623          	sw	a0,-20(s0)
802000ac:	feb42423          	sw	a1,-24(s0)
802000b0:	fec42223          	sw	a2,-28(s0)
802000b4:	fec42783          	lw	a5,-20(s0)
802000b8:	00078023          	sb	zero,0(a5)
802000bc:	0fc0006f          	j	802001b8 <format_to_str+0x124>
802000c0:	fe842783          	lw	a5,-24(s0)
802000c4:	0007c703          	lbu	a4,0(a5)
802000c8:	02500793          	li	a5,37
802000cc:	00f70c63          	beq	a4,a5,802000e4 <format_to_str+0x50>
802000d0:	00100613          	li	a2,1
802000d4:	fe842583          	lw	a1,-24(s0)
802000d8:	fec42503          	lw	a0,-20(s0)
802000dc:	514000ef          	jal	802005f0 <strncat>
802000e0:	0cc0006f          	j	802001ac <format_to_str+0x118>
802000e4:	fe842783          	lw	a5,-24(s0)
802000e8:	00178793          	addi	a5,a5,1
802000ec:	fef42423          	sw	a5,-24(s0)
802000f0:	fe842783          	lw	a5,-24(s0)
802000f4:	0007c703          	lbu	a4,0(a5)
802000f8:	07300793          	li	a5,115
802000fc:	02f71263          	bne	a4,a5,80200120 <format_to_str+0x8c>
80200100:	fe442783          	lw	a5,-28(s0)
80200104:	00478713          	addi	a4,a5,4
80200108:	fee42223          	sw	a4,-28(s0)
8020010c:	0007a783          	lw	a5,0(a5)
80200110:	00078593          	mv	a1,a5
80200114:	fec42503          	lw	a0,-20(s0)
80200118:	438000ef          	jal	80200550 <strcat>
8020011c:	0900006f          	j	802001ac <format_to_str+0x118>
80200120:	fe842783          	lw	a5,-24(s0)
80200124:	0007c703          	lbu	a4,0(a5)
80200128:	06400793          	li	a5,100
8020012c:	02f71e63          	bne	a4,a5,80200168 <format_to_str+0xd4>
80200130:	fe442783          	lw	a5,-28(s0)
80200134:	00478713          	addi	a4,a5,4
80200138:	fee42223          	sw	a4,-28(s0)
8020013c:	0007a483          	lw	s1,0(a5)
80200140:	fec42503          	lw	a0,-20(s0)
80200144:	680000ef          	jal	802007c4 <strlen>
80200148:	00050713          	mv	a4,a0
8020014c:	fec42783          	lw	a5,-20(s0)
80200150:	00e787b3          	add	a5,a5,a4
80200154:	00a00613          	li	a2,10
80200158:	00078593          	mv	a1,a5
8020015c:	00048513          	mv	a0,s1
80200160:	224000ef          	jal	80200384 <itoa>
80200164:	0480006f          	j	802001ac <format_to_str+0x118>
80200168:	fe842783          	lw	a5,-24(s0)
8020016c:	0007c703          	lbu	a4,0(a5)
80200170:	07800793          	li	a5,120
80200174:	02f71c63          	bne	a4,a5,802001ac <format_to_str+0x118>
80200178:	fe442783          	lw	a5,-28(s0)
8020017c:	00478713          	addi	a4,a5,4
80200180:	fee42223          	sw	a4,-28(s0)
80200184:	0007a483          	lw	s1,0(a5)
80200188:	fec42503          	lw	a0,-20(s0)
8020018c:	638000ef          	jal	802007c4 <strlen>
80200190:	00050713          	mv	a4,a0
80200194:	fec42783          	lw	a5,-20(s0)
80200198:	00e787b3          	add	a5,a5,a4
8020019c:	01000613          	li	a2,16
802001a0:	00078593          	mv	a1,a5
802001a4:	00048513          	mv	a0,s1
802001a8:	1dc000ef          	jal	80200384 <itoa>
802001ac:	fe842783          	lw	a5,-24(s0)
802001b0:	00178793          	addi	a5,a5,1
802001b4:	fef42423          	sw	a5,-24(s0)
802001b8:	fe842783          	lw	a5,-24(s0)
802001bc:	0007c783          	lbu	a5,0(a5)
802001c0:	f00790e3          	bnez	a5,802000c0 <format_to_str+0x2c>
802001c4:	00000013          	nop
802001c8:	00000013          	nop
802001cc:	01c12083          	lw	ra,28(sp)
802001d0:	01812403          	lw	s0,24(sp)
802001d4:	01412483          	lw	s1,20(sp)
802001d8:	02010113          	addi	sp,sp,32
802001dc:	00008067          	ret

802001e0 <my_printf>:
my_printf():
802001e0:	db010113          	addi	sp,sp,-592
802001e4:	22112623          	sw	ra,556(sp)
802001e8:	22812423          	sw	s0,552(sp)
802001ec:	23010413          	addi	s0,sp,560
802001f0:	dca42e23          	sw	a0,-548(s0)
802001f4:	00b42223          	sw	a1,4(s0)
802001f8:	00c42423          	sw	a2,8(s0)
802001fc:	00d42623          	sw	a3,12(s0)
80200200:	00e42823          	sw	a4,16(s0)
80200204:	00f42a23          	sw	a5,20(s0)
80200208:	01042c23          	sw	a6,24(s0)
8020020c:	01142e23          	sw	a7,28(s0)
80200210:	de040823          	sb	zero,-528(s0)
80200214:	02040793          	addi	a5,s0,32
80200218:	dcf42c23          	sw	a5,-552(s0)
8020021c:	dd842783          	lw	a5,-552(s0)
80200220:	fe478793          	addi	a5,a5,-28
80200224:	def42623          	sw	a5,-532(s0)
80200228:	dec42703          	lw	a4,-532(s0)
8020022c:	df040793          	addi	a5,s0,-528
80200230:	00070613          	mv	a2,a4
80200234:	ddc42583          	lw	a1,-548(s0)
80200238:	00078513          	mv	a0,a5
8020023c:	e59ff0ef          	jal	80200094 <format_to_str>
80200240:	df040793          	addi	a5,s0,-528
80200244:	00078513          	mv	a0,a5
80200248:	57c000ef          	jal	802007c4 <strlen>
8020024c:	00050713          	mv	a4,a0
80200250:	df040793          	addi	a5,s0,-528
80200254:	00070593          	mv	a1,a4
80200258:	00078513          	mv	a0,a5
8020025c:	050000ef          	jal	802002ac <term_write>
80200260:	00000013          	nop
80200264:	00078513          	mv	a0,a5
80200268:	22c12083          	lw	ra,556(sp)
8020026c:	22812403          	lw	s0,552(sp)
80200270:	25010113          	addi	sp,sp,592
80200274:	00008067          	ret

80200278 <exit>:
exit():
80200278:	dd010113          	addi	sp,sp,-560
8020027c:	22112623          	sw	ra,556(sp)
80200280:	22812423          	sw	s0,552(sp)
80200284:	23010413          	addi	s0,sp,560
80200288:	dca42e23          	sw	a0,-548(s0)
8020028c:	00100793          	li	a5,1
80200290:	def42423          	sw	a5,-536(s0)
80200294:	de840793          	addi	a5,s0,-536
80200298:	20800613          	li	a2,520
8020029c:	00078593          	mv	a1,a5
802002a0:	00100513          	li	a0,1
802002a4:	070000ef          	jal	80200314 <sys_send>
802002a8:	0000006f          	j	802002a8 <exit+0x30>

802002ac <term_write>:
term_write():
802002ac:	dd010113          	addi	sp,sp,-560
802002b0:	22112623          	sw	ra,556(sp)
802002b4:	22812423          	sw	s0,552(sp)
802002b8:	23010413          	addi	s0,sp,560
802002bc:	dca42e23          	sw	a0,-548(s0)
802002c0:	dcb42c23          	sw	a1,-552(s0)
802002c4:	00100793          	li	a5,1
802002c8:	def42423          	sw	a5,-536(s0)
802002cc:	dd842783          	lw	a5,-552(s0)
802002d0:	def42623          	sw	a5,-532(s0)
802002d4:	de840793          	addi	a5,s0,-536
802002d8:	00878793          	addi	a5,a5,8
802002dc:	dd842603          	lw	a2,-552(s0)
802002e0:	ddc42583          	lw	a1,-548(s0)
802002e4:	00078513          	mv	a0,a5
802002e8:	3b4000ef          	jal	8020069c <memcpy>
802002ec:	de840793          	addi	a5,s0,-536
802002f0:	20800613          	li	a2,520
802002f4:	00078593          	mv	a1,a5
802002f8:	00200513          	li	a0,2
802002fc:	018000ef          	jal	80200314 <sys_send>
80200300:	00000013          	nop
80200304:	22c12083          	lw	ra,556(sp)
80200308:	22812403          	lw	s0,552(sp)
8020030c:	23010113          	addi	sp,sp,560
80200310:	00008067          	ret

80200314 <sys_send>:
sys_send():
80200314:	fe010113          	addi	sp,sp,-32
80200318:	00112e23          	sw	ra,28(sp)
8020031c:	00812c23          	sw	s0,24(sp)
80200320:	02010413          	addi	s0,sp,32
80200324:	fea42623          	sw	a0,-20(s0)
80200328:	feb42423          	sw	a1,-24(s0)
8020032c:	fec42223          	sw	a2,-28(s0)
80200330:	802087b7          	lui	a5,0x80208
80200334:	0307a783          	lw	a5,48(a5) # 80208030 <sc>
80200338:	00200713          	li	a4,2
8020033c:	00e7a023          	sw	a4,0(a5)
80200340:	802087b7          	lui	a5,0x80208
80200344:	0307a783          	lw	a5,48(a5) # 80208030 <sc>
80200348:	fec42703          	lw	a4,-20(s0)
8020034c:	00e7a423          	sw	a4,8(a5)
80200350:	802087b7          	lui	a5,0x80208
80200354:	0307a783          	lw	a5,48(a5) # 80208030 <sc>
80200358:	00c78793          	addi	a5,a5,12
8020035c:	fe442603          	lw	a2,-28(s0)
80200360:	fe842583          	lw	a1,-24(s0)
80200364:	00078513          	mv	a0,a5
80200368:	334000ef          	jal	8020069c <memcpy>
8020036c:	00000073          	ecall
80200370:	00000013          	nop
80200374:	01c12083          	lw	ra,28(sp)
80200378:	01812403          	lw	s0,24(sp)
8020037c:	02010113          	addi	sp,sp,32
80200380:	00008067          	ret

80200384 <itoa>:
itoa():
80200384:	ffe60713          	addi	a4,a2,-2
80200388:	02200793          	li	a5,34
8020038c:	06e7e263          	bltu	a5,a4,802003f0 <itoa+0x6c>
80200390:	fe010113          	addi	sp,sp,-32
80200394:	00112e23          	sw	ra,28(sp)
80200398:	ff660793          	addi	a5,a2,-10
8020039c:	02079a63          	bnez	a5,802003d0 <itoa+0x4c>
802003a0:	02055863          	bgez	a0,802003d0 <itoa+0x4c>
802003a4:	02d00793          	li	a5,45
802003a8:	00158713          	addi	a4,a1,1
802003ac:	00b12623          	sw	a1,12(sp)
802003b0:	00f58023          	sb	a5,0(a1)
802003b4:	40a00533          	neg	a0,a0
802003b8:	00070593          	mv	a1,a4
802003bc:	040000ef          	jal	802003fc <__utoa>
802003c0:	01c12083          	lw	ra,28(sp)
802003c4:	00c12503          	lw	a0,12(sp)
802003c8:	02010113          	addi	sp,sp,32
802003cc:	00008067          	ret
802003d0:	00058713          	mv	a4,a1
802003d4:	00b12623          	sw	a1,12(sp)
802003d8:	00070593          	mv	a1,a4
802003dc:	020000ef          	jal	802003fc <__utoa>
802003e0:	01c12083          	lw	ra,28(sp)
802003e4:	00c12503          	lw	a0,12(sp)
802003e8:	02010113          	addi	sp,sp,32
802003ec:	00008067          	ret
802003f0:	00058023          	sb	zero,0(a1)
802003f4:	00000513          	li	a0,0
802003f8:	00008067          	ret

802003fc <__utoa>:
__utoa():
802003fc:	00008797          	auipc	a5,0x8
80200400:	c0c78793          	addi	a5,a5,-1012 # 80208008 <__modsi3+0x7690>
80200404:	0207a703          	lw	a4,32(a5)
80200408:	0007af83          	lw	t6,0(a5)
8020040c:	0047af03          	lw	t5,4(a5)
80200410:	0087ae83          	lw	t4,8(a5)
80200414:	00c7ae03          	lw	t3,12(a5)
80200418:	0107a303          	lw	t1,16(a5)
8020041c:	0147a883          	lw	a7,20(a5)
80200420:	0187a803          	lw	a6,24(a5)
80200424:	01c7a683          	lw	a3,28(a5)
80200428:	00008797          	auipc	a5,0x8
8020042c:	c047c783          	lbu	a5,-1020(a5) # 8020802c <__modsi3+0x76b4>
80200430:	fb010113          	addi	sp,sp,-80
80200434:	03512a23          	sw	s5,52(sp)
80200438:	02e12423          	sw	a4,40(sp)
8020043c:	02f10623          	sb	a5,44(sp)
80200440:	04112623          	sw	ra,76(sp)
80200444:	01f12423          	sw	t6,8(sp)
80200448:	01e12623          	sw	t5,12(sp)
8020044c:	01d12823          	sw	t4,16(sp)
80200450:	01c12a23          	sw	t3,20(sp)
80200454:	00612c23          	sw	t1,24(sp)
80200458:	01112e23          	sw	a7,28(sp)
8020045c:	03012023          	sw	a6,32(sp)
80200460:	02d12223          	sw	a3,36(sp)
80200464:	ffe60713          	addi	a4,a2,-2
80200468:	02200793          	li	a5,34
8020046c:	00058a93          	mv	s5,a1
80200470:	0ce7e463          	bltu	a5,a4,80200538 <__utoa+0x13c>
80200474:	04812423          	sw	s0,72(sp)
80200478:	04912223          	sw	s1,68(sp)
8020047c:	05212023          	sw	s2,64(sp)
80200480:	03312e23          	sw	s3,60(sp)
80200484:	03412c23          	sw	s4,56(sp)
80200488:	03612823          	sw	s6,48(sp)
8020048c:	00060493          	mv	s1,a2
80200490:	00050413          	mv	s0,a0
80200494:	00000913          	li	s2,0
80200498:	00048593          	mv	a1,s1
8020049c:	00040513          	mv	a0,s0
802004a0:	4a4000ef          	jal	80200944 <__umodsi3>
802004a4:	00250533          	add	a0,a0,sp
802004a8:	00854783          	lbu	a5,8(a0)
802004ac:	00090993          	mv	s3,s2
802004b0:	00190913          	addi	s2,s2,1
802004b4:	012a8a33          	add	s4,s5,s2
802004b8:	00040513          	mv	a0,s0
802004bc:	00048593          	mv	a1,s1
802004c0:	fefa0fa3          	sb	a5,-1(s4)
802004c4:	00040b13          	mv	s6,s0
802004c8:	434000ef          	jal	802008fc <__hidden___udivsi3>
802004cc:	00050413          	mv	s0,a0
802004d0:	fc9b74e3          	bgeu	s6,s1,80200498 <__utoa+0x9c>
802004d4:	000a0023          	sb	zero,0(s4)
802004d8:	02098a63          	beqz	s3,8020050c <__utoa+0x110>
802004dc:	000a8693          	mv	a3,s5
802004e0:	013a8733          	add	a4,s5,s3
802004e4:	00000793          	li	a5,0
802004e8:	00074583          	lbu	a1,0(a4)
802004ec:	0006c603          	lbu	a2,0(a3)
802004f0:	00178793          	addi	a5,a5,1
802004f4:	00b68023          	sb	a1,0(a3)
802004f8:	00c70023          	sb	a2,0(a4)
802004fc:	40f98633          	sub	a2,s3,a5
80200500:	00168693          	addi	a3,a3,1
80200504:	fff70713          	addi	a4,a4,-1
80200508:	fec7c0e3          	blt	a5,a2,802004e8 <__utoa+0xec>
8020050c:	04812403          	lw	s0,72(sp)
80200510:	04c12083          	lw	ra,76(sp)
80200514:	04412483          	lw	s1,68(sp)
80200518:	04012903          	lw	s2,64(sp)
8020051c:	03c12983          	lw	s3,60(sp)
80200520:	03812a03          	lw	s4,56(sp)
80200524:	03012b03          	lw	s6,48(sp)
80200528:	000a8513          	mv	a0,s5
8020052c:	03412a83          	lw	s5,52(sp)
80200530:	05010113          	addi	sp,sp,80
80200534:	00008067          	ret
80200538:	00058023          	sb	zero,0(a1)
8020053c:	04c12083          	lw	ra,76(sp)
80200540:	03412a83          	lw	s5,52(sp)
80200544:	00000513          	li	a0,0
80200548:	05010113          	addi	sp,sp,80
8020054c:	00008067          	ret

80200550 <strcat>:
strcat():
80200550:	ff010113          	addi	sp,sp,-16
80200554:	00812423          	sw	s0,8(sp)
80200558:	00112623          	sw	ra,12(sp)
8020055c:	00357793          	andi	a5,a0,3
80200560:	00050413          	mv	s0,a0
80200564:	06079663          	bnez	a5,802005d0 <strcat+0x80>
80200568:	00052703          	lw	a4,0(a0)
8020056c:	feff0637          	lui	a2,0xfeff0
80200570:	eff60613          	addi	a2,a2,-257 # fefefeff <__heap_end+0x7ecefeff>
80200574:	00c707b3          	add	a5,a4,a2
80200578:	808086b7          	lui	a3,0x80808
8020057c:	fff74713          	not	a4,a4
80200580:	00e7f7b3          	and	a5,a5,a4
80200584:	08068693          	addi	a3,a3,128 # 80808080 <__heap_end+0x508080>
80200588:	00d7f7b3          	and	a5,a5,a3
8020058c:	04079263          	bnez	a5,802005d0 <strcat+0x80>
80200590:	00452703          	lw	a4,4(a0)
80200594:	00450513          	addi	a0,a0,4
80200598:	00c707b3          	add	a5,a4,a2
8020059c:	fff74713          	not	a4,a4
802005a0:	00e7f7b3          	and	a5,a5,a4
802005a4:	00d7f7b3          	and	a5,a5,a3
802005a8:	02079463          	bnez	a5,802005d0 <strcat+0x80>
802005ac:	00452703          	lw	a4,4(a0)
802005b0:	00450513          	addi	a0,a0,4
802005b4:	00c707b3          	add	a5,a4,a2
802005b8:	fff74713          	not	a4,a4
802005bc:	00e7f7b3          	and	a5,a5,a4
802005c0:	00d7f7b3          	and	a5,a5,a3
802005c4:	fc0786e3          	beqz	a5,80200590 <strcat+0x40>
802005c8:	0080006f          	j	802005d0 <strcat+0x80>
802005cc:	00150513          	addi	a0,a0,1
802005d0:	00054783          	lbu	a5,0(a0)
802005d4:	fe079ce3          	bnez	a5,802005cc <strcat+0x7c>
802005d8:	278000ef          	jal	80200850 <strcpy>
802005dc:	00c12083          	lw	ra,12(sp)
802005e0:	00040513          	mv	a0,s0
802005e4:	00812403          	lw	s0,8(sp)
802005e8:	01010113          	addi	sp,sp,16
802005ec:	00008067          	ret

802005f0 <strncat>:
strncat():
802005f0:	00357713          	andi	a4,a0,3
802005f4:	00050793          	mv	a5,a0
802005f8:	06071663          	bnez	a4,80200664 <strncat+0x74>
802005fc:	00052683          	lw	a3,0(a0)
80200600:	feff08b7          	lui	a7,0xfeff0
80200604:	eff88893          	addi	a7,a7,-257 # fefefeff <__heap_end+0x7ecefeff>
80200608:	01168733          	add	a4,a3,a7
8020060c:	80808837          	lui	a6,0x80808
80200610:	fff6c693          	not	a3,a3
80200614:	00d77733          	and	a4,a4,a3
80200618:	08080813          	addi	a6,a6,128 # 80808080 <__heap_end+0x508080>
8020061c:	01077733          	and	a4,a4,a6
80200620:	04071263          	bnez	a4,80200664 <strncat+0x74>
80200624:	0047a683          	lw	a3,4(a5)
80200628:	00478793          	addi	a5,a5,4
8020062c:	01168733          	add	a4,a3,a7
80200630:	fff6c693          	not	a3,a3
80200634:	00d77733          	and	a4,a4,a3
80200638:	01077733          	and	a4,a4,a6
8020063c:	02071463          	bnez	a4,80200664 <strncat+0x74>
80200640:	0047a683          	lw	a3,4(a5)
80200644:	00478793          	addi	a5,a5,4
80200648:	01168733          	add	a4,a3,a7
8020064c:	fff6c693          	not	a3,a3
80200650:	00d77733          	and	a4,a4,a3
80200654:	01077733          	and	a4,a4,a6
80200658:	fc0706e3          	beqz	a4,80200624 <strncat+0x34>
8020065c:	0080006f          	j	80200664 <strncat+0x74>
80200660:	00178793          	addi	a5,a5,1
80200664:	0007c703          	lbu	a4,0(a5)
80200668:	fe071ce3          	bnez	a4,80200660 <strncat+0x70>
8020066c:	00c786b3          	add	a3,a5,a2
80200670:	02060463          	beqz	a2,80200698 <strncat+0xa8>
80200674:	0005c703          	lbu	a4,0(a1)
80200678:	00178793          	addi	a5,a5,1
8020067c:	00158593          	addi	a1,a1,1
80200680:	fee78fa3          	sb	a4,-1(a5)
80200684:	00070863          	beqz	a4,80200694 <strncat+0xa4>
80200688:	fef696e3          	bne	a3,a5,80200674 <strncat+0x84>
8020068c:	00068023          	sb	zero,0(a3)
80200690:	00008067          	ret
80200694:	00008067          	ret
80200698:	00008067          	ret

8020069c <memcpy>:
memcpy():
8020069c:	00a5c7b3          	xor	a5,a1,a0
802006a0:	0037f793          	andi	a5,a5,3
802006a4:	00c508b3          	add	a7,a0,a2
802006a8:	06079663          	bnez	a5,80200714 <memcpy+0x78>
802006ac:	00463613          	sltiu	a2,a2,4
802006b0:	06061263          	bnez	a2,80200714 <memcpy+0x78>
802006b4:	00357793          	andi	a5,a0,3
802006b8:	00050713          	mv	a4,a0
802006bc:	0c079a63          	bnez	a5,80200790 <memcpy+0xf4>
802006c0:	ffc8f613          	andi	a2,a7,-4
802006c4:	40e606b3          	sub	a3,a2,a4
802006c8:	02000793          	li	a5,32
802006cc:	06d7c463          	blt	a5,a3,80200734 <memcpy+0x98>
802006d0:	00058693          	mv	a3,a1
802006d4:	00070793          	mv	a5,a4
802006d8:	02c77a63          	bgeu	a4,a2,8020070c <memcpy+0x70>
802006dc:	0006a803          	lw	a6,0(a3)
802006e0:	00478793          	addi	a5,a5,4
802006e4:	00468693          	addi	a3,a3,4
802006e8:	ff07ae23          	sw	a6,-4(a5)
802006ec:	fec7e8e3          	bltu	a5,a2,802006dc <memcpy+0x40>
802006f0:	fff60613          	addi	a2,a2,-1
802006f4:	40e60633          	sub	a2,a2,a4
802006f8:	ffc67613          	andi	a2,a2,-4
802006fc:	00458593          	addi	a1,a1,4
80200700:	00470713          	addi	a4,a4,4
80200704:	00c585b3          	add	a1,a1,a2
80200708:	00c70733          	add	a4,a4,a2
8020070c:	01176863          	bltu	a4,a7,8020071c <memcpy+0x80>
80200710:	00008067          	ret
80200714:	00050713          	mv	a4,a0
80200718:	ff157ce3          	bgeu	a0,a7,80200710 <memcpy+0x74>
8020071c:	0005c783          	lbu	a5,0(a1)
80200720:	00170713          	addi	a4,a4,1
80200724:	00158593          	addi	a1,a1,1
80200728:	fef70fa3          	sb	a5,-1(a4)
8020072c:	fee898e3          	bne	a7,a4,8020071c <memcpy+0x80>
80200730:	00008067          	ret
80200734:	0005a683          	lw	a3,0(a1)
80200738:	0045a283          	lw	t0,4(a1)
8020073c:	0085af83          	lw	t6,8(a1)
80200740:	00c5af03          	lw	t5,12(a1)
80200744:	0105ae83          	lw	t4,16(a1)
80200748:	0145ae03          	lw	t3,20(a1)
8020074c:	0185a303          	lw	t1,24(a1)
80200750:	01c5a803          	lw	a6,28(a1)
80200754:	00d72023          	sw	a3,0(a4)
80200758:	0205a683          	lw	a3,32(a1)
8020075c:	02470713          	addi	a4,a4,36
80200760:	fe572023          	sw	t0,-32(a4)
80200764:	fed72e23          	sw	a3,-4(a4)
80200768:	fff72223          	sw	t6,-28(a4)
8020076c:	40e606b3          	sub	a3,a2,a4
80200770:	ffe72423          	sw	t5,-24(a4)
80200774:	ffd72623          	sw	t4,-20(a4)
80200778:	ffc72823          	sw	t3,-16(a4)
8020077c:	fe672a23          	sw	t1,-12(a4)
80200780:	ff072c23          	sw	a6,-8(a4)
80200784:	02458593          	addi	a1,a1,36
80200788:	fad7c6e3          	blt	a5,a3,80200734 <memcpy+0x98>
8020078c:	f45ff06f          	j	802006d0 <memcpy+0x34>
80200790:	0005c683          	lbu	a3,0(a1)
80200794:	00170713          	addi	a4,a4,1
80200798:	00377793          	andi	a5,a4,3
8020079c:	fed70fa3          	sb	a3,-1(a4)
802007a0:	00158593          	addi	a1,a1,1
802007a4:	f0078ee3          	beqz	a5,802006c0 <memcpy+0x24>
802007a8:	0005c683          	lbu	a3,0(a1)
802007ac:	00170713          	addi	a4,a4,1
802007b0:	00377793          	andi	a5,a4,3
802007b4:	fed70fa3          	sb	a3,-1(a4)
802007b8:	00158593          	addi	a1,a1,1
802007bc:	fc079ae3          	bnez	a5,80200790 <memcpy+0xf4>
802007c0:	f01ff06f          	j	802006c0 <memcpy+0x24>

802007c4 <strlen>:
strlen():
802007c4:	00357793          	andi	a5,a0,3
802007c8:	00050713          	mv	a4,a0
802007cc:	04079c63          	bnez	a5,80200824 <strlen+0x60>
802007d0:	7f7f86b7          	lui	a3,0x7f7f8
802007d4:	f7f68693          	addi	a3,a3,-129 # 7f7f7f7f <app_entry-0xa08081>
802007d8:	fff00593          	li	a1,-1
802007dc:	00072603          	lw	a2,0(a4)
802007e0:	00470713          	addi	a4,a4,4
802007e4:	00d677b3          	and	a5,a2,a3
802007e8:	00d787b3          	add	a5,a5,a3
802007ec:	00c7e7b3          	or	a5,a5,a2
802007f0:	00d7e7b3          	or	a5,a5,a3
802007f4:	feb784e3          	beq	a5,a1,802007dc <strlen+0x18>
802007f8:	ffc74683          	lbu	a3,-4(a4)
802007fc:	40a707b3          	sub	a5,a4,a0
80200800:	04068463          	beqz	a3,80200848 <strlen+0x84>
80200804:	ffd74683          	lbu	a3,-3(a4)
80200808:	02068c63          	beqz	a3,80200840 <strlen+0x7c>
8020080c:	ffe74503          	lbu	a0,-2(a4)
80200810:	00a03533          	snez	a0,a0
80200814:	00f50533          	add	a0,a0,a5
80200818:	ffe50513          	addi	a0,a0,-2
8020081c:	00008067          	ret
80200820:	fa0688e3          	beqz	a3,802007d0 <strlen+0xc>
80200824:	00074783          	lbu	a5,0(a4)
80200828:	00170713          	addi	a4,a4,1
8020082c:	00377693          	andi	a3,a4,3
80200830:	fe0798e3          	bnez	a5,80200820 <strlen+0x5c>
80200834:	40a70733          	sub	a4,a4,a0
80200838:	fff70513          	addi	a0,a4,-1
8020083c:	00008067          	ret
80200840:	ffd78513          	addi	a0,a5,-3
80200844:	00008067          	ret
80200848:	ffc78513          	addi	a0,a5,-4
8020084c:	00008067          	ret

80200850 <strcpy>:
strcpy():
80200850:	00b567b3          	or	a5,a0,a1
80200854:	0037f793          	andi	a5,a5,3
80200858:	08079063          	bnez	a5,802008d8 <strcpy+0x88>
8020085c:	0005a703          	lw	a4,0(a1)
80200860:	7f7f86b7          	lui	a3,0x7f7f8
80200864:	f7f68693          	addi	a3,a3,-129 # 7f7f7f7f <app_entry-0xa08081>
80200868:	00d77833          	and	a6,a4,a3
8020086c:	00d80833          	add	a6,a6,a3
80200870:	00e86833          	or	a6,a6,a4
80200874:	00d86833          	or	a6,a6,a3
80200878:	fff00793          	li	a5,-1
8020087c:	00050613          	mv	a2,a0
80200880:	02f81463          	bne	a6,a5,802008a8 <strcpy+0x58>
80200884:	00458593          	addi	a1,a1,4
80200888:	00e62023          	sw	a4,0(a2)
8020088c:	0005a703          	lw	a4,0(a1)
80200890:	00460613          	addi	a2,a2,4
80200894:	00d777b3          	and	a5,a4,a3
80200898:	00d787b3          	add	a5,a5,a3
8020089c:	00e7e7b3          	or	a5,a5,a4
802008a0:	00d7e7b3          	or	a5,a5,a3
802008a4:	ff0780e3          	beq	a5,a6,80200884 <strcpy+0x34>
802008a8:	0005c783          	lbu	a5,0(a1)
802008ac:	0015c703          	lbu	a4,1(a1)
802008b0:	0025c683          	lbu	a3,2(a1)
802008b4:	00f60023          	sb	a5,0(a2)
802008b8:	00078a63          	beqz	a5,802008cc <strcpy+0x7c>
802008bc:	00e600a3          	sb	a4,1(a2)
802008c0:	00070663          	beqz	a4,802008cc <strcpy+0x7c>
802008c4:	00d60123          	sb	a3,2(a2)
802008c8:	00069463          	bnez	a3,802008d0 <strcpy+0x80>
802008cc:	00008067          	ret
802008d0:	000601a3          	sb	zero,3(a2)
802008d4:	00008067          	ret
802008d8:	00050793          	mv	a5,a0
802008dc:	0005c703          	lbu	a4,0(a1)
802008e0:	00178793          	addi	a5,a5,1
802008e4:	00158593          	addi	a1,a1,1
802008e8:	fee78fa3          	sb	a4,-1(a5)
802008ec:	fe0718e3          	bnez	a4,802008dc <strcpy+0x8c>
802008f0:	00008067          	ret

802008f4 <__divsi3>:
__divsi3():
802008f4:	06054063          	bltz	a0,80200954 <__umodsi3+0x10>
802008f8:	0605c663          	bltz	a1,80200964 <__umodsi3+0x20>

802008fc <__hidden___udivsi3>:
802008fc:	00058613          	mv	a2,a1
80200900:	00050593          	mv	a1,a0
80200904:	fff00513          	li	a0,-1
80200908:	02060c63          	beqz	a2,80200940 <__hidden___udivsi3+0x44>
8020090c:	00100693          	li	a3,1
80200910:	00b67a63          	bgeu	a2,a1,80200924 <__hidden___udivsi3+0x28>
80200914:	00c05863          	blez	a2,80200924 <__hidden___udivsi3+0x28>
80200918:	00161613          	slli	a2,a2,0x1
8020091c:	00169693          	slli	a3,a3,0x1
80200920:	feb66ae3          	bltu	a2,a1,80200914 <__hidden___udivsi3+0x18>
80200924:	00000513          	li	a0,0
80200928:	00c5e663          	bltu	a1,a2,80200934 <__hidden___udivsi3+0x38>
8020092c:	40c585b3          	sub	a1,a1,a2
80200930:	00d56533          	or	a0,a0,a3
80200934:	0016d693          	srli	a3,a3,0x1
80200938:	00165613          	srli	a2,a2,0x1
8020093c:	fe0696e3          	bnez	a3,80200928 <__hidden___udivsi3+0x2c>
80200940:	00008067          	ret

80200944 <__umodsi3>:
80200944:	00008293          	mv	t0,ra
80200948:	fb5ff0ef          	jal	802008fc <__hidden___udivsi3>
8020094c:	00058513          	mv	a0,a1
80200950:	00028067          	jr	t0
80200954:	40a00533          	neg	a0,a0
80200958:	00b04863          	bgtz	a1,80200968 <__umodsi3+0x24>
8020095c:	40b005b3          	neg	a1,a1
80200960:	f9dff06f          	j	802008fc <__hidden___udivsi3>
80200964:	40b005b3          	neg	a1,a1
80200968:	00008293          	mv	t0,ra
8020096c:	f91ff0ef          	jal	802008fc <__hidden___udivsi3>
80200970:	40a00533          	neg	a0,a0
80200974:	00028067          	jr	t0

80200978 <__modsi3>:
__modsi3():
80200978:	00008293          	mv	t0,ra
8020097c:	0005ca63          	bltz	a1,80200990 <__modsi3+0x18>
80200980:	00054c63          	bltz	a0,80200998 <__modsi3+0x20>
80200984:	f79ff0ef          	jal	802008fc <__hidden___udivsi3>
80200988:	00058513          	mv	a0,a1
8020098c:	00028067          	jr	t0
80200990:	40b005b3          	neg	a1,a1
80200994:	fe0558e3          	bgez	a0,80200984 <__modsi3+0xc>
80200998:	40a00533          	neg	a0,a0
8020099c:	f61ff0ef          	jal	802008fc <__hidden___udivsi3>
802009a0:	40b00533          	neg	a0,a1
802009a4:	00028067          	jr	t0
