
build/release/user/grep.elf:     file format elf32-littleriscv
build/release/user/grep.elf
architecture: riscv:rv32, flags 0x00000112:
EXEC_P, HAS_SYMS, D_PAGED
start address 0x80200000

Program Header:
0x70000003 off    0x000032e8 vaddr 0x00000000 paddr 0x00000000 align 2**0
         filesz 0x0000004b memsz 0x00000000 flags r--
    LOAD off    0x00001000 vaddr 0x80200000 paddr 0x80200000 align 2**12
         filesz 0x00001d2c memsz 0x00001d2c flags r-x
    LOAD off    0x00003000 vaddr 0x80208000 paddr 0x80208000 align 2**12
         filesz 0x000002e8 memsz 0x00000924 flags rw-

Sections:
Idx Name              Size      VMA       LMA       File off  Algn  Flags
  0 .text             00001d2c  80200000  80200000  00001000  2**3  CONTENTS, ALLOC, LOAD, READONLY, CODE
  1 .rodata           000001a0  80208000  80208000  00003000  2**3  CONTENTS, ALLOC, LOAD, READONLY, DATA
  2 .data             00000148  802081a0  802081a0  000031a0  2**3  CONTENTS, ALLOC, LOAD, DATA
  3 .bss              0000063c  802082e8  802082e8  000032e8  2**3  ALLOC
  4 .riscv.attributes 0000004b  00000000  00000000  000032e8  2**0  CONTENTS, READONLY
  5 .comment          00000033  00000000  00000000  00003333  2**0  CONTENTS, READONLY
SYMBOL TABLE:
80200000 l    d  .text	00000000 .text
80208000 l    d  .rodata	00000000 .rodata
802081a0 l    d  .data	00000000 .data
802082e8 l    d  .bss	00000000 .bss
00000000 l    d  .riscv.attributes	00000000 .riscv.attributes
00000000 l    d  .comment	00000000 .comment
00000000 l    df *ABS*	00000000 ccQ9yqFl.o
00000000 l    df *ABS*	00000000 grep.c
802082ec l     O .bss	00000100 pattern.0
00000000 l    df *ABS*	00000000 print.c
00000000 l    df *ABS*	00000000 servers.c
802082e8 l     O .bss	00000004 sender
802083ec l     O .bss	00000400 buf
00000000 l    df *ABS*	00000000 syscall.c
802082e0 l     O .data	00000004 sc
00000000 l    df *ABS*	00000000 libc_a-atoi.o
00000000 l    df *ABS*	00000000 libc_a-itoa.o
00000000 l    df *ABS*	00000000 libc_a-strtol.o
802008a0 l     F .text	00000370 _strtol_l.part.0
00000000 l    df *ABS*	00000000 libc_a-utoa.o
00000000 l    df *ABS*	00000000 libc_a-strcat.o
00000000 l    df *ABS*	00000000 libc_a-strncat.o
00000000 l    df *ABS*	00000000 libc_a-strncmp.o
00000000 l    df *ABS*	00000000 libc_a-strtok.o
00000000 l    df *ABS*	00000000 libc_a-strtok_r.o
00000000 l    df *ABS*	00000000 libc_a-strstr.o
80201054 l     F .text	00000124 critical_factorization
80201178 l     F .text	00000314 two_way_long_needle
00000000 l    df *ABS*	00000000 libc_a-errno.o
00000000 l    df *ABS*	00000000 libc_a-memset.o
00000000 l    df *ABS*	00000000 libc_a-memcpy.o
00000000 l    df *ABS*	00000000 libc_a-strlen.o
00000000 l    df *ABS*	00000000 libc_a-strcpy.o
00000000 l    df *ABS*	00000000 libc_a-memcmp.o
00000000 l    df *ABS*	00000000 libc_a-strchr.o
00000000 l    df *ABS*	00000000 libc_a-strnlen.o
00000000 l    df *ABS*	00000000 muldi3.o
00000000 l    df *ABS*	00000000 div.o
8020078c g     F .text	00000090 sys_recv
802019d4 g     F .text	000000a4 strcpy
80200340 g     F .text	00000098 my_printf
80200fb8 g     F .text	0000009c __strtok_r
80201738 g     F .text	0000000c __errno
80200000 g       .text	00000000 app_entry
80201820 g     F .text	00000128 memcpy
80201c80 g     F .text	00000048 .hidden __hidden___udivsi3
80201c80 g     F .text	00000048 .hidden __udivsi3
80200828 g     F .text	00000078 itoa
80200c10 g     F .text	00000050 strtol
80201c24 g     F .text	00000030 strnlen
802087ec g     O .bss	00000138 __sf
8020071c g     F .text	00000070 sys_send
80200db4 g     F .text	000000a0 strcat
80201cc8 g     F .text	00000010 .hidden __umodsi3
80200600 g     F .text	000000b4 file_read
802001f4 g     F .text	0000014c format_to_str
8020148c g     F .text	000002ac strstr
80200f00 g     F .text	000000a4 strncmp
80201c54 g     F .text	00000024 .hidden __mulsi3
80200fa4 g     F .text	00000014 strtok
80201a78 g     F .text	0000006c memcmp
80200e54 g     F .text	000000ac strncat
80200c60 g     F .text	00000154 __utoa
80201744 g     F .text	000000dc memset
80200010 g     F .text	000001e4 main
80201c78 g     F .text	00000084 .hidden __divsi3
80300000 g       *ABS*	00000000 __heap_end
802082e4 g     O .data	00000004 _impure_ptr
80208928 g       .riscv.attributes	00000000 __heap_start
802006b4 g     F .text	00000068 term_write
802004bc g     F .text	00000034 exit
80201cfc g     F .text	00000030 .hidden __modsi3
802081a0 g     O .data	00000140 _impure_data
8020081c g     F .text	0000000c atoi
80208098 g     O .rodata	00000101 _ctype_
802004f0 g     F .text	00000110 dir_lookup
80201948 g     F .text	0000008c strlen
802003d8 g     F .text	000000e4 INFO
80201ae4 g     F .text	00000140 strchr



Disassembly of section .text:

80200000 <app_entry>:
app_entry():
80200000:	00052503          	lw	a0,0(a0)
80200004:	80400137          	lui	sp,0x80400
80200008:	008000ef          	jal	80200010 <main>
8020000c:	4b0000ef          	jal	802004bc <exit>

80200010 <main>:
main():
80200010:	dc010113          	addi	sp,sp,-576 # 803ffdc0 <__heap_end+0xffdc0>
80200014:	22112e23          	sw	ra,572(sp)
80200018:	22812c23          	sw	s0,568(sp)
8020001c:	24010413          	addi	s0,sp,576
80200020:	dca42623          	sw	a0,-564(s0)
80200024:	dcb42423          	sw	a1,-568(s0)
80200028:	dcc42703          	lw	a4,-564(s0)
8020002c:	00200793          	li	a5,2
80200030:	02e7c263          	blt	a5,a4,80200054 <main+0x44>
80200034:	802087b7          	lui	a5,0x80208
80200038:	00078513          	mv	a0,a5
8020003c:	39c000ef          	jal	802003d8 <INFO>
80200040:	802087b7          	lui	a5,0x80208
80200044:	02078513          	addi	a0,a5,32 # 80208020 <__modsi3+0x6324>
80200048:	390000ef          	jal	802003d8 <INFO>
8020004c:	fff00793          	li	a5,-1
80200050:	1900006f          	j	802001e0 <main+0x1d0>
80200054:	802087b7          	lui	a5,0x80208
80200058:	2ec78793          	addi	a5,a5,748 # 802082ec <pattern.0>
8020005c:	00078023          	sb	zero,0(a5)
80200060:	00100793          	li	a5,1
80200064:	fef42623          	sw	a5,-20(s0)
80200068:	06c0006f          	j	802000d4 <main+0xc4>
8020006c:	fec42703          	lw	a4,-20(s0)
80200070:	00100793          	li	a5,1
80200074:	02e7d863          	bge	a5,a4,802000a4 <main+0x94>
80200078:	802087b7          	lui	a5,0x80208
8020007c:	2ec78513          	addi	a0,a5,748 # 802082ec <pattern.0>
80200080:	0c9010ef          	jal	80201948 <strlen>
80200084:	00050793          	mv	a5,a0
80200088:	00078713          	mv	a4,a5
8020008c:	802087b7          	lui	a5,0x80208
80200090:	2ec78793          	addi	a5,a5,748 # 802082ec <pattern.0>
80200094:	00f707b3          	add	a5,a4,a5
80200098:	02000713          	li	a4,32
8020009c:	00e78023          	sb	a4,0(a5)
802000a0:	000780a3          	sb	zero,1(a5)
802000a4:	fec42783          	lw	a5,-20(s0)
802000a8:	00279793          	slli	a5,a5,0x2
802000ac:	dc842703          	lw	a4,-568(s0)
802000b0:	00f707b3          	add	a5,a4,a5
802000b4:	0007a783          	lw	a5,0(a5)
802000b8:	00078593          	mv	a1,a5
802000bc:	802087b7          	lui	a5,0x80208
802000c0:	2ec78513          	addi	a0,a5,748 # 802082ec <pattern.0>
802000c4:	4f1000ef          	jal	80200db4 <strcat>
802000c8:	fec42783          	lw	a5,-20(s0)
802000cc:	00178793          	addi	a5,a5,1
802000d0:	fef42623          	sw	a5,-20(s0)
802000d4:	dcc42783          	lw	a5,-564(s0)
802000d8:	fff78793          	addi	a5,a5,-1
802000dc:	fec42703          	lw	a4,-20(s0)
802000e0:	f8f746e3          	blt	a4,a5,8020006c <main+0x5c>
802000e4:	dcc42703          	lw	a4,-564(s0)
802000e8:	400007b7          	lui	a5,0x40000
802000ec:	fff78793          	addi	a5,a5,-1 # 3fffffff <app_entry-0x40200001>
802000f0:	00f707b3          	add	a5,a4,a5
802000f4:	00279793          	slli	a5,a5,0x2
802000f8:	dc842703          	lw	a4,-568(s0)
802000fc:	00f707b3          	add	a5,a4,a5
80200100:	0007a783          	lw	a5,0(a5)
80200104:	fef42023          	sw	a5,-32(s0)
80200108:	803027b7          	lui	a5,0x80302
8020010c:	0007a783          	lw	a5,0(a5) # 80302000 <__heap_end+0x2000>
80200110:	fe042583          	lw	a1,-32(s0)
80200114:	00078513          	mv	a0,a5
80200118:	3d8000ef          	jal	802004f0 <dir_lookup>
8020011c:	fca42e23          	sw	a0,-36(s0)
80200120:	fdc42783          	lw	a5,-36(s0)
80200124:	0007de63          	bgez	a5,80200140 <main+0x130>
80200128:	fe042583          	lw	a1,-32(s0)
8020012c:	802087b7          	lui	a5,0x80208
80200130:	04878513          	addi	a0,a5,72 # 80208048 <__modsi3+0x634c>
80200134:	2a4000ef          	jal	802003d8 <INFO>
80200138:	fff00793          	li	a5,-1
8020013c:	0a40006f          	j	802001e0 <main+0x1d0>
80200140:	ddc40793          	addi	a5,s0,-548
80200144:	20000613          	li	a2,512
80200148:	00000593          	li	a1,0
8020014c:	00078513          	mv	a0,a5
80200150:	5f4010ef          	jal	80201744 <memset>
80200154:	ddc40793          	addi	a5,s0,-548
80200158:	00078613          	mv	a2,a5
8020015c:	00000593          	li	a1,0
80200160:	fdc42503          	lw	a0,-36(s0)
80200164:	49c000ef          	jal	80200600 <file_read>
80200168:	ddc40713          	addi	a4,s0,-548
8020016c:	802087b7          	lui	a5,0x80208
80200170:	06478593          	addi	a1,a5,100 # 80208064 <__modsi3+0x6368>
80200174:	00070513          	mv	a0,a4
80200178:	62d000ef          	jal	80200fa4 <strtok>
8020017c:	fea42423          	sw	a0,-24(s0)
80200180:	fe042223          	sw	zero,-28(s0)
80200184:	0480006f          	j	802001cc <main+0x1bc>
80200188:	802087b7          	lui	a5,0x80208
8020018c:	2ec78593          	addi	a1,a5,748 # 802082ec <pattern.0>
80200190:	fe842503          	lw	a0,-24(s0)
80200194:	2f8010ef          	jal	8020148c <strstr>
80200198:	00050793          	mv	a5,a0
8020019c:	00078e63          	beqz	a5,802001b8 <main+0x1a8>
802001a0:	fe842583          	lw	a1,-24(s0)
802001a4:	802087b7          	lui	a5,0x80208
802001a8:	06878513          	addi	a0,a5,104 # 80208068 <__modsi3+0x636c>
802001ac:	194000ef          	jal	80200340 <my_printf>
802001b0:	00100793          	li	a5,1
802001b4:	fef42223          	sw	a5,-28(s0)
802001b8:	802087b7          	lui	a5,0x80208
802001bc:	06478593          	addi	a1,a5,100 # 80208064 <__modsi3+0x6368>
802001c0:	00000513          	li	a0,0
802001c4:	5e1000ef          	jal	80200fa4 <strtok>
802001c8:	fea42423          	sw	a0,-24(s0)
802001cc:	fe842783          	lw	a5,-24(s0)
802001d0:	fa079ce3          	bnez	a5,80200188 <main+0x178>
802001d4:	fe442783          	lw	a5,-28(s0)
802001d8:	0017b793          	seqz	a5,a5
802001dc:	0ff7f793          	zext.b	a5,a5
802001e0:	00078513          	mv	a0,a5
802001e4:	23c12083          	lw	ra,572(sp)
802001e8:	23812403          	lw	s0,568(sp)
802001ec:	24010113          	addi	sp,sp,576
802001f0:	00008067          	ret

802001f4 <format_to_str>:
format_to_str():
802001f4:	fe010113          	addi	sp,sp,-32
802001f8:	00112e23          	sw	ra,28(sp)
802001fc:	00812c23          	sw	s0,24(sp)
80200200:	00912a23          	sw	s1,20(sp)
80200204:	02010413          	addi	s0,sp,32
80200208:	fea42623          	sw	a0,-20(s0)
8020020c:	feb42423          	sw	a1,-24(s0)
80200210:	fec42223          	sw	a2,-28(s0)
80200214:	fec42783          	lw	a5,-20(s0)
80200218:	00078023          	sb	zero,0(a5)
8020021c:	0fc0006f          	j	80200318 <format_to_str+0x124>
80200220:	fe842783          	lw	a5,-24(s0)
80200224:	0007c703          	lbu	a4,0(a5)
80200228:	02500793          	li	a5,37
8020022c:	00f70c63          	beq	a4,a5,80200244 <format_to_str+0x50>
80200230:	00100613          	li	a2,1
80200234:	fe842583          	lw	a1,-24(s0)
80200238:	fec42503          	lw	a0,-20(s0)
8020023c:	419000ef          	jal	80200e54 <strncat>
80200240:	0cc0006f          	j	8020030c <format_to_str+0x118>
80200244:	fe842783          	lw	a5,-24(s0)
80200248:	00178793          	addi	a5,a5,1
8020024c:	fef42423          	sw	a5,-24(s0)
80200250:	fe842783          	lw	a5,-24(s0)
80200254:	0007c703          	lbu	a4,0(a5)
80200258:	07300793          	li	a5,115
8020025c:	02f71263          	bne	a4,a5,80200280 <format_to_str+0x8c>
80200260:	fe442783          	lw	a5,-28(s0)
80200264:	00478713          	addi	a4,a5,4
80200268:	fee42223          	sw	a4,-28(s0)
8020026c:	0007a783          	lw	a5,0(a5)
80200270:	00078593          	mv	a1,a5
80200274:	fec42503          	lw	a0,-20(s0)
80200278:	33d000ef          	jal	80200db4 <strcat>
8020027c:	0900006f          	j	8020030c <format_to_str+0x118>
80200280:	fe842783          	lw	a5,-24(s0)
80200284:	0007c703          	lbu	a4,0(a5)
80200288:	06400793          	li	a5,100
8020028c:	02f71e63          	bne	a4,a5,802002c8 <format_to_str+0xd4>
80200290:	fe442783          	lw	a5,-28(s0)
80200294:	00478713          	addi	a4,a5,4
80200298:	fee42223          	sw	a4,-28(s0)
8020029c:	0007a483          	lw	s1,0(a5)
802002a0:	fec42503          	lw	a0,-20(s0)
802002a4:	6a4010ef          	jal	80201948 <strlen>
802002a8:	00050713          	mv	a4,a0
802002ac:	fec42783          	lw	a5,-20(s0)
802002b0:	00e787b3          	add	a5,a5,a4
802002b4:	00a00613          	li	a2,10
802002b8:	00078593          	mv	a1,a5
802002bc:	00048513          	mv	a0,s1
802002c0:	568000ef          	jal	80200828 <itoa>
802002c4:	0480006f          	j	8020030c <format_to_str+0x118>
802002c8:	fe842783          	lw	a5,-24(s0)
802002cc:	0007c703          	lbu	a4,0(a5)
802002d0:	07800793          	li	a5,120
802002d4:	02f71c63          	bne	a4,a5,8020030c <format_to_str+0x118>
802002d8:	fe442783          	lw	a5,-28(s0)
802002dc:	00478713          	addi	a4,a5,4
802002e0:	fee42223          	sw	a4,-28(s0)
802002e4:	0007a483          	lw	s1,0(a5)
802002e8:	fec42503          	lw	a0,-20(s0)
802002ec:	65c010ef          	jal	80201948 <strlen>
802002f0:	00050713          	mv	a4,a0
802002f4:	fec42783          	lw	a5,-20(s0)
802002f8:	00e787b3          	add	a5,a5,a4
802002fc:	01000613          	li	a2,16
80200300:	00078593          	mv	a1,a5
80200304:	00048513          	mv	a0,s1
80200308:	520000ef          	jal	80200828 <itoa>
8020030c:	fe842783          	lw	a5,-24(s0)
80200310:	00178793          	addi	a5,a5,1
80200314:	fef42423          	sw	a5,-24(s0)
80200318:	fe842783          	lw	a5,-24(s0)
8020031c:	0007c783          	lbu	a5,0(a5)
80200320:	f00790e3          	bnez	a5,80200220 <format_to_str+0x2c>
80200324:	00000013          	nop
80200328:	00000013          	nop
8020032c:	01c12083          	lw	ra,28(sp)
80200330:	01812403          	lw	s0,24(sp)
80200334:	01412483          	lw	s1,20(sp)
80200338:	02010113          	addi	sp,sp,32
8020033c:	00008067          	ret

80200340 <my_printf>:
my_printf():
80200340:	db010113          	addi	sp,sp,-592
80200344:	22112623          	sw	ra,556(sp)
80200348:	22812423          	sw	s0,552(sp)
8020034c:	23010413          	addi	s0,sp,560
80200350:	dca42e23          	sw	a0,-548(s0)
80200354:	00b42223          	sw	a1,4(s0)
80200358:	00c42423          	sw	a2,8(s0)
8020035c:	00d42623          	sw	a3,12(s0)
80200360:	00e42823          	sw	a4,16(s0)
80200364:	00f42a23          	sw	a5,20(s0)
80200368:	01042c23          	sw	a6,24(s0)
8020036c:	01142e23          	sw	a7,28(s0)
80200370:	de040823          	sb	zero,-528(s0)
80200374:	02040793          	addi	a5,s0,32
80200378:	dcf42c23          	sw	a5,-552(s0)
8020037c:	dd842783          	lw	a5,-552(s0)
80200380:	fe478793          	addi	a5,a5,-28
80200384:	def42623          	sw	a5,-532(s0)
80200388:	dec42703          	lw	a4,-532(s0)
8020038c:	df040793          	addi	a5,s0,-528
80200390:	00070613          	mv	a2,a4
80200394:	ddc42583          	lw	a1,-548(s0)
80200398:	00078513          	mv	a0,a5
8020039c:	e59ff0ef          	jal	802001f4 <format_to_str>
802003a0:	df040793          	addi	a5,s0,-528
802003a4:	00078513          	mv	a0,a5
802003a8:	5a0010ef          	jal	80201948 <strlen>
802003ac:	00050713          	mv	a4,a0
802003b0:	df040793          	addi	a5,s0,-528
802003b4:	00070593          	mv	a1,a4
802003b8:	00078513          	mv	a0,a5
802003bc:	2f8000ef          	jal	802006b4 <term_write>
802003c0:	00000013          	nop
802003c4:	00078513          	mv	a0,a5
802003c8:	22c12083          	lw	ra,556(sp)
802003cc:	22812403          	lw	s0,552(sp)
802003d0:	25010113          	addi	sp,sp,592
802003d4:	00008067          	ret

802003d8 <INFO>:
INFO():
802003d8:	db010113          	addi	sp,sp,-592
802003dc:	22112623          	sw	ra,556(sp)
802003e0:	22812423          	sw	s0,552(sp)
802003e4:	23010413          	addi	s0,sp,560
802003e8:	dca42e23          	sw	a0,-548(s0)
802003ec:	00b42223          	sw	a1,4(s0)
802003f0:	00c42423          	sw	a2,8(s0)
802003f4:	00d42623          	sw	a3,12(s0)
802003f8:	00e42823          	sw	a4,16(s0)
802003fc:	00f42a23          	sw	a5,20(s0)
80200400:	01042c23          	sw	a6,24(s0)
80200404:	01142e23          	sw	a7,28(s0)
80200408:	df040793          	addi	a5,s0,-528
8020040c:	464e5737          	lui	a4,0x464e5
80200410:	95b70713          	addi	a4,a4,-1701 # 464e495b <app_entry-0x39d1b6a5>
80200414:	00e7a023          	sw	a4,0(a5)
80200418:	00206737          	lui	a4,0x206
8020041c:	d4f70713          	addi	a4,a4,-689 # 205d4f <app_entry-0x7fffa2b1>
80200420:	00e7a223          	sw	a4,4(a5)
80200424:	02040793          	addi	a5,s0,32
80200428:	dcf42c23          	sw	a5,-552(s0)
8020042c:	dd842783          	lw	a5,-552(s0)
80200430:	fe478793          	addi	a5,a5,-28
80200434:	def42623          	sw	a5,-532(s0)
80200438:	df040793          	addi	a5,s0,-528
8020043c:	00778793          	addi	a5,a5,7
80200440:	dec42703          	lw	a4,-532(s0)
80200444:	00070613          	mv	a2,a4
80200448:	ddc42583          	lw	a1,-548(s0)
8020044c:	00078513          	mv	a0,a5
80200450:	da5ff0ef          	jal	802001f4 <format_to_str>
80200454:	df040793          	addi	a5,s0,-528
80200458:	00078513          	mv	a0,a5
8020045c:	4ec010ef          	jal	80201948 <strlen>
80200460:	00050793          	mv	a5,a0
80200464:	00078713          	mv	a4,a5
80200468:	df040793          	addi	a5,s0,-528
8020046c:	00e787b3          	add	a5,a5,a4
80200470:	00a00713          	li	a4,10
80200474:	00e78023          	sb	a4,0(a5)
80200478:	00d00713          	li	a4,13
8020047c:	00e780a3          	sb	a4,1(a5)
80200480:	00078123          	sb	zero,2(a5)
80200484:	df040793          	addi	a5,s0,-528
80200488:	00078513          	mv	a0,a5
8020048c:	4bc010ef          	jal	80201948 <strlen>
80200490:	00050713          	mv	a4,a0
80200494:	df040793          	addi	a5,s0,-528
80200498:	00070593          	mv	a1,a4
8020049c:	00078513          	mv	a0,a5
802004a0:	214000ef          	jal	802006b4 <term_write>
802004a4:	00000013          	nop
802004a8:	00078513          	mv	a0,a5
802004ac:	22c12083          	lw	ra,556(sp)
802004b0:	22812403          	lw	s0,552(sp)
802004b4:	25010113          	addi	sp,sp,592
802004b8:	00008067          	ret

802004bc <exit>:
exit():
802004bc:	dd010113          	addi	sp,sp,-560
802004c0:	22112623          	sw	ra,556(sp)
802004c4:	22812423          	sw	s0,552(sp)
802004c8:	23010413          	addi	s0,sp,560
802004cc:	dca42e23          	sw	a0,-548(s0)
802004d0:	00100793          	li	a5,1
802004d4:	def42423          	sw	a5,-536(s0)
802004d8:	de840793          	addi	a5,s0,-536
802004dc:	20800613          	li	a2,520
802004e0:	00078593          	mv	a1,a5
802004e4:	00100513          	li	a0,1
802004e8:	234000ef          	jal	8020071c <sys_send>
802004ec:	0000006f          	j	802004ec <exit+0x30>

802004f0 <dir_lookup>:
dir_lookup():
802004f0:	dd010113          	addi	sp,sp,-560
802004f4:	22112623          	sw	ra,556(sp)
802004f8:	22812423          	sw	s0,552(sp)
802004fc:	23010413          	addi	s0,sp,560
80200500:	dca42e23          	sw	a0,-548(s0)
80200504:	dcb42c23          	sw	a1,-552(s0)
80200508:	de840793          	addi	a5,s0,-536
8020050c:	00078613          	mv	a2,a5
80200510:	00000593          	li	a1,0
80200514:	ddc42503          	lw	a0,-548(s0)
80200518:	0e8000ef          	jal	80200600 <file_read>
8020051c:	fe042623          	sw	zero,-20(s0)
80200520:	dd842503          	lw	a0,-552(s0)
80200524:	424010ef          	jal	80201948 <strlen>
80200528:	fea42423          	sw	a0,-24(s0)
8020052c:	09c0006f          	j	802005c8 <dir_lookup+0xd8>
80200530:	de840713          	addi	a4,s0,-536
80200534:	fec42783          	lw	a5,-20(s0)
80200538:	00f707b3          	add	a5,a4,a5
8020053c:	fe842603          	lw	a2,-24(s0)
80200540:	00078593          	mv	a1,a5
80200544:	dd842503          	lw	a0,-552(s0)
80200548:	1b9000ef          	jal	80200f00 <strncmp>
8020054c:	00050793          	mv	a5,a0
80200550:	06079663          	bnez	a5,802005bc <dir_lookup+0xcc>
80200554:	fec42703          	lw	a4,-20(s0)
80200558:	fe842783          	lw	a5,-24(s0)
8020055c:	00f707b3          	add	a5,a4,a5
80200560:	ff078793          	addi	a5,a5,-16
80200564:	008787b3          	add	a5,a5,s0
80200568:	df87c703          	lbu	a4,-520(a5)
8020056c:	02000793          	li	a5,32
80200570:	04f71663          	bne	a4,a5,802005bc <dir_lookup+0xcc>
80200574:	fec42783          	lw	a5,-20(s0)
80200578:	02078063          	beqz	a5,80200598 <dir_lookup+0xa8>
8020057c:	fec42783          	lw	a5,-20(s0)
80200580:	fff78793          	addi	a5,a5,-1
80200584:	ff078793          	addi	a5,a5,-16
80200588:	008787b3          	add	a5,a5,s0
8020058c:	df87c703          	lbu	a4,-520(a5)
80200590:	02000793          	li	a5,32
80200594:	02f71463          	bne	a4,a5,802005bc <dir_lookup+0xcc>
80200598:	fec42703          	lw	a4,-20(s0)
8020059c:	fe842783          	lw	a5,-24(s0)
802005a0:	00f707b3          	add	a5,a4,a5
802005a4:	de840713          	addi	a4,s0,-536
802005a8:	00f707b3          	add	a5,a4,a5
802005ac:	00078513          	mv	a0,a5
802005b0:	26c000ef          	jal	8020081c <atoi>
802005b4:	00050793          	mv	a5,a0
802005b8:	0340006f          	j	802005ec <dir_lookup+0xfc>
802005bc:	fec42783          	lw	a5,-20(s0)
802005c0:	00178793          	addi	a5,a5,1
802005c4:	fef42623          	sw	a5,-20(s0)
802005c8:	de840793          	addi	a5,s0,-536
802005cc:	00078513          	mv	a0,a5
802005d0:	378010ef          	jal	80201948 <strlen>
802005d4:	00050713          	mv	a4,a0
802005d8:	fe842783          	lw	a5,-24(s0)
802005dc:	40f707b3          	sub	a5,a4,a5
802005e0:	fec42703          	lw	a4,-20(s0)
802005e4:	f4f766e3          	bltu	a4,a5,80200530 <dir_lookup+0x40>
802005e8:	fff00793          	li	a5,-1
802005ec:	00078513          	mv	a0,a5
802005f0:	22c12083          	lw	ra,556(sp)
802005f4:	22812403          	lw	s0,552(sp)
802005f8:	23010113          	addi	sp,sp,560
802005fc:	00008067          	ret

80200600 <file_read>:
file_read():
80200600:	dd010113          	addi	sp,sp,-560
80200604:	22112623          	sw	ra,556(sp)
80200608:	22812423          	sw	s0,552(sp)
8020060c:	23010413          	addi	s0,sp,560
80200610:	dca42e23          	sw	a0,-548(s0)
80200614:	dcb42c23          	sw	a1,-552(s0)
80200618:	dcc42a23          	sw	a2,-556(s0)
8020061c:	00100793          	li	a5,1
80200620:	def42023          	sw	a5,-544(s0)
80200624:	ddc42783          	lw	a5,-548(s0)
80200628:	def42223          	sw	a5,-540(s0)
8020062c:	dd842783          	lw	a5,-552(s0)
80200630:	def42423          	sw	a5,-536(s0)
80200634:	de040793          	addi	a5,s0,-544
80200638:	20c00613          	li	a2,524
8020063c:	00078593          	mv	a1,a5
80200640:	00300513          	li	a0,3
80200644:	0d8000ef          	jal	8020071c <sys_send>
80200648:	40000693          	li	a3,1024
8020064c:	802087b7          	lui	a5,0x80208
80200650:	3ec78613          	addi	a2,a5,1004 # 802083ec <buf>
80200654:	802087b7          	lui	a5,0x80208
80200658:	2e878593          	addi	a1,a5,744 # 802082e8 <sender>
8020065c:	00300513          	li	a0,3
80200660:	12c000ef          	jal	8020078c <sys_recv>
80200664:	802087b7          	lui	a5,0x80208
80200668:	3ec78793          	addi	a5,a5,1004 # 802083ec <buf>
8020066c:	fef42623          	sw	a5,-20(s0)
80200670:	fec42783          	lw	a5,-20(s0)
80200674:	00478793          	addi	a5,a5,4
80200678:	20000613          	li	a2,512
8020067c:	00078593          	mv	a1,a5
80200680:	dd442503          	lw	a0,-556(s0)
80200684:	19c010ef          	jal	80201820 <memcpy>
80200688:	fec42783          	lw	a5,-20(s0)
8020068c:	0007a783          	lw	a5,0(a5)
80200690:	00079663          	bnez	a5,8020069c <file_read+0x9c>
80200694:	00000793          	li	a5,0
80200698:	0080006f          	j	802006a0 <file_read+0xa0>
8020069c:	fff00793          	li	a5,-1
802006a0:	00078513          	mv	a0,a5
802006a4:	22c12083          	lw	ra,556(sp)
802006a8:	22812403          	lw	s0,552(sp)
802006ac:	23010113          	addi	sp,sp,560
802006b0:	00008067          	ret

802006b4 <term_write>:
term_write():
802006b4:	dd010113          	addi	sp,sp,-560
802006b8:	22112623          	sw	ra,556(sp)
802006bc:	22812423          	sw	s0,552(sp)
802006c0:	23010413          	addi	s0,sp,560
802006c4:	dca42e23          	sw	a0,-548(s0)
802006c8:	dcb42c23          	sw	a1,-552(s0)
802006cc:	00100793          	li	a5,1
802006d0:	def42423          	sw	a5,-536(s0)
802006d4:	dd842783          	lw	a5,-552(s0)
802006d8:	def42623          	sw	a5,-532(s0)
802006dc:	de840793          	addi	a5,s0,-536
802006e0:	00878793          	addi	a5,a5,8
802006e4:	dd842603          	lw	a2,-552(s0)
802006e8:	ddc42583          	lw	a1,-548(s0)
802006ec:	00078513          	mv	a0,a5
802006f0:	130010ef          	jal	80201820 <memcpy>
802006f4:	de840793          	addi	a5,s0,-536
802006f8:	20800613          	li	a2,520
802006fc:	00078593          	mv	a1,a5
80200700:	00200513          	li	a0,2
80200704:	018000ef          	jal	8020071c <sys_send>
80200708:	00000013          	nop
8020070c:	22c12083          	lw	ra,556(sp)
80200710:	22812403          	lw	s0,552(sp)
80200714:	23010113          	addi	sp,sp,560
80200718:	00008067          	ret

8020071c <sys_send>:
sys_send():
8020071c:	fe010113          	addi	sp,sp,-32
80200720:	00112e23          	sw	ra,28(sp)
80200724:	00812c23          	sw	s0,24(sp)
80200728:	02010413          	addi	s0,sp,32
8020072c:	fea42623          	sw	a0,-20(s0)
80200730:	feb42423          	sw	a1,-24(s0)
80200734:	fec42223          	sw	a2,-28(s0)
80200738:	802087b7          	lui	a5,0x80208
8020073c:	2e07a783          	lw	a5,736(a5) # 802082e0 <sc>
80200740:	00200713          	li	a4,2
80200744:	00e7a023          	sw	a4,0(a5)
80200748:	802087b7          	lui	a5,0x80208
8020074c:	2e07a783          	lw	a5,736(a5) # 802082e0 <sc>
80200750:	fec42703          	lw	a4,-20(s0)
80200754:	00e7a423          	sw	a4,8(a5)
80200758:	802087b7          	lui	a5,0x80208
8020075c:	2e07a783          	lw	a5,736(a5) # 802082e0 <sc>
80200760:	00c78793          	addi	a5,a5,12
80200764:	fe442603          	lw	a2,-28(s0)
80200768:	fe842583          	lw	a1,-24(s0)
8020076c:	00078513          	mv	a0,a5
80200770:	0b0010ef          	jal	80201820 <memcpy>
80200774:	00000073          	ecall
80200778:	00000013          	nop
8020077c:	01c12083          	lw	ra,28(sp)
80200780:	01812403          	lw	s0,24(sp)
80200784:	02010113          	addi	sp,sp,32
80200788:	00008067          	ret

8020078c <sys_recv>:
sys_recv():
8020078c:	fe010113          	addi	sp,sp,-32
80200790:	00112e23          	sw	ra,28(sp)
80200794:	00812c23          	sw	s0,24(sp)
80200798:	02010413          	addi	s0,sp,32
8020079c:	fea42623          	sw	a0,-20(s0)
802007a0:	feb42423          	sw	a1,-24(s0)
802007a4:	fec42223          	sw	a2,-28(s0)
802007a8:	fed42023          	sw	a3,-32(s0)
802007ac:	802087b7          	lui	a5,0x80208
802007b0:	2e07a783          	lw	a5,736(a5) # 802082e0 <sc>
802007b4:	00100713          	li	a4,1
802007b8:	00e7a023          	sw	a4,0(a5)
802007bc:	802087b7          	lui	a5,0x80208
802007c0:	2e07a783          	lw	a5,736(a5) # 802082e0 <sc>
802007c4:	fec42703          	lw	a4,-20(s0)
802007c8:	00e7a223          	sw	a4,4(a5)
802007cc:	00000073          	ecall
802007d0:	802087b7          	lui	a5,0x80208
802007d4:	2e07a783          	lw	a5,736(a5) # 802082e0 <sc>
802007d8:	00c78793          	addi	a5,a5,12
802007dc:	fe042603          	lw	a2,-32(s0)
802007e0:	00078593          	mv	a1,a5
802007e4:	fe442503          	lw	a0,-28(s0)
802007e8:	038010ef          	jal	80201820 <memcpy>
802007ec:	fe842783          	lw	a5,-24(s0)
802007f0:	00078c63          	beqz	a5,80200808 <sys_recv+0x7c>
802007f4:	802087b7          	lui	a5,0x80208
802007f8:	2e07a783          	lw	a5,736(a5) # 802082e0 <sc>
802007fc:	0047a703          	lw	a4,4(a5)
80200800:	fe842783          	lw	a5,-24(s0)
80200804:	00e7a023          	sw	a4,0(a5)
80200808:	00000013          	nop
8020080c:	01c12083          	lw	ra,28(sp)
80200810:	01812403          	lw	s0,24(sp)
80200814:	02010113          	addi	sp,sp,32
80200818:	00008067          	ret

8020081c <atoi>:
atoi():
8020081c:	00a00613          	li	a2,10
80200820:	00000593          	li	a1,0
80200824:	3ec0006f          	j	80200c10 <strtol>

80200828 <itoa>:
itoa():
80200828:	ffe60713          	addi	a4,a2,-2
8020082c:	02200793          	li	a5,34
80200830:	06e7e263          	bltu	a5,a4,80200894 <itoa+0x6c>
80200834:	fe010113          	addi	sp,sp,-32
80200838:	00112e23          	sw	ra,28(sp)
8020083c:	ff660793          	addi	a5,a2,-10
80200840:	02079a63          	bnez	a5,80200874 <itoa+0x4c>
80200844:	02055863          	bgez	a0,80200874 <itoa+0x4c>
80200848:	02d00793          	li	a5,45
8020084c:	00158713          	addi	a4,a1,1
80200850:	00b12623          	sw	a1,12(sp)
80200854:	00f58023          	sb	a5,0(a1)
80200858:	40a00533          	neg	a0,a0
8020085c:	00070593          	mv	a1,a4
80200860:	400000ef          	jal	80200c60 <__utoa>
80200864:	01c12083          	lw	ra,28(sp)
80200868:	00c12503          	lw	a0,12(sp)
8020086c:	02010113          	addi	sp,sp,32
80200870:	00008067          	ret
80200874:	00058713          	mv	a4,a1
80200878:	00b12623          	sw	a1,12(sp)
8020087c:	00070593          	mv	a1,a4
80200880:	3e0000ef          	jal	80200c60 <__utoa>
80200884:	01c12083          	lw	ra,28(sp)
80200888:	00c12503          	lw	a0,12(sp)
8020088c:	02010113          	addi	sp,sp,32
80200890:	00008067          	ret
80200894:	00058023          	sb	zero,0(a1)
80200898:	00000513          	li	a0,0
8020089c:	00008067          	ret

802008a0 <_strtol_l.part.0>:
_strtol_l.part.0():
802008a0:	fb010113          	addi	sp,sp,-80
802008a4:	04812423          	sw	s0,72(sp)
802008a8:	03312e23          	sw	s3,60(sp)
802008ac:	03512a23          	sw	s5,52(sp)
802008b0:	03612823          	sw	s6,48(sp)
802008b4:	04112623          	sw	ra,76(sp)
802008b8:	00068b13          	mv	s6,a3
802008bc:	04912223          	sw	s1,68(sp)
802008c0:	05212023          	sw	s2,64(sp)
802008c4:	03412c23          	sw	s4,56(sp)
802008c8:	03712623          	sw	s7,44(sp)
802008cc:	03812423          	sw	s8,40(sp)
802008d0:	03912223          	sw	s9,36(sp)
802008d4:	03a12023          	sw	s10,32(sp)
802008d8:	01b12e23          	sw	s11,28(sp)
802008dc:	00058993          	mv	s3,a1
802008e0:	00a12423          	sw	a0,8(sp)
802008e4:	00060a93          	mv	s5,a2
802008e8:	00058413          	mv	s0,a1
802008ec:	00007697          	auipc	a3,0x7
802008f0:	7ad68693          	addi	a3,a3,1965 # 80208099 <_ctype_+0x1>
802008f4:	00040613          	mv	a2,s0
802008f8:	00044703          	lbu	a4,0(s0)
802008fc:	00140413          	addi	s0,s0,1
80200900:	00e687b3          	add	a5,a3,a4
80200904:	0007c783          	lbu	a5,0(a5)
80200908:	0087f793          	andi	a5,a5,8
8020090c:	fe0794e3          	bnez	a5,802008f4 <_strtol_l.part.0+0x54>
80200910:	02d00793          	li	a5,45
80200914:	fefb7913          	andi	s2,s6,-17
80200918:	16f70863          	beq	a4,a5,80200a88 <_strtol_l.part.0+0x1e8>
8020091c:	02b00793          	li	a5,43
80200920:	02f70c63          	beq	a4,a5,80200958 <_strtol_l.part.0+0xb8>
80200924:	04091063          	bnez	s2,80200964 <_strtol_l.part.0+0xc4>
80200928:	03000793          	li	a5,48
8020092c:	24f70263          	beq	a4,a5,80200b70 <_strtol_l.part.0+0x2d0>
80200930:	220b0463          	beqz	s6,80200b58 <_strtol_l.part.0+0x2b8>
80200934:	08000bb7          	lui	s7,0x8000
80200938:	01000b13          	li	s6,16
8020093c:	fffb8b93          	addi	s7,s7,-1 # 7ffffff <app_entry-0x78200001>
80200940:	000b0a13          	mv	s4,s6
80200944:	00f00913          	li	s2,15
80200948:	800007b7          	lui	a5,0x80000
8020094c:	fff78d93          	addi	s11,a5,-1 # 7fffffff <app_entry-0x200001>
80200950:	00000d13          	li	s10,0
80200954:	0480006f          	j	8020099c <_strtol_l.part.0+0xfc>
80200958:	00044703          	lbu	a4,0(s0)
8020095c:	00260413          	addi	s0,a2,2
80200960:	1a090063          	beqz	s2,80200b00 <_strtol_l.part.0+0x260>
80200964:	800004b7          	lui	s1,0x80000
80200968:	000b0593          	mv	a1,s6
8020096c:	fff48513          	addi	a0,s1,-1 # 7fffffff <app_entry-0x200001>
80200970:	00e12623          	sw	a4,12(sp)
80200974:	354010ef          	jal	80201cc8 <__umodsi3>
80200978:	00050913          	mv	s2,a0
8020097c:	000b0593          	mv	a1,s6
80200980:	fff48513          	addi	a0,s1,-1
80200984:	2fc010ef          	jal	80201c80 <__hidden___udivsi3>
80200988:	00c12703          	lw	a4,12(sp)
8020098c:	000b0a13          	mv	s4,s6
80200990:	fff48d93          	addi	s11,s1,-1
80200994:	00050b93          	mv	s7,a0
80200998:	00000d13          	li	s10,0
8020099c:	00000793          	li	a5,0
802009a0:	00000513          	li	a0,0
802009a4:	00900c13          	li	s8,9
802009a8:	01900c93          	li	s9,25
802009ac:	fd070493          	addi	s1,a4,-48
802009b0:	009c7e63          	bgeu	s8,s1,802009cc <_strtol_l.part.0+0x12c>
802009b4:	fbf70693          	addi	a3,a4,-65
802009b8:	fc970493          	addi	s1,a4,-55
802009bc:	00dcf863          	bgeu	s9,a3,802009cc <_strtol_l.part.0+0x12c>
802009c0:	f9f70693          	addi	a3,a4,-97
802009c4:	04dce663          	bltu	s9,a3,80200a10 <_strtol_l.part.0+0x170>
802009c8:	fa970493          	addi	s1,a4,-87
802009cc:	0564d263          	bge	s1,s6,80200a10 <_strtol_l.part.0+0x170>
802009d0:	00178793          	addi	a5,a5,1
802009d4:	02078063          	beqz	a5,802009f4 <_strtol_l.part.0+0x154>
802009d8:	00abee63          	bltu	s7,a0,802009f4 <_strtol_l.part.0+0x154>
802009dc:	03751063          	bne	a0,s7,802009fc <_strtol_l.part.0+0x15c>
802009e0:	fff00793          	li	a5,-1
802009e4:	00995c63          	bge	s2,s1,802009fc <_strtol_l.part.0+0x15c>
802009e8:	00140413          	addi	s0,s0,1
802009ec:	fff44703          	lbu	a4,-1(s0)
802009f0:	fbdff06f          	j	802009ac <_strtol_l.part.0+0x10c>
802009f4:	fff00793          	li	a5,-1
802009f8:	ff1ff06f          	j	802009e8 <_strtol_l.part.0+0x148>
802009fc:	000a0593          	mv	a1,s4
80200a00:	254010ef          	jal	80201c54 <__mulsi3>
80200a04:	00a48533          	add	a0,s1,a0
80200a08:	00100793          	li	a5,1
80200a0c:	fddff06f          	j	802009e8 <_strtol_l.part.0+0x148>
80200a10:	fff00713          	li	a4,-1
80200a14:	04e78a63          	beq	a5,a4,80200a68 <_strtol_l.part.0+0x1c8>
80200a18:	000d0463          	beqz	s10,80200a20 <_strtol_l.part.0+0x180>
80200a1c:	40a00533          	neg	a0,a0
80200a20:	000a8663          	beqz	s5,80200a2c <_strtol_l.part.0+0x18c>
80200a24:	0c079a63          	bnez	a5,80200af8 <_strtol_l.part.0+0x258>
80200a28:	013aa023          	sw	s3,0(s5)
80200a2c:	04c12083          	lw	ra,76(sp)
80200a30:	04812403          	lw	s0,72(sp)
80200a34:	04412483          	lw	s1,68(sp)
80200a38:	04012903          	lw	s2,64(sp)
80200a3c:	03c12983          	lw	s3,60(sp)
80200a40:	03812a03          	lw	s4,56(sp)
80200a44:	03412a83          	lw	s5,52(sp)
80200a48:	03012b03          	lw	s6,48(sp)
80200a4c:	02c12b83          	lw	s7,44(sp)
80200a50:	02812c03          	lw	s8,40(sp)
80200a54:	02412c83          	lw	s9,36(sp)
80200a58:	02012d03          	lw	s10,32(sp)
80200a5c:	01c12d83          	lw	s11,28(sp)
80200a60:	05010113          	addi	sp,sp,80
80200a64:	00008067          	ret
80200a68:	00812703          	lw	a4,8(sp)
80200a6c:	02200793          	li	a5,34
80200a70:	000d8513          	mv	a0,s11
80200a74:	00f72023          	sw	a5,0(a4)
80200a78:	fa0a8ae3          	beqz	s5,80200a2c <_strtol_l.part.0+0x18c>
80200a7c:	fff40993          	addi	s3,s0,-1
80200a80:	000d8513          	mv	a0,s11
80200a84:	fa5ff06f          	j	80200a28 <_strtol_l.part.0+0x188>
80200a88:	00044703          	lbu	a4,0(s0)
80200a8c:	00260413          	addi	s0,a2,2
80200a90:	02091863          	bnez	s2,80200ac0 <_strtol_l.part.0+0x220>
80200a94:	03000793          	li	a5,48
80200a98:	10f70663          	beq	a4,a5,80200ba4 <_strtol_l.part.0+0x304>
80200a9c:	120b1863          	bnez	s6,80200bcc <_strtol_l.part.0+0x32c>
80200aa0:	00a00b13          	li	s6,10
80200aa4:	0cccdbb7          	lui	s7,0xcccd
80200aa8:	cccb8b93          	addi	s7,s7,-820 # ccccccc <app_entry-0x73533334>
80200aac:	000b0a13          	mv	s4,s6
80200ab0:	00800913          	li	s2,8
80200ab4:	00100d13          	li	s10,1
80200ab8:	80000db7          	lui	s11,0x80000
80200abc:	ee1ff06f          	j	8020099c <_strtol_l.part.0+0xfc>
80200ac0:	000b0593          	mv	a1,s6
80200ac4:	80000537          	lui	a0,0x80000
80200ac8:	00e12623          	sw	a4,12(sp)
80200acc:	1fc010ef          	jal	80201cc8 <__umodsi3>
80200ad0:	000b0a13          	mv	s4,s6
80200ad4:	00050913          	mv	s2,a0
80200ad8:	000b0593          	mv	a1,s6
80200adc:	80000537          	lui	a0,0x80000
80200ae0:	1a0010ef          	jal	80201c80 <__hidden___udivsi3>
80200ae4:	00c12703          	lw	a4,12(sp)
80200ae8:	00050b93          	mv	s7,a0
80200aec:	00100d13          	li	s10,1
80200af0:	80000db7          	lui	s11,0x80000
80200af4:	ea9ff06f          	j	8020099c <_strtol_l.part.0+0xfc>
80200af8:	00050d93          	mv	s11,a0
80200afc:	f81ff06f          	j	80200a7c <_strtol_l.part.0+0x1dc>
80200b00:	03000793          	li	a5,48
80200b04:	e2f716e3          	bne	a4,a5,80200930 <_strtol_l.part.0+0x90>
80200b08:	00264783          	lbu	a5,2(a2)
80200b0c:	05800693          	li	a3,88
80200b10:	0df7f793          	andi	a5,a5,223
80200b14:	08d79063          	bne	a5,a3,80200b94 <_strtol_l.part.0+0x2f4>
80200b18:	00364703          	lbu	a4,3(a2)
80200b1c:	01000b13          	li	s6,16
80200b20:	000b0a13          	mv	s4,s6
80200b24:	00460413          	addi	s0,a2,4
80200b28:	800004b7          	lui	s1,0x80000
80200b2c:	000a0593          	mv	a1,s4
80200b30:	fff48513          	addi	a0,s1,-1 # 7fffffff <app_entry-0x200001>
80200b34:	00e12623          	sw	a4,12(sp)
80200b38:	190010ef          	jal	80201cc8 <__umodsi3>
80200b3c:	00050913          	mv	s2,a0
80200b40:	000a0593          	mv	a1,s4
80200b44:	fff48513          	addi	a0,s1,-1
80200b48:	138010ef          	jal	80201c80 <__hidden___udivsi3>
80200b4c:	00c12703          	lw	a4,12(sp)
80200b50:	00050b93          	mv	s7,a0
80200b54:	df5ff06f          	j	80200948 <_strtol_l.part.0+0xa8>
80200b58:	00a00b13          	li	s6,10
80200b5c:	0cccdbb7          	lui	s7,0xcccd
80200b60:	cccb8b93          	addi	s7,s7,-820 # ccccccc <app_entry-0x73533334>
80200b64:	000b0a13          	mv	s4,s6
80200b68:	00700913          	li	s2,7
80200b6c:	dddff06f          	j	80200948 <_strtol_l.part.0+0xa8>
80200b70:	00044783          	lbu	a5,0(s0)
80200b74:	05800693          	li	a3,88
80200b78:	0df7f793          	andi	a5,a5,223
80200b7c:	00d79c63          	bne	a5,a3,80200b94 <_strtol_l.part.0+0x2f4>
80200b80:	01000b13          	li	s6,16
80200b84:	00144703          	lbu	a4,1(s0)
80200b88:	000b0a13          	mv	s4,s6
80200b8c:	00360413          	addi	s0,a2,3
80200b90:	f99ff06f          	j	80200b28 <_strtol_l.part.0+0x288>
80200b94:	060b1263          	bnez	s6,80200bf8 <_strtol_l.part.0+0x358>
80200b98:	00800b13          	li	s6,8
80200b9c:	000b0a13          	mv	s4,s6
80200ba0:	f89ff06f          	j	80200b28 <_strtol_l.part.0+0x288>
80200ba4:	00264783          	lbu	a5,2(a2)
80200ba8:	05800693          	li	a3,88
80200bac:	0df7f793          	andi	a5,a5,223
80200bb0:	02d78a63          	beq	a5,a3,80200be4 <_strtol_l.part.0+0x344>
80200bb4:	040b0863          	beqz	s6,80200c04 <_strtol_l.part.0+0x364>
80200bb8:	01000b13          	li	s6,16
80200bbc:	000b0a13          	mv	s4,s6
80200bc0:	00e12623          	sw	a4,12(sp)
80200bc4:	000a0593          	mv	a1,s4
80200bc8:	f15ff06f          	j	80200adc <_strtol_l.part.0+0x23c>
80200bcc:	01000b13          	li	s6,16
80200bd0:	000b0a13          	mv	s4,s6
80200bd4:	08000bb7          	lui	s7,0x8000
80200bd8:	00100d13          	li	s10,1
80200bdc:	80000db7          	lui	s11,0x80000
80200be0:	dbdff06f          	j	8020099c <_strtol_l.part.0+0xfc>
80200be4:	01000b13          	li	s6,16
80200be8:	00364703          	lbu	a4,3(a2)
80200bec:	000b0a13          	mv	s4,s6
80200bf0:	00460413          	addi	s0,a2,4
80200bf4:	fcdff06f          	j	80200bc0 <_strtol_l.part.0+0x320>
80200bf8:	01000b13          	li	s6,16
80200bfc:	000b0a13          	mv	s4,s6
80200c00:	f29ff06f          	j	80200b28 <_strtol_l.part.0+0x288>
80200c04:	00800b13          	li	s6,8
80200c08:	000b0a13          	mv	s4,s6
80200c0c:	fb5ff06f          	j	80200bc0 <_strtol_l.part.0+0x320>

80200c10 <strtol>:
strtol():
80200c10:	02563793          	sltiu	a5,a2,37
80200c14:	02078463          	beqz	a5,80200c3c <strtol+0x2c>
80200c18:	fff60793          	addi	a5,a2,-1
80200c1c:	02078063          	beqz	a5,80200c3c <strtol+0x2c>
80200c20:	00050713          	mv	a4,a0
80200c24:	00007517          	auipc	a0,0x7
80200c28:	6c052503          	lw	a0,1728(a0) # 802082e4 <_impure_ptr>
80200c2c:	00060693          	mv	a3,a2
80200c30:	00058613          	mv	a2,a1
80200c34:	00070593          	mv	a1,a4
80200c38:	c69ff06f          	j	802008a0 <_strtol_l.part.0>
80200c3c:	ff010113          	addi	sp,sp,-16
80200c40:	00112623          	sw	ra,12(sp)
80200c44:	2f5000ef          	jal	80201738 <__errno>
80200c48:	00c12083          	lw	ra,12(sp)
80200c4c:	01600793          	li	a5,22
80200c50:	00f52023          	sw	a5,0(a0)
80200c54:	00000513          	li	a0,0
80200c58:	01010113          	addi	sp,sp,16
80200c5c:	00008067          	ret

80200c60 <__utoa>:
__utoa():
80200c60:	00007797          	auipc	a5,0x7
80200c64:	41078793          	addi	a5,a5,1040 # 80208070 <__modsi3+0x6374>
80200c68:	0207a703          	lw	a4,32(a5)
80200c6c:	0007af83          	lw	t6,0(a5)
80200c70:	0047af03          	lw	t5,4(a5)
80200c74:	0087ae83          	lw	t4,8(a5)
80200c78:	00c7ae03          	lw	t3,12(a5)
80200c7c:	0107a303          	lw	t1,16(a5)
80200c80:	0147a883          	lw	a7,20(a5)
80200c84:	0187a803          	lw	a6,24(a5)
80200c88:	01c7a683          	lw	a3,28(a5)
80200c8c:	00007797          	auipc	a5,0x7
80200c90:	4087c783          	lbu	a5,1032(a5) # 80208094 <__modsi3+0x6398>
80200c94:	fb010113          	addi	sp,sp,-80
80200c98:	03512a23          	sw	s5,52(sp)
80200c9c:	02e12423          	sw	a4,40(sp)
80200ca0:	02f10623          	sb	a5,44(sp)
80200ca4:	04112623          	sw	ra,76(sp)
80200ca8:	01f12423          	sw	t6,8(sp)
80200cac:	01e12623          	sw	t5,12(sp)
80200cb0:	01d12823          	sw	t4,16(sp)
80200cb4:	01c12a23          	sw	t3,20(sp)
80200cb8:	00612c23          	sw	t1,24(sp)
80200cbc:	01112e23          	sw	a7,28(sp)
80200cc0:	03012023          	sw	a6,32(sp)
80200cc4:	02d12223          	sw	a3,36(sp)
80200cc8:	ffe60713          	addi	a4,a2,-2
80200ccc:	02200793          	li	a5,34
80200cd0:	00058a93          	mv	s5,a1
80200cd4:	0ce7e463          	bltu	a5,a4,80200d9c <__utoa+0x13c>
80200cd8:	04812423          	sw	s0,72(sp)
80200cdc:	04912223          	sw	s1,68(sp)
80200ce0:	05212023          	sw	s2,64(sp)
80200ce4:	03312e23          	sw	s3,60(sp)
80200ce8:	03412c23          	sw	s4,56(sp)
80200cec:	03612823          	sw	s6,48(sp)
80200cf0:	00060493          	mv	s1,a2
80200cf4:	00050413          	mv	s0,a0
80200cf8:	00000913          	li	s2,0
80200cfc:	00048593          	mv	a1,s1
80200d00:	00040513          	mv	a0,s0
80200d04:	7c5000ef          	jal	80201cc8 <__umodsi3>
80200d08:	00250533          	add	a0,a0,sp
80200d0c:	00854783          	lbu	a5,8(a0)
80200d10:	00090993          	mv	s3,s2
80200d14:	00190913          	addi	s2,s2,1
80200d18:	012a8a33          	add	s4,s5,s2
80200d1c:	00040513          	mv	a0,s0
80200d20:	00048593          	mv	a1,s1
80200d24:	fefa0fa3          	sb	a5,-1(s4)
80200d28:	00040b13          	mv	s6,s0
80200d2c:	755000ef          	jal	80201c80 <__hidden___udivsi3>
80200d30:	00050413          	mv	s0,a0
80200d34:	fc9b74e3          	bgeu	s6,s1,80200cfc <__utoa+0x9c>
80200d38:	000a0023          	sb	zero,0(s4)
80200d3c:	02098a63          	beqz	s3,80200d70 <__utoa+0x110>
80200d40:	000a8693          	mv	a3,s5
80200d44:	013a8733          	add	a4,s5,s3
80200d48:	00000793          	li	a5,0
80200d4c:	00074583          	lbu	a1,0(a4)
80200d50:	0006c603          	lbu	a2,0(a3)
80200d54:	00178793          	addi	a5,a5,1
80200d58:	00b68023          	sb	a1,0(a3)
80200d5c:	00c70023          	sb	a2,0(a4)
80200d60:	40f98633          	sub	a2,s3,a5
80200d64:	00168693          	addi	a3,a3,1
80200d68:	fff70713          	addi	a4,a4,-1
80200d6c:	fec7c0e3          	blt	a5,a2,80200d4c <__utoa+0xec>
80200d70:	04812403          	lw	s0,72(sp)
80200d74:	04c12083          	lw	ra,76(sp)
80200d78:	04412483          	lw	s1,68(sp)
80200d7c:	04012903          	lw	s2,64(sp)
80200d80:	03c12983          	lw	s3,60(sp)
80200d84:	03812a03          	lw	s4,56(sp)
80200d88:	03012b03          	lw	s6,48(sp)
80200d8c:	000a8513          	mv	a0,s5
80200d90:	03412a83          	lw	s5,52(sp)
80200d94:	05010113          	addi	sp,sp,80
80200d98:	00008067          	ret
80200d9c:	00058023          	sb	zero,0(a1)
80200da0:	04c12083          	lw	ra,76(sp)
80200da4:	03412a83          	lw	s5,52(sp)
80200da8:	00000513          	li	a0,0
80200dac:	05010113          	addi	sp,sp,80
80200db0:	00008067          	ret

80200db4 <strcat>:
strcat():
80200db4:	ff010113          	addi	sp,sp,-16
80200db8:	00812423          	sw	s0,8(sp)
80200dbc:	00112623          	sw	ra,12(sp)
80200dc0:	00357793          	andi	a5,a0,3
80200dc4:	00050413          	mv	s0,a0
80200dc8:	06079663          	bnez	a5,80200e34 <strcat+0x80>
80200dcc:	00052703          	lw	a4,0(a0)
80200dd0:	feff0637          	lui	a2,0xfeff0
80200dd4:	eff60613          	addi	a2,a2,-257 # fefefeff <__heap_end+0x7ecefeff>
80200dd8:	00c707b3          	add	a5,a4,a2
80200ddc:	808086b7          	lui	a3,0x80808
80200de0:	fff74713          	not	a4,a4
80200de4:	00e7f7b3          	and	a5,a5,a4
80200de8:	08068693          	addi	a3,a3,128 # 80808080 <__heap_end+0x508080>
80200dec:	00d7f7b3          	and	a5,a5,a3
80200df0:	04079263          	bnez	a5,80200e34 <strcat+0x80>
80200df4:	00452703          	lw	a4,4(a0)
80200df8:	00450513          	addi	a0,a0,4
80200dfc:	00c707b3          	add	a5,a4,a2
80200e00:	fff74713          	not	a4,a4
80200e04:	00e7f7b3          	and	a5,a5,a4
80200e08:	00d7f7b3          	and	a5,a5,a3
80200e0c:	02079463          	bnez	a5,80200e34 <strcat+0x80>
80200e10:	00452703          	lw	a4,4(a0)
80200e14:	00450513          	addi	a0,a0,4
80200e18:	00c707b3          	add	a5,a4,a2
80200e1c:	fff74713          	not	a4,a4
80200e20:	00e7f7b3          	and	a5,a5,a4
80200e24:	00d7f7b3          	and	a5,a5,a3
80200e28:	fc0786e3          	beqz	a5,80200df4 <strcat+0x40>
80200e2c:	0080006f          	j	80200e34 <strcat+0x80>
80200e30:	00150513          	addi	a0,a0,1
80200e34:	00054783          	lbu	a5,0(a0)
80200e38:	fe079ce3          	bnez	a5,80200e30 <strcat+0x7c>
80200e3c:	399000ef          	jal	802019d4 <strcpy>
80200e40:	00c12083          	lw	ra,12(sp)
80200e44:	00040513          	mv	a0,s0
80200e48:	00812403          	lw	s0,8(sp)
80200e4c:	01010113          	addi	sp,sp,16
80200e50:	00008067          	ret

80200e54 <strncat>:
strncat():
80200e54:	00357713          	andi	a4,a0,3
80200e58:	00050793          	mv	a5,a0
80200e5c:	06071663          	bnez	a4,80200ec8 <strncat+0x74>
80200e60:	00052683          	lw	a3,0(a0)
80200e64:	feff08b7          	lui	a7,0xfeff0
80200e68:	eff88893          	addi	a7,a7,-257 # fefefeff <__heap_end+0x7ecefeff>
80200e6c:	01168733          	add	a4,a3,a7
80200e70:	80808837          	lui	a6,0x80808
80200e74:	fff6c693          	not	a3,a3
80200e78:	00d77733          	and	a4,a4,a3
80200e7c:	08080813          	addi	a6,a6,128 # 80808080 <__heap_end+0x508080>
80200e80:	01077733          	and	a4,a4,a6
80200e84:	04071263          	bnez	a4,80200ec8 <strncat+0x74>
80200e88:	0047a683          	lw	a3,4(a5)
80200e8c:	00478793          	addi	a5,a5,4
80200e90:	01168733          	add	a4,a3,a7
80200e94:	fff6c693          	not	a3,a3
80200e98:	00d77733          	and	a4,a4,a3
80200e9c:	01077733          	and	a4,a4,a6
80200ea0:	02071463          	bnez	a4,80200ec8 <strncat+0x74>
80200ea4:	0047a683          	lw	a3,4(a5)
80200ea8:	00478793          	addi	a5,a5,4
80200eac:	01168733          	add	a4,a3,a7
80200eb0:	fff6c693          	not	a3,a3
80200eb4:	00d77733          	and	a4,a4,a3
80200eb8:	01077733          	and	a4,a4,a6
80200ebc:	fc0706e3          	beqz	a4,80200e88 <strncat+0x34>
80200ec0:	0080006f          	j	80200ec8 <strncat+0x74>
80200ec4:	00178793          	addi	a5,a5,1
80200ec8:	0007c703          	lbu	a4,0(a5)
80200ecc:	fe071ce3          	bnez	a4,80200ec4 <strncat+0x70>
80200ed0:	00c786b3          	add	a3,a5,a2
80200ed4:	02060463          	beqz	a2,80200efc <strncat+0xa8>
80200ed8:	0005c703          	lbu	a4,0(a1)
80200edc:	00178793          	addi	a5,a5,1
80200ee0:	00158593          	addi	a1,a1,1
80200ee4:	fee78fa3          	sb	a4,-1(a5)
80200ee8:	00070863          	beqz	a4,80200ef8 <strncat+0xa4>
80200eec:	fef696e3          	bne	a3,a5,80200ed8 <strncat+0x84>
80200ef0:	00068023          	sb	zero,0(a3)
80200ef4:	00008067          	ret
80200ef8:	00008067          	ret
80200efc:	00008067          	ret

80200f00 <strncmp>:
strncmp():
80200f00:	08060a63          	beqz	a2,80200f94 <strncmp+0x94>
80200f04:	00b567b3          	or	a5,a0,a1
80200f08:	0037f793          	andi	a5,a5,3
80200f0c:	04079a63          	bnez	a5,80200f60 <strncmp+0x60>
80200f10:	feff0337          	lui	t1,0xfeff0
80200f14:	808088b7          	lui	a7,0x80808
80200f18:	00300e13          	li	t3,3
80200f1c:	eff30313          	addi	t1,t1,-257 # fefefeff <__heap_end+0x7ecefeff>
80200f20:	08088893          	addi	a7,a7,128 # 80808080 <__heap_end+0x508080>
80200f24:	02ce6063          	bltu	t3,a2,80200f44 <strncmp+0x44>
80200f28:	0380006f          	j	80200f60 <strncmp+0x60>
80200f2c:	ffc60613          	addi	a2,a2,-4
80200f30:	06060263          	beqz	a2,80200f94 <strncmp+0x94>
80200f34:	06079063          	bnez	a5,80200f94 <strncmp+0x94>
80200f38:	00450513          	addi	a0,a0,4
80200f3c:	00458593          	addi	a1,a1,4
80200f40:	02ce7063          	bgeu	t3,a2,80200f60 <strncmp+0x60>
80200f44:	00052703          	lw	a4,0(a0)
80200f48:	0005a683          	lw	a3,0(a1)
80200f4c:	006707b3          	add	a5,a4,t1
80200f50:	fff74813          	not	a6,a4
80200f54:	0107f7b3          	and	a5,a5,a6
80200f58:	0117f7b3          	and	a5,a5,a7
80200f5c:	fcd708e3          	beq	a4,a3,80200f2c <strncmp+0x2c>
80200f60:	00054783          	lbu	a5,0(a0)
80200f64:	0005c703          	lbu	a4,0(a1)
80200f68:	fff60613          	addi	a2,a2,-1
80200f6c:	00c50633          	add	a2,a0,a2
80200f70:	00e78e63          	beq	a5,a4,80200f8c <strncmp+0x8c>
80200f74:	0280006f          	j	80200f9c <strncmp+0x9c>
80200f78:	00150513          	addi	a0,a0,1
80200f7c:	00078c63          	beqz	a5,80200f94 <strncmp+0x94>
80200f80:	00054783          	lbu	a5,0(a0)
80200f84:	0005c703          	lbu	a4,0(a1)
80200f88:	00e79a63          	bne	a5,a4,80200f9c <strncmp+0x9c>
80200f8c:	00158593          	addi	a1,a1,1
80200f90:	fec514e3          	bne	a0,a2,80200f78 <strncmp+0x78>
80200f94:	00000513          	li	a0,0
80200f98:	00008067          	ret
80200f9c:	40e78533          	sub	a0,a5,a4
80200fa0:	00008067          	ret

80200fa4 <strtok>:
strtok():
80200fa4:	00007617          	auipc	a2,0x7
80200fa8:	34062603          	lw	a2,832(a2) # 802082e4 <_impure_ptr>
80200fac:	00100693          	li	a3,1
80200fb0:	05060613          	addi	a2,a2,80
80200fb4:	0040006f          	j	80200fb8 <__strtok_r>

80200fb8 <__strtok_r>:
__strtok_r():
80200fb8:	06050c63          	beqz	a0,80201030 <__strtok_r+0x78>
80200fbc:	00054803          	lbu	a6,0(a0)
80200fc0:	00150893          	addi	a7,a0,1
80200fc4:	00058793          	mv	a5,a1
80200fc8:	0080006f          	j	80200fd0 <__strtok_r+0x18>
80200fcc:	04e80263          	beq	a6,a4,80201010 <__strtok_r+0x58>
80200fd0:	0007c703          	lbu	a4,0(a5)
80200fd4:	00178793          	addi	a5,a5,1
80200fd8:	fe071ae3          	bnez	a4,80200fcc <__strtok_r+0x14>
80200fdc:	06080063          	beqz	a6,8020103c <__strtok_r+0x84>
80200fe0:	0008c683          	lbu	a3,0(a7)
80200fe4:	00188813          	addi	a6,a7,1
80200fe8:	00058793          	mv	a5,a1
80200fec:	0080006f          	j	80200ff4 <__strtok_r+0x3c>
80200ff0:	02070663          	beqz	a4,8020101c <__strtok_r+0x64>
80200ff4:	0007c703          	lbu	a4,0(a5)
80200ff8:	00178793          	addi	a5,a5,1
80200ffc:	fee69ae3          	bne	a3,a4,80200ff0 <__strtok_r+0x38>
80201000:	02068263          	beqz	a3,80201024 <__strtok_r+0x6c>
80201004:	00088023          	sb	zero,0(a7)
80201008:	01062023          	sw	a6,0(a2)
8020100c:	00008067          	ret
80201010:	02068c63          	beqz	a3,80201048 <__strtok_r+0x90>
80201014:	00088513          	mv	a0,a7
80201018:	fa5ff06f          	j	80200fbc <__strtok_r+0x4>
8020101c:	00080893          	mv	a7,a6
80201020:	fc1ff06f          	j	80200fe0 <__strtok_r+0x28>
80201024:	00000813          	li	a6,0
80201028:	01062023          	sw	a6,0(a2)
8020102c:	00008067          	ret
80201030:	00062503          	lw	a0,0(a2)
80201034:	f80514e3          	bnez	a0,80200fbc <__strtok_r+0x4>
80201038:	0080006f          	j	80201040 <__strtok_r+0x88>
8020103c:	00062023          	sw	zero,0(a2)
80201040:	00000513          	li	a0,0
80201044:	00008067          	ret
80201048:	01162023          	sw	a7,0(a2)
8020104c:	00050023          	sb	zero,0(a0)
80201050:	00008067          	ret

80201054 <critical_factorization>:
critical_factorization():
80201054:	00100813          	li	a6,1
80201058:	10b87863          	bgeu	a6,a1,80201168 <critical_factorization+0x114>
8020105c:	00080893          	mv	a7,a6
80201060:	00080793          	mv	a5,a6
80201064:	00000313          	li	t1,0
80201068:	fff00e13          	li	t3,-1
8020106c:	0180006f          	j	80201084 <critical_factorization+0x30>
80201070:	41c78833          	sub	a6,a5,t3
80201074:	00078313          	mv	t1,a5
80201078:	00100893          	li	a7,1
8020107c:	011307b3          	add	a5,t1,a7
80201080:	02b7fc63          	bgeu	a5,a1,802010b8 <critical_factorization+0x64>
80201084:	01c506b3          	add	a3,a0,t3
80201088:	011686b3          	add	a3,a3,a7
8020108c:	00f50733          	add	a4,a0,a5
80201090:	0006c683          	lbu	a3,0(a3)
80201094:	00074703          	lbu	a4,0(a4)
80201098:	fcd76ce3          	bltu	a4,a3,80201070 <critical_factorization+0x1c>
8020109c:	08d70c63          	beq	a4,a3,80201134 <critical_factorization+0xe0>
802010a0:	00100813          	li	a6,1
802010a4:	00080893          	mv	a7,a6
802010a8:	00030e13          	mv	t3,t1
802010ac:	01030333          	add	t1,t1,a6
802010b0:	011307b3          	add	a5,t1,a7
802010b4:	fcb7e8e3          	bltu	a5,a1,80201084 <critical_factorization+0x30>
802010b8:	01062023          	sw	a6,0(a2)
802010bc:	00100813          	li	a6,1
802010c0:	00080893          	mv	a7,a6
802010c4:	00080793          	mv	a5,a6
802010c8:	00000313          	li	t1,0
802010cc:	fff00e93          	li	t4,-1
802010d0:	0180006f          	j	802010e8 <critical_factorization+0x94>
802010d4:	41d78833          	sub	a6,a5,t4
802010d8:	00078313          	mv	t1,a5
802010dc:	00100893          	li	a7,1
802010e0:	011307b3          	add	a5,t1,a7
802010e4:	02b7fc63          	bgeu	a5,a1,8020111c <critical_factorization+0xc8>
802010e8:	01d506b3          	add	a3,a0,t4
802010ec:	011686b3          	add	a3,a3,a7
802010f0:	00f50733          	add	a4,a0,a5
802010f4:	0006c683          	lbu	a3,0(a3)
802010f8:	00074703          	lbu	a4,0(a4)
802010fc:	fce6ece3          	bltu	a3,a4,802010d4 <critical_factorization+0x80>
80201100:	04d70063          	beq	a4,a3,80201140 <critical_factorization+0xec>
80201104:	00100813          	li	a6,1
80201108:	00080893          	mv	a7,a6
8020110c:	00030e93          	mv	t4,t1
80201110:	01030333          	add	t1,t1,a6
80201114:	011307b3          	add	a5,t1,a7
80201118:	fcb7e8e3          	bltu	a5,a1,802010e8 <critical_factorization+0x94>
8020111c:	001e8e93          	addi	t4,t4,1
80201120:	001e0513          	addi	a0,t3,1
80201124:	04aee063          	bltu	t4,a0,80201164 <critical_factorization+0x110>
80201128:	01062023          	sw	a6,0(a2)
8020112c:	000e8513          	mv	a0,t4
80201130:	00008067          	ret
80201134:	01088c63          	beq	a7,a6,8020114c <critical_factorization+0xf8>
80201138:	00188893          	addi	a7,a7,1
8020113c:	f41ff06f          	j	8020107c <critical_factorization+0x28>
80201140:	01088c63          	beq	a7,a6,80201158 <critical_factorization+0x104>
80201144:	00188893          	addi	a7,a7,1
80201148:	f99ff06f          	j	802010e0 <critical_factorization+0x8c>
8020114c:	01130333          	add	t1,t1,a7
80201150:	00100893          	li	a7,1
80201154:	f29ff06f          	j	8020107c <critical_factorization+0x28>
80201158:	01130333          	add	t1,t1,a7
8020115c:	00100893          	li	a7,1
80201160:	f81ff06f          	j	802010e0 <critical_factorization+0x8c>
80201164:	00008067          	ret
80201168:	00000e93          	li	t4,0
8020116c:	01062023          	sw	a6,0(a2)
80201170:	000e8513          	mv	a0,t4
80201174:	00008067          	ret

80201178 <two_way_long_needle>:
two_way_long_needle():
80201178:	ba010113          	addi	sp,sp,-1120
8020117c:	44912a23          	sw	s1,1108(sp)
80201180:	45612023          	sw	s6,1088(sp)
80201184:	43912a23          	sw	s9,1076(sp)
80201188:	00060b13          	mv	s6,a2
8020118c:	00050493          	mv	s1,a0
80201190:	00058c93          	mv	s9,a1
80201194:	00060513          	mv	a0,a2
80201198:	00068593          	mv	a1,a3
8020119c:	01c10613          	addi	a2,sp,28
802011a0:	43712e23          	sw	s7,1084(sp)
802011a4:	43a12823          	sw	s10,1072(sp)
802011a8:	43b12623          	sw	s11,1068(sp)
802011ac:	44112e23          	sw	ra,1116(sp)
802011b0:	44812c23          	sw	s0,1112(sp)
802011b4:	45212823          	sw	s2,1104(sp)
802011b8:	45312623          	sw	s3,1100(sp)
802011bc:	45412423          	sw	s4,1096(sp)
802011c0:	45512223          	sw	s5,1092(sp)
802011c4:	43812c23          	sw	s8,1080(sp)
802011c8:	00068b93          	mv	s7,a3
802011cc:	02010d13          	addi	s10,sp,32
802011d0:	e85ff0ef          	jal	80201054 <critical_factorization>
802011d4:	00050d93          	mv	s11,a0
802011d8:	000d0793          	mv	a5,s10
802011dc:	0177a023          	sw	s7,0(a5)
802011e0:	42010713          	addi	a4,sp,1056
802011e4:	00478793          	addi	a5,a5,4
802011e8:	fee79ae3          	bne	a5,a4,802011dc <two_way_long_needle+0x64>
802011ec:	020b8863          	beqz	s7,8020121c <two_way_long_needle+0xa4>
802011f0:	fffb8613          	addi	a2,s7,-1 # 7ffffff <app_entry-0x78200001>
802011f4:	00cb0633          	add	a2,s6,a2
802011f8:	017b05b3          	add	a1,s6,s7
802011fc:	000b0713          	mv	a4,s6
80201200:	00074783          	lbu	a5,0(a4)
80201204:	40e606b3          	sub	a3,a2,a4
80201208:	00170713          	addi	a4,a4,1
8020120c:	00279793          	slli	a5,a5,0x2
80201210:	00fd07b3          	add	a5,s10,a5
80201214:	00d7a023          	sw	a3,0(a5)
80201218:	feb714e3          	bne	a4,a1,80201200 <two_way_long_needle+0x88>
8020121c:	01c12903          	lw	s2,28(sp)
80201220:	000d8613          	mv	a2,s11
80201224:	000b0513          	mv	a0,s6
80201228:	012b05b3          	add	a1,s6,s2
8020122c:	04d000ef          	jal	80201a78 <memcmp>
80201230:	14051263          	bnez	a0,80201374 <two_way_long_needle+0x1fc>
80201234:	000019b7          	lui	s3,0x1
80201238:	80098993          	addi	s3,s3,-2048 # 800 <app_entry-0x801ff800>
8020123c:	013be7b3          	or	a5,s7,s3
80201240:	00100a13          	li	s4,1
80201244:	00f12623          	sw	a5,12(sp)
80201248:	41ba0a33          	sub	s4,s4,s11
8020124c:	00000993          	li	s3,0
80201250:	00000413          	li	s0,0
80201254:	417c86b3          	sub	a3,s9,s7
80201258:	fffb8c13          	addi	s8,s7,-1
8020125c:	412b8ab3          	sub	s5,s7,s2
80201260:	0286ec63          	bltu	a3,s0,80201298 <two_way_long_needle+0x120>
80201264:	008485b3          	add	a1,s1,s0
80201268:	018587b3          	add	a5,a1,s8
8020126c:	0007c783          	lbu	a5,0(a5)
80201270:	00279793          	slli	a5,a5,0x2
80201274:	00fd07b3          	add	a5,s10,a5
80201278:	0007a783          	lw	a5,0(a5)
8020127c:	06078a63          	beqz	a5,802012f0 <two_way_long_needle+0x178>
80201280:	00098663          	beqz	s3,8020128c <two_way_long_needle+0x114>
80201284:	0127f463          	bgeu	a5,s2,8020128c <two_way_long_needle+0x114>
80201288:	000a8793          	mv	a5,s5
8020128c:	00f40433          	add	s0,s0,a5
80201290:	00000993          	li	s3,0
80201294:	fc86f8e3          	bgeu	a3,s0,80201264 <two_way_long_needle+0xec>
80201298:	00c12583          	lw	a1,12(sp)
8020129c:	01948533          	add	a0,s1,s9
802012a0:	185000ef          	jal	80201c24 <strnlen>
802012a4:	00ac8cb3          	add	s9,s9,a0
802012a8:	417c86b3          	sub	a3,s9,s7
802012ac:	fa86fce3          	bgeu	a3,s0,80201264 <two_way_long_needle+0xec>
802012b0:	00000513          	li	a0,0
802012b4:	45c12083          	lw	ra,1116(sp)
802012b8:	45812403          	lw	s0,1112(sp)
802012bc:	45412483          	lw	s1,1108(sp)
802012c0:	45012903          	lw	s2,1104(sp)
802012c4:	44c12983          	lw	s3,1100(sp)
802012c8:	44812a03          	lw	s4,1096(sp)
802012cc:	44412a83          	lw	s5,1092(sp)
802012d0:	44012b03          	lw	s6,1088(sp)
802012d4:	43c12b83          	lw	s7,1084(sp)
802012d8:	43812c03          	lw	s8,1080(sp)
802012dc:	43412c83          	lw	s9,1076(sp)
802012e0:	43012d03          	lw	s10,1072(sp)
802012e4:	42c12d83          	lw	s11,1068(sp)
802012e8:	46010113          	addi	sp,sp,1120
802012ec:	00008067          	ret
802012f0:	00098793          	mv	a5,s3
802012f4:	01b9f463          	bgeu	s3,s11,802012fc <two_way_long_needle+0x184>
802012f8:	000d8793          	mv	a5,s11
802012fc:	0187e863          	bltu	a5,s8,8020130c <two_way_long_needle+0x194>
80201300:	0300006f          	j	80201330 <two_way_long_needle+0x1b8>
80201304:	00178793          	addi	a5,a5,1
80201308:	03878463          	beq	a5,s8,80201330 <two_way_long_needle+0x1b8>
8020130c:	00f40533          	add	a0,s0,a5
80201310:	00a48533          	add	a0,s1,a0
80201314:	00fb0733          	add	a4,s6,a5
80201318:	00054503          	lbu	a0,0(a0)
8020131c:	00074703          	lbu	a4,0(a4)
80201320:	fea702e3          	beq	a4,a0,80201304 <two_way_long_needle+0x18c>
80201324:	0187f663          	bgeu	a5,s8,80201330 <two_way_long_needle+0x1b8>
80201328:	008a0433          	add	s0,s4,s0
8020132c:	f61ff06f          	j	8020128c <two_way_long_needle+0x114>
80201330:	15b9fa63          	bgeu	s3,s11,80201484 <two_way_long_needle+0x30c>
80201334:	fffd8793          	addi	a5,s11,-1 # 7fffffff <app_entry-0x200001>
80201338:	00c0006f          	j	80201344 <two_way_long_needle+0x1cc>
8020133c:	02f98263          	beq	s3,a5,80201360 <two_way_long_needle+0x1e8>
80201340:	fff78793          	addi	a5,a5,-1
80201344:	00f40533          	add	a0,s0,a5
80201348:	00a48533          	add	a0,s1,a0
8020134c:	00fb0733          	add	a4,s6,a5
80201350:	00054503          	lbu	a0,0(a0)
80201354:	00074703          	lbu	a4,0(a4)
80201358:	fea702e3          	beq	a4,a0,8020133c <two_way_long_needle+0x1c4>
8020135c:	00178793          	addi	a5,a5,1
80201360:	00198613          	addi	a2,s3,1
80201364:	10c7ec63          	bltu	a5,a2,8020147c <two_way_long_needle+0x304>
80201368:	01240433          	add	s0,s0,s2
8020136c:	000a8993          	mv	s3,s5
80201370:	ef1ff06f          	j	80201260 <two_way_long_needle+0xe8>
80201374:	41bb89b3          	sub	s3,s7,s11
80201378:	0fb9ea63          	bltu	s3,s11,8020146c <two_way_long_needle+0x2f4>
8020137c:	00001437          	lui	s0,0x1
80201380:	00100913          	li	s2,1
80201384:	80040413          	addi	s0,s0,-2048 # 800 <app_entry-0x801ff800>
80201388:	fffb8a93          	addi	s5,s7,-1
8020138c:	012989b3          	add	s3,s3,s2
80201390:	008be433          	or	s0,s7,s0
80201394:	01548c33          	add	s8,s1,s5
80201398:	41b90933          	sub	s2,s2,s11
8020139c:	00000a13          	li	s4,0
802013a0:	417c86b3          	sub	a3,s9,s7
802013a4:	0346e263          	bltu	a3,s4,802013c8 <two_way_long_needle+0x250>
802013a8:	014c07b3          	add	a5,s8,s4
802013ac:	0007c783          	lbu	a5,0(a5)
802013b0:	00279793          	slli	a5,a5,0x2
802013b4:	00fd07b3          	add	a5,s10,a5
802013b8:	0007a783          	lw	a5,0(a5)
802013bc:	02078e63          	beqz	a5,802013f8 <two_way_long_needle+0x280>
802013c0:	00fa0a33          	add	s4,s4,a5
802013c4:	ff46f2e3          	bgeu	a3,s4,802013a8 <two_way_long_needle+0x230>
802013c8:	01948533          	add	a0,s1,s9
802013cc:	00040593          	mv	a1,s0
802013d0:	055000ef          	jal	80201c24 <strnlen>
802013d4:	00ac8cb3          	add	s9,s9,a0
802013d8:	417c86b3          	sub	a3,s9,s7
802013dc:	ed46eae3          	bltu	a3,s4,802012b0 <two_way_long_needle+0x138>
802013e0:	014c07b3          	add	a5,s8,s4
802013e4:	0007c783          	lbu	a5,0(a5)
802013e8:	00279793          	slli	a5,a5,0x2
802013ec:	00fd07b3          	add	a5,s10,a5
802013f0:	0007a783          	lw	a5,0(a5)
802013f4:	fc0796e3          	bnez	a5,802013c0 <two_way_long_needle+0x248>
802013f8:	000d8793          	mv	a5,s11
802013fc:	015de863          	bltu	s11,s5,8020140c <two_way_long_needle+0x294>
80201400:	0340006f          	j	80201434 <two_way_long_needle+0x2bc>
80201404:	00178793          	addi	a5,a5,1
80201408:	02fa8663          	beq	s5,a5,80201434 <two_way_long_needle+0x2bc>
8020140c:	00fa0633          	add	a2,s4,a5
80201410:	00c48633          	add	a2,s1,a2
80201414:	00fb0733          	add	a4,s6,a5
80201418:	00064603          	lbu	a2,0(a2)
8020141c:	00074703          	lbu	a4,0(a4)
80201420:	fec702e3          	beq	a4,a2,80201404 <two_way_long_needle+0x28c>
80201424:	0157f863          	bgeu	a5,s5,80201434 <two_way_long_needle+0x2bc>
80201428:	01490a33          	add	s4,s2,s4
8020142c:	00fa0a33          	add	s4,s4,a5
80201430:	f95ff06f          	j	802013c4 <two_way_long_needle+0x24c>
80201434:	fffd8793          	addi	a5,s11,-1
80201438:	fff00593          	li	a1,-1
8020143c:	00b79663          	bne	a5,a1,80201448 <two_way_long_needle+0x2d0>
80201440:	0340006f          	j	80201474 <two_way_long_needle+0x2fc>
80201444:	02b78863          	beq	a5,a1,80201474 <two_way_long_needle+0x2fc>
80201448:	00fa0733          	add	a4,s4,a5
8020144c:	00fb0633          	add	a2,s6,a5
80201450:	00e48733          	add	a4,s1,a4
80201454:	00074703          	lbu	a4,0(a4)
80201458:	00064603          	lbu	a2,0(a2)
8020145c:	fff78793          	addi	a5,a5,-1
80201460:	fee602e3          	beq	a2,a4,80201444 <two_way_long_needle+0x2cc>
80201464:	013a0a33          	add	s4,s4,s3
80201468:	f3dff06f          	j	802013a4 <two_way_long_needle+0x22c>
8020146c:	000d8993          	mv	s3,s11
80201470:	f0dff06f          	j	8020137c <two_way_long_needle+0x204>
80201474:	01448533          	add	a0,s1,s4
80201478:	e3dff06f          	j	802012b4 <two_way_long_needle+0x13c>
8020147c:	00058513          	mv	a0,a1
80201480:	e35ff06f          	j	802012b4 <two_way_long_needle+0x13c>
80201484:	000d8793          	mv	a5,s11
80201488:	ed9ff06f          	j	80201360 <two_way_long_needle+0x1e8>

8020148c <strstr>:
strstr():
8020148c:	fa010113          	addi	sp,sp,-96
80201490:	04812c23          	sw	s0,88(sp)
80201494:	04112e23          	sw	ra,92(sp)
80201498:	0005c783          	lbu	a5,0(a1)
8020149c:	00050413          	mv	s0,a0
802014a0:	10078263          	beqz	a5,802015a4 <strstr+0x118>
802014a4:	0015c703          	lbu	a4,1(a1)
802014a8:	18070a63          	beqz	a4,8020163c <strstr+0x1b0>
802014ac:	0025c603          	lbu	a2,2(a1)
802014b0:	10060463          	beqz	a2,802015b8 <strstr+0x12c>
802014b4:	0035c503          	lbu	a0,3(a1)
802014b8:	1e050063          	beqz	a0,80201698 <strstr+0x20c>
802014bc:	0045c683          	lbu	a3,4(a1)
802014c0:	18068863          	beqz	a3,80201650 <strstr+0x1c4>
802014c4:	00058513          	mv	a0,a1
802014c8:	04912a23          	sw	s1,84(sp)
802014cc:	05212823          	sw	s2,80(sp)
802014d0:	00058493          	mv	s1,a1
802014d4:	474000ef          	jal	80201948 <strlen>
802014d8:	00050913          	mv	s2,a0
802014dc:	20056593          	ori	a1,a0,512
802014e0:	00040513          	mv	a0,s0
802014e4:	740000ef          	jal	80201c24 <strnlen>
802014e8:	21256663          	bltu	a0,s2,802016f4 <strstr+0x268>
802014ec:	0fe00793          	li	a5,254
802014f0:	2327e063          	bltu	a5,s2,80201710 <strstr+0x284>
802014f4:	05312623          	sw	s3,76(sp)
802014f8:	04000613          	li	a2,64
802014fc:	412509b3          	sub	s3,a0,s2
80201500:	00190593          	addi	a1,s2,1
80201504:	00010513          	mv	a0,sp
80201508:	05412423          	sw	s4,72(sp)
8020150c:	238000ef          	jal	80201744 <memset>
80201510:	012485b3          	add	a1,s1,s2
80201514:	013409b3          	add	s3,s0,s3
80201518:	00048713          	mv	a4,s1
8020151c:	00058613          	mv	a2,a1
80201520:	02090063          	beqz	s2,80201540 <strstr+0xb4>
80201524:	00074783          	lbu	a5,0(a4)
80201528:	40e606b3          	sub	a3,a2,a4
8020152c:	00170713          	addi	a4,a4,1
80201530:	03f7f793          	andi	a5,a5,63
80201534:	002787b3          	add	a5,a5,sp
80201538:	00d78023          	sb	a3,0(a5)
8020153c:	fee594e3          	bne	a1,a4,80201524 <strstr+0x98>
80201540:	fff40413          	addi	s0,s0,-1
80201544:	012407b3          	add	a5,s0,s2
80201548:	0007c783          	lbu	a5,0(a5)
8020154c:	03f7f793          	andi	a5,a5,63
80201550:	002787b3          	add	a5,a5,sp
80201554:	0007c783          	lbu	a5,0(a5)
80201558:	00f40433          	add	s0,s0,a5
8020155c:	0089f863          	bgeu	s3,s0,8020156c <strstr+0xe0>
80201560:	0a40006f          	j	80201604 <strstr+0x178>
80201564:	01440433          	add	s0,s0,s4
80201568:	0889ee63          	bltu	s3,s0,80201604 <strstr+0x178>
8020156c:	012407b3          	add	a5,s0,s2
80201570:	0007c783          	lbu	a5,0(a5)
80201574:	00090613          	mv	a2,s2
80201578:	00048593          	mv	a1,s1
8020157c:	03f7f793          	andi	a5,a5,63
80201580:	002787b3          	add	a5,a5,sp
80201584:	00040513          	mv	a0,s0
80201588:	0007ca03          	lbu	s4,0(a5)
8020158c:	4ec000ef          	jal	80201a78 <memcmp>
80201590:	fc051ae3          	bnez	a0,80201564 <strstr+0xd8>
80201594:	05412483          	lw	s1,84(sp)
80201598:	05012903          	lw	s2,80(sp)
8020159c:	04c12983          	lw	s3,76(sp)
802015a0:	04812a03          	lw	s4,72(sp)
802015a4:	05c12083          	lw	ra,92(sp)
802015a8:	00040513          	mv	a0,s0
802015ac:	05812403          	lw	s0,88(sp)
802015b0:	06010113          	addi	sp,sp,96
802015b4:	00008067          	ret
802015b8:	00054683          	lbu	a3,0(a0)
802015bc:	01079793          	slli	a5,a5,0x10
802015c0:	00e7e7b3          	or	a5,a5,a4
802015c4:	00000713          	li	a4,0
802015c8:	02068263          	beqz	a3,802015ec <strstr+0x160>
802015cc:	01071713          	slli	a4,a4,0x10
802015d0:	00040613          	mv	a2,s0
802015d4:	00e6e733          	or	a4,a3,a4
802015d8:	00140413          	addi	s0,s0,1
802015dc:	00044683          	lbu	a3,0(s0)
802015e0:	10e78063          	beq	a5,a4,802016e0 <strstr+0x254>
802015e4:	fe0694e3          	bnez	a3,802015cc <strstr+0x140>
802015e8:	0ee78c63          	beq	a5,a4,802016e0 <strstr+0x254>
802015ec:	00000413          	li	s0,0
802015f0:	05c12083          	lw	ra,92(sp)
802015f4:	00040513          	mv	a0,s0
802015f8:	05812403          	lw	s0,88(sp)
802015fc:	06010113          	addi	sp,sp,96
80201600:	00008067          	ret
80201604:	01298533          	add	a0,s3,s2
80201608:	00054783          	lbu	a5,0(a0)
8020160c:	00078c63          	beqz	a5,80201624 <strstr+0x198>
80201610:	000015b7          	lui	a1,0x1
80201614:	80058593          	addi	a1,a1,-2048 # 800 <app_entry-0x801ff800>
80201618:	60c000ef          	jal	80201c24 <strnlen>
8020161c:	00a989b3          	add	s3,s3,a0
80201620:	f289f0e3          	bgeu	s3,s0,80201540 <strstr+0xb4>
80201624:	05412483          	lw	s1,84(sp)
80201628:	05012903          	lw	s2,80(sp)
8020162c:	04c12983          	lw	s3,76(sp)
80201630:	04812a03          	lw	s4,72(sp)
80201634:	00000413          	li	s0,0
80201638:	f6dff06f          	j	802015a4 <strstr+0x118>
8020163c:	05812403          	lw	s0,88(sp)
80201640:	05c12083          	lw	ra,92(sp)
80201644:	00078593          	mv	a1,a5
80201648:	06010113          	addi	sp,sp,96
8020164c:	4980006f          	j	80201ae4 <strchr>
80201650:	00044683          	lbu	a3,0(s0)
80201654:	f8068ce3          	beqz	a3,802015ec <strstr+0x160>
80201658:	01071713          	slli	a4,a4,0x10
8020165c:	01879793          	slli	a5,a5,0x18
80201660:	00e7e7b3          	or	a5,a5,a4
80201664:	00a7e7b3          	or	a5,a5,a0
80201668:	00861613          	slli	a2,a2,0x8
8020166c:	00c7e7b3          	or	a5,a5,a2
80201670:	00000713          	li	a4,0
80201674:	00040613          	mv	a2,s0
80201678:	00871713          	slli	a4,a4,0x8
8020167c:	00140413          	addi	s0,s0,1
80201680:	00e6e733          	or	a4,a3,a4
80201684:	00044683          	lbu	a3,0(s0)
80201688:	06068063          	beqz	a3,802016e8 <strstr+0x25c>
8020168c:	fee794e3          	bne	a5,a4,80201674 <strstr+0x1e8>
80201690:	ffd60413          	addi	s0,a2,-3
80201694:	f11ff06f          	j	802015a4 <strstr+0x118>
80201698:	00044683          	lbu	a3,0(s0)
8020169c:	f40688e3          	beqz	a3,802015ec <strstr+0x160>
802016a0:	01071713          	slli	a4,a4,0x10
802016a4:	01879793          	slli	a5,a5,0x18
802016a8:	00e7e7b3          	or	a5,a5,a4
802016ac:	00861613          	slli	a2,a2,0x8
802016b0:	00c7e7b3          	or	a5,a5,a2
802016b4:	00000713          	li	a4,0
802016b8:	0080006f          	j	802016c0 <strstr+0x234>
802016bc:	04068463          	beqz	a3,80201704 <strstr+0x278>
802016c0:	00e6e733          	or	a4,a3,a4
802016c4:	00040613          	mv	a2,s0
802016c8:	00871713          	slli	a4,a4,0x8
802016cc:	00140413          	addi	s0,s0,1
802016d0:	00044683          	lbu	a3,0(s0)
802016d4:	fee794e3          	bne	a5,a4,802016bc <strstr+0x230>
802016d8:	ffe60413          	addi	s0,a2,-2
802016dc:	ec9ff06f          	j	802015a4 <strstr+0x118>
802016e0:	fff60413          	addi	s0,a2,-1
802016e4:	ec1ff06f          	j	802015a4 <strstr+0x118>
802016e8:	fae784e3          	beq	a5,a4,80201690 <strstr+0x204>
802016ec:	00000413          	li	s0,0
802016f0:	f01ff06f          	j	802015f0 <strstr+0x164>
802016f4:	05412483          	lw	s1,84(sp)
802016f8:	05012903          	lw	s2,80(sp)
802016fc:	00000413          	li	s0,0
80201700:	ef1ff06f          	j	802015f0 <strstr+0x164>
80201704:	fce78ae3          	beq	a5,a4,802016d8 <strstr+0x24c>
80201708:	00000413          	li	s0,0
8020170c:	ee5ff06f          	j	802015f0 <strstr+0x164>
80201710:	00050593          	mv	a1,a0
80201714:	00040513          	mv	a0,s0
80201718:	05812403          	lw	s0,88(sp)
8020171c:	05c12083          	lw	ra,92(sp)
80201720:	00090693          	mv	a3,s2
80201724:	00048613          	mv	a2,s1
80201728:	05012903          	lw	s2,80(sp)
8020172c:	05412483          	lw	s1,84(sp)
80201730:	06010113          	addi	sp,sp,96
80201734:	a45ff06f          	j	80201178 <two_way_long_needle>

80201738 <__errno>:
__errno():
80201738:	00007517          	auipc	a0,0x7
8020173c:	bac52503          	lw	a0,-1108(a0) # 802082e4 <_impure_ptr>
80201740:	00008067          	ret

80201744 <memset>:
memset():
80201744:	00f00313          	li	t1,15
80201748:	00050713          	mv	a4,a0
8020174c:	02c37e63          	bgeu	t1,a2,80201788 <memset+0x44>
80201750:	00f77793          	andi	a5,a4,15
80201754:	0a079063          	bnez	a5,802017f4 <memset+0xb0>
80201758:	08059263          	bnez	a1,802017dc <memset+0x98>
8020175c:	ff067693          	andi	a3,a2,-16
80201760:	00f67613          	andi	a2,a2,15
80201764:	00e686b3          	add	a3,a3,a4
80201768:	00b72023          	sw	a1,0(a4)
8020176c:	00b72223          	sw	a1,4(a4)
80201770:	00b72423          	sw	a1,8(a4)
80201774:	00b72623          	sw	a1,12(a4)
80201778:	01070713          	addi	a4,a4,16
8020177c:	fed766e3          	bltu	a4,a3,80201768 <memset+0x24>
80201780:	00061463          	bnez	a2,80201788 <memset+0x44>
80201784:	00008067          	ret
80201788:	40c306b3          	sub	a3,t1,a2
8020178c:	00269693          	slli	a3,a3,0x2
80201790:	00000297          	auipc	t0,0x0
80201794:	005686b3          	add	a3,a3,t0
80201798:	00c68067          	jr	12(a3)
8020179c:	00b70723          	sb	a1,14(a4)
802017a0:	00b706a3          	sb	a1,13(a4)
802017a4:	00b70623          	sb	a1,12(a4)
802017a8:	00b705a3          	sb	a1,11(a4)
802017ac:	00b70523          	sb	a1,10(a4)
802017b0:	00b704a3          	sb	a1,9(a4)
802017b4:	00b70423          	sb	a1,8(a4)
802017b8:	00b703a3          	sb	a1,7(a4)
802017bc:	00b70323          	sb	a1,6(a4)
802017c0:	00b702a3          	sb	a1,5(a4)
802017c4:	00b70223          	sb	a1,4(a4)
802017c8:	00b701a3          	sb	a1,3(a4)
802017cc:	00b70123          	sb	a1,2(a4)
802017d0:	00b700a3          	sb	a1,1(a4)
802017d4:	00b70023          	sb	a1,0(a4)
802017d8:	00008067          	ret
802017dc:	0ff5f593          	zext.b	a1,a1
802017e0:	00859693          	slli	a3,a1,0x8
802017e4:	00d5e5b3          	or	a1,a1,a3
802017e8:	01059693          	slli	a3,a1,0x10
802017ec:	00d5e5b3          	or	a1,a1,a3
802017f0:	f6dff06f          	j	8020175c <memset+0x18>
802017f4:	00279693          	slli	a3,a5,0x2
802017f8:	00000297          	auipc	t0,0x0
802017fc:	005686b3          	add	a3,a3,t0
80201800:	00008293          	mv	t0,ra
80201804:	fa0680e7          	jalr	-96(a3)
80201808:	00028093          	mv	ra,t0
8020180c:	ff078793          	addi	a5,a5,-16
80201810:	40f70733          	sub	a4,a4,a5
80201814:	00f60633          	add	a2,a2,a5
80201818:	f6c378e3          	bgeu	t1,a2,80201788 <memset+0x44>
8020181c:	f3dff06f          	j	80201758 <memset+0x14>

80201820 <memcpy>:
memcpy():
80201820:	00a5c7b3          	xor	a5,a1,a0
80201824:	0037f793          	andi	a5,a5,3
80201828:	00c508b3          	add	a7,a0,a2
8020182c:	06079663          	bnez	a5,80201898 <memcpy+0x78>
80201830:	00463613          	sltiu	a2,a2,4
80201834:	06061263          	bnez	a2,80201898 <memcpy+0x78>
80201838:	00357793          	andi	a5,a0,3
8020183c:	00050713          	mv	a4,a0
80201840:	0c079a63          	bnez	a5,80201914 <memcpy+0xf4>
80201844:	ffc8f613          	andi	a2,a7,-4
80201848:	40e606b3          	sub	a3,a2,a4
8020184c:	02000793          	li	a5,32
80201850:	06d7c463          	blt	a5,a3,802018b8 <memcpy+0x98>
80201854:	00058693          	mv	a3,a1
80201858:	00070793          	mv	a5,a4
8020185c:	02c77a63          	bgeu	a4,a2,80201890 <memcpy+0x70>
80201860:	0006a803          	lw	a6,0(a3)
80201864:	00478793          	addi	a5,a5,4
80201868:	00468693          	addi	a3,a3,4
8020186c:	ff07ae23          	sw	a6,-4(a5)
80201870:	fec7e8e3          	bltu	a5,a2,80201860 <memcpy+0x40>
80201874:	fff60613          	addi	a2,a2,-1
80201878:	40e60633          	sub	a2,a2,a4
8020187c:	ffc67613          	andi	a2,a2,-4
80201880:	00458593          	addi	a1,a1,4
80201884:	00470713          	addi	a4,a4,4
80201888:	00c585b3          	add	a1,a1,a2
8020188c:	00c70733          	add	a4,a4,a2
80201890:	01176863          	bltu	a4,a7,802018a0 <memcpy+0x80>
80201894:	00008067          	ret
80201898:	00050713          	mv	a4,a0
8020189c:	ff157ce3          	bgeu	a0,a7,80201894 <memcpy+0x74>
802018a0:	0005c783          	lbu	a5,0(a1)
802018a4:	00170713          	addi	a4,a4,1
802018a8:	00158593          	addi	a1,a1,1
802018ac:	fef70fa3          	sb	a5,-1(a4)
802018b0:	fee898e3          	bne	a7,a4,802018a0 <memcpy+0x80>
802018b4:	00008067          	ret
802018b8:	0005a683          	lw	a3,0(a1)
802018bc:	0045a283          	lw	t0,4(a1)
802018c0:	0085af83          	lw	t6,8(a1)
802018c4:	00c5af03          	lw	t5,12(a1)
802018c8:	0105ae83          	lw	t4,16(a1)
802018cc:	0145ae03          	lw	t3,20(a1)
802018d0:	0185a303          	lw	t1,24(a1)
802018d4:	01c5a803          	lw	a6,28(a1)
802018d8:	00d72023          	sw	a3,0(a4)
802018dc:	0205a683          	lw	a3,32(a1)
802018e0:	02470713          	addi	a4,a4,36
802018e4:	fe572023          	sw	t0,-32(a4)
802018e8:	fed72e23          	sw	a3,-4(a4)
802018ec:	fff72223          	sw	t6,-28(a4)
802018f0:	40e606b3          	sub	a3,a2,a4
802018f4:	ffe72423          	sw	t5,-24(a4)
802018f8:	ffd72623          	sw	t4,-20(a4)
802018fc:	ffc72823          	sw	t3,-16(a4)
80201900:	fe672a23          	sw	t1,-12(a4)
80201904:	ff072c23          	sw	a6,-8(a4)
80201908:	02458593          	addi	a1,a1,36
8020190c:	fad7c6e3          	blt	a5,a3,802018b8 <memcpy+0x98>
80201910:	f45ff06f          	j	80201854 <memcpy+0x34>
80201914:	0005c683          	lbu	a3,0(a1)
80201918:	00170713          	addi	a4,a4,1
8020191c:	00377793          	andi	a5,a4,3
80201920:	fed70fa3          	sb	a3,-1(a4)
80201924:	00158593          	addi	a1,a1,1
80201928:	f0078ee3          	beqz	a5,80201844 <memcpy+0x24>
8020192c:	0005c683          	lbu	a3,0(a1)
80201930:	00170713          	addi	a4,a4,1
80201934:	00377793          	andi	a5,a4,3
80201938:	fed70fa3          	sb	a3,-1(a4)
8020193c:	00158593          	addi	a1,a1,1
80201940:	fc079ae3          	bnez	a5,80201914 <memcpy+0xf4>
80201944:	f01ff06f          	j	80201844 <memcpy+0x24>

80201948 <strlen>:
strlen():
80201948:	00357793          	andi	a5,a0,3
8020194c:	00050713          	mv	a4,a0
80201950:	04079c63          	bnez	a5,802019a8 <strlen+0x60>
80201954:	7f7f86b7          	lui	a3,0x7f7f8
80201958:	f7f68693          	addi	a3,a3,-129 # 7f7f7f7f <app_entry-0xa08081>
8020195c:	fff00593          	li	a1,-1
80201960:	00072603          	lw	a2,0(a4)
80201964:	00470713          	addi	a4,a4,4
80201968:	00d677b3          	and	a5,a2,a3
8020196c:	00d787b3          	add	a5,a5,a3
80201970:	00c7e7b3          	or	a5,a5,a2
80201974:	00d7e7b3          	or	a5,a5,a3
80201978:	feb784e3          	beq	a5,a1,80201960 <strlen+0x18>
8020197c:	ffc74683          	lbu	a3,-4(a4)
80201980:	40a707b3          	sub	a5,a4,a0
80201984:	04068463          	beqz	a3,802019cc <strlen+0x84>
80201988:	ffd74683          	lbu	a3,-3(a4)
8020198c:	02068c63          	beqz	a3,802019c4 <strlen+0x7c>
80201990:	ffe74503          	lbu	a0,-2(a4)
80201994:	00a03533          	snez	a0,a0
80201998:	00f50533          	add	a0,a0,a5
8020199c:	ffe50513          	addi	a0,a0,-2
802019a0:	00008067          	ret
802019a4:	fa0688e3          	beqz	a3,80201954 <strlen+0xc>
802019a8:	00074783          	lbu	a5,0(a4)
802019ac:	00170713          	addi	a4,a4,1
802019b0:	00377693          	andi	a3,a4,3
802019b4:	fe0798e3          	bnez	a5,802019a4 <strlen+0x5c>
802019b8:	40a70733          	sub	a4,a4,a0
802019bc:	fff70513          	addi	a0,a4,-1
802019c0:	00008067          	ret
802019c4:	ffd78513          	addi	a0,a5,-3
802019c8:	00008067          	ret
802019cc:	ffc78513          	addi	a0,a5,-4
802019d0:	00008067          	ret

802019d4 <strcpy>:
strcpy():
802019d4:	00b567b3          	or	a5,a0,a1
802019d8:	0037f793          	andi	a5,a5,3
802019dc:	08079063          	bnez	a5,80201a5c <strcpy+0x88>
802019e0:	0005a703          	lw	a4,0(a1)
802019e4:	7f7f86b7          	lui	a3,0x7f7f8
802019e8:	f7f68693          	addi	a3,a3,-129 # 7f7f7f7f <app_entry-0xa08081>
802019ec:	00d77833          	and	a6,a4,a3
802019f0:	00d80833          	add	a6,a6,a3
802019f4:	00e86833          	or	a6,a6,a4
802019f8:	00d86833          	or	a6,a6,a3
802019fc:	fff00793          	li	a5,-1
80201a00:	00050613          	mv	a2,a0
80201a04:	02f81463          	bne	a6,a5,80201a2c <strcpy+0x58>
80201a08:	00458593          	addi	a1,a1,4
80201a0c:	00e62023          	sw	a4,0(a2)
80201a10:	0005a703          	lw	a4,0(a1)
80201a14:	00460613          	addi	a2,a2,4
80201a18:	00d777b3          	and	a5,a4,a3
80201a1c:	00d787b3          	add	a5,a5,a3
80201a20:	00e7e7b3          	or	a5,a5,a4
80201a24:	00d7e7b3          	or	a5,a5,a3
80201a28:	ff0780e3          	beq	a5,a6,80201a08 <strcpy+0x34>
80201a2c:	0005c783          	lbu	a5,0(a1)
80201a30:	0015c703          	lbu	a4,1(a1)
80201a34:	0025c683          	lbu	a3,2(a1)
80201a38:	00f60023          	sb	a5,0(a2)
80201a3c:	00078a63          	beqz	a5,80201a50 <strcpy+0x7c>
80201a40:	00e600a3          	sb	a4,1(a2)
80201a44:	00070663          	beqz	a4,80201a50 <strcpy+0x7c>
80201a48:	00d60123          	sb	a3,2(a2)
80201a4c:	00069463          	bnez	a3,80201a54 <strcpy+0x80>
80201a50:	00008067          	ret
80201a54:	000601a3          	sb	zero,3(a2)
80201a58:	00008067          	ret
80201a5c:	00050793          	mv	a5,a0
80201a60:	0005c703          	lbu	a4,0(a1)
80201a64:	00178793          	addi	a5,a5,1
80201a68:	00158593          	addi	a1,a1,1
80201a6c:	fee78fa3          	sb	a4,-1(a5)
80201a70:	fe0718e3          	bnez	a4,80201a60 <strcpy+0x8c>
80201a74:	00008067          	ret

80201a78 <memcmp>:
memcmp():
80201a78:	00300693          	li	a3,3
80201a7c:	04c6fe63          	bgeu	a3,a2,80201ad8 <memcmp+0x60>
80201a80:	00a5e7b3          	or	a5,a1,a0
80201a84:	0037f793          	andi	a5,a5,3
80201a88:	02078a63          	beqz	a5,80201abc <memcmp+0x44>
80201a8c:	fff60613          	addi	a2,a2,-1
80201a90:	00160613          	addi	a2,a2,1
80201a94:	00c50633          	add	a2,a0,a2
80201a98:	0080006f          	j	80201aa0 <memcmp+0x28>
80201a9c:	04a60063          	beq	a2,a0,80201adc <memcmp+0x64>
80201aa0:	00054783          	lbu	a5,0(a0)
80201aa4:	0005c703          	lbu	a4,0(a1)
80201aa8:	00150513          	addi	a0,a0,1
80201aac:	00158593          	addi	a1,a1,1
80201ab0:	fee786e3          	beq	a5,a4,80201a9c <memcmp+0x24>
80201ab4:	40e78533          	sub	a0,a5,a4
80201ab8:	00008067          	ret
80201abc:	00052703          	lw	a4,0(a0)
80201ac0:	0005a783          	lw	a5,0(a1)
80201ac4:	fcf714e3          	bne	a4,a5,80201a8c <memcmp+0x14>
80201ac8:	ffc60613          	addi	a2,a2,-4
80201acc:	00450513          	addi	a0,a0,4
80201ad0:	00458593          	addi	a1,a1,4
80201ad4:	fec6e4e3          	bltu	a3,a2,80201abc <memcmp+0x44>
80201ad8:	fa061ae3          	bnez	a2,80201a8c <memcmp+0x14>
80201adc:	00000513          	li	a0,0
80201ae0:	00008067          	ret

80201ae4 <strchr>:
strchr():
80201ae4:	0ff5f693          	zext.b	a3,a1
80201ae8:	00357793          	andi	a5,a0,3
80201aec:	0c068063          	beqz	a3,80201bac <strchr+0xc8>
80201af0:	00078e63          	beqz	a5,80201b0c <strchr+0x28>
80201af4:	00054783          	lbu	a5,0(a0)
80201af8:	0a078663          	beqz	a5,80201ba4 <strchr+0xc0>
80201afc:	0ad78663          	beq	a5,a3,80201ba8 <strchr+0xc4>
80201b00:	00150513          	addi	a0,a0,1
80201b04:	00357793          	andi	a5,a0,3
80201b08:	fe0796e3          	bnez	a5,80201af4 <strchr+0x10>
80201b0c:	0ff5f593          	zext.b	a1,a1
80201b10:	00859893          	slli	a7,a1,0x8
80201b14:	00052703          	lw	a4,0(a0)
80201b18:	00b888b3          	add	a7,a7,a1
80201b1c:	01089793          	slli	a5,a7,0x10
80201b20:	00f888b3          	add	a7,a7,a5
80201b24:	feff0837          	lui	a6,0xfeff0
80201b28:	00e8c7b3          	xor	a5,a7,a4
80201b2c:	eff80813          	addi	a6,a6,-257 # fefefeff <__heap_end+0x7ecefeff>
80201b30:	010785b3          	add	a1,a5,a6
80201b34:	fff7c613          	not	a2,a5
80201b38:	010707b3          	add	a5,a4,a6
80201b3c:	fff74713          	not	a4,a4
80201b40:	00c5f633          	and	a2,a1,a2
80201b44:	00e7f7b3          	and	a5,a5,a4
80201b48:	80808337          	lui	t1,0x80808
80201b4c:	00c7e7b3          	or	a5,a5,a2
80201b50:	08030313          	addi	t1,t1,128 # 80808080 <__heap_end+0x508080>
80201b54:	0067f7b3          	and	a5,a5,t1
80201b58:	04079263          	bnez	a5,80201b9c <strchr+0xb8>
80201b5c:	00452703          	lw	a4,4(a0)
80201b60:	00450513          	addi	a0,a0,4
80201b64:	011747b3          	xor	a5,a4,a7
80201b68:	fff7c593          	not	a1,a5
80201b6c:	01078633          	add	a2,a5,a6
80201b70:	010707b3          	add	a5,a4,a6
80201b74:	fff74713          	not	a4,a4
80201b78:	00c5f633          	and	a2,a1,a2
80201b7c:	00e7f7b3          	and	a5,a5,a4
80201b80:	00c7e7b3          	or	a5,a5,a2
80201b84:	0067f7b3          	and	a5,a5,t1
80201b88:	fc078ae3          	beqz	a5,80201b5c <strchr+0x78>
80201b8c:	00054783          	lbu	a5,0(a0)
80201b90:	00078a63          	beqz	a5,80201ba4 <strchr+0xc0>
80201b94:	08f68663          	beq	a3,a5,80201c20 <strchr+0x13c>
80201b98:	00150513          	addi	a0,a0,1
80201b9c:	00054783          	lbu	a5,0(a0)
80201ba0:	fe079ae3          	bnez	a5,80201b94 <strchr+0xb0>
80201ba4:	00000513          	li	a0,0
80201ba8:	00008067          	ret
80201bac:	00078c63          	beqz	a5,80201bc4 <strchr+0xe0>
80201bb0:	00054783          	lbu	a5,0(a0)
80201bb4:	fe078ae3          	beqz	a5,80201ba8 <strchr+0xc4>
80201bb8:	00150513          	addi	a0,a0,1
80201bbc:	00357793          	andi	a5,a0,3
80201bc0:	fe0798e3          	bnez	a5,80201bb0 <strchr+0xcc>
80201bc4:	00052703          	lw	a4,0(a0)
80201bc8:	feff0637          	lui	a2,0xfeff0
80201bcc:	eff60613          	addi	a2,a2,-257 # fefefeff <__heap_end+0x7ecefeff>
80201bd0:	00c707b3          	add	a5,a4,a2
80201bd4:	808086b7          	lui	a3,0x80808
80201bd8:	fff74713          	not	a4,a4
80201bdc:	00e7f7b3          	and	a5,a5,a4
80201be0:	08068693          	addi	a3,a3,128 # 80808080 <__heap_end+0x508080>
80201be4:	00d7f7b3          	and	a5,a5,a3
80201be8:	02079063          	bnez	a5,80201c08 <strchr+0x124>
80201bec:	00452703          	lw	a4,4(a0)
80201bf0:	00450513          	addi	a0,a0,4
80201bf4:	00c707b3          	add	a5,a4,a2
80201bf8:	fff74713          	not	a4,a4
80201bfc:	00e7f7b3          	and	a5,a5,a4
80201c00:	00d7f7b3          	and	a5,a5,a3
80201c04:	fe0784e3          	beqz	a5,80201bec <strchr+0x108>
80201c08:	00054783          	lbu	a5,0(a0)
80201c0c:	f8078ee3          	beqz	a5,80201ba8 <strchr+0xc4>
80201c10:	00154783          	lbu	a5,1(a0)
80201c14:	00150513          	addi	a0,a0,1
80201c18:	fe079ce3          	bnez	a5,80201c10 <strchr+0x12c>
80201c1c:	00008067          	ret
80201c20:	00008067          	ret

80201c24 <strnlen>:
strnlen():
80201c24:	00b506b3          	add	a3,a0,a1
80201c28:	00050793          	mv	a5,a0
80201c2c:	00059863          	bnez	a1,80201c3c <strnlen+0x18>
80201c30:	01c0006f          	j	80201c4c <strnlen+0x28>
80201c34:	00178793          	addi	a5,a5,1
80201c38:	00d78663          	beq	a5,a3,80201c44 <strnlen+0x20>
80201c3c:	0007c703          	lbu	a4,0(a5)
80201c40:	fe071ae3          	bnez	a4,80201c34 <strnlen+0x10>
80201c44:	40a78533          	sub	a0,a5,a0
80201c48:	00008067          	ret
80201c4c:	00000513          	li	a0,0
80201c50:	00008067          	ret

80201c54 <__mulsi3>:
__mulsi3():
80201c54:	00050613          	mv	a2,a0
80201c58:	00000513          	li	a0,0
80201c5c:	0015f693          	andi	a3,a1,1
80201c60:	00068463          	beqz	a3,80201c68 <__mulsi3+0x14>
80201c64:	00c50533          	add	a0,a0,a2
80201c68:	0015d593          	srli	a1,a1,0x1
80201c6c:	00161613          	slli	a2,a2,0x1
80201c70:	fe0596e3          	bnez	a1,80201c5c <__mulsi3+0x8>
80201c74:	00008067          	ret

80201c78 <__divsi3>:
__divsi3():
80201c78:	06054063          	bltz	a0,80201cd8 <__umodsi3+0x10>
80201c7c:	0605c663          	bltz	a1,80201ce8 <__umodsi3+0x20>

80201c80 <__hidden___udivsi3>:
80201c80:	00058613          	mv	a2,a1
80201c84:	00050593          	mv	a1,a0
80201c88:	fff00513          	li	a0,-1
80201c8c:	02060c63          	beqz	a2,80201cc4 <__hidden___udivsi3+0x44>
80201c90:	00100693          	li	a3,1
80201c94:	00b67a63          	bgeu	a2,a1,80201ca8 <__hidden___udivsi3+0x28>
80201c98:	00c05863          	blez	a2,80201ca8 <__hidden___udivsi3+0x28>
80201c9c:	00161613          	slli	a2,a2,0x1
80201ca0:	00169693          	slli	a3,a3,0x1
80201ca4:	feb66ae3          	bltu	a2,a1,80201c98 <__hidden___udivsi3+0x18>
80201ca8:	00000513          	li	a0,0
80201cac:	00c5e663          	bltu	a1,a2,80201cb8 <__hidden___udivsi3+0x38>
80201cb0:	40c585b3          	sub	a1,a1,a2
80201cb4:	00d56533          	or	a0,a0,a3
80201cb8:	0016d693          	srli	a3,a3,0x1
80201cbc:	00165613          	srli	a2,a2,0x1
80201cc0:	fe0696e3          	bnez	a3,80201cac <__hidden___udivsi3+0x2c>
80201cc4:	00008067          	ret

80201cc8 <__umodsi3>:
80201cc8:	00008293          	mv	t0,ra
80201ccc:	fb5ff0ef          	jal	80201c80 <__hidden___udivsi3>
80201cd0:	00058513          	mv	a0,a1
80201cd4:	00028067          	jr	t0 # 802017f8 <memset+0xb4>
80201cd8:	40a00533          	neg	a0,a0
80201cdc:	00b04863          	bgtz	a1,80201cec <__umodsi3+0x24>
80201ce0:	40b005b3          	neg	a1,a1
80201ce4:	f9dff06f          	j	80201c80 <__hidden___udivsi3>
80201ce8:	40b005b3          	neg	a1,a1
80201cec:	00008293          	mv	t0,ra
80201cf0:	f91ff0ef          	jal	80201c80 <__hidden___udivsi3>
80201cf4:	40a00533          	neg	a0,a0
80201cf8:	00028067          	jr	t0

80201cfc <__modsi3>:
__modsi3():
80201cfc:	00008293          	mv	t0,ra
80201d00:	0005ca63          	bltz	a1,80201d14 <__modsi3+0x18>
80201d04:	00054c63          	bltz	a0,80201d1c <__modsi3+0x20>
80201d08:	f79ff0ef          	jal	80201c80 <__hidden___udivsi3>
80201d0c:	00058513          	mv	a0,a1
80201d10:	00028067          	jr	t0
80201d14:	40b005b3          	neg	a1,a1
80201d18:	fe0558e3          	bgez	a0,80201d08 <__modsi3+0xc>
80201d1c:	40a00533          	neg	a0,a0
80201d20:	f61ff0ef          	jal	80201c80 <__hidden___udivsi3>
80201d24:	40b00533          	neg	a0,a1
80201d28:	00028067          	jr	t0
