
build/release/user/loop.elf:     file format elf32-littleriscv
build/release/user/loop.elf
architecture: riscv:rv32, flags 0x00000112:
EXEC_P, HAS_SYMS, D_PAGED
start address 0x80200000

Program Header:
0x70000003 off    0x00002280 vaddr 0x00000000 paddr 0x00000000 align 2**0
         filesz 0x0000004b memsz 0x00000000 flags r--
    LOAD off    0x00001000 vaddr 0x80200000 paddr 0x80200000 align 2**12
         filesz 0x00000de0 memsz 0x00000de0 flags r-x
    LOAD off    0x00002000 vaddr 0x80208000 paddr 0x80208000 align 2**12
         filesz 0x00000280 memsz 0x000003b8 flags rw-

Sections:
Idx Name              Size      VMA       LMA       File off  Algn  Flags
  0 .text             00000de0  80200000  80200000  00001000  2**3  CONTENTS, ALLOC, LOAD, READONLY, CODE
  1 .rodata           00000138  80208000  80208000  00002000  2**3  CONTENTS, ALLOC, LOAD, READONLY, DATA
  2 .data             00000148  80208138  80208138  00002138  2**3  CONTENTS, ALLOC, LOAD, DATA
  3 .bss              00000138  80208280  80208280  00002280  2**3  ALLOC
  4 .riscv.attributes 0000004b  00000000  00000000  00002280  2**0  CONTENTS, READONLY
  5 .comment          00000033  00000000  00000000  000022cb  2**0  CONTENTS, READONLY
SYMBOL TABLE:
80200000 l    d  .text	00000000 .text
80208000 l    d  .rodata	00000000 .rodata
80208138 l    d  .data	00000000 .data
80208280 l    d  .bss	00000000 .bss
00000000 l    d  .riscv.attributes	00000000 .riscv.attributes
00000000 l    d  .comment	00000000 .comment
00000000 l    df *ABS*	00000000 ccHqANwr.o
00000000 l    df *ABS*	00000000 loop.c
00000000 l    df *ABS*	00000000 print.c
00000000 l    df *ABS*	00000000 servers.c
00000000 l    df *ABS*	00000000 syscall.c
80208278 l     O .data	00000004 sc
00000000 l    df *ABS*	00000000 libc_a-atoi.o
00000000 l    df *ABS*	00000000 libc_a-itoa.o
00000000 l    df *ABS*	00000000 libc_a-strtol.o
80200444 l     F .text	00000370 _strtol_l.part.0
00000000 l    df *ABS*	00000000 libc_a-utoa.o
00000000 l    df *ABS*	00000000 libc_a-strcat.o
00000000 l    df *ABS*	00000000 libc_a-strncat.o
00000000 l    df *ABS*	00000000 libc_a-errno.o
00000000 l    df *ABS*	00000000 libc_a-memcpy.o
00000000 l    df *ABS*	00000000 libc_a-strlen.o
00000000 l    df *ABS*	00000000 libc_a-strcpy.o
00000000 l    df *ABS*	00000000 muldi3.o
00000000 l    df *ABS*	00000000 div.o
80200c64 g     F .text	000000a4 strcpy
8020021c g     F .text	00000098 my_printf
80200aa4 g     F .text	0000000c __errno
80200000 g       .text	00000000 app_entry
80200ab0 g     F .text	00000128 memcpy
80200d34 g     F .text	00000048 .hidden __hidden___udivsi3
80200d34 g     F .text	00000048 .hidden __udivsi3
802003cc g     F .text	00000078 itoa
802007b4 g     F .text	00000050 strtol
80208280 g     O .bss	00000138 __sf
80200350 g     F .text	00000070 sys_send
80200958 g     F .text	000000a0 strcat
80200d7c g     F .text	00000010 .hidden __umodsi3
802000d0 g     F .text	0000014c format_to_str
80200d08 g     F .text	00000024 .hidden __mulsi3
802009f8 g     F .text	000000ac strncat
80200804 g     F .text	00000154 __utoa
80200010 g     F .text	000000c0 main
80200d2c g     F .text	00000084 .hidden __divsi3
80300000 g       *ABS*	00000000 __heap_end
8020827c g     O .data	00000004 _impure_ptr
802083b8 g       .riscv.attributes	00000000 __heap_start
802002e8 g     F .text	00000068 term_write
802002b4 g     F .text	00000034 exit
80200db0 g     F .text	00000030 .hidden __modsi3
80208138 g     O .data	00000140 _impure_data
802003c0 g     F .text	0000000c atoi
80208034 g     O .rodata	00000101 _ctype_
80200bd8 g     F .text	0000008c strlen



Disassembly of section .text:

80200000 <app_entry>:
app_entry():
80200000:	00052503          	lw	a0,0(a0)
80200004:	80400137          	lui	sp,0x80400
80200008:	008000ef          	jal	80200010 <main>
8020000c:	2a8000ef          	jal	802002b4 <exit>

80200010 <main>:
main():
80200010:	fd010113          	addi	sp,sp,-48 # 803fffd0 <__heap_end+0xfffd0>
80200014:	02112623          	sw	ra,44(sp)
80200018:	02812423          	sw	s0,40(sp)
8020001c:	03010413          	addi	s0,sp,48
80200020:	fca42e23          	sw	a0,-36(s0)
80200024:	fcb42c23          	sw	a1,-40(s0)
80200028:	fe042623          	sw	zero,-20(s0)
8020002c:	05c0006f          	j	80200088 <main+0x78>
80200030:	fe042423          	sw	zero,-24(s0)
80200034:	0100006f          	j	80200044 <main+0x34>
80200038:	fe842783          	lw	a5,-24(s0)
8020003c:	00178793          	addi	a5,a5,1
80200040:	fef42423          	sw	a5,-24(s0)
80200044:	fe842703          	lw	a4,-24(s0)
80200048:	000f47b7          	lui	a5,0xf4
8020004c:	23f78793          	addi	a5,a5,575 # f423f <app_entry-0x8010bdc1>
80200050:	fee7f4e3          	bgeu	a5,a4,80200038 <main+0x28>
80200054:	fdc42703          	lw	a4,-36(s0)
80200058:	00100793          	li	a5,1
8020005c:	02f70063          	beq	a4,a5,8020007c <main+0x6c>
80200060:	fdc42703          	lw	a4,-36(s0)
80200064:	00300793          	li	a5,3
80200068:	00f70a63          	beq	a4,a5,8020007c <main+0x6c>
8020006c:	fec42583          	lw	a1,-20(s0)
80200070:	802087b7          	lui	a5,0x80208
80200074:	00078513          	mv	a0,a5
80200078:	1a4000ef          	jal	8020021c <my_printf>
8020007c:	fec42783          	lw	a5,-20(s0)
80200080:	00178793          	addi	a5,a5,1 # 80208001 <__modsi3+0x7251>
80200084:	fef42623          	sw	a5,-20(s0)
80200088:	fdc42703          	lw	a4,-36(s0)
8020008c:	00100793          	li	a5,1
80200090:	faf700e3          	beq	a4,a5,80200030 <main+0x20>
80200094:	fd842783          	lw	a5,-40(s0)
80200098:	00478793          	addi	a5,a5,4
8020009c:	0007a783          	lw	a5,0(a5)
802000a0:	00078513          	mv	a0,a5
802000a4:	31c000ef          	jal	802003c0 <atoi>
802000a8:	00050793          	mv	a5,a0
802000ac:	00078713          	mv	a4,a5
802000b0:	fec42783          	lw	a5,-20(s0)
802000b4:	f6e7eee3          	bltu	a5,a4,80200030 <main+0x20>
802000b8:	00000793          	li	a5,0
802000bc:	00078513          	mv	a0,a5
802000c0:	02c12083          	lw	ra,44(sp)
802000c4:	02812403          	lw	s0,40(sp)
802000c8:	03010113          	addi	sp,sp,48
802000cc:	00008067          	ret

802000d0 <format_to_str>:
format_to_str():
802000d0:	fe010113          	addi	sp,sp,-32
802000d4:	00112e23          	sw	ra,28(sp)
802000d8:	00812c23          	sw	s0,24(sp)
802000dc:	00912a23          	sw	s1,20(sp)
802000e0:	02010413          	addi	s0,sp,32
802000e4:	fea42623          	sw	a0,-20(s0)
802000e8:	feb42423          	sw	a1,-24(s0)
802000ec:	fec42223          	sw	a2,-28(s0)
802000f0:	fec42783          	lw	a5,-20(s0)
802000f4:	00078023          	sb	zero,0(a5)
802000f8:	0fc0006f          	j	802001f4 <format_to_str+0x124>
802000fc:	fe842783          	lw	a5,-24(s0)
80200100:	0007c703          	lbu	a4,0(a5)
80200104:	02500793          	li	a5,37
80200108:	00f70c63          	beq	a4,a5,80200120 <format_to_str+0x50>
8020010c:	00100613          	li	a2,1
80200110:	fe842583          	lw	a1,-24(s0)
80200114:	fec42503          	lw	a0,-20(s0)
80200118:	0e1000ef          	jal	802009f8 <strncat>
8020011c:	0cc0006f          	j	802001e8 <format_to_str+0x118>
80200120:	fe842783          	lw	a5,-24(s0)
80200124:	00178793          	addi	a5,a5,1
80200128:	fef42423          	sw	a5,-24(s0)
8020012c:	fe842783          	lw	a5,-24(s0)
80200130:	0007c703          	lbu	a4,0(a5)
80200134:	07300793          	li	a5,115
80200138:	02f71263          	bne	a4,a5,8020015c <format_to_str+0x8c>
8020013c:	fe442783          	lw	a5,-28(s0)
80200140:	00478713          	addi	a4,a5,4
80200144:	fee42223          	sw	a4,-28(s0)
80200148:	0007a783          	lw	a5,0(a5)
8020014c:	00078593          	mv	a1,a5
80200150:	fec42503          	lw	a0,-20(s0)
80200154:	005000ef          	jal	80200958 <strcat>
80200158:	0900006f          	j	802001e8 <format_to_str+0x118>
8020015c:	fe842783          	lw	a5,-24(s0)
80200160:	0007c703          	lbu	a4,0(a5)
80200164:	06400793          	li	a5,100
80200168:	02f71e63          	bne	a4,a5,802001a4 <format_to_str+0xd4>
8020016c:	fe442783          	lw	a5,-28(s0)
80200170:	00478713          	addi	a4,a5,4
80200174:	fee42223          	sw	a4,-28(s0)
80200178:	0007a483          	lw	s1,0(a5)
8020017c:	fec42503          	lw	a0,-20(s0)
80200180:	259000ef          	jal	80200bd8 <strlen>
80200184:	00050713          	mv	a4,a0
80200188:	fec42783          	lw	a5,-20(s0)
8020018c:	00e787b3          	add	a5,a5,a4
80200190:	00a00613          	li	a2,10
80200194:	00078593          	mv	a1,a5
80200198:	00048513          	mv	a0,s1
8020019c:	230000ef          	jal	802003cc <itoa>
802001a0:	0480006f          	j	802001e8 <format_to_str+0x118>
802001a4:	fe842783          	lw	a5,-24(s0)
802001a8:	0007c703          	lbu	a4,0(a5)
802001ac:	07800793          	li	a5,120
802001b0:	02f71c63          	bne	a4,a5,802001e8 <format_to_str+0x118>
802001b4:	fe442783          	lw	a5,-28(s0)
802001b8:	00478713          	addi	a4,a5,4
802001bc:	fee42223          	sw	a4,-28(s0)
802001c0:	0007a483          	lw	s1,0(a5)
802001c4:	fec42503          	lw	a0,-20(s0)
802001c8:	211000ef          	jal	80200bd8 <strlen>
802001cc:	00050713          	mv	a4,a0
802001d0:	fec42783          	lw	a5,-20(s0)
802001d4:	00e787b3          	add	a5,a5,a4
802001d8:	01000613          	li	a2,16
802001dc:	00078593          	mv	a1,a5
802001e0:	00048513          	mv	a0,s1
802001e4:	1e8000ef          	jal	802003cc <itoa>
802001e8:	fe842783          	lw	a5,-24(s0)
802001ec:	00178793          	addi	a5,a5,1
802001f0:	fef42423          	sw	a5,-24(s0)
802001f4:	fe842783          	lw	a5,-24(s0)
802001f8:	0007c783          	lbu	a5,0(a5)
802001fc:	f00790e3          	bnez	a5,802000fc <format_to_str+0x2c>
80200200:	00000013          	nop
80200204:	00000013          	nop
80200208:	01c12083          	lw	ra,28(sp)
8020020c:	01812403          	lw	s0,24(sp)
80200210:	01412483          	lw	s1,20(sp)
80200214:	02010113          	addi	sp,sp,32
80200218:	00008067          	ret

8020021c <my_printf>:
my_printf():
8020021c:	db010113          	addi	sp,sp,-592
80200220:	22112623          	sw	ra,556(sp)
80200224:	22812423          	sw	s0,552(sp)
80200228:	23010413          	addi	s0,sp,560
8020022c:	dca42e23          	sw	a0,-548(s0)
80200230:	00b42223          	sw	a1,4(s0)
80200234:	00c42423          	sw	a2,8(s0)
80200238:	00d42623          	sw	a3,12(s0)
8020023c:	00e42823          	sw	a4,16(s0)
80200240:	00f42a23          	sw	a5,20(s0)
80200244:	01042c23          	sw	a6,24(s0)
80200248:	01142e23          	sw	a7,28(s0)
8020024c:	de040823          	sb	zero,-528(s0)
80200250:	02040793          	addi	a5,s0,32
80200254:	dcf42c23          	sw	a5,-552(s0)
80200258:	dd842783          	lw	a5,-552(s0)
8020025c:	fe478793          	addi	a5,a5,-28
80200260:	def42623          	sw	a5,-532(s0)
80200264:	dec42703          	lw	a4,-532(s0)
80200268:	df040793          	addi	a5,s0,-528
8020026c:	00070613          	mv	a2,a4
80200270:	ddc42583          	lw	a1,-548(s0)
80200274:	00078513          	mv	a0,a5
80200278:	e59ff0ef          	jal	802000d0 <format_to_str>
8020027c:	df040793          	addi	a5,s0,-528
80200280:	00078513          	mv	a0,a5
80200284:	155000ef          	jal	80200bd8 <strlen>
80200288:	00050713          	mv	a4,a0
8020028c:	df040793          	addi	a5,s0,-528
80200290:	00070593          	mv	a1,a4
80200294:	00078513          	mv	a0,a5
80200298:	050000ef          	jal	802002e8 <term_write>
8020029c:	00000013          	nop
802002a0:	00078513          	mv	a0,a5
802002a4:	22c12083          	lw	ra,556(sp)
802002a8:	22812403          	lw	s0,552(sp)
802002ac:	25010113          	addi	sp,sp,592
802002b0:	00008067          	ret

802002b4 <exit>:
exit():
802002b4:	dd010113          	addi	sp,sp,-560
802002b8:	22112623          	sw	ra,556(sp)
802002bc:	22812423          	sw	s0,552(sp)
802002c0:	23010413          	addi	s0,sp,560
802002c4:	dca42e23          	sw	a0,-548(s0)
802002c8:	00100793          	li	a5,1
802002cc:	def42423          	sw	a5,-536(s0)
802002d0:	de840793          	addi	a5,s0,-536
802002d4:	20800613          	li	a2,520
802002d8:	00078593          	mv	a1,a5
802002dc:	00100513          	li	a0,1
802002e0:	070000ef          	jal	80200350 <sys_send>
802002e4:	0000006f          	j	802002e4 <exit+0x30>

802002e8 <term_write>:
term_write():
802002e8:	dd010113          	addi	sp,sp,-560
802002ec:	22112623          	sw	ra,556(sp)
802002f0:	22812423          	sw	s0,552(sp)
802002f4:	23010413          	addi	s0,sp,560
802002f8:	dca42e23          	sw	a0,-548(s0)
802002fc:	dcb42c23          	sw	a1,-552(s0)
80200300:	00100793          	li	a5,1
80200304:	def42423          	sw	a5,-536(s0)
80200308:	dd842783          	lw	a5,-552(s0)
8020030c:	def42623          	sw	a5,-532(s0)
80200310:	de840793          	addi	a5,s0,-536
80200314:	00878793          	addi	a5,a5,8
80200318:	dd842603          	lw	a2,-552(s0)
8020031c:	ddc42583          	lw	a1,-548(s0)
80200320:	00078513          	mv	a0,a5
80200324:	78c000ef          	jal	80200ab0 <memcpy>
80200328:	de840793          	addi	a5,s0,-536
8020032c:	20800613          	li	a2,520
80200330:	00078593          	mv	a1,a5
80200334:	00200513          	li	a0,2
80200338:	018000ef          	jal	80200350 <sys_send>
8020033c:	00000013          	nop
80200340:	22c12083          	lw	ra,556(sp)
80200344:	22812403          	lw	s0,552(sp)
80200348:	23010113          	addi	sp,sp,560
8020034c:	00008067          	ret

80200350 <sys_send>:
sys_send():
80200350:	fe010113          	addi	sp,sp,-32
80200354:	00112e23          	sw	ra,28(sp)
80200358:	00812c23          	sw	s0,24(sp)
8020035c:	02010413          	addi	s0,sp,32
80200360:	fea42623          	sw	a0,-20(s0)
80200364:	feb42423          	sw	a1,-24(s0)
80200368:	fec42223          	sw	a2,-28(s0)
8020036c:	802087b7          	lui	a5,0x80208
80200370:	2787a783          	lw	a5,632(a5) # 80208278 <sc>
80200374:	00200713          	li	a4,2
80200378:	00e7a023          	sw	a4,0(a5)
8020037c:	802087b7          	lui	a5,0x80208
80200380:	2787a783          	lw	a5,632(a5) # 80208278 <sc>
80200384:	fec42703          	lw	a4,-20(s0)
80200388:	00e7a423          	sw	a4,8(a5)
8020038c:	802087b7          	lui	a5,0x80208
80200390:	2787a783          	lw	a5,632(a5) # 80208278 <sc>
80200394:	00c78793          	addi	a5,a5,12
80200398:	fe442603          	lw	a2,-28(s0)
8020039c:	fe842583          	lw	a1,-24(s0)
802003a0:	00078513          	mv	a0,a5
802003a4:	70c000ef          	jal	80200ab0 <memcpy>
802003a8:	00000073          	ecall
802003ac:	00000013          	nop
802003b0:	01c12083          	lw	ra,28(sp)
802003b4:	01812403          	lw	s0,24(sp)
802003b8:	02010113          	addi	sp,sp,32
802003bc:	00008067          	ret

802003c0 <atoi>:
atoi():
802003c0:	00a00613          	li	a2,10
802003c4:	00000593          	li	a1,0
802003c8:	3ec0006f          	j	802007b4 <strtol>

802003cc <itoa>:
itoa():
802003cc:	ffe60713          	addi	a4,a2,-2
802003d0:	02200793          	li	a5,34
802003d4:	06e7e263          	bltu	a5,a4,80200438 <itoa+0x6c>
802003d8:	fe010113          	addi	sp,sp,-32
802003dc:	00112e23          	sw	ra,28(sp)
802003e0:	ff660793          	addi	a5,a2,-10
802003e4:	02079a63          	bnez	a5,80200418 <itoa+0x4c>
802003e8:	02055863          	bgez	a0,80200418 <itoa+0x4c>
802003ec:	02d00793          	li	a5,45
802003f0:	00158713          	addi	a4,a1,1
802003f4:	00b12623          	sw	a1,12(sp)
802003f8:	00f58023          	sb	a5,0(a1)
802003fc:	40a00533          	neg	a0,a0
80200400:	00070593          	mv	a1,a4
80200404:	400000ef          	jal	80200804 <__utoa>
80200408:	01c12083          	lw	ra,28(sp)
8020040c:	00c12503          	lw	a0,12(sp)
80200410:	02010113          	addi	sp,sp,32
80200414:	00008067          	ret
80200418:	00058713          	mv	a4,a1
8020041c:	00b12623          	sw	a1,12(sp)
80200420:	00070593          	mv	a1,a4
80200424:	3e0000ef          	jal	80200804 <__utoa>
80200428:	01c12083          	lw	ra,28(sp)
8020042c:	00c12503          	lw	a0,12(sp)
80200430:	02010113          	addi	sp,sp,32
80200434:	00008067          	ret
80200438:	00058023          	sb	zero,0(a1)
8020043c:	00000513          	li	a0,0
80200440:	00008067          	ret

80200444 <_strtol_l.part.0>:
_strtol_l.part.0():
80200444:	fb010113          	addi	sp,sp,-80
80200448:	04812423          	sw	s0,72(sp)
8020044c:	03312e23          	sw	s3,60(sp)
80200450:	03512a23          	sw	s5,52(sp)
80200454:	03612823          	sw	s6,48(sp)
80200458:	04112623          	sw	ra,76(sp)
8020045c:	00068b13          	mv	s6,a3
80200460:	04912223          	sw	s1,68(sp)
80200464:	05212023          	sw	s2,64(sp)
80200468:	03412c23          	sw	s4,56(sp)
8020046c:	03712623          	sw	s7,44(sp)
80200470:	03812423          	sw	s8,40(sp)
80200474:	03912223          	sw	s9,36(sp)
80200478:	03a12023          	sw	s10,32(sp)
8020047c:	01b12e23          	sw	s11,28(sp)
80200480:	00058993          	mv	s3,a1
80200484:	00a12423          	sw	a0,8(sp)
80200488:	00060a93          	mv	s5,a2
8020048c:	00058413          	mv	s0,a1
80200490:	00008697          	auipc	a3,0x8
80200494:	ba568693          	addi	a3,a3,-1115 # 80208035 <_ctype_+0x1>
80200498:	00040613          	mv	a2,s0
8020049c:	00044703          	lbu	a4,0(s0)
802004a0:	00140413          	addi	s0,s0,1
802004a4:	00e687b3          	add	a5,a3,a4
802004a8:	0007c783          	lbu	a5,0(a5)
802004ac:	0087f793          	andi	a5,a5,8
802004b0:	fe0794e3          	bnez	a5,80200498 <_strtol_l.part.0+0x54>
802004b4:	02d00793          	li	a5,45
802004b8:	fefb7913          	andi	s2,s6,-17
802004bc:	16f70863          	beq	a4,a5,8020062c <_strtol_l.part.0+0x1e8>
802004c0:	02b00793          	li	a5,43
802004c4:	02f70c63          	beq	a4,a5,802004fc <_strtol_l.part.0+0xb8>
802004c8:	04091063          	bnez	s2,80200508 <_strtol_l.part.0+0xc4>
802004cc:	03000793          	li	a5,48
802004d0:	24f70263          	beq	a4,a5,80200714 <_strtol_l.part.0+0x2d0>
802004d4:	220b0463          	beqz	s6,802006fc <_strtol_l.part.0+0x2b8>
802004d8:	08000bb7          	lui	s7,0x8000
802004dc:	01000b13          	li	s6,16
802004e0:	fffb8b93          	addi	s7,s7,-1 # 7ffffff <app_entry-0x78200001>
802004e4:	000b0a13          	mv	s4,s6
802004e8:	00f00913          	li	s2,15
802004ec:	800007b7          	lui	a5,0x80000
802004f0:	fff78d93          	addi	s11,a5,-1 # 7fffffff <app_entry-0x200001>
802004f4:	00000d13          	li	s10,0
802004f8:	0480006f          	j	80200540 <_strtol_l.part.0+0xfc>
802004fc:	00044703          	lbu	a4,0(s0)
80200500:	00260413          	addi	s0,a2,2
80200504:	1a090063          	beqz	s2,802006a4 <_strtol_l.part.0+0x260>
80200508:	800004b7          	lui	s1,0x80000
8020050c:	000b0593          	mv	a1,s6
80200510:	fff48513          	addi	a0,s1,-1 # 7fffffff <app_entry-0x200001>
80200514:	00e12623          	sw	a4,12(sp)
80200518:	065000ef          	jal	80200d7c <__umodsi3>
8020051c:	00050913          	mv	s2,a0
80200520:	000b0593          	mv	a1,s6
80200524:	fff48513          	addi	a0,s1,-1
80200528:	00d000ef          	jal	80200d34 <__hidden___udivsi3>
8020052c:	00c12703          	lw	a4,12(sp)
80200530:	000b0a13          	mv	s4,s6
80200534:	fff48d93          	addi	s11,s1,-1
80200538:	00050b93          	mv	s7,a0
8020053c:	00000d13          	li	s10,0
80200540:	00000793          	li	a5,0
80200544:	00000513          	li	a0,0
80200548:	00900c13          	li	s8,9
8020054c:	01900c93          	li	s9,25
80200550:	fd070493          	addi	s1,a4,-48
80200554:	009c7e63          	bgeu	s8,s1,80200570 <_strtol_l.part.0+0x12c>
80200558:	fbf70693          	addi	a3,a4,-65
8020055c:	fc970493          	addi	s1,a4,-55
80200560:	00dcf863          	bgeu	s9,a3,80200570 <_strtol_l.part.0+0x12c>
80200564:	f9f70693          	addi	a3,a4,-97
80200568:	04dce663          	bltu	s9,a3,802005b4 <_strtol_l.part.0+0x170>
8020056c:	fa970493          	addi	s1,a4,-87
80200570:	0564d263          	bge	s1,s6,802005b4 <_strtol_l.part.0+0x170>
80200574:	00178793          	addi	a5,a5,1
80200578:	02078063          	beqz	a5,80200598 <_strtol_l.part.0+0x154>
8020057c:	00abee63          	bltu	s7,a0,80200598 <_strtol_l.part.0+0x154>
80200580:	03751063          	bne	a0,s7,802005a0 <_strtol_l.part.0+0x15c>
80200584:	fff00793          	li	a5,-1
80200588:	00995c63          	bge	s2,s1,802005a0 <_strtol_l.part.0+0x15c>
8020058c:	00140413          	addi	s0,s0,1
80200590:	fff44703          	lbu	a4,-1(s0)
80200594:	fbdff06f          	j	80200550 <_strtol_l.part.0+0x10c>
80200598:	fff00793          	li	a5,-1
8020059c:	ff1ff06f          	j	8020058c <_strtol_l.part.0+0x148>
802005a0:	000a0593          	mv	a1,s4
802005a4:	764000ef          	jal	80200d08 <__mulsi3>
802005a8:	00a48533          	add	a0,s1,a0
802005ac:	00100793          	li	a5,1
802005b0:	fddff06f          	j	8020058c <_strtol_l.part.0+0x148>
802005b4:	fff00713          	li	a4,-1
802005b8:	04e78a63          	beq	a5,a4,8020060c <_strtol_l.part.0+0x1c8>
802005bc:	000d0463          	beqz	s10,802005c4 <_strtol_l.part.0+0x180>
802005c0:	40a00533          	neg	a0,a0
802005c4:	000a8663          	beqz	s5,802005d0 <_strtol_l.part.0+0x18c>
802005c8:	0c079a63          	bnez	a5,8020069c <_strtol_l.part.0+0x258>
802005cc:	013aa023          	sw	s3,0(s5)
802005d0:	04c12083          	lw	ra,76(sp)
802005d4:	04812403          	lw	s0,72(sp)
802005d8:	04412483          	lw	s1,68(sp)
802005dc:	04012903          	lw	s2,64(sp)
802005e0:	03c12983          	lw	s3,60(sp)
802005e4:	03812a03          	lw	s4,56(sp)
802005e8:	03412a83          	lw	s5,52(sp)
802005ec:	03012b03          	lw	s6,48(sp)
802005f0:	02c12b83          	lw	s7,44(sp)
802005f4:	02812c03          	lw	s8,40(sp)
802005f8:	02412c83          	lw	s9,36(sp)
802005fc:	02012d03          	lw	s10,32(sp)
80200600:	01c12d83          	lw	s11,28(sp)
80200604:	05010113          	addi	sp,sp,80
80200608:	00008067          	ret
8020060c:	00812703          	lw	a4,8(sp)
80200610:	02200793          	li	a5,34
80200614:	000d8513          	mv	a0,s11
80200618:	00f72023          	sw	a5,0(a4)
8020061c:	fa0a8ae3          	beqz	s5,802005d0 <_strtol_l.part.0+0x18c>
80200620:	fff40993          	addi	s3,s0,-1
80200624:	000d8513          	mv	a0,s11
80200628:	fa5ff06f          	j	802005cc <_strtol_l.part.0+0x188>
8020062c:	00044703          	lbu	a4,0(s0)
80200630:	00260413          	addi	s0,a2,2
80200634:	02091863          	bnez	s2,80200664 <_strtol_l.part.0+0x220>
80200638:	03000793          	li	a5,48
8020063c:	10f70663          	beq	a4,a5,80200748 <_strtol_l.part.0+0x304>
80200640:	120b1863          	bnez	s6,80200770 <_strtol_l.part.0+0x32c>
80200644:	00a00b13          	li	s6,10
80200648:	0cccdbb7          	lui	s7,0xcccd
8020064c:	cccb8b93          	addi	s7,s7,-820 # ccccccc <app_entry-0x73533334>
80200650:	000b0a13          	mv	s4,s6
80200654:	00800913          	li	s2,8
80200658:	00100d13          	li	s10,1
8020065c:	80000db7          	lui	s11,0x80000
80200660:	ee1ff06f          	j	80200540 <_strtol_l.part.0+0xfc>
80200664:	000b0593          	mv	a1,s6
80200668:	80000537          	lui	a0,0x80000
8020066c:	00e12623          	sw	a4,12(sp)
80200670:	70c000ef          	jal	80200d7c <__umodsi3>
80200674:	000b0a13          	mv	s4,s6
80200678:	00050913          	mv	s2,a0
8020067c:	000b0593          	mv	a1,s6
80200680:	80000537          	lui	a0,0x80000
80200684:	6b0000ef          	jal	80200d34 <__hidden___udivsi3>
80200688:	00c12703          	lw	a4,12(sp)
8020068c:	00050b93          	mv	s7,a0
80200690:	00100d13          	li	s10,1
80200694:	80000db7          	lui	s11,0x80000
80200698:	ea9ff06f          	j	80200540 <_strtol_l.part.0+0xfc>
8020069c:	00050d93          	mv	s11,a0
802006a0:	f81ff06f          	j	80200620 <_strtol_l.part.0+0x1dc>
802006a4:	03000793          	li	a5,48
802006a8:	e2f716e3          	bne	a4,a5,802004d4 <_strtol_l.part.0+0x90>
802006ac:	00264783          	lbu	a5,2(a2)
802006b0:	05800693          	li	a3,88
802006b4:	0df7f793          	andi	a5,a5,223
802006b8:	08d79063          	bne	a5,a3,80200738 <_strtol_l.part.0+0x2f4>
802006bc:	00364703          	lbu	a4,3(a2)
802006c0:	01000b13          	li	s6,16
802006c4:	000b0a13          	mv	s4,s6
802006c8:	00460413          	addi	s0,a2,4
802006cc:	800004b7          	lui	s1,0x80000
802006d0:	000a0593          	mv	a1,s4
802006d4:	fff48513          	addi	a0,s1,-1 # 7fffffff <app_entry-0x200001>
802006d8:	00e12623          	sw	a4,12(sp)
802006dc:	6a0000ef          	jal	80200d7c <__umodsi3>
802006e0:	00050913          	mv	s2,a0
802006e4:	000a0593          	mv	a1,s4
802006e8:	fff48513          	addi	a0,s1,-1
802006ec:	648000ef          	jal	80200d34 <__hidden___udivsi3>
802006f0:	00c12703          	lw	a4,12(sp)
802006f4:	00050b93          	mv	s7,a0
802006f8:	df5ff06f          	j	802004ec <_strtol_l.part.0+0xa8>
802006fc:	00a00b13          	li	s6,10
80200700:	0cccdbb7          	lui	s7,0xcccd
80200704:	cccb8b93          	addi	s7,s7,-820 # ccccccc <app_entry-0x73533334>
80200708:	000b0a13          	mv	s4,s6
8020070c:	00700913          	li	s2,7
80200710:	dddff06f          	j	802004ec <_strtol_l.part.0+0xa8>
80200714:	00044783          	lbu	a5,0(s0)
80200718:	05800693          	li	a3,88
8020071c:	0df7f793          	andi	a5,a5,223
80200720:	00d79c63          	bne	a5,a3,80200738 <_strtol_l.part.0+0x2f4>
80200724:	01000b13          	li	s6,16
80200728:	00144703          	lbu	a4,1(s0)
8020072c:	000b0a13          	mv	s4,s6
80200730:	00360413          	addi	s0,a2,3
80200734:	f99ff06f          	j	802006cc <_strtol_l.part.0+0x288>
80200738:	060b1263          	bnez	s6,8020079c <_strtol_l.part.0+0x358>
8020073c:	00800b13          	li	s6,8
80200740:	000b0a13          	mv	s4,s6
80200744:	f89ff06f          	j	802006cc <_strtol_l.part.0+0x288>
80200748:	00264783          	lbu	a5,2(a2)
8020074c:	05800693          	li	a3,88
80200750:	0df7f793          	andi	a5,a5,223
80200754:	02d78a63          	beq	a5,a3,80200788 <_strtol_l.part.0+0x344>
80200758:	040b0863          	beqz	s6,802007a8 <_strtol_l.part.0+0x364>
8020075c:	01000b13          	li	s6,16
80200760:	000b0a13          	mv	s4,s6
80200764:	00e12623          	sw	a4,12(sp)
80200768:	000a0593          	mv	a1,s4
8020076c:	f15ff06f          	j	80200680 <_strtol_l.part.0+0x23c>
80200770:	01000b13          	li	s6,16
80200774:	000b0a13          	mv	s4,s6
80200778:	08000bb7          	lui	s7,0x8000
8020077c:	00100d13          	li	s10,1
80200780:	80000db7          	lui	s11,0x80000
80200784:	dbdff06f          	j	80200540 <_strtol_l.part.0+0xfc>
80200788:	01000b13          	li	s6,16
8020078c:	00364703          	lbu	a4,3(a2)
80200790:	000b0a13          	mv	s4,s6
80200794:	00460413          	addi	s0,a2,4
80200798:	fcdff06f          	j	80200764 <_strtol_l.part.0+0x320>
8020079c:	01000b13          	li	s6,16
802007a0:	000b0a13          	mv	s4,s6
802007a4:	f29ff06f          	j	802006cc <_strtol_l.part.0+0x288>
802007a8:	00800b13          	li	s6,8
802007ac:	000b0a13          	mv	s4,s6
802007b0:	fb5ff06f          	j	80200764 <_strtol_l.part.0+0x320>

802007b4 <strtol>:
strtol():
802007b4:	02563793          	sltiu	a5,a2,37
802007b8:	02078463          	beqz	a5,802007e0 <strtol+0x2c>
802007bc:	fff60793          	addi	a5,a2,-1
802007c0:	02078063          	beqz	a5,802007e0 <strtol+0x2c>
802007c4:	00050713          	mv	a4,a0
802007c8:	00008517          	auipc	a0,0x8
802007cc:	ab452503          	lw	a0,-1356(a0) # 8020827c <_impure_ptr>
802007d0:	00060693          	mv	a3,a2
802007d4:	00058613          	mv	a2,a1
802007d8:	00070593          	mv	a1,a4
802007dc:	c69ff06f          	j	80200444 <_strtol_l.part.0>
802007e0:	ff010113          	addi	sp,sp,-16
802007e4:	00112623          	sw	ra,12(sp)
802007e8:	2bc000ef          	jal	80200aa4 <__errno>
802007ec:	00c12083          	lw	ra,12(sp)
802007f0:	01600793          	li	a5,22
802007f4:	00f52023          	sw	a5,0(a0)
802007f8:	00000513          	li	a0,0
802007fc:	01010113          	addi	sp,sp,16
80200800:	00008067          	ret

80200804 <__utoa>:
__utoa():
80200804:	00008797          	auipc	a5,0x8
80200808:	80878793          	addi	a5,a5,-2040 # 8020800c <__modsi3+0x725c>
8020080c:	0207a703          	lw	a4,32(a5)
80200810:	0007af83          	lw	t6,0(a5)
80200814:	0047af03          	lw	t5,4(a5)
80200818:	0087ae83          	lw	t4,8(a5)
8020081c:	00c7ae03          	lw	t3,12(a5)
80200820:	0107a303          	lw	t1,16(a5)
80200824:	0147a883          	lw	a7,20(a5)
80200828:	0187a803          	lw	a6,24(a5)
8020082c:	01c7a683          	lw	a3,28(a5)
80200830:	00008797          	auipc	a5,0x8
80200834:	8007c783          	lbu	a5,-2048(a5) # 80208030 <__modsi3+0x7280>
80200838:	fb010113          	addi	sp,sp,-80
8020083c:	03512a23          	sw	s5,52(sp)
80200840:	02e12423          	sw	a4,40(sp)
80200844:	02f10623          	sb	a5,44(sp)
80200848:	04112623          	sw	ra,76(sp)
8020084c:	01f12423          	sw	t6,8(sp)
80200850:	01e12623          	sw	t5,12(sp)
80200854:	01d12823          	sw	t4,16(sp)
80200858:	01c12a23          	sw	t3,20(sp)
8020085c:	00612c23          	sw	t1,24(sp)
80200860:	01112e23          	sw	a7,28(sp)
80200864:	03012023          	sw	a6,32(sp)
80200868:	02d12223          	sw	a3,36(sp)
8020086c:	ffe60713          	addi	a4,a2,-2
80200870:	02200793          	li	a5,34
80200874:	00058a93          	mv	s5,a1
80200878:	0ce7e463          	bltu	a5,a4,80200940 <__utoa+0x13c>
8020087c:	04812423          	sw	s0,72(sp)
80200880:	04912223          	sw	s1,68(sp)
80200884:	05212023          	sw	s2,64(sp)
80200888:	03312e23          	sw	s3,60(sp)
8020088c:	03412c23          	sw	s4,56(sp)
80200890:	03612823          	sw	s6,48(sp)
80200894:	00060493          	mv	s1,a2
80200898:	00050413          	mv	s0,a0
8020089c:	00000913          	li	s2,0
802008a0:	00048593          	mv	a1,s1
802008a4:	00040513          	mv	a0,s0
802008a8:	4d4000ef          	jal	80200d7c <__umodsi3>
802008ac:	00250533          	add	a0,a0,sp
802008b0:	00854783          	lbu	a5,8(a0)
802008b4:	00090993          	mv	s3,s2
802008b8:	00190913          	addi	s2,s2,1
802008bc:	012a8a33          	add	s4,s5,s2
802008c0:	00040513          	mv	a0,s0
802008c4:	00048593          	mv	a1,s1
802008c8:	fefa0fa3          	sb	a5,-1(s4)
802008cc:	00040b13          	mv	s6,s0
802008d0:	464000ef          	jal	80200d34 <__hidden___udivsi3>
802008d4:	00050413          	mv	s0,a0
802008d8:	fc9b74e3          	bgeu	s6,s1,802008a0 <__utoa+0x9c>
802008dc:	000a0023          	sb	zero,0(s4)
802008e0:	02098a63          	beqz	s3,80200914 <__utoa+0x110>
802008e4:	000a8693          	mv	a3,s5
802008e8:	013a8733          	add	a4,s5,s3
802008ec:	00000793          	li	a5,0
802008f0:	00074583          	lbu	a1,0(a4)
802008f4:	0006c603          	lbu	a2,0(a3)
802008f8:	00178793          	addi	a5,a5,1
802008fc:	00b68023          	sb	a1,0(a3)
80200900:	00c70023          	sb	a2,0(a4)
80200904:	40f98633          	sub	a2,s3,a5
80200908:	00168693          	addi	a3,a3,1
8020090c:	fff70713          	addi	a4,a4,-1
80200910:	fec7c0e3          	blt	a5,a2,802008f0 <__utoa+0xec>
80200914:	04812403          	lw	s0,72(sp)
80200918:	04c12083          	lw	ra,76(sp)
8020091c:	04412483          	lw	s1,68(sp)
80200920:	04012903          	lw	s2,64(sp)
80200924:	03c12983          	lw	s3,60(sp)
80200928:	03812a03          	lw	s4,56(sp)
8020092c:	03012b03          	lw	s6,48(sp)
80200930:	000a8513          	mv	a0,s5
80200934:	03412a83          	lw	s5,52(sp)
80200938:	05010113          	addi	sp,sp,80
8020093c:	00008067          	ret
80200940:	00058023          	sb	zero,0(a1)
80200944:	04c12083          	lw	ra,76(sp)
80200948:	03412a83          	lw	s5,52(sp)
8020094c:	00000513          	li	a0,0
80200950:	05010113          	addi	sp,sp,80
80200954:	00008067          	ret

80200958 <strcat>:
strcat():
80200958:	ff010113          	addi	sp,sp,-16
8020095c:	00812423          	sw	s0,8(sp)
80200960:	00112623          	sw	ra,12(sp)
80200964:	00357793          	andi	a5,a0,3
80200968:	00050413          	mv	s0,a0
8020096c:	06079663          	bnez	a5,802009d8 <strcat+0x80>
80200970:	00052703          	lw	a4,0(a0)
80200974:	feff0637          	lui	a2,0xfeff0
80200978:	eff60613          	addi	a2,a2,-257 # fefefeff <__heap_end+0x7ecefeff>
8020097c:	00c707b3          	add	a5,a4,a2
80200980:	808086b7          	lui	a3,0x80808
80200984:	fff74713          	not	a4,a4
80200988:	00e7f7b3          	and	a5,a5,a4
8020098c:	08068693          	addi	a3,a3,128 # 80808080 <__heap_end+0x508080>
80200990:	00d7f7b3          	and	a5,a5,a3
80200994:	04079263          	bnez	a5,802009d8 <strcat+0x80>
80200998:	00452703          	lw	a4,4(a0)
8020099c:	00450513          	addi	a0,a0,4
802009a0:	00c707b3          	add	a5,a4,a2
802009a4:	fff74713          	not	a4,a4
802009a8:	00e7f7b3          	and	a5,a5,a4
802009ac:	00d7f7b3          	and	a5,a5,a3
802009b0:	02079463          	bnez	a5,802009d8 <strcat+0x80>
802009b4:	00452703          	lw	a4,4(a0)
802009b8:	00450513          	addi	a0,a0,4
802009bc:	00c707b3          	add	a5,a4,a2
802009c0:	fff74713          	not	a4,a4
802009c4:	00e7f7b3          	and	a5,a5,a4
802009c8:	00d7f7b3          	and	a5,a5,a3
802009cc:	fc0786e3          	beqz	a5,80200998 <strcat+0x40>
802009d0:	0080006f          	j	802009d8 <strcat+0x80>
802009d4:	00150513          	addi	a0,a0,1
802009d8:	00054783          	lbu	a5,0(a0)
802009dc:	fe079ce3          	bnez	a5,802009d4 <strcat+0x7c>
802009e0:	284000ef          	jal	80200c64 <strcpy>
802009e4:	00c12083          	lw	ra,12(sp)
802009e8:	00040513          	mv	a0,s0
802009ec:	00812403          	lw	s0,8(sp)
802009f0:	01010113          	addi	sp,sp,16
802009f4:	00008067          	ret

802009f8 <strncat>:
strncat():
802009f8:	00357713          	andi	a4,a0,3
802009fc:	00050793          	mv	a5,a0
80200a00:	06071663          	bnez	a4,80200a6c <strncat+0x74>
80200a04:	00052683          	lw	a3,0(a0)
80200a08:	feff08b7          	lui	a7,0xfeff0
80200a0c:	eff88893          	addi	a7,a7,-257 # fefefeff <__heap_end+0x7ecefeff>
80200a10:	01168733          	add	a4,a3,a7
80200a14:	80808837          	lui	a6,0x80808
80200a18:	fff6c693          	not	a3,a3
80200a1c:	00d77733          	and	a4,a4,a3
80200a20:	08080813          	addi	a6,a6,128 # 80808080 <__heap_end+0x508080>
80200a24:	01077733          	and	a4,a4,a6
80200a28:	04071263          	bnez	a4,80200a6c <strncat+0x74>
80200a2c:	0047a683          	lw	a3,4(a5)
80200a30:	00478793          	addi	a5,a5,4
80200a34:	01168733          	add	a4,a3,a7
80200a38:	fff6c693          	not	a3,a3
80200a3c:	00d77733          	and	a4,a4,a3
80200a40:	01077733          	and	a4,a4,a6
80200a44:	02071463          	bnez	a4,80200a6c <strncat+0x74>
80200a48:	0047a683          	lw	a3,4(a5)
80200a4c:	00478793          	addi	a5,a5,4
80200a50:	01168733          	add	a4,a3,a7
80200a54:	fff6c693          	not	a3,a3
80200a58:	00d77733          	and	a4,a4,a3
80200a5c:	01077733          	and	a4,a4,a6
80200a60:	fc0706e3          	beqz	a4,80200a2c <strncat+0x34>
80200a64:	0080006f          	j	80200a6c <strncat+0x74>
80200a68:	00178793          	addi	a5,a5,1
80200a6c:	0007c703          	lbu	a4,0(a5)
80200a70:	fe071ce3          	bnez	a4,80200a68 <strncat+0x70>
80200a74:	00c786b3          	add	a3,a5,a2
80200a78:	02060463          	beqz	a2,80200aa0 <strncat+0xa8>
80200a7c:	0005c703          	lbu	a4,0(a1)
80200a80:	00178793          	addi	a5,a5,1
80200a84:	00158593          	addi	a1,a1,1
80200a88:	fee78fa3          	sb	a4,-1(a5)
80200a8c:	00070863          	beqz	a4,80200a9c <strncat+0xa4>
80200a90:	fef696e3          	bne	a3,a5,80200a7c <strncat+0x84>
80200a94:	00068023          	sb	zero,0(a3)
80200a98:	00008067          	ret
80200a9c:	00008067          	ret
80200aa0:	00008067          	ret

80200aa4 <__errno>:
__errno():
80200aa4:	00007517          	auipc	a0,0x7
80200aa8:	7d852503          	lw	a0,2008(a0) # 8020827c <_impure_ptr>
80200aac:	00008067          	ret

80200ab0 <memcpy>:
memcpy():
80200ab0:	00a5c7b3          	xor	a5,a1,a0
80200ab4:	0037f793          	andi	a5,a5,3
80200ab8:	00c508b3          	add	a7,a0,a2
80200abc:	06079663          	bnez	a5,80200b28 <memcpy+0x78>
80200ac0:	00463613          	sltiu	a2,a2,4
80200ac4:	06061263          	bnez	a2,80200b28 <memcpy+0x78>
80200ac8:	00357793          	andi	a5,a0,3
80200acc:	00050713          	mv	a4,a0
80200ad0:	0c079a63          	bnez	a5,80200ba4 <memcpy+0xf4>
80200ad4:	ffc8f613          	andi	a2,a7,-4
80200ad8:	40e606b3          	sub	a3,a2,a4
80200adc:	02000793          	li	a5,32
80200ae0:	06d7c463          	blt	a5,a3,80200b48 <memcpy+0x98>
80200ae4:	00058693          	mv	a3,a1
80200ae8:	00070793          	mv	a5,a4
80200aec:	02c77a63          	bgeu	a4,a2,80200b20 <memcpy+0x70>
80200af0:	0006a803          	lw	a6,0(a3)
80200af4:	00478793          	addi	a5,a5,4
80200af8:	00468693          	addi	a3,a3,4
80200afc:	ff07ae23          	sw	a6,-4(a5)
80200b00:	fec7e8e3          	bltu	a5,a2,80200af0 <memcpy+0x40>
80200b04:	fff60613          	addi	a2,a2,-1
80200b08:	40e60633          	sub	a2,a2,a4
80200b0c:	ffc67613          	andi	a2,a2,-4
80200b10:	00458593          	addi	a1,a1,4
80200b14:	00470713          	addi	a4,a4,4
80200b18:	00c585b3          	add	a1,a1,a2
80200b1c:	00c70733          	add	a4,a4,a2
80200b20:	01176863          	bltu	a4,a7,80200b30 <memcpy+0x80>
80200b24:	00008067          	ret
80200b28:	00050713          	mv	a4,a0
80200b2c:	ff157ce3          	bgeu	a0,a7,80200b24 <memcpy+0x74>
80200b30:	0005c783          	lbu	a5,0(a1)
80200b34:	00170713          	addi	a4,a4,1
80200b38:	00158593          	addi	a1,a1,1
80200b3c:	fef70fa3          	sb	a5,-1(a4)
80200b40:	fee898e3          	bne	a7,a4,80200b30 <memcpy+0x80>
80200b44:	00008067          	ret
80200b48:	0005a683          	lw	a3,0(a1)
80200b4c:	0045a283          	lw	t0,4(a1)
80200b50:	0085af83          	lw	t6,8(a1)
80200b54:	00c5af03          	lw	t5,12(a1)
80200b58:	0105ae83          	lw	t4,16(a1)
80200b5c:	0145ae03          	lw	t3,20(a1)
80200b60:	0185a303          	lw	t1,24(a1)
80200b64:	01c5a803          	lw	a6,28(a1)
80200b68:	00d72023          	sw	a3,0(a4)
80200b6c:	0205a683          	lw	a3,32(a1)
80200b70:	02470713          	addi	a4,a4,36
80200b74:	fe572023          	sw	t0,-32(a4)
80200b78:	fed72e23          	sw	a3,-4(a4)
80200b7c:	fff72223          	sw	t6,-28(a4)
80200b80:	40e606b3          	sub	a3,a2,a4
80200b84:	ffe72423          	sw	t5,-24(a4)
80200b88:	ffd72623          	sw	t4,-20(a4)
80200b8c:	ffc72823          	sw	t3,-16(a4)
80200b90:	fe672a23          	sw	t1,-12(a4)
80200b94:	ff072c23          	sw	a6,-8(a4)
80200b98:	02458593          	addi	a1,a1,36
80200b9c:	fad7c6e3          	blt	a5,a3,80200b48 <memcpy+0x98>
80200ba0:	f45ff06f          	j	80200ae4 <memcpy+0x34>
80200ba4:	0005c683          	lbu	a3,0(a1)
80200ba8:	00170713          	addi	a4,a4,1
80200bac:	00377793          	andi	a5,a4,3
80200bb0:	fed70fa3          	sb	a3,-1(a4)
80200bb4:	00158593          	addi	a1,a1,1
80200bb8:	f0078ee3          	beqz	a5,80200ad4 <memcpy+0x24>
80200bbc:	0005c683          	lbu	a3,0(a1)
80200bc0:	00170713          	addi	a4,a4,1
80200bc4:	00377793          	andi	a5,a4,3
80200bc8:	fed70fa3          	sb	a3,-1(a4)
80200bcc:	00158593          	addi	a1,a1,1
80200bd0:	fc079ae3          	bnez	a5,80200ba4 <memcpy+0xf4>
80200bd4:	f01ff06f          	j	80200ad4 <memcpy+0x24>

80200bd8 <strlen>:
strlen():
80200bd8:	00357793          	andi	a5,a0,3
80200bdc:	00050713          	mv	a4,a0
80200be0:	04079c63          	bnez	a5,80200c38 <strlen+0x60>
80200be4:	7f7f86b7          	lui	a3,0x7f7f8
80200be8:	f7f68693          	addi	a3,a3,-129 # 7f7f7f7f <app_entry-0xa08081>
80200bec:	fff00593          	li	a1,-1
80200bf0:	00072603          	lw	a2,0(a4)
80200bf4:	00470713          	addi	a4,a4,4
80200bf8:	00d677b3          	and	a5,a2,a3
80200bfc:	00d787b3          	add	a5,a5,a3
80200c00:	00c7e7b3          	or	a5,a5,a2
80200c04:	00d7e7b3          	or	a5,a5,a3
80200c08:	feb784e3          	beq	a5,a1,80200bf0 <strlen+0x18>
80200c0c:	ffc74683          	lbu	a3,-4(a4)
80200c10:	40a707b3          	sub	a5,a4,a0
80200c14:	04068463          	beqz	a3,80200c5c <strlen+0x84>
80200c18:	ffd74683          	lbu	a3,-3(a4)
80200c1c:	02068c63          	beqz	a3,80200c54 <strlen+0x7c>
80200c20:	ffe74503          	lbu	a0,-2(a4)
80200c24:	00a03533          	snez	a0,a0
80200c28:	00f50533          	add	a0,a0,a5
80200c2c:	ffe50513          	addi	a0,a0,-2
80200c30:	00008067          	ret
80200c34:	fa0688e3          	beqz	a3,80200be4 <strlen+0xc>
80200c38:	00074783          	lbu	a5,0(a4)
80200c3c:	00170713          	addi	a4,a4,1
80200c40:	00377693          	andi	a3,a4,3
80200c44:	fe0798e3          	bnez	a5,80200c34 <strlen+0x5c>
80200c48:	40a70733          	sub	a4,a4,a0
80200c4c:	fff70513          	addi	a0,a4,-1
80200c50:	00008067          	ret
80200c54:	ffd78513          	addi	a0,a5,-3
80200c58:	00008067          	ret
80200c5c:	ffc78513          	addi	a0,a5,-4
80200c60:	00008067          	ret

80200c64 <strcpy>:
strcpy():
80200c64:	00b567b3          	or	a5,a0,a1
80200c68:	0037f793          	andi	a5,a5,3
80200c6c:	08079063          	bnez	a5,80200cec <strcpy+0x88>
80200c70:	0005a703          	lw	a4,0(a1)
80200c74:	7f7f86b7          	lui	a3,0x7f7f8
80200c78:	f7f68693          	addi	a3,a3,-129 # 7f7f7f7f <app_entry-0xa08081>
80200c7c:	00d77833          	and	a6,a4,a3
80200c80:	00d80833          	add	a6,a6,a3
80200c84:	00e86833          	or	a6,a6,a4
80200c88:	00d86833          	or	a6,a6,a3
80200c8c:	fff00793          	li	a5,-1
80200c90:	00050613          	mv	a2,a0
80200c94:	02f81463          	bne	a6,a5,80200cbc <strcpy+0x58>
80200c98:	00458593          	addi	a1,a1,4
80200c9c:	00e62023          	sw	a4,0(a2)
80200ca0:	0005a703          	lw	a4,0(a1)
80200ca4:	00460613          	addi	a2,a2,4
80200ca8:	00d777b3          	and	a5,a4,a3
80200cac:	00d787b3          	add	a5,a5,a3
80200cb0:	00e7e7b3          	or	a5,a5,a4
80200cb4:	00d7e7b3          	or	a5,a5,a3
80200cb8:	ff0780e3          	beq	a5,a6,80200c98 <strcpy+0x34>
80200cbc:	0005c783          	lbu	a5,0(a1)
80200cc0:	0015c703          	lbu	a4,1(a1)
80200cc4:	0025c683          	lbu	a3,2(a1)
80200cc8:	00f60023          	sb	a5,0(a2)
80200ccc:	00078a63          	beqz	a5,80200ce0 <strcpy+0x7c>
80200cd0:	00e600a3          	sb	a4,1(a2)
80200cd4:	00070663          	beqz	a4,80200ce0 <strcpy+0x7c>
80200cd8:	00d60123          	sb	a3,2(a2)
80200cdc:	00069463          	bnez	a3,80200ce4 <strcpy+0x80>
80200ce0:	00008067          	ret
80200ce4:	000601a3          	sb	zero,3(a2)
80200ce8:	00008067          	ret
80200cec:	00050793          	mv	a5,a0
80200cf0:	0005c703          	lbu	a4,0(a1)
80200cf4:	00178793          	addi	a5,a5,1
80200cf8:	00158593          	addi	a1,a1,1
80200cfc:	fee78fa3          	sb	a4,-1(a5)
80200d00:	fe0718e3          	bnez	a4,80200cf0 <strcpy+0x8c>
80200d04:	00008067          	ret

80200d08 <__mulsi3>:
__mulsi3():
80200d08:	00050613          	mv	a2,a0
80200d0c:	00000513          	li	a0,0
80200d10:	0015f693          	andi	a3,a1,1
80200d14:	00068463          	beqz	a3,80200d1c <__mulsi3+0x14>
80200d18:	00c50533          	add	a0,a0,a2
80200d1c:	0015d593          	srli	a1,a1,0x1
80200d20:	00161613          	slli	a2,a2,0x1
80200d24:	fe0596e3          	bnez	a1,80200d10 <__mulsi3+0x8>
80200d28:	00008067          	ret

80200d2c <__divsi3>:
__divsi3():
80200d2c:	06054063          	bltz	a0,80200d8c <__umodsi3+0x10>
80200d30:	0605c663          	bltz	a1,80200d9c <__umodsi3+0x20>

80200d34 <__hidden___udivsi3>:
80200d34:	00058613          	mv	a2,a1
80200d38:	00050593          	mv	a1,a0
80200d3c:	fff00513          	li	a0,-1
80200d40:	02060c63          	beqz	a2,80200d78 <__hidden___udivsi3+0x44>
80200d44:	00100693          	li	a3,1
80200d48:	00b67a63          	bgeu	a2,a1,80200d5c <__hidden___udivsi3+0x28>
80200d4c:	00c05863          	blez	a2,80200d5c <__hidden___udivsi3+0x28>
80200d50:	00161613          	slli	a2,a2,0x1
80200d54:	00169693          	slli	a3,a3,0x1
80200d58:	feb66ae3          	bltu	a2,a1,80200d4c <__hidden___udivsi3+0x18>
80200d5c:	00000513          	li	a0,0
80200d60:	00c5e663          	bltu	a1,a2,80200d6c <__hidden___udivsi3+0x38>
80200d64:	40c585b3          	sub	a1,a1,a2
80200d68:	00d56533          	or	a0,a0,a3
80200d6c:	0016d693          	srli	a3,a3,0x1
80200d70:	00165613          	srli	a2,a2,0x1
80200d74:	fe0696e3          	bnez	a3,80200d60 <__hidden___udivsi3+0x2c>
80200d78:	00008067          	ret

80200d7c <__umodsi3>:
80200d7c:	00008293          	mv	t0,ra
80200d80:	fb5ff0ef          	jal	80200d34 <__hidden___udivsi3>
80200d84:	00058513          	mv	a0,a1
80200d88:	00028067          	jr	t0
80200d8c:	40a00533          	neg	a0,a0
80200d90:	00b04863          	bgtz	a1,80200da0 <__umodsi3+0x24>
80200d94:	40b005b3          	neg	a1,a1
80200d98:	f9dff06f          	j	80200d34 <__hidden___udivsi3>
80200d9c:	40b005b3          	neg	a1,a1
80200da0:	00008293          	mv	t0,ra
80200da4:	f91ff0ef          	jal	80200d34 <__hidden___udivsi3>
80200da8:	40a00533          	neg	a0,a0
80200dac:	00028067          	jr	t0

80200db0 <__modsi3>:
__modsi3():
80200db0:	00008293          	mv	t0,ra
80200db4:	0005ca63          	bltz	a1,80200dc8 <__modsi3+0x18>
80200db8:	00054c63          	bltz	a0,80200dd0 <__modsi3+0x20>
80200dbc:	f79ff0ef          	jal	80200d34 <__hidden___udivsi3>
80200dc0:	00058513          	mv	a0,a1
80200dc4:	00028067          	jr	t0
80200dc8:	40b005b3          	neg	a1,a1
80200dcc:	fe0558e3          	bgez	a0,80200dbc <__modsi3+0xc>
80200dd0:	40a00533          	neg	a0,a0
80200dd4:	f61ff0ef          	jal	80200d34 <__hidden___udivsi3>
80200dd8:	40b00533          	neg	a0,a1
80200ddc:	00028067          	jr	t0
