
build/release/sys_terminal.elf:     file format elf32-littleriscv
build/release/sys_terminal.elf
architecture: riscv:rv32, flags 0x00000112:
EXEC_P, HAS_SYMS, D_PAGED
start address 0x80200000

Program Header:
0x70000003 off    0x0000211c vaddr 0x00000000 paddr 0x00000000 align 2**0
         filesz 0x0000004b memsz 0x00000000 flags r--
    LOAD off    0x00001000 vaddr 0x80200000 paddr 0x80200000 align 2**12
         filesz 0x00000df4 memsz 0x00000df4 flags r-x
    LOAD off    0x00002000 vaddr 0x80208000 paddr 0x80208000 align 2**12
         filesz 0x0000011c memsz 0x0000011c flags rw-

Sections:
Idx Name              Size      VMA       LMA       File off  Algn  Flags
  0 .text             00000df4  80200000  80200000  00001000  2**3  CONTENTS, ALLOC, LOAD, READONLY, CODE
  1 .rodata           00000110  80208000  80208000  00002000  2**3  CONTENTS, ALLOC, LOAD, READONLY, DATA
  2 .data             0000000c  80208110  80208110  00002110  2**3  CONTENTS, ALLOC, LOAD, DATA
  3 .riscv.attributes 0000004b  00000000  00000000  0000211c  2**0  CONTENTS, READONLY
  4 .comment          00000033  00000000  00000000  00002167  2**0  CONTENTS, READONLY
SYMBOL TABLE:
80200000 l    d  .text	00000000 .text
80208000 l    d  .rodata	00000000 .rodata
80208110 l    d  .data	00000000 .data
00000000 l    d  .riscv.attributes	00000000 .riscv.attributes
00000000 l    d  .comment	00000000 .comment
00000000 l    df *ABS*	00000000 ccJX9RCW.o
00000000 l    df *ABS*	00000000 sys_terminal.c
00000000 l    df *ABS*	00000000 print.c
00000000 l    df *ABS*	00000000 servers.c
00000000 l    df *ABS*	00000000 syscall.c
80208118 l     O .data	00000004 sc
00000000 l    df *ABS*	00000000 libc_a-itoa.o
00000000 l    df *ABS*	00000000 libc_a-utoa.o
00000000 l    df *ABS*	00000000 libc_a-strcat.o
00000000 l    df *ABS*	00000000 libc_a-strncat.o
00000000 l    df *ABS*	00000000 libc_a-memcpy.o
00000000 l    df *ABS*	00000000 libc_a-strlen.o
00000000 l    df *ABS*	00000000 libc_a-strcpy.o
00000000 l    df *ABS*	00000000 div.o
80200c9c g     F .text	000000a4 strcpy
80200000 g       .text	00000000 app_entry
80200ae8 g     F .text	00000128 memcpy
80200d48 g     F .text	00000048 .hidden __hidden___udivsi3
80200d48 g     F .text	00000048 .hidden __udivsi3
80208114 g     O .data	00000004 earth
802007d0 g     F .text	00000078 itoa
80200760 g     F .text	00000070 sys_send
8020099c g     F .text	000000a0 strcat
80200d90 g     F .text	00000010 .hidden __umodsi3
802001a0 g     F .text	0000014c format_to_str
80208110 g     O .data	00000004 grass
802005ac g     F .text	00000140 term_read
80200424 g     F .text	00000154 SUCCESS
80200a3c g     F .text	000000ac strncat
80200848 g     F .text	00000154 __utoa
80200010 g     F .text	00000190 main
80200d40 g     F .text	00000084 .hidden __divsi3
80300000 g       *ABS*	00000000 __heap_end
80208120 g       .data	00000000 __heap_start
802006ec g     F .text	00000074 term_write
80200578 g     F .text	00000034 exit
80200dc4 g     F .text	00000030 .hidden __modsi3
802002ec g     F .text	00000138 FATAL
80200c10 g     F .text	0000008c strlen



Disassembly of section .text:

80200000 <app_entry>:
app_entry():
80200000:	00052503          	lw	a0,0(a0)
80200004:	80400137          	lui	sp,0x80400
80200008:	008000ef          	jal	80200010 <main>
8020000c:	56c000ef          	jal	80200578 <exit>

80200010 <main>:
main():
80200010:	be010113          	addi	sp,sp,-1056 # 803ffbe0 <__heap_end+0xffbe0>
80200014:	40112e23          	sw	ra,1052(sp)
80200018:	40812c23          	sw	s0,1048(sp)
8020001c:	42010413          	addi	s0,sp,1056
80200020:	802087b7          	lui	a5,0x80208
80200024:	00078513          	mv	a0,a5
80200028:	3fc000ef          	jal	80200424 <SUCCESS>
8020002c:	be840793          	addi	a5,s0,-1048
80200030:	80208737          	lui	a4,0x80208
80200034:	02470713          	addi	a4,a4,36 # 80208024 <__modsi3+0x7260>
80200038:	00072e03          	lw	t3,0(a4)
8020003c:	00472303          	lw	t1,4(a4)
80200040:	00872883          	lw	a7,8(a4)
80200044:	00c72803          	lw	a6,12(a4)
80200048:	01072503          	lw	a0,16(a4)
8020004c:	01472583          	lw	a1,20(a4)
80200050:	01872603          	lw	a2,24(a4)
80200054:	01c72683          	lw	a3,28(a4)
80200058:	01c7a023          	sw	t3,0(a5) # 80208000 <__modsi3+0x723c>
8020005c:	0067a223          	sw	t1,4(a5)
80200060:	0117a423          	sw	a7,8(a5)
80200064:	0107a623          	sw	a6,12(a5)
80200068:	00a7a823          	sw	a0,16(a5)
8020006c:	00b7aa23          	sw	a1,20(a5)
80200070:	00c7ac23          	sw	a2,24(a5)
80200074:	00d7ae23          	sw	a3,28(a5)
80200078:	02072703          	lw	a4,32(a4)
8020007c:	02e7a023          	sw	a4,32(a5)
80200080:	802087b7          	lui	a5,0x80208
80200084:	1107a783          	lw	a5,272(a5) # 80208110 <grass>
80200088:	00c7a783          	lw	a5,12(a5)
8020008c:	be840713          	addi	a4,s0,-1048
80200090:	02400613          	li	a2,36
80200094:	00070593          	mv	a1,a4
80200098:	00100513          	li	a0,1
8020009c:	000780e7          	jalr	a5
802000a0:	be840793          	addi	a5,s0,-1048
802000a4:	fef42623          	sw	a5,-20(s0)
802000a8:	be840793          	addi	a5,s0,-1048
802000ac:	fef42423          	sw	a5,-24(s0)
802000b0:	802087b7          	lui	a5,0x80208
802000b4:	1107a783          	lw	a5,272(a5) # 80208110 <grass>
802000b8:	0107a783          	lw	a5,16(a5)
802000bc:	be440713          	addi	a4,s0,-1052
802000c0:	40000693          	li	a3,1024
802000c4:	fec42603          	lw	a2,-20(s0)
802000c8:	00070593          	mv	a1,a4
802000cc:	fff00513          	li	a0,-1
802000d0:	000780e7          	jalr	a5
802000d4:	fec42783          	lw	a5,-20(s0)
802000d8:	0047a703          	lw	a4,4(a5)
802000dc:	20000793          	li	a5,512
802000e0:	00e7fe63          	bgeu	a5,a4,802000fc <main+0xec>
802000e4:	fec42783          	lw	a5,-20(s0)
802000e8:	0047a783          	lw	a5,4(a5)
802000ec:	00078593          	mv	a1,a5
802000f0:	802087b7          	lui	a5,0x80208
802000f4:	04878513          	addi	a0,a5,72 # 80208048 <__modsi3+0x7284>
802000f8:	1f4000ef          	jal	802002ec <FATAL>
802000fc:	fec42783          	lw	a5,-20(s0)
80200100:	0007a783          	lw	a5,0(a5)
80200104:	00078863          	beqz	a5,80200114 <main+0x104>
80200108:	00100713          	li	a4,1
8020010c:	04e78c63          	beq	a5,a4,80200164 <main+0x154>
80200110:	0740006f          	j	80200184 <main+0x174>
80200114:	fe842783          	lw	a5,-24(s0)
80200118:	00478713          	addi	a4,a5,4
8020011c:	fec42783          	lw	a5,-20(s0)
80200120:	0047a783          	lw	a5,4(a5)
80200124:	00078593          	mv	a1,a5
80200128:	00070513          	mv	a0,a4
8020012c:	480000ef          	jal	802005ac <term_read>
80200130:	00050793          	mv	a5,a0
80200134:	00078713          	mv	a4,a5
80200138:	fe842783          	lw	a5,-24(s0)
8020013c:	00e7a023          	sw	a4,0(a5)
80200140:	802087b7          	lui	a5,0x80208
80200144:	1107a783          	lw	a5,272(a5) # 80208110 <grass>
80200148:	00c7a783          	lw	a5,12(a5)
8020014c:	be442703          	lw	a4,-1052(s0)
80200150:	20400613          	li	a2,516
80200154:	fe842583          	lw	a1,-24(s0)
80200158:	00070513          	mv	a0,a4
8020015c:	000780e7          	jalr	a5
80200160:	03c0006f          	j	8020019c <main+0x18c>
80200164:	fec42783          	lw	a5,-20(s0)
80200168:	00878713          	addi	a4,a5,8
8020016c:	fec42783          	lw	a5,-20(s0)
80200170:	0047a783          	lw	a5,4(a5)
80200174:	00078593          	mv	a1,a5
80200178:	00070513          	mv	a0,a4
8020017c:	570000ef          	jal	802006ec <term_write>
80200180:	01c0006f          	j	8020019c <main+0x18c>
80200184:	fec42783          	lw	a5,-20(s0)
80200188:	0007a783          	lw	a5,0(a5)
8020018c:	00078593          	mv	a1,a5
80200190:	802087b7          	lui	a5,0x80208
80200194:	07478513          	addi	a0,a5,116 # 80208074 <__modsi3+0x72b0>
80200198:	154000ef          	jal	802002ec <FATAL>
8020019c:	f05ff06f          	j	802000a0 <main+0x90>

802001a0 <format_to_str>:
format_to_str():
802001a0:	fe010113          	addi	sp,sp,-32
802001a4:	00112e23          	sw	ra,28(sp)
802001a8:	00812c23          	sw	s0,24(sp)
802001ac:	00912a23          	sw	s1,20(sp)
802001b0:	02010413          	addi	s0,sp,32
802001b4:	fea42623          	sw	a0,-20(s0)
802001b8:	feb42423          	sw	a1,-24(s0)
802001bc:	fec42223          	sw	a2,-28(s0)
802001c0:	fec42783          	lw	a5,-20(s0)
802001c4:	00078023          	sb	zero,0(a5)
802001c8:	0fc0006f          	j	802002c4 <format_to_str+0x124>
802001cc:	fe842783          	lw	a5,-24(s0)
802001d0:	0007c703          	lbu	a4,0(a5)
802001d4:	02500793          	li	a5,37
802001d8:	00f70c63          	beq	a4,a5,802001f0 <format_to_str+0x50>
802001dc:	00100613          	li	a2,1
802001e0:	fe842583          	lw	a1,-24(s0)
802001e4:	fec42503          	lw	a0,-20(s0)
802001e8:	055000ef          	jal	80200a3c <strncat>
802001ec:	0cc0006f          	j	802002b8 <format_to_str+0x118>
802001f0:	fe842783          	lw	a5,-24(s0)
802001f4:	00178793          	addi	a5,a5,1
802001f8:	fef42423          	sw	a5,-24(s0)
802001fc:	fe842783          	lw	a5,-24(s0)
80200200:	0007c703          	lbu	a4,0(a5)
80200204:	07300793          	li	a5,115
80200208:	02f71263          	bne	a4,a5,8020022c <format_to_str+0x8c>
8020020c:	fe442783          	lw	a5,-28(s0)
80200210:	00478713          	addi	a4,a5,4
80200214:	fee42223          	sw	a4,-28(s0)
80200218:	0007a783          	lw	a5,0(a5)
8020021c:	00078593          	mv	a1,a5
80200220:	fec42503          	lw	a0,-20(s0)
80200224:	778000ef          	jal	8020099c <strcat>
80200228:	0900006f          	j	802002b8 <format_to_str+0x118>
8020022c:	fe842783          	lw	a5,-24(s0)
80200230:	0007c703          	lbu	a4,0(a5)
80200234:	06400793          	li	a5,100
80200238:	02f71e63          	bne	a4,a5,80200274 <format_to_str+0xd4>
8020023c:	fe442783          	lw	a5,-28(s0)
80200240:	00478713          	addi	a4,a5,4
80200244:	fee42223          	sw	a4,-28(s0)
80200248:	0007a483          	lw	s1,0(a5)
8020024c:	fec42503          	lw	a0,-20(s0)
80200250:	1c1000ef          	jal	80200c10 <strlen>
80200254:	00050713          	mv	a4,a0
80200258:	fec42783          	lw	a5,-20(s0)
8020025c:	00e787b3          	add	a5,a5,a4
80200260:	00a00613          	li	a2,10
80200264:	00078593          	mv	a1,a5
80200268:	00048513          	mv	a0,s1
8020026c:	564000ef          	jal	802007d0 <itoa>
80200270:	0480006f          	j	802002b8 <format_to_str+0x118>
80200274:	fe842783          	lw	a5,-24(s0)
80200278:	0007c703          	lbu	a4,0(a5)
8020027c:	07800793          	li	a5,120
80200280:	02f71c63          	bne	a4,a5,802002b8 <format_to_str+0x118>
80200284:	fe442783          	lw	a5,-28(s0)
80200288:	00478713          	addi	a4,a5,4
8020028c:	fee42223          	sw	a4,-28(s0)
80200290:	0007a483          	lw	s1,0(a5)
80200294:	fec42503          	lw	a0,-20(s0)
80200298:	179000ef          	jal	80200c10 <strlen>
8020029c:	00050713          	mv	a4,a0
802002a0:	fec42783          	lw	a5,-20(s0)
802002a4:	00e787b3          	add	a5,a5,a4
802002a8:	01000613          	li	a2,16
802002ac:	00078593          	mv	a1,a5
802002b0:	00048513          	mv	a0,s1
802002b4:	51c000ef          	jal	802007d0 <itoa>
802002b8:	fe842783          	lw	a5,-24(s0)
802002bc:	00178793          	addi	a5,a5,1
802002c0:	fef42423          	sw	a5,-24(s0)
802002c4:	fe842783          	lw	a5,-24(s0)
802002c8:	0007c783          	lbu	a5,0(a5)
802002cc:	f00790e3          	bnez	a5,802001cc <format_to_str+0x2c>
802002d0:	00000013          	nop
802002d4:	00000013          	nop
802002d8:	01c12083          	lw	ra,28(sp)
802002dc:	01812403          	lw	s0,24(sp)
802002e0:	01412483          	lw	s1,20(sp)
802002e4:	02010113          	addi	sp,sp,32
802002e8:	00008067          	ret

802002ec <FATAL>:
FATAL():
802002ec:	db010113          	addi	sp,sp,-592
802002f0:	22112623          	sw	ra,556(sp)
802002f4:	22812423          	sw	s0,552(sp)
802002f8:	23010413          	addi	s0,sp,560
802002fc:	dca42e23          	sw	a0,-548(s0)
80200300:	00b42223          	sw	a1,4(s0)
80200304:	00c42423          	sw	a2,8(s0)
80200308:	00d42623          	sw	a3,12(s0)
8020030c:	00e42823          	sw	a4,16(s0)
80200310:	00f42a23          	sw	a5,20(s0)
80200314:	01042c23          	sw	a6,24(s0)
80200318:	01142e23          	sw	a7,28(s0)
8020031c:	df040793          	addi	a5,s0,-528
80200320:	80208737          	lui	a4,0x80208
80200324:	09870713          	addi	a4,a4,152 # 80208098 <__modsi3+0x72d4>
80200328:	00072583          	lw	a1,0(a4)
8020032c:	00472603          	lw	a2,4(a4)
80200330:	00872683          	lw	a3,8(a4)
80200334:	00b7a023          	sw	a1,0(a5)
80200338:	00c7a223          	sw	a2,4(a5)
8020033c:	00d7a423          	sw	a3,8(a5)
80200340:	00c72703          	lw	a4,12(a4)
80200344:	00e7a623          	sw	a4,12(a5)
80200348:	02040793          	addi	a5,s0,32
8020034c:	dcf42c23          	sw	a5,-552(s0)
80200350:	dd842783          	lw	a5,-552(s0)
80200354:	fe478793          	addi	a5,a5,-28
80200358:	def42623          	sw	a5,-532(s0)
8020035c:	df040793          	addi	a5,s0,-528
80200360:	00f78793          	addi	a5,a5,15
80200364:	dec42703          	lw	a4,-532(s0)
80200368:	00070613          	mv	a2,a4
8020036c:	ddc42583          	lw	a1,-548(s0)
80200370:	00078513          	mv	a0,a5
80200374:	e2dff0ef          	jal	802001a0 <format_to_str>
80200378:	df040793          	addi	a5,s0,-528
8020037c:	00078513          	mv	a0,a5
80200380:	091000ef          	jal	80200c10 <strlen>
80200384:	00050793          	mv	a5,a0
80200388:	00078713          	mv	a4,a5
8020038c:	df040793          	addi	a5,s0,-528
80200390:	00e787b3          	add	a5,a5,a4
80200394:	80208737          	lui	a4,0x80208
80200398:	0a870713          	addi	a4,a4,168 # 802080a8 <__modsi3+0x72e4>
8020039c:	00074683          	lbu	a3,0(a4)
802003a0:	00068e13          	mv	t3,a3
802003a4:	00174683          	lbu	a3,1(a4)
802003a8:	00068313          	mv	t1,a3
802003ac:	00274683          	lbu	a3,2(a4)
802003b0:	00068893          	mv	a7,a3
802003b4:	00374683          	lbu	a3,3(a4)
802003b8:	00068813          	mv	a6,a3
802003bc:	00474683          	lbu	a3,4(a4)
802003c0:	00068513          	mv	a0,a3
802003c4:	00574683          	lbu	a3,5(a4)
802003c8:	00068593          	mv	a1,a3
802003cc:	00674683          	lbu	a3,6(a4)
802003d0:	00068613          	mv	a2,a3
802003d4:	00774683          	lbu	a3,7(a4)
802003d8:	01c78023          	sb	t3,0(a5)
802003dc:	006780a3          	sb	t1,1(a5)
802003e0:	01178123          	sb	a7,2(a5)
802003e4:	010781a3          	sb	a6,3(a5)
802003e8:	00a78223          	sb	a0,4(a5)
802003ec:	00b782a3          	sb	a1,5(a5)
802003f0:	00c78323          	sb	a2,6(a5)
802003f4:	00d783a3          	sb	a3,7(a5)
802003f8:	00874703          	lbu	a4,8(a4)
802003fc:	00e78423          	sb	a4,8(a5)
80200400:	df040793          	addi	a5,s0,-528
80200404:	00078513          	mv	a0,a5
80200408:	009000ef          	jal	80200c10 <strlen>
8020040c:	00050713          	mv	a4,a0
80200410:	df040793          	addi	a5,s0,-528
80200414:	00070593          	mv	a1,a4
80200418:	00078513          	mv	a0,a5
8020041c:	2d0000ef          	jal	802006ec <term_write>
80200420:	0000006f          	j	80200420 <FATAL+0x134>

80200424 <SUCCESS>:
SUCCESS():
80200424:	db010113          	addi	sp,sp,-592
80200428:	22112623          	sw	ra,556(sp)
8020042c:	22812423          	sw	s0,552(sp)
80200430:	23010413          	addi	s0,sp,560
80200434:	dca42e23          	sw	a0,-548(s0)
80200438:	00b42223          	sw	a1,4(s0)
8020043c:	00c42423          	sw	a2,8(s0)
80200440:	00d42623          	sw	a3,12(s0)
80200444:	00e42823          	sw	a4,16(s0)
80200448:	00f42a23          	sw	a5,20(s0)
8020044c:	01042c23          	sw	a6,24(s0)
80200450:	01142e23          	sw	a7,28(s0)
80200454:	df040793          	addi	a5,s0,-528
80200458:	80208737          	lui	a4,0x80208
8020045c:	0b470713          	addi	a4,a4,180 # 802080b4 <__modsi3+0x72f0>
80200460:	00072583          	lw	a1,0(a4)
80200464:	00472603          	lw	a2,4(a4)
80200468:	00872683          	lw	a3,8(a4)
8020046c:	00b7a023          	sw	a1,0(a5)
80200470:	00c7a223          	sw	a2,4(a5)
80200474:	00d7a423          	sw	a3,8(a5)
80200478:	00c72683          	lw	a3,12(a4)
8020047c:	00d7a623          	sw	a3,12(a5)
80200480:	01075703          	lhu	a4,16(a4)
80200484:	00e79823          	sh	a4,16(a5)
80200488:	02040793          	addi	a5,s0,32
8020048c:	dcf42c23          	sw	a5,-552(s0)
80200490:	dd842783          	lw	a5,-552(s0)
80200494:	fe478793          	addi	a5,a5,-28
80200498:	def42623          	sw	a5,-532(s0)
8020049c:	df040793          	addi	a5,s0,-528
802004a0:	01178793          	addi	a5,a5,17
802004a4:	dec42703          	lw	a4,-532(s0)
802004a8:	00070613          	mv	a2,a4
802004ac:	ddc42583          	lw	a1,-548(s0)
802004b0:	00078513          	mv	a0,a5
802004b4:	cedff0ef          	jal	802001a0 <format_to_str>
802004b8:	df040793          	addi	a5,s0,-528
802004bc:	00078513          	mv	a0,a5
802004c0:	750000ef          	jal	80200c10 <strlen>
802004c4:	00050793          	mv	a5,a0
802004c8:	00078713          	mv	a4,a5
802004cc:	df040793          	addi	a5,s0,-528
802004d0:	00e787b3          	add	a5,a5,a4
802004d4:	80208737          	lui	a4,0x80208
802004d8:	0a870713          	addi	a4,a4,168 # 802080a8 <__modsi3+0x72e4>
802004dc:	00074683          	lbu	a3,0(a4)
802004e0:	00068e13          	mv	t3,a3
802004e4:	00174683          	lbu	a3,1(a4)
802004e8:	00068313          	mv	t1,a3
802004ec:	00274683          	lbu	a3,2(a4)
802004f0:	00068893          	mv	a7,a3
802004f4:	00374683          	lbu	a3,3(a4)
802004f8:	00068813          	mv	a6,a3
802004fc:	00474683          	lbu	a3,4(a4)
80200500:	00068513          	mv	a0,a3
80200504:	00574683          	lbu	a3,5(a4)
80200508:	00068593          	mv	a1,a3
8020050c:	00674683          	lbu	a3,6(a4)
80200510:	00068613          	mv	a2,a3
80200514:	00774683          	lbu	a3,7(a4)
80200518:	01c78023          	sb	t3,0(a5)
8020051c:	006780a3          	sb	t1,1(a5)
80200520:	01178123          	sb	a7,2(a5)
80200524:	010781a3          	sb	a6,3(a5)
80200528:	00a78223          	sb	a0,4(a5)
8020052c:	00b782a3          	sb	a1,5(a5)
80200530:	00c78323          	sb	a2,6(a5)
80200534:	00d783a3          	sb	a3,7(a5)
80200538:	00874703          	lbu	a4,8(a4)
8020053c:	00e78423          	sb	a4,8(a5)
80200540:	df040793          	addi	a5,s0,-528
80200544:	00078513          	mv	a0,a5
80200548:	6c8000ef          	jal	80200c10 <strlen>
8020054c:	00050713          	mv	a4,a0
80200550:	df040793          	addi	a5,s0,-528
80200554:	00070593          	mv	a1,a4
80200558:	00078513          	mv	a0,a5
8020055c:	190000ef          	jal	802006ec <term_write>
80200560:	00000013          	nop
80200564:	00078513          	mv	a0,a5
80200568:	22c12083          	lw	ra,556(sp)
8020056c:	22812403          	lw	s0,552(sp)
80200570:	25010113          	addi	sp,sp,592
80200574:	00008067          	ret

80200578 <exit>:
exit():
80200578:	dd010113          	addi	sp,sp,-560
8020057c:	22112623          	sw	ra,556(sp)
80200580:	22812423          	sw	s0,552(sp)
80200584:	23010413          	addi	s0,sp,560
80200588:	dca42e23          	sw	a0,-548(s0)
8020058c:	00100793          	li	a5,1
80200590:	def42423          	sw	a5,-536(s0)
80200594:	de840793          	addi	a5,s0,-536
80200598:	20800613          	li	a2,520
8020059c:	00078593          	mv	a1,a5
802005a0:	00100513          	li	a0,1
802005a4:	1bc000ef          	jal	80200760 <sys_send>
802005a8:	0000006f          	j	802005a8 <exit+0x30>

802005ac <term_read>:
term_read():
802005ac:	fd010113          	addi	sp,sp,-48
802005b0:	02112623          	sw	ra,44(sp)
802005b4:	02812423          	sw	s0,40(sp)
802005b8:	03010413          	addi	s0,sp,48
802005bc:	fca42e23          	sw	a0,-36(s0)
802005c0:	fcb42c23          	sw	a1,-40(s0)
802005c4:	fe042623          	sw	zero,-20(s0)
802005c8:	0e80006f          	j	802006b0 <term_read+0x104>
802005cc:	802087b7          	lui	a5,0x80208
802005d0:	1147a783          	lw	a5,276(a5) # 80208114 <earth>
802005d4:	01c7a783          	lw	a5,28(a5)
802005d8:	feb40713          	addi	a4,s0,-21
802005dc:	00070513          	mv	a0,a4
802005e0:	000780e7          	jalr	a5
802005e4:	fec42783          	lw	a5,-20(s0)
802005e8:	fdc42703          	lw	a4,-36(s0)
802005ec:	00f707b3          	add	a5,a4,a5
802005f0:	feb44703          	lbu	a4,-21(s0)
802005f4:	00e78023          	sb	a4,0(a5)
802005f8:	feb44783          	lbu	a5,-21(s0)
802005fc:	00d00713          	li	a4,13
80200600:	00e78863          	beq	a5,a4,80200610 <term_read+0x64>
80200604:	07f00713          	li	a4,127
80200608:	04e78263          	beq	a5,a4,8020064c <term_read+0xa0>
8020060c:	0800006f          	j	8020068c <term_read+0xe0>
80200610:	fec42783          	lw	a5,-20(s0)
80200614:	fdc42703          	lw	a4,-36(s0)
80200618:	00f707b3          	add	a5,a4,a5
8020061c:	00078023          	sb	zero,0(a5)
80200620:	00200593          	li	a1,2
80200624:	802087b7          	lui	a5,0x80208
80200628:	0dc78513          	addi	a0,a5,220 # 802080dc <__modsi3+0x7318>
8020062c:	0c0000ef          	jal	802006ec <term_write>
80200630:	fec42783          	lw	a5,-20(s0)
80200634:	00078863          	beqz	a5,80200644 <term_read+0x98>
80200638:	fec42783          	lw	a5,-20(s0)
8020063c:	00178793          	addi	a5,a5,1
80200640:	0980006f          	j	802006d8 <term_read+0x12c>
80200644:	00000793          	li	a5,0
80200648:	0900006f          	j	802006d8 <term_read+0x12c>
8020064c:	fe0405a3          	sb	zero,-21(s0)
80200650:	fec42783          	lw	a5,-20(s0)
80200654:	00078a63          	beqz	a5,80200668 <term_read+0xbc>
80200658:	00300593          	li	a1,3
8020065c:	802087b7          	lui	a5,0x80208
80200660:	0e078513          	addi	a0,a5,224 # 802080e0 <__modsi3+0x731c>
80200664:	088000ef          	jal	802006ec <term_write>
80200668:	fec42783          	lw	a5,-20(s0)
8020066c:	00078a63          	beqz	a5,80200680 <term_read+0xd4>
80200670:	fec42783          	lw	a5,-20(s0)
80200674:	ffe78793          	addi	a5,a5,-2
80200678:	fef42623          	sw	a5,-20(s0)
8020067c:	0100006f          	j	8020068c <term_read+0xe0>
80200680:	fec42783          	lw	a5,-20(s0)
80200684:	fff78793          	addi	a5,a5,-1
80200688:	fef42623          	sw	a5,-20(s0)
8020068c:	feb44783          	lbu	a5,-21(s0)
80200690:	00078a63          	beqz	a5,802006a4 <term_read+0xf8>
80200694:	feb40793          	addi	a5,s0,-21
80200698:	00100593          	li	a1,1
8020069c:	00078513          	mv	a0,a5
802006a0:	04c000ef          	jal	802006ec <term_write>
802006a4:	fec42783          	lw	a5,-20(s0)
802006a8:	00178793          	addi	a5,a5,1
802006ac:	fef42623          	sw	a5,-20(s0)
802006b0:	fd842783          	lw	a5,-40(s0)
802006b4:	fff78713          	addi	a4,a5,-1
802006b8:	fec42783          	lw	a5,-20(s0)
802006bc:	f0e7e8e3          	bltu	a5,a4,802005cc <term_read+0x20>
802006c0:	fd842783          	lw	a5,-40(s0)
802006c4:	fff78793          	addi	a5,a5,-1
802006c8:	fdc42703          	lw	a4,-36(s0)
802006cc:	00f707b3          	add	a5,a4,a5
802006d0:	00078023          	sb	zero,0(a5)
802006d4:	fd842783          	lw	a5,-40(s0)
802006d8:	00078513          	mv	a0,a5
802006dc:	02c12083          	lw	ra,44(sp)
802006e0:	02812403          	lw	s0,40(sp)
802006e4:	03010113          	addi	sp,sp,48
802006e8:	00008067          	ret

802006ec <term_write>:
term_write():
802006ec:	fd010113          	addi	sp,sp,-48
802006f0:	02112623          	sw	ra,44(sp)
802006f4:	02812423          	sw	s0,40(sp)
802006f8:	03010413          	addi	s0,sp,48
802006fc:	fca42e23          	sw	a0,-36(s0)
80200700:	fcb42c23          	sw	a1,-40(s0)
80200704:	fe042623          	sw	zero,-20(s0)
80200708:	0340006f          	j	8020073c <term_write+0x50>
8020070c:	802087b7          	lui	a5,0x80208
80200710:	1147a783          	lw	a5,276(a5) # 80208114 <earth>
80200714:	0207a783          	lw	a5,32(a5)
80200718:	fdc42683          	lw	a3,-36(s0)
8020071c:	fec42703          	lw	a4,-20(s0)
80200720:	00e68733          	add	a4,a3,a4
80200724:	00074703          	lbu	a4,0(a4)
80200728:	00070513          	mv	a0,a4
8020072c:	000780e7          	jalr	a5
80200730:	fec42783          	lw	a5,-20(s0)
80200734:	00178793          	addi	a5,a5,1
80200738:	fef42623          	sw	a5,-20(s0)
8020073c:	fec42703          	lw	a4,-20(s0)
80200740:	fd842783          	lw	a5,-40(s0)
80200744:	fcf764e3          	bltu	a4,a5,8020070c <term_write+0x20>
80200748:	00000013          	nop
8020074c:	00000013          	nop
80200750:	02c12083          	lw	ra,44(sp)
80200754:	02812403          	lw	s0,40(sp)
80200758:	03010113          	addi	sp,sp,48
8020075c:	00008067          	ret

80200760 <sys_send>:
sys_send():
80200760:	fe010113          	addi	sp,sp,-32
80200764:	00112e23          	sw	ra,28(sp)
80200768:	00812c23          	sw	s0,24(sp)
8020076c:	02010413          	addi	s0,sp,32
80200770:	fea42623          	sw	a0,-20(s0)
80200774:	feb42423          	sw	a1,-24(s0)
80200778:	fec42223          	sw	a2,-28(s0)
8020077c:	802087b7          	lui	a5,0x80208
80200780:	1187a783          	lw	a5,280(a5) # 80208118 <sc>
80200784:	00200713          	li	a4,2
80200788:	00e7a023          	sw	a4,0(a5)
8020078c:	802087b7          	lui	a5,0x80208
80200790:	1187a783          	lw	a5,280(a5) # 80208118 <sc>
80200794:	fec42703          	lw	a4,-20(s0)
80200798:	00e7a423          	sw	a4,8(a5)
8020079c:	802087b7          	lui	a5,0x80208
802007a0:	1187a783          	lw	a5,280(a5) # 80208118 <sc>
802007a4:	00c78793          	addi	a5,a5,12
802007a8:	fe442603          	lw	a2,-28(s0)
802007ac:	fe842583          	lw	a1,-24(s0)
802007b0:	00078513          	mv	a0,a5
802007b4:	334000ef          	jal	80200ae8 <memcpy>
802007b8:	00000073          	ecall
802007bc:	00000013          	nop
802007c0:	01c12083          	lw	ra,28(sp)
802007c4:	01812403          	lw	s0,24(sp)
802007c8:	02010113          	addi	sp,sp,32
802007cc:	00008067          	ret

802007d0 <itoa>:
itoa():
802007d0:	ffe60713          	addi	a4,a2,-2
802007d4:	02200793          	li	a5,34
802007d8:	06e7e263          	bltu	a5,a4,8020083c <itoa+0x6c>
802007dc:	fe010113          	addi	sp,sp,-32
802007e0:	00112e23          	sw	ra,28(sp)
802007e4:	ff660793          	addi	a5,a2,-10
802007e8:	02079a63          	bnez	a5,8020081c <itoa+0x4c>
802007ec:	02055863          	bgez	a0,8020081c <itoa+0x4c>
802007f0:	02d00793          	li	a5,45
802007f4:	00158713          	addi	a4,a1,1
802007f8:	00b12623          	sw	a1,12(sp)
802007fc:	00f58023          	sb	a5,0(a1)
80200800:	40a00533          	neg	a0,a0
80200804:	00070593          	mv	a1,a4
80200808:	040000ef          	jal	80200848 <__utoa>
8020080c:	01c12083          	lw	ra,28(sp)
80200810:	00c12503          	lw	a0,12(sp)
80200814:	02010113          	addi	sp,sp,32
80200818:	00008067          	ret
8020081c:	00058713          	mv	a4,a1
80200820:	00b12623          	sw	a1,12(sp)
80200824:	00070593          	mv	a1,a4
80200828:	020000ef          	jal	80200848 <__utoa>
8020082c:	01c12083          	lw	ra,28(sp)
80200830:	00c12503          	lw	a0,12(sp)
80200834:	02010113          	addi	sp,sp,32
80200838:	00008067          	ret
8020083c:	00058023          	sb	zero,0(a1)
80200840:	00000513          	li	a0,0
80200844:	00008067          	ret

80200848 <__utoa>:
__utoa():
80200848:	00008797          	auipc	a5,0x8
8020084c:	89c78793          	addi	a5,a5,-1892 # 802080e4 <__modsi3+0x7320>
80200850:	0207a703          	lw	a4,32(a5)
80200854:	0007af83          	lw	t6,0(a5)
80200858:	0047af03          	lw	t5,4(a5)
8020085c:	0087ae83          	lw	t4,8(a5)
80200860:	00c7ae03          	lw	t3,12(a5)
80200864:	0107a303          	lw	t1,16(a5)
80200868:	0147a883          	lw	a7,20(a5)
8020086c:	0187a803          	lw	a6,24(a5)
80200870:	01c7a683          	lw	a3,28(a5)
80200874:	00008797          	auipc	a5,0x8
80200878:	8947c783          	lbu	a5,-1900(a5) # 80208108 <__modsi3+0x7344>
8020087c:	fb010113          	addi	sp,sp,-80
80200880:	03512a23          	sw	s5,52(sp)
80200884:	02e12423          	sw	a4,40(sp)
80200888:	02f10623          	sb	a5,44(sp)
8020088c:	04112623          	sw	ra,76(sp)
80200890:	01f12423          	sw	t6,8(sp)
80200894:	01e12623          	sw	t5,12(sp)
80200898:	01d12823          	sw	t4,16(sp)
8020089c:	01c12a23          	sw	t3,20(sp)
802008a0:	00612c23          	sw	t1,24(sp)
802008a4:	01112e23          	sw	a7,28(sp)
802008a8:	03012023          	sw	a6,32(sp)
802008ac:	02d12223          	sw	a3,36(sp)
802008b0:	ffe60713          	addi	a4,a2,-2
802008b4:	02200793          	li	a5,34
802008b8:	00058a93          	mv	s5,a1
802008bc:	0ce7e463          	bltu	a5,a4,80200984 <__utoa+0x13c>
802008c0:	04812423          	sw	s0,72(sp)
802008c4:	04912223          	sw	s1,68(sp)
802008c8:	05212023          	sw	s2,64(sp)
802008cc:	03312e23          	sw	s3,60(sp)
802008d0:	03412c23          	sw	s4,56(sp)
802008d4:	03612823          	sw	s6,48(sp)
802008d8:	00060493          	mv	s1,a2
802008dc:	00050413          	mv	s0,a0
802008e0:	00000913          	li	s2,0
802008e4:	00048593          	mv	a1,s1
802008e8:	00040513          	mv	a0,s0
802008ec:	4a4000ef          	jal	80200d90 <__umodsi3>
802008f0:	00250533          	add	a0,a0,sp
802008f4:	00854783          	lbu	a5,8(a0)
802008f8:	00090993          	mv	s3,s2
802008fc:	00190913          	addi	s2,s2,1
80200900:	012a8a33          	add	s4,s5,s2
80200904:	00040513          	mv	a0,s0
80200908:	00048593          	mv	a1,s1
8020090c:	fefa0fa3          	sb	a5,-1(s4)
80200910:	00040b13          	mv	s6,s0
80200914:	434000ef          	jal	80200d48 <__hidden___udivsi3>
80200918:	00050413          	mv	s0,a0
8020091c:	fc9b74e3          	bgeu	s6,s1,802008e4 <__utoa+0x9c>
80200920:	000a0023          	sb	zero,0(s4)
80200924:	02098a63          	beqz	s3,80200958 <__utoa+0x110>
80200928:	000a8693          	mv	a3,s5
8020092c:	013a8733          	add	a4,s5,s3
80200930:	00000793          	li	a5,0
80200934:	00074583          	lbu	a1,0(a4)
80200938:	0006c603          	lbu	a2,0(a3)
8020093c:	00178793          	addi	a5,a5,1
80200940:	00b68023          	sb	a1,0(a3)
80200944:	00c70023          	sb	a2,0(a4)
80200948:	40f98633          	sub	a2,s3,a5
8020094c:	00168693          	addi	a3,a3,1
80200950:	fff70713          	addi	a4,a4,-1
80200954:	fec7c0e3          	blt	a5,a2,80200934 <__utoa+0xec>
80200958:	04812403          	lw	s0,72(sp)
8020095c:	04c12083          	lw	ra,76(sp)
80200960:	04412483          	lw	s1,68(sp)
80200964:	04012903          	lw	s2,64(sp)
80200968:	03c12983          	lw	s3,60(sp)
8020096c:	03812a03          	lw	s4,56(sp)
80200970:	03012b03          	lw	s6,48(sp)
80200974:	000a8513          	mv	a0,s5
80200978:	03412a83          	lw	s5,52(sp)
8020097c:	05010113          	addi	sp,sp,80
80200980:	00008067          	ret
80200984:	00058023          	sb	zero,0(a1)
80200988:	04c12083          	lw	ra,76(sp)
8020098c:	03412a83          	lw	s5,52(sp)
80200990:	00000513          	li	a0,0
80200994:	05010113          	addi	sp,sp,80
80200998:	00008067          	ret

8020099c <strcat>:
strcat():
8020099c:	ff010113          	addi	sp,sp,-16
802009a0:	00812423          	sw	s0,8(sp)
802009a4:	00112623          	sw	ra,12(sp)
802009a8:	00357793          	andi	a5,a0,3
802009ac:	00050413          	mv	s0,a0
802009b0:	06079663          	bnez	a5,80200a1c <strcat+0x80>
802009b4:	00052703          	lw	a4,0(a0)
802009b8:	feff0637          	lui	a2,0xfeff0
802009bc:	eff60613          	addi	a2,a2,-257 # fefefeff <__heap_end+0x7ecefeff>
802009c0:	00c707b3          	add	a5,a4,a2
802009c4:	808086b7          	lui	a3,0x80808
802009c8:	fff74713          	not	a4,a4
802009cc:	00e7f7b3          	and	a5,a5,a4
802009d0:	08068693          	addi	a3,a3,128 # 80808080 <__heap_end+0x508080>
802009d4:	00d7f7b3          	and	a5,a5,a3
802009d8:	04079263          	bnez	a5,80200a1c <strcat+0x80>
802009dc:	00452703          	lw	a4,4(a0)
802009e0:	00450513          	addi	a0,a0,4
802009e4:	00c707b3          	add	a5,a4,a2
802009e8:	fff74713          	not	a4,a4
802009ec:	00e7f7b3          	and	a5,a5,a4
802009f0:	00d7f7b3          	and	a5,a5,a3
802009f4:	02079463          	bnez	a5,80200a1c <strcat+0x80>
802009f8:	00452703          	lw	a4,4(a0)
802009fc:	00450513          	addi	a0,a0,4
80200a00:	00c707b3          	add	a5,a4,a2
80200a04:	fff74713          	not	a4,a4
80200a08:	00e7f7b3          	and	a5,a5,a4
80200a0c:	00d7f7b3          	and	a5,a5,a3
80200a10:	fc0786e3          	beqz	a5,802009dc <strcat+0x40>
80200a14:	0080006f          	j	80200a1c <strcat+0x80>
80200a18:	00150513          	addi	a0,a0,1
80200a1c:	00054783          	lbu	a5,0(a0)
80200a20:	fe079ce3          	bnez	a5,80200a18 <strcat+0x7c>
80200a24:	278000ef          	jal	80200c9c <strcpy>
80200a28:	00c12083          	lw	ra,12(sp)
80200a2c:	00040513          	mv	a0,s0
80200a30:	00812403          	lw	s0,8(sp)
80200a34:	01010113          	addi	sp,sp,16
80200a38:	00008067          	ret

80200a3c <strncat>:
strncat():
80200a3c:	00357713          	andi	a4,a0,3
80200a40:	00050793          	mv	a5,a0
80200a44:	06071663          	bnez	a4,80200ab0 <strncat+0x74>
80200a48:	00052683          	lw	a3,0(a0)
80200a4c:	feff08b7          	lui	a7,0xfeff0
80200a50:	eff88893          	addi	a7,a7,-257 # fefefeff <__heap_end+0x7ecefeff>
80200a54:	01168733          	add	a4,a3,a7
80200a58:	80808837          	lui	a6,0x80808
80200a5c:	fff6c693          	not	a3,a3
80200a60:	00d77733          	and	a4,a4,a3
80200a64:	08080813          	addi	a6,a6,128 # 80808080 <__heap_end+0x508080>
80200a68:	01077733          	and	a4,a4,a6
80200a6c:	04071263          	bnez	a4,80200ab0 <strncat+0x74>
80200a70:	0047a683          	lw	a3,4(a5)
80200a74:	00478793          	addi	a5,a5,4
80200a78:	01168733          	add	a4,a3,a7
80200a7c:	fff6c693          	not	a3,a3
80200a80:	00d77733          	and	a4,a4,a3
80200a84:	01077733          	and	a4,a4,a6
80200a88:	02071463          	bnez	a4,80200ab0 <strncat+0x74>
80200a8c:	0047a683          	lw	a3,4(a5)
80200a90:	00478793          	addi	a5,a5,4
80200a94:	01168733          	add	a4,a3,a7
80200a98:	fff6c693          	not	a3,a3
80200a9c:	00d77733          	and	a4,a4,a3
80200aa0:	01077733          	and	a4,a4,a6
80200aa4:	fc0706e3          	beqz	a4,80200a70 <strncat+0x34>
80200aa8:	0080006f          	j	80200ab0 <strncat+0x74>
80200aac:	00178793          	addi	a5,a5,1
80200ab0:	0007c703          	lbu	a4,0(a5)
80200ab4:	fe071ce3          	bnez	a4,80200aac <strncat+0x70>
80200ab8:	00c786b3          	add	a3,a5,a2
80200abc:	02060463          	beqz	a2,80200ae4 <strncat+0xa8>
80200ac0:	0005c703          	lbu	a4,0(a1)
80200ac4:	00178793          	addi	a5,a5,1
80200ac8:	00158593          	addi	a1,a1,1
80200acc:	fee78fa3          	sb	a4,-1(a5)
80200ad0:	00070863          	beqz	a4,80200ae0 <strncat+0xa4>
80200ad4:	fef696e3          	bne	a3,a5,80200ac0 <strncat+0x84>
80200ad8:	00068023          	sb	zero,0(a3)
80200adc:	00008067          	ret
80200ae0:	00008067          	ret
80200ae4:	00008067          	ret

80200ae8 <memcpy>:
memcpy():
80200ae8:	00a5c7b3          	xor	a5,a1,a0
80200aec:	0037f793          	andi	a5,a5,3
80200af0:	00c508b3          	add	a7,a0,a2
80200af4:	06079663          	bnez	a5,80200b60 <memcpy+0x78>
80200af8:	00463613          	sltiu	a2,a2,4
80200afc:	06061263          	bnez	a2,80200b60 <memcpy+0x78>
80200b00:	00357793          	andi	a5,a0,3
80200b04:	00050713          	mv	a4,a0
80200b08:	0c079a63          	bnez	a5,80200bdc <memcpy+0xf4>
80200b0c:	ffc8f613          	andi	a2,a7,-4
80200b10:	40e606b3          	sub	a3,a2,a4
80200b14:	02000793          	li	a5,32
80200b18:	06d7c463          	blt	a5,a3,80200b80 <memcpy+0x98>
80200b1c:	00058693          	mv	a3,a1
80200b20:	00070793          	mv	a5,a4
80200b24:	02c77a63          	bgeu	a4,a2,80200b58 <memcpy+0x70>
80200b28:	0006a803          	lw	a6,0(a3)
80200b2c:	00478793          	addi	a5,a5,4
80200b30:	00468693          	addi	a3,a3,4
80200b34:	ff07ae23          	sw	a6,-4(a5)
80200b38:	fec7e8e3          	bltu	a5,a2,80200b28 <memcpy+0x40>
80200b3c:	fff60613          	addi	a2,a2,-1
80200b40:	40e60633          	sub	a2,a2,a4
80200b44:	ffc67613          	andi	a2,a2,-4
80200b48:	00458593          	addi	a1,a1,4
80200b4c:	00470713          	addi	a4,a4,4
80200b50:	00c585b3          	add	a1,a1,a2
80200b54:	00c70733          	add	a4,a4,a2
80200b58:	01176863          	bltu	a4,a7,80200b68 <memcpy+0x80>
80200b5c:	00008067          	ret
80200b60:	00050713          	mv	a4,a0
80200b64:	ff157ce3          	bgeu	a0,a7,80200b5c <memcpy+0x74>
80200b68:	0005c783          	lbu	a5,0(a1)
80200b6c:	00170713          	addi	a4,a4,1
80200b70:	00158593          	addi	a1,a1,1
80200b74:	fef70fa3          	sb	a5,-1(a4)
80200b78:	fee898e3          	bne	a7,a4,80200b68 <memcpy+0x80>
80200b7c:	00008067          	ret
80200b80:	0005a683          	lw	a3,0(a1)
80200b84:	0045a283          	lw	t0,4(a1)
80200b88:	0085af83          	lw	t6,8(a1)
80200b8c:	00c5af03          	lw	t5,12(a1)
80200b90:	0105ae83          	lw	t4,16(a1)
80200b94:	0145ae03          	lw	t3,20(a1)
80200b98:	0185a303          	lw	t1,24(a1)
80200b9c:	01c5a803          	lw	a6,28(a1)
80200ba0:	00d72023          	sw	a3,0(a4)
80200ba4:	0205a683          	lw	a3,32(a1)
80200ba8:	02470713          	addi	a4,a4,36
80200bac:	fe572023          	sw	t0,-32(a4)
80200bb0:	fed72e23          	sw	a3,-4(a4)
80200bb4:	fff72223          	sw	t6,-28(a4)
80200bb8:	40e606b3          	sub	a3,a2,a4
80200bbc:	ffe72423          	sw	t5,-24(a4)
80200bc0:	ffd72623          	sw	t4,-20(a4)
80200bc4:	ffc72823          	sw	t3,-16(a4)
80200bc8:	fe672a23          	sw	t1,-12(a4)
80200bcc:	ff072c23          	sw	a6,-8(a4)
80200bd0:	02458593          	addi	a1,a1,36
80200bd4:	fad7c6e3          	blt	a5,a3,80200b80 <memcpy+0x98>
80200bd8:	f45ff06f          	j	80200b1c <memcpy+0x34>
80200bdc:	0005c683          	lbu	a3,0(a1)
80200be0:	00170713          	addi	a4,a4,1
80200be4:	00377793          	andi	a5,a4,3
80200be8:	fed70fa3          	sb	a3,-1(a4)
80200bec:	00158593          	addi	a1,a1,1
80200bf0:	f0078ee3          	beqz	a5,80200b0c <memcpy+0x24>
80200bf4:	0005c683          	lbu	a3,0(a1)
80200bf8:	00170713          	addi	a4,a4,1
80200bfc:	00377793          	andi	a5,a4,3
80200c00:	fed70fa3          	sb	a3,-1(a4)
80200c04:	00158593          	addi	a1,a1,1
80200c08:	fc079ae3          	bnez	a5,80200bdc <memcpy+0xf4>
80200c0c:	f01ff06f          	j	80200b0c <memcpy+0x24>

80200c10 <strlen>:
strlen():
80200c10:	00357793          	andi	a5,a0,3
80200c14:	00050713          	mv	a4,a0
80200c18:	04079c63          	bnez	a5,80200c70 <strlen+0x60>
80200c1c:	7f7f86b7          	lui	a3,0x7f7f8
80200c20:	f7f68693          	addi	a3,a3,-129 # 7f7f7f7f <app_entry-0xa08081>
80200c24:	fff00593          	li	a1,-1
80200c28:	00072603          	lw	a2,0(a4)
80200c2c:	00470713          	addi	a4,a4,4
80200c30:	00d677b3          	and	a5,a2,a3
80200c34:	00d787b3          	add	a5,a5,a3
80200c38:	00c7e7b3          	or	a5,a5,a2
80200c3c:	00d7e7b3          	or	a5,a5,a3
80200c40:	feb784e3          	beq	a5,a1,80200c28 <strlen+0x18>
80200c44:	ffc74683          	lbu	a3,-4(a4)
80200c48:	40a707b3          	sub	a5,a4,a0
80200c4c:	04068463          	beqz	a3,80200c94 <strlen+0x84>
80200c50:	ffd74683          	lbu	a3,-3(a4)
80200c54:	02068c63          	beqz	a3,80200c8c <strlen+0x7c>
80200c58:	ffe74503          	lbu	a0,-2(a4)
80200c5c:	00a03533          	snez	a0,a0
80200c60:	00f50533          	add	a0,a0,a5
80200c64:	ffe50513          	addi	a0,a0,-2
80200c68:	00008067          	ret
80200c6c:	fa0688e3          	beqz	a3,80200c1c <strlen+0xc>
80200c70:	00074783          	lbu	a5,0(a4)
80200c74:	00170713          	addi	a4,a4,1
80200c78:	00377693          	andi	a3,a4,3
80200c7c:	fe0798e3          	bnez	a5,80200c6c <strlen+0x5c>
80200c80:	40a70733          	sub	a4,a4,a0
80200c84:	fff70513          	addi	a0,a4,-1
80200c88:	00008067          	ret
80200c8c:	ffd78513          	addi	a0,a5,-3
80200c90:	00008067          	ret
80200c94:	ffc78513          	addi	a0,a5,-4
80200c98:	00008067          	ret

80200c9c <strcpy>:
strcpy():
80200c9c:	00b567b3          	or	a5,a0,a1
80200ca0:	0037f793          	andi	a5,a5,3
80200ca4:	08079063          	bnez	a5,80200d24 <strcpy+0x88>
80200ca8:	0005a703          	lw	a4,0(a1)
80200cac:	7f7f86b7          	lui	a3,0x7f7f8
80200cb0:	f7f68693          	addi	a3,a3,-129 # 7f7f7f7f <app_entry-0xa08081>
80200cb4:	00d77833          	and	a6,a4,a3
80200cb8:	00d80833          	add	a6,a6,a3
80200cbc:	00e86833          	or	a6,a6,a4
80200cc0:	00d86833          	or	a6,a6,a3
80200cc4:	fff00793          	li	a5,-1
80200cc8:	00050613          	mv	a2,a0
80200ccc:	02f81463          	bne	a6,a5,80200cf4 <strcpy+0x58>
80200cd0:	00458593          	addi	a1,a1,4
80200cd4:	00e62023          	sw	a4,0(a2)
80200cd8:	0005a703          	lw	a4,0(a1)
80200cdc:	00460613          	addi	a2,a2,4
80200ce0:	00d777b3          	and	a5,a4,a3
80200ce4:	00d787b3          	add	a5,a5,a3
80200ce8:	00e7e7b3          	or	a5,a5,a4
80200cec:	00d7e7b3          	or	a5,a5,a3
80200cf0:	ff0780e3          	beq	a5,a6,80200cd0 <strcpy+0x34>
80200cf4:	0005c783          	lbu	a5,0(a1)
80200cf8:	0015c703          	lbu	a4,1(a1)
80200cfc:	0025c683          	lbu	a3,2(a1)
80200d00:	00f60023          	sb	a5,0(a2)
80200d04:	00078a63          	beqz	a5,80200d18 <strcpy+0x7c>
80200d08:	00e600a3          	sb	a4,1(a2)
80200d0c:	00070663          	beqz	a4,80200d18 <strcpy+0x7c>
80200d10:	00d60123          	sb	a3,2(a2)
80200d14:	00069463          	bnez	a3,80200d1c <strcpy+0x80>
80200d18:	00008067          	ret
80200d1c:	000601a3          	sb	zero,3(a2)
80200d20:	00008067          	ret
80200d24:	00050793          	mv	a5,a0
80200d28:	0005c703          	lbu	a4,0(a1)
80200d2c:	00178793          	addi	a5,a5,1
80200d30:	00158593          	addi	a1,a1,1
80200d34:	fee78fa3          	sb	a4,-1(a5)
80200d38:	fe0718e3          	bnez	a4,80200d28 <strcpy+0x8c>
80200d3c:	00008067          	ret

80200d40 <__divsi3>:
__divsi3():
80200d40:	06054063          	bltz	a0,80200da0 <__umodsi3+0x10>
80200d44:	0605c663          	bltz	a1,80200db0 <__umodsi3+0x20>

80200d48 <__hidden___udivsi3>:
80200d48:	00058613          	mv	a2,a1
80200d4c:	00050593          	mv	a1,a0
80200d50:	fff00513          	li	a0,-1
80200d54:	02060c63          	beqz	a2,80200d8c <__hidden___udivsi3+0x44>
80200d58:	00100693          	li	a3,1
80200d5c:	00b67a63          	bgeu	a2,a1,80200d70 <__hidden___udivsi3+0x28>
80200d60:	00c05863          	blez	a2,80200d70 <__hidden___udivsi3+0x28>
80200d64:	00161613          	slli	a2,a2,0x1
80200d68:	00169693          	slli	a3,a3,0x1
80200d6c:	feb66ae3          	bltu	a2,a1,80200d60 <__hidden___udivsi3+0x18>
80200d70:	00000513          	li	a0,0
80200d74:	00c5e663          	bltu	a1,a2,80200d80 <__hidden___udivsi3+0x38>
80200d78:	40c585b3          	sub	a1,a1,a2
80200d7c:	00d56533          	or	a0,a0,a3
80200d80:	0016d693          	srli	a3,a3,0x1
80200d84:	00165613          	srli	a2,a2,0x1
80200d88:	fe0696e3          	bnez	a3,80200d74 <__hidden___udivsi3+0x2c>
80200d8c:	00008067          	ret

80200d90 <__umodsi3>:
80200d90:	00008293          	mv	t0,ra
80200d94:	fb5ff0ef          	jal	80200d48 <__hidden___udivsi3>
80200d98:	00058513          	mv	a0,a1
80200d9c:	00028067          	jr	t0
80200da0:	40a00533          	neg	a0,a0
80200da4:	00b04863          	bgtz	a1,80200db4 <__umodsi3+0x24>
80200da8:	40b005b3          	neg	a1,a1
80200dac:	f9dff06f          	j	80200d48 <__hidden___udivsi3>
80200db0:	40b005b3          	neg	a1,a1
80200db4:	00008293          	mv	t0,ra
80200db8:	f91ff0ef          	jal	80200d48 <__hidden___udivsi3>
80200dbc:	40a00533          	neg	a0,a0
80200dc0:	00028067          	jr	t0

80200dc4 <__modsi3>:
__modsi3():
80200dc4:	00008293          	mv	t0,ra
80200dc8:	0005ca63          	bltz	a1,80200ddc <__modsi3+0x18>
80200dcc:	00054c63          	bltz	a0,80200de4 <__modsi3+0x20>
80200dd0:	f79ff0ef          	jal	80200d48 <__hidden___udivsi3>
80200dd4:	00058513          	mv	a0,a1
80200dd8:	00028067          	jr	t0
80200ddc:	40b005b3          	neg	a1,a1
80200de0:	fe0558e3          	bgez	a0,80200dd0 <__modsi3+0xc>
80200de4:	40a00533          	neg	a0,a0
80200de8:	f61ff0ef          	jal	80200d48 <__hidden___udivsi3>
80200dec:	40b00533          	neg	a0,a1
80200df0:	00028067          	jr	t0
