
build/release/sys_proc.elf:     file format elf32-littleriscv
build/release/sys_proc.elf
architecture: riscv:rv32, flags 0x00000112:
EXEC_P, HAS_SYMS, D_PAGED
start address 0x80200000

Program Header:
0x70000003 off    0x000033f0 vaddr 0x00000000 paddr 0x00000000 align 2**0
         filesz 0x0000004b memsz 0x00000000 flags r--
    LOAD off    0x00001000 vaddr 0x80200000 paddr 0x80200000 align 2**12
         filesz 0x00001cc8 memsz 0x00001cc8 flags r-x
    LOAD off    0x00003000 vaddr 0x80208000 paddr 0x80208000 align 2**12
         filesz 0x000003f0 memsz 0x00000938 flags rw-

Sections:
Idx Name              Size      VMA       LMA       File off  Algn  Flags
  0 .text             00001cc8  80200000  80200000  00001000  2**3  CONTENTS, ALLOC, LOAD, READONLY, CODE
  1 .rodata           00000290  80208000  80208000  00003000  2**3  CONTENTS, ALLOC, LOAD, READONLY, DATA
  2 .data             00000160  80208290  80208290  00003290  2**3  CONTENTS, ALLOC, LOAD, DATA
  3 .bss              00000548  802083f0  802083f0  000033f0  2**3  ALLOC
  4 .riscv.attributes 0000004b  00000000  00000000  000033f0  2**0  CONTENTS, READONLY
  5 .comment          00000033  00000000  00000000  0000343b  2**0  CONTENTS, READONLY
SYMBOL TABLE:
80200000 l    d  .text	00000000 .text
80208000 l    d  .rodata	00000000 .rodata
80208290 l    d  .data	00000000 .data
802083f0 l    d  .bss	00000000 .bss
00000000 l    d  .riscv.attributes	00000000 .riscv.attributes
00000000 l    d  .comment	00000000 .comment
00000000 l    df *ABS*	00000000 ccK24gft.o
00000000 l    df *ABS*	00000000 sys_proc.c
802083f0 l     O .bss	00000004 app_ino
802083f4 l     O .bss	00000004 app_pid
80200428 l     F .text	000000a4 sys_spawn
802002b4 l     F .text	00000118 app_spawn
80200270 l     F .text	00000044 app_read
802083f8 l     O .bss	00000004 sys_apps_base
802003cc l     F .text	0000005c sys_proc_read
00000000 l    df *ABS*	00000000 elf.c
00000000 l    df *ABS*	00000000 print.c
00000000 l    df *ABS*	00000000 servers.c
802083fc l     O .bss	00000004 sender
80208400 l     O .bss	00000400 buf
00000000 l    df *ABS*	00000000 syscall.c
802083e8 l     O .data	00000004 sc
00000000 l    df *ABS*	00000000 libc_a-atoi.o
00000000 l    df *ABS*	00000000 libc_a-itoa.o
00000000 l    df *ABS*	00000000 libc_a-strtol.o
802011ac l     F .text	00000370 _strtol_l.part.0
00000000 l    df *ABS*	00000000 libc_a-utoa.o
00000000 l    df *ABS*	00000000 libc_a-strcat.o
00000000 l    df *ABS*	00000000 libc_a-strncat.o
00000000 l    df *ABS*	00000000 libc_a-strncmp.o
00000000 l    df *ABS*	00000000 libc_a-errno.o
00000000 l    df *ABS*	00000000 libc_a-memset.o
00000000 l    df *ABS*	00000000 libc_a-memcpy.o
00000000 l    df *ABS*	00000000 libc_a-strlen.o
00000000 l    df *ABS*	00000000 libc_a-strcpy.o
00000000 l    df *ABS*	00000000 muldi3.o
00000000 l    df *ABS*	00000000 div.o
80201098 g     F .text	00000090 sys_recv
80201b4c g     F .text	000000a4 strcpy
802018b0 g     F .text	0000000c __errno
80200000 g       .text	00000000 app_entry
80201998 g     F .text	00000128 memcpy
80201c1c g     F .text	00000048 .hidden __hidden___udivsi3
80201c1c g     F .text	00000048 .hidden __udivsi3
802083e4 g     O .data	00000004 earth
80201134 g     F .text	00000078 itoa
8020151c g     F .text	00000050 strtol
80208800 g     O .bss	00000138 __sf
80201028 g     F .text	00000070 sys_send
802016c0 g     F .text	000000a0 strcat
80201c64 g     F .text	00000010 .hidden __umodsi3
80200f00 g     F .text	000000b4 file_read
80200900 g     F .text	0000014c format_to_str
8020180c g     F .text	000000a4 strncmp
802083e0 g     O .data	00000004 grass
80201bf0 g     F .text	00000024 .hidden __mulsi3
80200c68 g     F .text	00000154 SUCCESS
80201760 g     F .text	000000ac strncat
8020156c g     F .text	00000154 __utoa
80208290 g     O .data	00000010 sys_apps
802018bc g     F .text	000000dc memset
80200010 g     F .text	00000260 main
80201c14 g     F .text	00000084 .hidden __divsi3
80300000 g       *ABS*	00000000 __heap_end
802083ec g     O .data	00000004 _impure_ptr
80208938 g       .riscv.attributes	00000000 __heap_start
80200fb4 g     F .text	00000074 term_write
80200dbc g     F .text	00000034 exit
80201c98 g     F .text	00000030 .hidden __modsi3
802082a0 g     O .data	00000140 _impure_data
80200b30 g     F .text	00000138 FATAL
80201128 g     F .text	0000000c atoi
80208188 g     O .rodata	00000101 _ctype_
80200df0 g     F .text	00000110 dir_lookup
80201ac0 g     F .text	0000008c strlen
80200a4c g     F .text	000000e4 INFO
802004cc g     F .text	00000434 elf_load



Disassembly of section .text:

80200000 <app_entry>:
app_entry():
80200000:	00052503          	lw	a0,0(a0)
80200004:	80400137          	lui	sp,0x80400
80200008:	008000ef          	jal	80200010 <main>
8020000c:	5b1000ef          	jal	80200dbc <exit>

80200010 <main>:
main():
80200010:	bd010113          	addi	sp,sp,-1072 # 803ffbd0 <__heap_end+0xffbd0>
80200014:	42112623          	sw	ra,1068(sp)
80200018:	42812423          	sw	s0,1064(sp)
8020001c:	43010413          	addi	s0,sp,1072
80200020:	bca42e23          	sw	a0,-1060(s0)
80200024:	bcb42c23          	sw	a1,-1064(s0)
80200028:	802087b7          	lui	a5,0x80208
8020002c:	00078513          	mv	a0,a5
80200030:	439000ef          	jal	80200c68 <SUCCESS>
80200034:	20000513          	li	a0,512
80200038:	3f0000ef          	jal	80200428 <sys_spawn>
8020003c:	802087b7          	lui	a5,0x80208
80200040:	3e07a783          	lw	a5,992(a5) # 802083e0 <grass>
80200044:	0107a783          	lw	a5,16(a5)
80200048:	be040713          	addi	a4,s0,-1056
8020004c:	40000693          	li	a3,1024
80200050:	00070613          	mv	a2,a4
80200054:	00000593          	li	a1,0
80200058:	00200513          	li	a0,2
8020005c:	000780e7          	jalr	a5
80200060:	be040793          	addi	a5,s0,-1056
80200064:	00078593          	mv	a1,a5
80200068:	802087b7          	lui	a5,0x80208
8020006c:	02478513          	addi	a0,a5,36 # 80208024 <__modsi3+0x638c>
80200070:	1dd000ef          	jal	80200a4c <INFO>
80200074:	30000513          	li	a0,768
80200078:	3b0000ef          	jal	80200428 <sys_spawn>
8020007c:	802087b7          	lui	a5,0x80208
80200080:	3e07a783          	lw	a5,992(a5) # 802083e0 <grass>
80200084:	0107a783          	lw	a5,16(a5)
80200088:	be040713          	addi	a4,s0,-1056
8020008c:	40000693          	li	a3,1024
80200090:	00070613          	mv	a2,a4
80200094:	00000593          	li	a1,0
80200098:	00300513          	li	a0,3
8020009c:	000780e7          	jalr	a5
802000a0:	be040793          	addi	a5,s0,-1056
802000a4:	00078593          	mv	a1,a5
802000a8:	802087b7          	lui	a5,0x80208
802000ac:	02478513          	addi	a0,a5,36 # 80208024 <__modsi3+0x638c>
802000b0:	19d000ef          	jal	80200a4c <INFO>
802000b4:	40000513          	li	a0,1024
802000b8:	370000ef          	jal	80200428 <sys_spawn>
802000bc:	be040793          	addi	a5,s0,-1056
802000c0:	fef42423          	sw	a5,-24(s0)
802000c4:	be040793          	addi	a5,s0,-1056
802000c8:	fef42223          	sw	a5,-28(s0)
802000cc:	802087b7          	lui	a5,0x80208
802000d0:	3e07a783          	lw	a5,992(a5) # 802083e0 <grass>
802000d4:	0107a783          	lw	a5,16(a5)
802000d8:	be040613          	addi	a2,s0,-1056
802000dc:	fe040713          	addi	a4,s0,-32
802000e0:	40000693          	li	a3,1024
802000e4:	00070593          	mv	a1,a4
802000e8:	fff00513          	li	a0,-1
802000ec:	000780e7          	jalr	a5
802000f0:	fe842783          	lw	a5,-24(s0)
802000f4:	0007a783          	lw	a5,0(a5)
802000f8:	00200713          	li	a4,2
802000fc:	12e78c63          	beq	a5,a4,80200234 <main+0x224>
80200100:	00200713          	li	a4,2
80200104:	14f76463          	bltu	a4,a5,8020024c <main+0x23c>
80200108:	00078863          	beqz	a5,80200118 <main+0x108>
8020010c:	00100713          	li	a4,1
80200110:	0ae78663          	beq	a5,a4,802001bc <main+0x1ac>
80200114:	1380006f          	j	8020024c <main+0x23c>
80200118:	fe842503          	lw	a0,-24(s0)
8020011c:	198000ef          	jal	802002b4 <app_spawn>
80200120:	00050793          	mv	a5,a0
80200124:	00078713          	mv	a4,a5
80200128:	fe442783          	lw	a5,-28(s0)
8020012c:	00e7a023          	sw	a4,0(a5)
80200130:	fe842783          	lw	a5,-24(s0)
80200134:	0047a783          	lw	a5,4(a5)
80200138:	fff78793          	addi	a5,a5,-1
8020013c:	fe842703          	lw	a4,-24(s0)
80200140:	00579793          	slli	a5,a5,0x5
80200144:	00f707b3          	add	a5,a4,a5
80200148:	0087c703          	lbu	a4,8(a5)
8020014c:	02600793          	li	a5,38
80200150:	00f70c63          	beq	a4,a5,80200168 <main+0x158>
80200154:	fe442783          	lw	a5,-28(s0)
80200158:	0007a783          	lw	a5,0(a5)
8020015c:	00079663          	bnez	a5,80200168 <main+0x158>
80200160:	00100793          	li	a5,1
80200164:	0080006f          	j	8020016c <main+0x15c>
80200168:	00000793          	li	a5,0
8020016c:	fef42623          	sw	a5,-20(s0)
80200170:	fec42783          	lw	a5,-20(s0)
80200174:	02079463          	bnez	a5,8020019c <main+0x18c>
80200178:	fe442783          	lw	a5,-28(s0)
8020017c:	0007a783          	lw	a5,0(a5)
80200180:	00079e63          	bnez	a5,8020019c <main+0x18c>
80200184:	802087b7          	lui	a5,0x80208
80200188:	3f47a783          	lw	a5,1012(a5) # 802083f4 <app_pid>
8020018c:	00078593          	mv	a1,a5
80200190:	802087b7          	lui	a5,0x80208
80200194:	04078513          	addi	a0,a5,64 # 80208040 <__modsi3+0x63a8>
80200198:	0b5000ef          	jal	80200a4c <INFO>
8020019c:	802087b7          	lui	a5,0x80208
802001a0:	3e07a783          	lw	a5,992(a5) # 802083e0 <grass>
802001a4:	00c7a783          	lw	a5,12(a5)
802001a8:	00400613          	li	a2,4
802001ac:	fe442583          	lw	a1,-28(s0)
802001b0:	00400513          	li	a0,4
802001b4:	000780e7          	jalr	a5
802001b8:	0b40006f          	j	8020026c <main+0x25c>
802001bc:	802087b7          	lui	a5,0x80208
802001c0:	3e07a783          	lw	a5,992(a5) # 802083e0 <grass>
802001c4:	0047a783          	lw	a5,4(a5)
802001c8:	fe042703          	lw	a4,-32(s0)
802001cc:	00070513          	mv	a0,a4
802001d0:	000780e7          	jalr	a5
802001d4:	fec42783          	lw	a5,-20(s0)
802001d8:	02078a63          	beqz	a5,8020020c <main+0x1fc>
802001dc:	802087b7          	lui	a5,0x80208
802001e0:	3f47a703          	lw	a4,1012(a5) # 802083f4 <app_pid>
802001e4:	fe042783          	lw	a5,-32(s0)
802001e8:	02f71263          	bne	a4,a5,8020020c <main+0x1fc>
802001ec:	802087b7          	lui	a5,0x80208
802001f0:	3e07a783          	lw	a5,992(a5) # 802083e0 <grass>
802001f4:	00c7a783          	lw	a5,12(a5)
802001f8:	00400613          	li	a2,4
802001fc:	fe442583          	lw	a1,-28(s0)
80200200:	00400513          	li	a0,4
80200204:	000780e7          	jalr	a5
80200208:	0600006f          	j	80200268 <main+0x258>
8020020c:	802087b7          	lui	a5,0x80208
80200210:	3f47a703          	lw	a4,1012(a5) # 802083f4 <app_pid>
80200214:	fe042783          	lw	a5,-32(s0)
80200218:	04f71863          	bne	a4,a5,80200268 <main+0x258>
8020021c:	fe042783          	lw	a5,-32(s0)
80200220:	00078593          	mv	a1,a5
80200224:	802087b7          	lui	a5,0x80208
80200228:	06878513          	addi	a0,a5,104 # 80208068 <__modsi3+0x63d0>
8020022c:	021000ef          	jal	80200a4c <INFO>
80200230:	0380006f          	j	80200268 <main+0x258>
80200234:	802087b7          	lui	a5,0x80208
80200238:	3e07a783          	lw	a5,992(a5) # 802083e0 <grass>
8020023c:	0047a783          	lw	a5,4(a5)
80200240:	fff00513          	li	a0,-1
80200244:	000780e7          	jalr	a5
80200248:	0240006f          	j	8020026c <main+0x25c>
8020024c:	fe842783          	lw	a5,-24(s0)
80200250:	0007a783          	lw	a5,0(a5)
80200254:	00078593          	mv	a1,a5
80200258:	802087b7          	lui	a5,0x80208
8020025c:	08c78513          	addi	a0,a5,140 # 8020808c <__modsi3+0x63f4>
80200260:	0d1000ef          	jal	80200b30 <FATAL>
80200264:	e59ff06f          	j	802000bc <main+0xac>
80200268:	00000013          	nop
8020026c:	e51ff06f          	j	802000bc <main+0xac>

80200270 <app_read>:
app_read():
80200270:	fe010113          	addi	sp,sp,-32
80200274:	00112e23          	sw	ra,28(sp)
80200278:	00812c23          	sw	s0,24(sp)
8020027c:	02010413          	addi	s0,sp,32
80200280:	fea42623          	sw	a0,-20(s0)
80200284:	feb42423          	sw	a1,-24(s0)
80200288:	802087b7          	lui	a5,0x80208
8020028c:	3f07a783          	lw	a5,1008(a5) # 802083f0 <app_ino>
80200290:	fe842603          	lw	a2,-24(s0)
80200294:	fec42583          	lw	a1,-20(s0)
80200298:	00078513          	mv	a0,a5
8020029c:	465000ef          	jal	80200f00 <file_read>
802002a0:	00000013          	nop
802002a4:	01c12083          	lw	ra,28(sp)
802002a8:	01812403          	lw	s0,24(sp)
802002ac:	02010113          	addi	sp,sp,32
802002b0:	00008067          	ret

802002b4 <app_spawn>:
app_spawn():
802002b4:	fd010113          	addi	sp,sp,-48
802002b8:	02112623          	sw	ra,44(sp)
802002bc:	02812423          	sw	s0,40(sp)
802002c0:	03010413          	addi	s0,sp,48
802002c4:	fca42e23          	sw	a0,-36(s0)
802002c8:	802087b7          	lui	a5,0x80208
802002cc:	0ac78593          	addi	a1,a5,172 # 802080ac <__modsi3+0x6414>
802002d0:	00000513          	li	a0,0
802002d4:	31d000ef          	jal	80200df0 <dir_lookup>
802002d8:	fea42423          	sw	a0,-24(s0)
802002dc:	fdc42783          	lw	a5,-36(s0)
802002e0:	00878793          	addi	a5,a5,8
802002e4:	00078593          	mv	a1,a5
802002e8:	fe842503          	lw	a0,-24(s0)
802002ec:	305000ef          	jal	80200df0 <dir_lookup>
802002f0:	00050713          	mv	a4,a0
802002f4:	802087b7          	lui	a5,0x80208
802002f8:	3ee7a823          	sw	a4,1008(a5) # 802083f0 <app_ino>
802002fc:	802087b7          	lui	a5,0x80208
80200300:	3f07a783          	lw	a5,1008(a5) # 802083f0 <app_ino>
80200304:	0007d663          	bgez	a5,80200310 <app_spawn+0x5c>
80200308:	00100793          	li	a5,1
8020030c:	0ac0006f          	j	802003b8 <app_spawn+0x104>
80200310:	fdc42783          	lw	a5,-36(s0)
80200314:	0047a783          	lw	a5,4(a5)
80200318:	fff78793          	addi	a5,a5,-1
8020031c:	fdc42703          	lw	a4,-36(s0)
80200320:	00579793          	slli	a5,a5,0x5
80200324:	00f707b3          	add	a5,a4,a5
80200328:	0087c703          	lbu	a4,8(a5)
8020032c:	02600793          	li	a5,38
80200330:	00f71c63          	bne	a4,a5,80200348 <app_spawn+0x94>
80200334:	fdc42783          	lw	a5,-36(s0)
80200338:	0047a783          	lw	a5,4(a5)
8020033c:	fff78793          	addi	a5,a5,-1
80200340:	fef42623          	sw	a5,-20(s0)
80200344:	0100006f          	j	80200354 <app_spawn+0xa0>
80200348:	fdc42783          	lw	a5,-36(s0)
8020034c:	0047a783          	lw	a5,4(a5)
80200350:	fef42623          	sw	a5,-20(s0)
80200354:	802087b7          	lui	a5,0x80208
80200358:	3e07a783          	lw	a5,992(a5) # 802083e0 <grass>
8020035c:	0007a783          	lw	a5,0(a5)
80200360:	000780e7          	jalr	a5
80200364:	00050713          	mv	a4,a0
80200368:	802087b7          	lui	a5,0x80208
8020036c:	3ee7aa23          	sw	a4,1012(a5) # 802083f4 <app_pid>
80200370:	802087b7          	lui	a5,0x80208
80200374:	3f47a703          	lw	a4,1012(a5) # 802083f4 <app_pid>
80200378:	fdc42783          	lw	a5,-36(s0)
8020037c:	00878793          	addi	a5,a5,8
80200380:	00078693          	mv	a3,a5
80200384:	fec42603          	lw	a2,-20(s0)
80200388:	802007b7          	lui	a5,0x80200
8020038c:	27078593          	addi	a1,a5,624 # 80200270 <app_read>
80200390:	00070513          	mv	a0,a4
80200394:	138000ef          	jal	802004cc <elf_load>
80200398:	802087b7          	lui	a5,0x80208
8020039c:	3e07a783          	lw	a5,992(a5) # 802083e0 <grass>
802003a0:	0087a783          	lw	a5,8(a5)
802003a4:	80208737          	lui	a4,0x80208
802003a8:	3f472703          	lw	a4,1012(a4) # 802083f4 <app_pid>
802003ac:	00070513          	mv	a0,a4
802003b0:	000780e7          	jalr	a5
802003b4:	00000793          	li	a5,0
802003b8:	00078513          	mv	a0,a5
802003bc:	02c12083          	lw	ra,44(sp)
802003c0:	02812403          	lw	s0,40(sp)
802003c4:	03010113          	addi	sp,sp,48
802003c8:	00008067          	ret

802003cc <sys_proc_read>:
sys_proc_read():
802003cc:	fe010113          	addi	sp,sp,-32
802003d0:	00112e23          	sw	ra,28(sp)
802003d4:	00812c23          	sw	s0,24(sp)
802003d8:	02010413          	addi	s0,sp,32
802003dc:	fea42623          	sw	a0,-20(s0)
802003e0:	feb42423          	sw	a1,-24(s0)
802003e4:	802087b7          	lui	a5,0x80208
802003e8:	3e47a783          	lw	a5,996(a5) # 802083e4 <earth>
802003ec:	0287a783          	lw	a5,40(a5)
802003f0:	80208737          	lui	a4,0x80208
802003f4:	3f872703          	lw	a4,1016(a4) # 802083f8 <sys_apps_base>
802003f8:	00070693          	mv	a3,a4
802003fc:	fec42703          	lw	a4,-20(s0)
80200400:	00e68733          	add	a4,a3,a4
80200404:	fe842603          	lw	a2,-24(s0)
80200408:	00100593          	li	a1,1
8020040c:	00070513          	mv	a0,a4
80200410:	000780e7          	jalr	a5
80200414:	00000013          	nop
80200418:	01c12083          	lw	ra,28(sp)
8020041c:	01812403          	lw	s0,24(sp)
80200420:	02010113          	addi	sp,sp,32
80200424:	00008067          	ret

80200428 <sys_spawn>:
sys_spawn():
80200428:	fd010113          	addi	sp,sp,-48
8020042c:	02112623          	sw	ra,44(sp)
80200430:	02812423          	sw	s0,40(sp)
80200434:	03010413          	addi	s0,sp,48
80200438:	fca42e23          	sw	a0,-36(s0)
8020043c:	802087b7          	lui	a5,0x80208
80200440:	3e07a783          	lw	a5,992(a5) # 802083e0 <grass>
80200444:	0007a783          	lw	a5,0(a5)
80200448:	000780e7          	jalr	a5
8020044c:	fea42623          	sw	a0,-20(s0)
80200450:	fec42783          	lw	a5,-20(s0)
80200454:	fff78793          	addi	a5,a5,-1
80200458:	80208737          	lui	a4,0x80208
8020045c:	29070713          	addi	a4,a4,656 # 80208290 <sys_apps>
80200460:	00279793          	slli	a5,a5,0x2
80200464:	00f707b3          	add	a5,a4,a5
80200468:	0007a783          	lw	a5,0(a5)
8020046c:	00078613          	mv	a2,a5
80200470:	fec42583          	lw	a1,-20(s0)
80200474:	802087b7          	lui	a5,0x80208
80200478:	0e878513          	addi	a0,a5,232 # 802080e8 <__modsi3+0x6450>
8020047c:	5d0000ef          	jal	80200a4c <INFO>
80200480:	fdc42703          	lw	a4,-36(s0)
80200484:	802087b7          	lui	a5,0x80208
80200488:	3ee7ac23          	sw	a4,1016(a5) # 802083f8 <sys_apps_base>
8020048c:	00000693          	li	a3,0
80200490:	00000613          	li	a2,0
80200494:	802007b7          	lui	a5,0x80200
80200498:	3cc78593          	addi	a1,a5,972 # 802003cc <sys_proc_read>
8020049c:	fec42503          	lw	a0,-20(s0)
802004a0:	02c000ef          	jal	802004cc <elf_load>
802004a4:	802087b7          	lui	a5,0x80208
802004a8:	3e07a783          	lw	a5,992(a5) # 802083e0 <grass>
802004ac:	0087a783          	lw	a5,8(a5)
802004b0:	fec42503          	lw	a0,-20(s0)
802004b4:	000780e7          	jalr	a5
802004b8:	00000013          	nop
802004bc:	02c12083          	lw	ra,44(sp)
802004c0:	02812403          	lw	s0,40(sp)
802004c4:	03010113          	addi	sp,sp,48
802004c8:	00008067          	ret

802004cc <elf_load>:
elf_load():
802004cc:	b9010113          	addi	sp,sp,-1136
802004d0:	46112623          	sw	ra,1132(sp)
802004d4:	46812423          	sw	s0,1128(sp)
802004d8:	47010413          	addi	s0,sp,1136
802004dc:	b8a42e23          	sw	a0,-1124(s0)
802004e0:	b8b42c23          	sw	a1,-1128(s0)
802004e4:	b8c42a23          	sw	a2,-1132(s0)
802004e8:	b8d42823          	sw	a3,-1136(s0)
802004ec:	da440713          	addi	a4,s0,-604
802004f0:	b9842783          	lw	a5,-1128(s0)
802004f4:	00070593          	mv	a1,a4
802004f8:	00000513          	li	a0,0
802004fc:	000780e7          	jalr	a5
80200500:	da440793          	addi	a5,s0,-604
80200504:	fcf42623          	sw	a5,-52(s0)
80200508:	fcc42783          	lw	a5,-52(s0)
8020050c:	01c7a783          	lw	a5,28(a5)
80200510:	da440713          	addi	a4,s0,-604
80200514:	00f707b3          	add	a5,a4,a5
80200518:	fcf42423          	sw	a5,-56(s0)
8020051c:	fe042623          	sw	zero,-20(s0)
80200520:	2440006f          	j	80200764 <elf_load+0x298>
80200524:	fec42783          	lw	a5,-20(s0)
80200528:	00579793          	slli	a5,a5,0x5
8020052c:	fc842703          	lw	a4,-56(s0)
80200530:	00f707b3          	add	a5,a4,a5
80200534:	0087a783          	lw	a5,8(a5)
80200538:	faf42a23          	sw	a5,-76(s0)
8020053c:	fb442783          	lw	a5,-76(s0)
80200540:	2007da63          	bgez	a5,80200754 <elf_load+0x288>
80200544:	fec42783          	lw	a5,-20(s0)
80200548:	00579793          	slli	a5,a5,0x5
8020054c:	fc842703          	lw	a4,-56(s0)
80200550:	00f707b3          	add	a5,a4,a5
80200554:	0147a783          	lw	a5,20(a5)
80200558:	faf42823          	sw	a5,-80(s0)
8020055c:	fec42783          	lw	a5,-20(s0)
80200560:	00579793          	slli	a5,a5,0x5
80200564:	fc842703          	lw	a4,-56(s0)
80200568:	00f707b3          	add	a5,a4,a5
8020056c:	0107a783          	lw	a5,16(a5)
80200570:	faf42623          	sw	a5,-84(s0)
80200574:	fb442783          	lw	a5,-76(s0)
80200578:	00c7d793          	srli	a5,a5,0xc
8020057c:	fef42423          	sw	a5,-24(s0)
80200580:	fb442703          	lw	a4,-76(s0)
80200584:	fb042783          	lw	a5,-80(s0)
80200588:	00f707b3          	add	a5,a4,a5
8020058c:	00c7d793          	srli	a5,a5,0xc
80200590:	faf42423          	sw	a5,-88(s0)
80200594:	fec42783          	lw	a5,-20(s0)
80200598:	00579793          	slli	a5,a5,0x5
8020059c:	fc842703          	lw	a4,-56(s0)
802005a0:	00f707b3          	add	a5,a4,a5
802005a4:	0047a783          	lw	a5,4(a5)
802005a8:	0097d793          	srli	a5,a5,0x9
802005ac:	fef42223          	sw	a5,-28(s0)
802005b0:	fc042e23          	sw	zero,-36(s0)
802005b4:	1040006f          	j	802006b8 <elf_load+0x1ec>
802005b8:	fdc42703          	lw	a4,-36(s0)
802005bc:	000017b7          	lui	a5,0x1
802005c0:	fff78793          	addi	a5,a5,-1 # fff <app_entry-0x801ff001>
802005c4:	00f777b3          	and	a5,a4,a5
802005c8:	06079063          	bnez	a5,80200628 <elf_load+0x15c>
802005cc:	802087b7          	lui	a5,0x80208
802005d0:	3e47a783          	lw	a5,996(a5) # 802083e4 <earth>
802005d4:	0007a783          	lw	a5,0(a5)
802005d8:	000780e7          	jalr	a5
802005dc:	fea42023          	sw	a0,-32(s0)
802005e0:	802087b7          	lui	a5,0x80208
802005e4:	3e47a783          	lw	a5,996(a5) # 802083e4 <earth>
802005e8:	0107a703          	lw	a4,16(a5)
802005ec:	fe842783          	lw	a5,-24(s0)
802005f0:	00178693          	addi	a3,a5,1
802005f4:	fed42423          	sw	a3,-24(s0)
802005f8:	fe042603          	lw	a2,-32(s0)
802005fc:	00078593          	mv	a1,a5
80200600:	b9c42503          	lw	a0,-1124(s0)
80200604:	000700e7          	jalr	a4
80200608:	fe042783          	lw	a5,-32(s0)
8020060c:	00c79713          	slli	a4,a5,0xc
80200610:	804007b7          	lui	a5,0x80400
80200614:	00f707b3          	add	a5,a4,a5
80200618:	00001637          	lui	a2,0x1
8020061c:	00000593          	li	a1,0
80200620:	00078513          	mv	a0,a5
80200624:	298010ef          	jal	802018bc <memset>
80200628:	fdc42783          	lw	a5,-36(s0)
8020062c:	20078793          	addi	a5,a5,512 # 80400200 <__heap_end+0x100200>
80200630:	fac42703          	lw	a4,-84(s0)
80200634:	00e7ec63          	bltu	a5,a4,8020064c <elf_load+0x180>
80200638:	fac42703          	lw	a4,-84(s0)
8020063c:	fdc42783          	lw	a5,-36(s0)
80200640:	40f707b3          	sub	a5,a4,a5
80200644:	fcf42c23          	sw	a5,-40(s0)
80200648:	00c0006f          	j	80200654 <elf_load+0x188>
8020064c:	20000793          	li	a5,512
80200650:	fcf42c23          	sw	a5,-40(s0)
80200654:	fe442783          	lw	a5,-28(s0)
80200658:	00178713          	addi	a4,a5,1
8020065c:	fee42223          	sw	a4,-28(s0)
80200660:	ba440693          	addi	a3,s0,-1116
80200664:	b9842703          	lw	a4,-1128(s0)
80200668:	00068593          	mv	a1,a3
8020066c:	00078513          	mv	a0,a5
80200670:	000700e7          	jalr	a4
80200674:	fe042783          	lw	a5,-32(s0)
80200678:	00c79713          	slli	a4,a5,0xc
8020067c:	fdc42683          	lw	a3,-36(s0)
80200680:	000017b7          	lui	a5,0x1
80200684:	fff78793          	addi	a5,a5,-1 # fff <app_entry-0x801ff001>
80200688:	00f6f7b3          	and	a5,a3,a5
8020068c:	00f70733          	add	a4,a4,a5
80200690:	804007b7          	lui	a5,0x80400
80200694:	00f707b3          	add	a5,a4,a5
80200698:	ba440713          	addi	a4,s0,-1116
8020069c:	fd842603          	lw	a2,-40(s0)
802006a0:	00070593          	mv	a1,a4
802006a4:	00078513          	mv	a0,a5
802006a8:	2f0010ef          	jal	80201998 <memcpy>
802006ac:	fdc42783          	lw	a5,-36(s0)
802006b0:	20078793          	addi	a5,a5,512 # 80400200 <__heap_end+0x100200>
802006b4:	fcf42e23          	sw	a5,-36(s0)
802006b8:	fdc42703          	lw	a4,-36(s0)
802006bc:	fac42783          	lw	a5,-84(s0)
802006c0:	eef76ce3          	bltu	a4,a5,802005b8 <elf_load+0xec>
802006c4:	0600006f          	j	80200724 <elf_load+0x258>
802006c8:	802087b7          	lui	a5,0x80208
802006cc:	3e47a783          	lw	a5,996(a5) # 802083e4 <earth>
802006d0:	0007a783          	lw	a5,0(a5)
802006d4:	000780e7          	jalr	a5
802006d8:	faa42223          	sw	a0,-92(s0)
802006dc:	802087b7          	lui	a5,0x80208
802006e0:	3e47a783          	lw	a5,996(a5) # 802083e4 <earth>
802006e4:	0107a703          	lw	a4,16(a5)
802006e8:	fe842783          	lw	a5,-24(s0)
802006ec:	00178693          	addi	a3,a5,1
802006f0:	fed42423          	sw	a3,-24(s0)
802006f4:	fa442603          	lw	a2,-92(s0)
802006f8:	00078593          	mv	a1,a5
802006fc:	b9c42503          	lw	a0,-1124(s0)
80200700:	000700e7          	jalr	a4
80200704:	fa442783          	lw	a5,-92(s0)
80200708:	00c79713          	slli	a4,a5,0xc
8020070c:	804007b7          	lui	a5,0x80400
80200710:	00f707b3          	add	a5,a4,a5
80200714:	00001637          	lui	a2,0x1
80200718:	00000593          	li	a1,0
8020071c:	00078513          	mv	a0,a5
80200720:	19c010ef          	jal	802018bc <memset>
80200724:	fe842703          	lw	a4,-24(s0)
80200728:	fa842783          	lw	a5,-88(s0)
8020072c:	f8f76ee3          	bltu	a4,a5,802006c8 <elf_load+0x1fc>
80200730:	b9c42703          	lw	a4,-1124(s0)
80200734:	00400793          	li	a5,4
80200738:	02e7c063          	blt	a5,a4,80200758 <elf_load+0x28c>
8020073c:	fb442603          	lw	a2,-76(s0)
80200740:	fac42583          	lw	a1,-84(s0)
80200744:	802087b7          	lui	a5,0x80208
80200748:	10478513          	addi	a0,a5,260 # 80208104 <__modsi3+0x646c>
8020074c:	300000ef          	jal	80200a4c <INFO>
80200750:	0080006f          	j	80200758 <elf_load+0x28c>
80200754:	00000013          	nop
80200758:	fec42783          	lw	a5,-20(s0)
8020075c:	00178793          	addi	a5,a5,1
80200760:	fef42623          	sw	a5,-20(s0)
80200764:	fcc42783          	lw	a5,-52(s0)
80200768:	02c7d783          	lhu	a5,44(a5)
8020076c:	00078713          	mv	a4,a5
80200770:	fec42783          	lw	a5,-20(s0)
80200774:	dae7e8e3          	bltu	a5,a4,80200524 <elf_load+0x58>
80200778:	802087b7          	lui	a5,0x80208
8020077c:	3e47a783          	lw	a5,996(a5) # 802083e4 <earth>
80200780:	0007a783          	lw	a5,0(a5)
80200784:	000780e7          	jalr	a5
80200788:	fca42223          	sw	a0,-60(s0)
8020078c:	802087b7          	lui	a5,0x80208
80200790:	3e47a783          	lw	a5,996(a5) # 802083e4 <earth>
80200794:	0107a783          	lw	a5,16(a5)
80200798:	fc442603          	lw	a2,-60(s0)
8020079c:	00080737          	lui	a4,0x80
802007a0:	30070593          	addi	a1,a4,768 # 80300 <app_entry-0x8017fd00>
802007a4:	b9c42503          	lw	a0,-1124(s0)
802007a8:	000780e7          	jalr	a5
802007ac:	fc442783          	lw	a5,-60(s0)
802007b0:	00c79713          	slli	a4,a5,0xc
802007b4:	804007b7          	lui	a5,0x80400
802007b8:	00f707b3          	add	a5,a4,a5
802007bc:	fcf42023          	sw	a5,-64(s0)
802007c0:	fc042783          	lw	a5,-64(s0)
802007c4:	00478793          	addi	a5,a5,4 # 80400004 <__heap_end+0x100004>
802007c8:	faf42e23          	sw	a5,-68(s0)
802007cc:	fbc42783          	lw	a5,-68(s0)
802007d0:	04078793          	addi	a5,a5,64
802007d4:	faf42c23          	sw	a5,-72(s0)
802007d8:	fc042783          	lw	a5,-64(s0)
802007dc:	b9442703          	lw	a4,-1132(s0)
802007e0:	00e7a023          	sw	a4,0(a5)
802007e4:	b9042783          	lw	a5,-1136(s0)
802007e8:	00078e63          	beqz	a5,80200804 <elf_load+0x338>
802007ec:	b9442783          	lw	a5,-1132(s0)
802007f0:	00579793          	slli	a5,a5,0x5
802007f4:	00078613          	mv	a2,a5
802007f8:	b9042583          	lw	a1,-1136(s0)
802007fc:	fb842503          	lw	a0,-72(s0)
80200800:	198010ef          	jal	80201998 <memcpy>
80200804:	fc042a23          	sw	zero,-44(s0)
80200808:	03c0006f          	j	80200844 <elf_load+0x378>
8020080c:	fd442783          	lw	a5,-44(s0)
80200810:	00579713          	slli	a4,a5,0x5
80200814:	803007b7          	lui	a5,0x80300
80200818:	04478793          	addi	a5,a5,68 # 80300044 <__heap_end+0x44>
8020081c:	00f706b3          	add	a3,a4,a5
80200820:	fd442783          	lw	a5,-44(s0)
80200824:	00279793          	slli	a5,a5,0x2
80200828:	fbc42703          	lw	a4,-68(s0)
8020082c:	00f707b3          	add	a5,a4,a5
80200830:	00068713          	mv	a4,a3
80200834:	00e7a023          	sw	a4,0(a5)
80200838:	fd442783          	lw	a5,-44(s0)
8020083c:	00178793          	addi	a5,a5,1
80200840:	fcf42a23          	sw	a5,-44(s0)
80200844:	b9442783          	lw	a5,-1132(s0)
80200848:	fd442703          	lw	a4,-44(s0)
8020084c:	fcf760e3          	bltu	a4,a5,8020080c <elf_load+0x340>
80200850:	802087b7          	lui	a5,0x80208
80200854:	3e47a783          	lw	a5,996(a5) # 802083e4 <earth>
80200858:	0007a783          	lw	a5,0(a5)
8020085c:	000780e7          	jalr	a5
80200860:	fca42223          	sw	a0,-60(s0)
80200864:	802087b7          	lui	a5,0x80208
80200868:	3e47a783          	lw	a5,996(a5) # 802083e4 <earth>
8020086c:	0107a783          	lw	a5,16(a5)
80200870:	fc442603          	lw	a2,-60(s0)
80200874:	00080737          	lui	a4,0x80
80200878:	30170593          	addi	a1,a4,769 # 80301 <app_entry-0x8017fcff>
8020087c:	b9c42503          	lw	a0,-1124(s0)
80200880:	000780e7          	jalr	a5
80200884:	00100793          	li	a5,1
80200888:	fcf42823          	sw	a5,-48(s0)
8020088c:	0500006f          	j	802008dc <elf_load+0x410>
80200890:	802087b7          	lui	a5,0x80208
80200894:	3e47a783          	lw	a5,996(a5) # 802083e4 <earth>
80200898:	0007a783          	lw	a5,0(a5)
8020089c:	000780e7          	jalr	a5
802008a0:	fca42223          	sw	a0,-60(s0)
802008a4:	802087b7          	lui	a5,0x80208
802008a8:	3e47a783          	lw	a5,996(a5) # 802083e4 <earth>
802008ac:	0107a783          	lw	a5,16(a5)
802008b0:	00080737          	lui	a4,0x80
802008b4:	40070693          	addi	a3,a4,1024 # 80400 <app_entry-0x8017fc00>
802008b8:	fd042703          	lw	a4,-48(s0)
802008bc:	40e68733          	sub	a4,a3,a4
802008c0:	fc442603          	lw	a2,-60(s0)
802008c4:	00070593          	mv	a1,a4
802008c8:	b9c42503          	lw	a0,-1124(s0)
802008cc:	000780e7          	jalr	a5
802008d0:	fd042783          	lw	a5,-48(s0)
802008d4:	00178793          	addi	a5,a5,1
802008d8:	fcf42823          	sw	a5,-48(s0)
802008dc:	fd042703          	lw	a4,-48(s0)
802008e0:	00200793          	li	a5,2
802008e4:	fae7f6e3          	bgeu	a5,a4,80200890 <elf_load+0x3c4>
802008e8:	00000013          	nop
802008ec:	00000013          	nop
802008f0:	46c12083          	lw	ra,1132(sp)
802008f4:	46812403          	lw	s0,1128(sp)
802008f8:	47010113          	addi	sp,sp,1136
802008fc:	00008067          	ret

80200900 <format_to_str>:
format_to_str():
80200900:	fe010113          	addi	sp,sp,-32
80200904:	00112e23          	sw	ra,28(sp)
80200908:	00812c23          	sw	s0,24(sp)
8020090c:	00912a23          	sw	s1,20(sp)
80200910:	02010413          	addi	s0,sp,32
80200914:	fea42623          	sw	a0,-20(s0)
80200918:	feb42423          	sw	a1,-24(s0)
8020091c:	fec42223          	sw	a2,-28(s0)
80200920:	fec42783          	lw	a5,-20(s0)
80200924:	00078023          	sb	zero,0(a5)
80200928:	0fc0006f          	j	80200a24 <format_to_str+0x124>
8020092c:	fe842783          	lw	a5,-24(s0)
80200930:	0007c703          	lbu	a4,0(a5)
80200934:	02500793          	li	a5,37
80200938:	00f70c63          	beq	a4,a5,80200950 <format_to_str+0x50>
8020093c:	00100613          	li	a2,1
80200940:	fe842583          	lw	a1,-24(s0)
80200944:	fec42503          	lw	a0,-20(s0)
80200948:	619000ef          	jal	80201760 <strncat>
8020094c:	0cc0006f          	j	80200a18 <format_to_str+0x118>
80200950:	fe842783          	lw	a5,-24(s0)
80200954:	00178793          	addi	a5,a5,1
80200958:	fef42423          	sw	a5,-24(s0)
8020095c:	fe842783          	lw	a5,-24(s0)
80200960:	0007c703          	lbu	a4,0(a5)
80200964:	07300793          	li	a5,115
80200968:	02f71263          	bne	a4,a5,8020098c <format_to_str+0x8c>
8020096c:	fe442783          	lw	a5,-28(s0)
80200970:	00478713          	addi	a4,a5,4
80200974:	fee42223          	sw	a4,-28(s0)
80200978:	0007a783          	lw	a5,0(a5)
8020097c:	00078593          	mv	a1,a5
80200980:	fec42503          	lw	a0,-20(s0)
80200984:	53d000ef          	jal	802016c0 <strcat>
80200988:	0900006f          	j	80200a18 <format_to_str+0x118>
8020098c:	fe842783          	lw	a5,-24(s0)
80200990:	0007c703          	lbu	a4,0(a5)
80200994:	06400793          	li	a5,100
80200998:	02f71e63          	bne	a4,a5,802009d4 <format_to_str+0xd4>
8020099c:	fe442783          	lw	a5,-28(s0)
802009a0:	00478713          	addi	a4,a5,4
802009a4:	fee42223          	sw	a4,-28(s0)
802009a8:	0007a483          	lw	s1,0(a5)
802009ac:	fec42503          	lw	a0,-20(s0)
802009b0:	110010ef          	jal	80201ac0 <strlen>
802009b4:	00050713          	mv	a4,a0
802009b8:	fec42783          	lw	a5,-20(s0)
802009bc:	00e787b3          	add	a5,a5,a4
802009c0:	00a00613          	li	a2,10
802009c4:	00078593          	mv	a1,a5
802009c8:	00048513          	mv	a0,s1
802009cc:	768000ef          	jal	80201134 <itoa>
802009d0:	0480006f          	j	80200a18 <format_to_str+0x118>
802009d4:	fe842783          	lw	a5,-24(s0)
802009d8:	0007c703          	lbu	a4,0(a5)
802009dc:	07800793          	li	a5,120
802009e0:	02f71c63          	bne	a4,a5,80200a18 <format_to_str+0x118>
802009e4:	fe442783          	lw	a5,-28(s0)
802009e8:	00478713          	addi	a4,a5,4
802009ec:	fee42223          	sw	a4,-28(s0)
802009f0:	0007a483          	lw	s1,0(a5)
802009f4:	fec42503          	lw	a0,-20(s0)
802009f8:	0c8010ef          	jal	80201ac0 <strlen>
802009fc:	00050713          	mv	a4,a0
80200a00:	fec42783          	lw	a5,-20(s0)
80200a04:	00e787b3          	add	a5,a5,a4
80200a08:	01000613          	li	a2,16
80200a0c:	00078593          	mv	a1,a5
80200a10:	00048513          	mv	a0,s1
80200a14:	720000ef          	jal	80201134 <itoa>
80200a18:	fe842783          	lw	a5,-24(s0)
80200a1c:	00178793          	addi	a5,a5,1
80200a20:	fef42423          	sw	a5,-24(s0)
80200a24:	fe842783          	lw	a5,-24(s0)
80200a28:	0007c783          	lbu	a5,0(a5)
80200a2c:	f00790e3          	bnez	a5,8020092c <format_to_str+0x2c>
80200a30:	00000013          	nop
80200a34:	00000013          	nop
80200a38:	01c12083          	lw	ra,28(sp)
80200a3c:	01812403          	lw	s0,24(sp)
80200a40:	01412483          	lw	s1,20(sp)
80200a44:	02010113          	addi	sp,sp,32
80200a48:	00008067          	ret

80200a4c <INFO>:
INFO():
80200a4c:	db010113          	addi	sp,sp,-592
80200a50:	22112623          	sw	ra,556(sp)
80200a54:	22812423          	sw	s0,552(sp)
80200a58:	23010413          	addi	s0,sp,560
80200a5c:	dca42e23          	sw	a0,-548(s0)
80200a60:	00b42223          	sw	a1,4(s0)
80200a64:	00c42423          	sw	a2,8(s0)
80200a68:	00d42623          	sw	a3,12(s0)
80200a6c:	00e42823          	sw	a4,16(s0)
80200a70:	00f42a23          	sw	a5,20(s0)
80200a74:	01042c23          	sw	a6,24(s0)
80200a78:	01142e23          	sw	a7,28(s0)
80200a7c:	df040793          	addi	a5,s0,-528
80200a80:	464e5737          	lui	a4,0x464e5
80200a84:	95b70713          	addi	a4,a4,-1701 # 464e495b <app_entry-0x39d1b6a5>
80200a88:	00e7a023          	sw	a4,0(a5)
80200a8c:	00206737          	lui	a4,0x206
80200a90:	d4f70713          	addi	a4,a4,-689 # 205d4f <app_entry-0x7fffa2b1>
80200a94:	00e7a223          	sw	a4,4(a5)
80200a98:	02040793          	addi	a5,s0,32
80200a9c:	dcf42c23          	sw	a5,-552(s0)
80200aa0:	dd842783          	lw	a5,-552(s0)
80200aa4:	fe478793          	addi	a5,a5,-28
80200aa8:	def42623          	sw	a5,-532(s0)
80200aac:	df040793          	addi	a5,s0,-528
80200ab0:	00778793          	addi	a5,a5,7
80200ab4:	dec42703          	lw	a4,-532(s0)
80200ab8:	00070613          	mv	a2,a4
80200abc:	ddc42583          	lw	a1,-548(s0)
80200ac0:	00078513          	mv	a0,a5
80200ac4:	e3dff0ef          	jal	80200900 <format_to_str>
80200ac8:	df040793          	addi	a5,s0,-528
80200acc:	00078513          	mv	a0,a5
80200ad0:	7f1000ef          	jal	80201ac0 <strlen>
80200ad4:	00050793          	mv	a5,a0
80200ad8:	00078713          	mv	a4,a5
80200adc:	df040793          	addi	a5,s0,-528
80200ae0:	00e787b3          	add	a5,a5,a4
80200ae4:	00a00713          	li	a4,10
80200ae8:	00e78023          	sb	a4,0(a5)
80200aec:	00d00713          	li	a4,13
80200af0:	00e780a3          	sb	a4,1(a5)
80200af4:	00078123          	sb	zero,2(a5)
80200af8:	df040793          	addi	a5,s0,-528
80200afc:	00078513          	mv	a0,a5
80200b00:	7c1000ef          	jal	80201ac0 <strlen>
80200b04:	00050713          	mv	a4,a0
80200b08:	df040793          	addi	a5,s0,-528
80200b0c:	00070593          	mv	a1,a4
80200b10:	00078513          	mv	a0,a5
80200b14:	4a0000ef          	jal	80200fb4 <term_write>
80200b18:	00000013          	nop
80200b1c:	00078513          	mv	a0,a5
80200b20:	22c12083          	lw	ra,556(sp)
80200b24:	22812403          	lw	s0,552(sp)
80200b28:	25010113          	addi	sp,sp,592
80200b2c:	00008067          	ret

80200b30 <FATAL>:
FATAL():
80200b30:	db010113          	addi	sp,sp,-592
80200b34:	22112623          	sw	ra,556(sp)
80200b38:	22812423          	sw	s0,552(sp)
80200b3c:	23010413          	addi	s0,sp,560
80200b40:	dca42e23          	sw	a0,-548(s0)
80200b44:	00b42223          	sw	a1,4(s0)
80200b48:	00c42423          	sw	a2,8(s0)
80200b4c:	00d42623          	sw	a3,12(s0)
80200b50:	00e42823          	sw	a4,16(s0)
80200b54:	00f42a23          	sw	a5,20(s0)
80200b58:	01042c23          	sw	a6,24(s0)
80200b5c:	01142e23          	sw	a7,28(s0)
80200b60:	df040793          	addi	a5,s0,-528
80200b64:	80208737          	lui	a4,0x80208
80200b68:	11c70713          	addi	a4,a4,284 # 8020811c <__modsi3+0x6484>
80200b6c:	00072583          	lw	a1,0(a4)
80200b70:	00472603          	lw	a2,4(a4)
80200b74:	00872683          	lw	a3,8(a4)
80200b78:	00b7a023          	sw	a1,0(a5)
80200b7c:	00c7a223          	sw	a2,4(a5)
80200b80:	00d7a423          	sw	a3,8(a5)
80200b84:	00c72703          	lw	a4,12(a4)
80200b88:	00e7a623          	sw	a4,12(a5)
80200b8c:	02040793          	addi	a5,s0,32
80200b90:	dcf42c23          	sw	a5,-552(s0)
80200b94:	dd842783          	lw	a5,-552(s0)
80200b98:	fe478793          	addi	a5,a5,-28
80200b9c:	def42623          	sw	a5,-532(s0)
80200ba0:	df040793          	addi	a5,s0,-528
80200ba4:	00f78793          	addi	a5,a5,15
80200ba8:	dec42703          	lw	a4,-532(s0)
80200bac:	00070613          	mv	a2,a4
80200bb0:	ddc42583          	lw	a1,-548(s0)
80200bb4:	00078513          	mv	a0,a5
80200bb8:	d49ff0ef          	jal	80200900 <format_to_str>
80200bbc:	df040793          	addi	a5,s0,-528
80200bc0:	00078513          	mv	a0,a5
80200bc4:	6fd000ef          	jal	80201ac0 <strlen>
80200bc8:	00050793          	mv	a5,a0
80200bcc:	00078713          	mv	a4,a5
80200bd0:	df040793          	addi	a5,s0,-528
80200bd4:	00e787b3          	add	a5,a5,a4
80200bd8:	80208737          	lui	a4,0x80208
80200bdc:	12c70713          	addi	a4,a4,300 # 8020812c <__modsi3+0x6494>
80200be0:	00074683          	lbu	a3,0(a4)
80200be4:	00068e13          	mv	t3,a3
80200be8:	00174683          	lbu	a3,1(a4)
80200bec:	00068313          	mv	t1,a3
80200bf0:	00274683          	lbu	a3,2(a4)
80200bf4:	00068893          	mv	a7,a3
80200bf8:	00374683          	lbu	a3,3(a4)
80200bfc:	00068813          	mv	a6,a3
80200c00:	00474683          	lbu	a3,4(a4)
80200c04:	00068513          	mv	a0,a3
80200c08:	00574683          	lbu	a3,5(a4)
80200c0c:	00068593          	mv	a1,a3
80200c10:	00674683          	lbu	a3,6(a4)
80200c14:	00068613          	mv	a2,a3
80200c18:	00774683          	lbu	a3,7(a4)
80200c1c:	01c78023          	sb	t3,0(a5)
80200c20:	006780a3          	sb	t1,1(a5)
80200c24:	01178123          	sb	a7,2(a5)
80200c28:	010781a3          	sb	a6,3(a5)
80200c2c:	00a78223          	sb	a0,4(a5)
80200c30:	00b782a3          	sb	a1,5(a5)
80200c34:	00c78323          	sb	a2,6(a5)
80200c38:	00d783a3          	sb	a3,7(a5)
80200c3c:	00874703          	lbu	a4,8(a4)
80200c40:	00e78423          	sb	a4,8(a5)
80200c44:	df040793          	addi	a5,s0,-528
80200c48:	00078513          	mv	a0,a5
80200c4c:	675000ef          	jal	80201ac0 <strlen>
80200c50:	00050713          	mv	a4,a0
80200c54:	df040793          	addi	a5,s0,-528
80200c58:	00070593          	mv	a1,a4
80200c5c:	00078513          	mv	a0,a5
80200c60:	354000ef          	jal	80200fb4 <term_write>
80200c64:	0000006f          	j	80200c64 <FATAL+0x134>

80200c68 <SUCCESS>:
SUCCESS():
80200c68:	db010113          	addi	sp,sp,-592
80200c6c:	22112623          	sw	ra,556(sp)
80200c70:	22812423          	sw	s0,552(sp)
80200c74:	23010413          	addi	s0,sp,560
80200c78:	dca42e23          	sw	a0,-548(s0)
80200c7c:	00b42223          	sw	a1,4(s0)
80200c80:	00c42423          	sw	a2,8(s0)
80200c84:	00d42623          	sw	a3,12(s0)
80200c88:	00e42823          	sw	a4,16(s0)
80200c8c:	00f42a23          	sw	a5,20(s0)
80200c90:	01042c23          	sw	a6,24(s0)
80200c94:	01142e23          	sw	a7,28(s0)
80200c98:	df040793          	addi	a5,s0,-528
80200c9c:	80208737          	lui	a4,0x80208
80200ca0:	13870713          	addi	a4,a4,312 # 80208138 <__modsi3+0x64a0>
80200ca4:	00072583          	lw	a1,0(a4)
80200ca8:	00472603          	lw	a2,4(a4)
80200cac:	00872683          	lw	a3,8(a4)
80200cb0:	00b7a023          	sw	a1,0(a5)
80200cb4:	00c7a223          	sw	a2,4(a5)
80200cb8:	00d7a423          	sw	a3,8(a5)
80200cbc:	00c72683          	lw	a3,12(a4)
80200cc0:	00d7a623          	sw	a3,12(a5)
80200cc4:	01075703          	lhu	a4,16(a4)
80200cc8:	00e79823          	sh	a4,16(a5)
80200ccc:	02040793          	addi	a5,s0,32
80200cd0:	dcf42c23          	sw	a5,-552(s0)
80200cd4:	dd842783          	lw	a5,-552(s0)
80200cd8:	fe478793          	addi	a5,a5,-28
80200cdc:	def42623          	sw	a5,-532(s0)
80200ce0:	df040793          	addi	a5,s0,-528
80200ce4:	01178793          	addi	a5,a5,17
80200ce8:	dec42703          	lw	a4,-532(s0)
80200cec:	00070613          	mv	a2,a4
80200cf0:	ddc42583          	lw	a1,-548(s0)
80200cf4:	00078513          	mv	a0,a5
80200cf8:	c09ff0ef          	jal	80200900 <format_to_str>
80200cfc:	df040793          	addi	a5,s0,-528
80200d00:	00078513          	mv	a0,a5
80200d04:	5bd000ef          	jal	80201ac0 <strlen>
80200d08:	00050793          	mv	a5,a0
80200d0c:	00078713          	mv	a4,a5
80200d10:	df040793          	addi	a5,s0,-528
80200d14:	00e787b3          	add	a5,a5,a4
80200d18:	80208737          	lui	a4,0x80208
80200d1c:	12c70713          	addi	a4,a4,300 # 8020812c <__modsi3+0x6494>
80200d20:	00074683          	lbu	a3,0(a4)
80200d24:	00068e13          	mv	t3,a3
80200d28:	00174683          	lbu	a3,1(a4)
80200d2c:	00068313          	mv	t1,a3
80200d30:	00274683          	lbu	a3,2(a4)
80200d34:	00068893          	mv	a7,a3
80200d38:	00374683          	lbu	a3,3(a4)
80200d3c:	00068813          	mv	a6,a3
80200d40:	00474683          	lbu	a3,4(a4)
80200d44:	00068513          	mv	a0,a3
80200d48:	00574683          	lbu	a3,5(a4)
80200d4c:	00068593          	mv	a1,a3
80200d50:	00674683          	lbu	a3,6(a4)
80200d54:	00068613          	mv	a2,a3
80200d58:	00774683          	lbu	a3,7(a4)
80200d5c:	01c78023          	sb	t3,0(a5)
80200d60:	006780a3          	sb	t1,1(a5)
80200d64:	01178123          	sb	a7,2(a5)
80200d68:	010781a3          	sb	a6,3(a5)
80200d6c:	00a78223          	sb	a0,4(a5)
80200d70:	00b782a3          	sb	a1,5(a5)
80200d74:	00c78323          	sb	a2,6(a5)
80200d78:	00d783a3          	sb	a3,7(a5)
80200d7c:	00874703          	lbu	a4,8(a4)
80200d80:	00e78423          	sb	a4,8(a5)
80200d84:	df040793          	addi	a5,s0,-528
80200d88:	00078513          	mv	a0,a5
80200d8c:	535000ef          	jal	80201ac0 <strlen>
80200d90:	00050713          	mv	a4,a0
80200d94:	df040793          	addi	a5,s0,-528
80200d98:	00070593          	mv	a1,a4
80200d9c:	00078513          	mv	a0,a5
80200da0:	214000ef          	jal	80200fb4 <term_write>
80200da4:	00000013          	nop
80200da8:	00078513          	mv	a0,a5
80200dac:	22c12083          	lw	ra,556(sp)
80200db0:	22812403          	lw	s0,552(sp)
80200db4:	25010113          	addi	sp,sp,592
80200db8:	00008067          	ret

80200dbc <exit>:
exit():
80200dbc:	dd010113          	addi	sp,sp,-560
80200dc0:	22112623          	sw	ra,556(sp)
80200dc4:	22812423          	sw	s0,552(sp)
80200dc8:	23010413          	addi	s0,sp,560
80200dcc:	dca42e23          	sw	a0,-548(s0)
80200dd0:	00100793          	li	a5,1
80200dd4:	def42423          	sw	a5,-536(s0)
80200dd8:	de840793          	addi	a5,s0,-536
80200ddc:	20800613          	li	a2,520
80200de0:	00078593          	mv	a1,a5
80200de4:	00100513          	li	a0,1
80200de8:	240000ef          	jal	80201028 <sys_send>
80200dec:	0000006f          	j	80200dec <exit+0x30>

80200df0 <dir_lookup>:
dir_lookup():
80200df0:	dd010113          	addi	sp,sp,-560
80200df4:	22112623          	sw	ra,556(sp)
80200df8:	22812423          	sw	s0,552(sp)
80200dfc:	23010413          	addi	s0,sp,560
80200e00:	dca42e23          	sw	a0,-548(s0)
80200e04:	dcb42c23          	sw	a1,-552(s0)
80200e08:	de840793          	addi	a5,s0,-536
80200e0c:	00078613          	mv	a2,a5
80200e10:	00000593          	li	a1,0
80200e14:	ddc42503          	lw	a0,-548(s0)
80200e18:	0e8000ef          	jal	80200f00 <file_read>
80200e1c:	fe042623          	sw	zero,-20(s0)
80200e20:	dd842503          	lw	a0,-552(s0)
80200e24:	49d000ef          	jal	80201ac0 <strlen>
80200e28:	fea42423          	sw	a0,-24(s0)
80200e2c:	09c0006f          	j	80200ec8 <dir_lookup+0xd8>
80200e30:	de840713          	addi	a4,s0,-536
80200e34:	fec42783          	lw	a5,-20(s0)
80200e38:	00f707b3          	add	a5,a4,a5
80200e3c:	fe842603          	lw	a2,-24(s0)
80200e40:	00078593          	mv	a1,a5
80200e44:	dd842503          	lw	a0,-552(s0)
80200e48:	1c5000ef          	jal	8020180c <strncmp>
80200e4c:	00050793          	mv	a5,a0
80200e50:	06079663          	bnez	a5,80200ebc <dir_lookup+0xcc>
80200e54:	fec42703          	lw	a4,-20(s0)
80200e58:	fe842783          	lw	a5,-24(s0)
80200e5c:	00f707b3          	add	a5,a4,a5
80200e60:	ff078793          	addi	a5,a5,-16
80200e64:	008787b3          	add	a5,a5,s0
80200e68:	df87c703          	lbu	a4,-520(a5)
80200e6c:	02000793          	li	a5,32
80200e70:	04f71663          	bne	a4,a5,80200ebc <dir_lookup+0xcc>
80200e74:	fec42783          	lw	a5,-20(s0)
80200e78:	02078063          	beqz	a5,80200e98 <dir_lookup+0xa8>
80200e7c:	fec42783          	lw	a5,-20(s0)
80200e80:	fff78793          	addi	a5,a5,-1
80200e84:	ff078793          	addi	a5,a5,-16
80200e88:	008787b3          	add	a5,a5,s0
80200e8c:	df87c703          	lbu	a4,-520(a5)
80200e90:	02000793          	li	a5,32
80200e94:	02f71463          	bne	a4,a5,80200ebc <dir_lookup+0xcc>
80200e98:	fec42703          	lw	a4,-20(s0)
80200e9c:	fe842783          	lw	a5,-24(s0)
80200ea0:	00f707b3          	add	a5,a4,a5
80200ea4:	de840713          	addi	a4,s0,-536
80200ea8:	00f707b3          	add	a5,a4,a5
80200eac:	00078513          	mv	a0,a5
80200eb0:	278000ef          	jal	80201128 <atoi>
80200eb4:	00050793          	mv	a5,a0
80200eb8:	0340006f          	j	80200eec <dir_lookup+0xfc>
80200ebc:	fec42783          	lw	a5,-20(s0)
80200ec0:	00178793          	addi	a5,a5,1
80200ec4:	fef42623          	sw	a5,-20(s0)
80200ec8:	de840793          	addi	a5,s0,-536
80200ecc:	00078513          	mv	a0,a5
80200ed0:	3f1000ef          	jal	80201ac0 <strlen>
80200ed4:	00050713          	mv	a4,a0
80200ed8:	fe842783          	lw	a5,-24(s0)
80200edc:	40f707b3          	sub	a5,a4,a5
80200ee0:	fec42703          	lw	a4,-20(s0)
80200ee4:	f4f766e3          	bltu	a4,a5,80200e30 <dir_lookup+0x40>
80200ee8:	fff00793          	li	a5,-1
80200eec:	00078513          	mv	a0,a5
80200ef0:	22c12083          	lw	ra,556(sp)
80200ef4:	22812403          	lw	s0,552(sp)
80200ef8:	23010113          	addi	sp,sp,560
80200efc:	00008067          	ret

80200f00 <file_read>:
file_read():
80200f00:	dd010113          	addi	sp,sp,-560
80200f04:	22112623          	sw	ra,556(sp)
80200f08:	22812423          	sw	s0,552(sp)
80200f0c:	23010413          	addi	s0,sp,560
80200f10:	dca42e23          	sw	a0,-548(s0)
80200f14:	dcb42c23          	sw	a1,-552(s0)
80200f18:	dcc42a23          	sw	a2,-556(s0)
80200f1c:	00100793          	li	a5,1
80200f20:	def42023          	sw	a5,-544(s0)
80200f24:	ddc42783          	lw	a5,-548(s0)
80200f28:	def42223          	sw	a5,-540(s0)
80200f2c:	dd842783          	lw	a5,-552(s0)
80200f30:	def42423          	sw	a5,-536(s0)
80200f34:	de040793          	addi	a5,s0,-544
80200f38:	20c00613          	li	a2,524
80200f3c:	00078593          	mv	a1,a5
80200f40:	00300513          	li	a0,3
80200f44:	0e4000ef          	jal	80201028 <sys_send>
80200f48:	40000693          	li	a3,1024
80200f4c:	802087b7          	lui	a5,0x80208
80200f50:	40078613          	addi	a2,a5,1024 # 80208400 <buf>
80200f54:	802087b7          	lui	a5,0x80208
80200f58:	3fc78593          	addi	a1,a5,1020 # 802083fc <sender>
80200f5c:	00300513          	li	a0,3
80200f60:	138000ef          	jal	80201098 <sys_recv>
80200f64:	802087b7          	lui	a5,0x80208
80200f68:	40078793          	addi	a5,a5,1024 # 80208400 <buf>
80200f6c:	fef42623          	sw	a5,-20(s0)
80200f70:	fec42783          	lw	a5,-20(s0)
80200f74:	00478793          	addi	a5,a5,4
80200f78:	20000613          	li	a2,512
80200f7c:	00078593          	mv	a1,a5
80200f80:	dd442503          	lw	a0,-556(s0)
80200f84:	215000ef          	jal	80201998 <memcpy>
80200f88:	fec42783          	lw	a5,-20(s0)
80200f8c:	0007a783          	lw	a5,0(a5)
80200f90:	00079663          	bnez	a5,80200f9c <file_read+0x9c>
80200f94:	00000793          	li	a5,0
80200f98:	0080006f          	j	80200fa0 <file_read+0xa0>
80200f9c:	fff00793          	li	a5,-1
80200fa0:	00078513          	mv	a0,a5
80200fa4:	22c12083          	lw	ra,556(sp)
80200fa8:	22812403          	lw	s0,552(sp)
80200fac:	23010113          	addi	sp,sp,560
80200fb0:	00008067          	ret

80200fb4 <term_write>:
term_write():
80200fb4:	fd010113          	addi	sp,sp,-48
80200fb8:	02112623          	sw	ra,44(sp)
80200fbc:	02812423          	sw	s0,40(sp)
80200fc0:	03010413          	addi	s0,sp,48
80200fc4:	fca42e23          	sw	a0,-36(s0)
80200fc8:	fcb42c23          	sw	a1,-40(s0)
80200fcc:	fe042623          	sw	zero,-20(s0)
80200fd0:	0340006f          	j	80201004 <term_write+0x50>
80200fd4:	802087b7          	lui	a5,0x80208
80200fd8:	3e47a783          	lw	a5,996(a5) # 802083e4 <earth>
80200fdc:	0207a783          	lw	a5,32(a5)
80200fe0:	fdc42683          	lw	a3,-36(s0)
80200fe4:	fec42703          	lw	a4,-20(s0)
80200fe8:	00e68733          	add	a4,a3,a4
80200fec:	00074703          	lbu	a4,0(a4)
80200ff0:	00070513          	mv	a0,a4
80200ff4:	000780e7          	jalr	a5
80200ff8:	fec42783          	lw	a5,-20(s0)
80200ffc:	00178793          	addi	a5,a5,1
80201000:	fef42623          	sw	a5,-20(s0)
80201004:	fec42703          	lw	a4,-20(s0)
80201008:	fd842783          	lw	a5,-40(s0)
8020100c:	fcf764e3          	bltu	a4,a5,80200fd4 <term_write+0x20>
80201010:	00000013          	nop
80201014:	00000013          	nop
80201018:	02c12083          	lw	ra,44(sp)
8020101c:	02812403          	lw	s0,40(sp)
80201020:	03010113          	addi	sp,sp,48
80201024:	00008067          	ret

80201028 <sys_send>:
sys_send():
80201028:	fe010113          	addi	sp,sp,-32
8020102c:	00112e23          	sw	ra,28(sp)
80201030:	00812c23          	sw	s0,24(sp)
80201034:	02010413          	addi	s0,sp,32
80201038:	fea42623          	sw	a0,-20(s0)
8020103c:	feb42423          	sw	a1,-24(s0)
80201040:	fec42223          	sw	a2,-28(s0)
80201044:	802087b7          	lui	a5,0x80208
80201048:	3e87a783          	lw	a5,1000(a5) # 802083e8 <sc>
8020104c:	00200713          	li	a4,2
80201050:	00e7a023          	sw	a4,0(a5)
80201054:	802087b7          	lui	a5,0x80208
80201058:	3e87a783          	lw	a5,1000(a5) # 802083e8 <sc>
8020105c:	fec42703          	lw	a4,-20(s0)
80201060:	00e7a423          	sw	a4,8(a5)
80201064:	802087b7          	lui	a5,0x80208
80201068:	3e87a783          	lw	a5,1000(a5) # 802083e8 <sc>
8020106c:	00c78793          	addi	a5,a5,12
80201070:	fe442603          	lw	a2,-28(s0)
80201074:	fe842583          	lw	a1,-24(s0)
80201078:	00078513          	mv	a0,a5
8020107c:	11d000ef          	jal	80201998 <memcpy>
80201080:	00000073          	ecall
80201084:	00000013          	nop
80201088:	01c12083          	lw	ra,28(sp)
8020108c:	01812403          	lw	s0,24(sp)
80201090:	02010113          	addi	sp,sp,32
80201094:	00008067          	ret

80201098 <sys_recv>:
sys_recv():
80201098:	fe010113          	addi	sp,sp,-32
8020109c:	00112e23          	sw	ra,28(sp)
802010a0:	00812c23          	sw	s0,24(sp)
802010a4:	02010413          	addi	s0,sp,32
802010a8:	fea42623          	sw	a0,-20(s0)
802010ac:	feb42423          	sw	a1,-24(s0)
802010b0:	fec42223          	sw	a2,-28(s0)
802010b4:	fed42023          	sw	a3,-32(s0)
802010b8:	802087b7          	lui	a5,0x80208
802010bc:	3e87a783          	lw	a5,1000(a5) # 802083e8 <sc>
802010c0:	00100713          	li	a4,1
802010c4:	00e7a023          	sw	a4,0(a5)
802010c8:	802087b7          	lui	a5,0x80208
802010cc:	3e87a783          	lw	a5,1000(a5) # 802083e8 <sc>
802010d0:	fec42703          	lw	a4,-20(s0)
802010d4:	00e7a223          	sw	a4,4(a5)
802010d8:	00000073          	ecall
802010dc:	802087b7          	lui	a5,0x80208
802010e0:	3e87a783          	lw	a5,1000(a5) # 802083e8 <sc>
802010e4:	00c78793          	addi	a5,a5,12
802010e8:	fe042603          	lw	a2,-32(s0)
802010ec:	00078593          	mv	a1,a5
802010f0:	fe442503          	lw	a0,-28(s0)
802010f4:	0a5000ef          	jal	80201998 <memcpy>
802010f8:	fe842783          	lw	a5,-24(s0)
802010fc:	00078c63          	beqz	a5,80201114 <sys_recv+0x7c>
80201100:	802087b7          	lui	a5,0x80208
80201104:	3e87a783          	lw	a5,1000(a5) # 802083e8 <sc>
80201108:	0047a703          	lw	a4,4(a5)
8020110c:	fe842783          	lw	a5,-24(s0)
80201110:	00e7a023          	sw	a4,0(a5)
80201114:	00000013          	nop
80201118:	01c12083          	lw	ra,28(sp)
8020111c:	01812403          	lw	s0,24(sp)
80201120:	02010113          	addi	sp,sp,32
80201124:	00008067          	ret

80201128 <atoi>:
atoi():
80201128:	00a00613          	li	a2,10
8020112c:	00000593          	li	a1,0
80201130:	3ec0006f          	j	8020151c <strtol>

80201134 <itoa>:
itoa():
80201134:	ffe60713          	addi	a4,a2,-2 # ffe <app_entry-0x801ff002>
80201138:	02200793          	li	a5,34
8020113c:	06e7e263          	bltu	a5,a4,802011a0 <itoa+0x6c>
80201140:	fe010113          	addi	sp,sp,-32
80201144:	00112e23          	sw	ra,28(sp)
80201148:	ff660793          	addi	a5,a2,-10
8020114c:	02079a63          	bnez	a5,80201180 <itoa+0x4c>
80201150:	02055863          	bgez	a0,80201180 <itoa+0x4c>
80201154:	02d00793          	li	a5,45
80201158:	00158713          	addi	a4,a1,1
8020115c:	00b12623          	sw	a1,12(sp)
80201160:	00f58023          	sb	a5,0(a1)
80201164:	40a00533          	neg	a0,a0
80201168:	00070593          	mv	a1,a4
8020116c:	400000ef          	jal	8020156c <__utoa>
80201170:	01c12083          	lw	ra,28(sp)
80201174:	00c12503          	lw	a0,12(sp)
80201178:	02010113          	addi	sp,sp,32
8020117c:	00008067          	ret
80201180:	00058713          	mv	a4,a1
80201184:	00b12623          	sw	a1,12(sp)
80201188:	00070593          	mv	a1,a4
8020118c:	3e0000ef          	jal	8020156c <__utoa>
80201190:	01c12083          	lw	ra,28(sp)
80201194:	00c12503          	lw	a0,12(sp)
80201198:	02010113          	addi	sp,sp,32
8020119c:	00008067          	ret
802011a0:	00058023          	sb	zero,0(a1)
802011a4:	00000513          	li	a0,0
802011a8:	00008067          	ret

802011ac <_strtol_l.part.0>:
_strtol_l.part.0():
802011ac:	fb010113          	addi	sp,sp,-80
802011b0:	04812423          	sw	s0,72(sp)
802011b4:	03312e23          	sw	s3,60(sp)
802011b8:	03512a23          	sw	s5,52(sp)
802011bc:	03612823          	sw	s6,48(sp)
802011c0:	04112623          	sw	ra,76(sp)
802011c4:	00068b13          	mv	s6,a3
802011c8:	04912223          	sw	s1,68(sp)
802011cc:	05212023          	sw	s2,64(sp)
802011d0:	03412c23          	sw	s4,56(sp)
802011d4:	03712623          	sw	s7,44(sp)
802011d8:	03812423          	sw	s8,40(sp)
802011dc:	03912223          	sw	s9,36(sp)
802011e0:	03a12023          	sw	s10,32(sp)
802011e4:	01b12e23          	sw	s11,28(sp)
802011e8:	00058993          	mv	s3,a1
802011ec:	00a12423          	sw	a0,8(sp)
802011f0:	00060a93          	mv	s5,a2
802011f4:	00058413          	mv	s0,a1
802011f8:	00007697          	auipc	a3,0x7
802011fc:	f9168693          	addi	a3,a3,-111 # 80208189 <_ctype_+0x1>
80201200:	00040613          	mv	a2,s0
80201204:	00044703          	lbu	a4,0(s0)
80201208:	00140413          	addi	s0,s0,1
8020120c:	00e687b3          	add	a5,a3,a4
80201210:	0007c783          	lbu	a5,0(a5)
80201214:	0087f793          	andi	a5,a5,8
80201218:	fe0794e3          	bnez	a5,80201200 <_strtol_l.part.0+0x54>
8020121c:	02d00793          	li	a5,45
80201220:	fefb7913          	andi	s2,s6,-17
80201224:	16f70863          	beq	a4,a5,80201394 <_strtol_l.part.0+0x1e8>
80201228:	02b00793          	li	a5,43
8020122c:	02f70c63          	beq	a4,a5,80201264 <_strtol_l.part.0+0xb8>
80201230:	04091063          	bnez	s2,80201270 <_strtol_l.part.0+0xc4>
80201234:	03000793          	li	a5,48
80201238:	24f70263          	beq	a4,a5,8020147c <_strtol_l.part.0+0x2d0>
8020123c:	220b0463          	beqz	s6,80201464 <_strtol_l.part.0+0x2b8>
80201240:	08000bb7          	lui	s7,0x8000
80201244:	01000b13          	li	s6,16
80201248:	fffb8b93          	addi	s7,s7,-1 # 7ffffff <app_entry-0x78200001>
8020124c:	000b0a13          	mv	s4,s6
80201250:	00f00913          	li	s2,15
80201254:	800007b7          	lui	a5,0x80000
80201258:	fff78d93          	addi	s11,a5,-1 # 7fffffff <app_entry-0x200001>
8020125c:	00000d13          	li	s10,0
80201260:	0480006f          	j	802012a8 <_strtol_l.part.0+0xfc>
80201264:	00044703          	lbu	a4,0(s0)
80201268:	00260413          	addi	s0,a2,2
8020126c:	1a090063          	beqz	s2,8020140c <_strtol_l.part.0+0x260>
80201270:	800004b7          	lui	s1,0x80000
80201274:	000b0593          	mv	a1,s6
80201278:	fff48513          	addi	a0,s1,-1 # 7fffffff <app_entry-0x200001>
8020127c:	00e12623          	sw	a4,12(sp)
80201280:	1e5000ef          	jal	80201c64 <__umodsi3>
80201284:	00050913          	mv	s2,a0
80201288:	000b0593          	mv	a1,s6
8020128c:	fff48513          	addi	a0,s1,-1
80201290:	18d000ef          	jal	80201c1c <__hidden___udivsi3>
80201294:	00c12703          	lw	a4,12(sp)
80201298:	000b0a13          	mv	s4,s6
8020129c:	fff48d93          	addi	s11,s1,-1
802012a0:	00050b93          	mv	s7,a0
802012a4:	00000d13          	li	s10,0
802012a8:	00000793          	li	a5,0
802012ac:	00000513          	li	a0,0
802012b0:	00900c13          	li	s8,9
802012b4:	01900c93          	li	s9,25
802012b8:	fd070493          	addi	s1,a4,-48
802012bc:	009c7e63          	bgeu	s8,s1,802012d8 <_strtol_l.part.0+0x12c>
802012c0:	fbf70693          	addi	a3,a4,-65
802012c4:	fc970493          	addi	s1,a4,-55
802012c8:	00dcf863          	bgeu	s9,a3,802012d8 <_strtol_l.part.0+0x12c>
802012cc:	f9f70693          	addi	a3,a4,-97
802012d0:	04dce663          	bltu	s9,a3,8020131c <_strtol_l.part.0+0x170>
802012d4:	fa970493          	addi	s1,a4,-87
802012d8:	0564d263          	bge	s1,s6,8020131c <_strtol_l.part.0+0x170>
802012dc:	00178793          	addi	a5,a5,1
802012e0:	02078063          	beqz	a5,80201300 <_strtol_l.part.0+0x154>
802012e4:	00abee63          	bltu	s7,a0,80201300 <_strtol_l.part.0+0x154>
802012e8:	03751063          	bne	a0,s7,80201308 <_strtol_l.part.0+0x15c>
802012ec:	fff00793          	li	a5,-1
802012f0:	00995c63          	bge	s2,s1,80201308 <_strtol_l.part.0+0x15c>
802012f4:	00140413          	addi	s0,s0,1
802012f8:	fff44703          	lbu	a4,-1(s0)
802012fc:	fbdff06f          	j	802012b8 <_strtol_l.part.0+0x10c>
80201300:	fff00793          	li	a5,-1
80201304:	ff1ff06f          	j	802012f4 <_strtol_l.part.0+0x148>
80201308:	000a0593          	mv	a1,s4
8020130c:	0e5000ef          	jal	80201bf0 <__mulsi3>
80201310:	00a48533          	add	a0,s1,a0
80201314:	00100793          	li	a5,1
80201318:	fddff06f          	j	802012f4 <_strtol_l.part.0+0x148>
8020131c:	fff00713          	li	a4,-1
80201320:	04e78a63          	beq	a5,a4,80201374 <_strtol_l.part.0+0x1c8>
80201324:	000d0463          	beqz	s10,8020132c <_strtol_l.part.0+0x180>
80201328:	40a00533          	neg	a0,a0
8020132c:	000a8663          	beqz	s5,80201338 <_strtol_l.part.0+0x18c>
80201330:	0c079a63          	bnez	a5,80201404 <_strtol_l.part.0+0x258>
80201334:	013aa023          	sw	s3,0(s5)
80201338:	04c12083          	lw	ra,76(sp)
8020133c:	04812403          	lw	s0,72(sp)
80201340:	04412483          	lw	s1,68(sp)
80201344:	04012903          	lw	s2,64(sp)
80201348:	03c12983          	lw	s3,60(sp)
8020134c:	03812a03          	lw	s4,56(sp)
80201350:	03412a83          	lw	s5,52(sp)
80201354:	03012b03          	lw	s6,48(sp)
80201358:	02c12b83          	lw	s7,44(sp)
8020135c:	02812c03          	lw	s8,40(sp)
80201360:	02412c83          	lw	s9,36(sp)
80201364:	02012d03          	lw	s10,32(sp)
80201368:	01c12d83          	lw	s11,28(sp)
8020136c:	05010113          	addi	sp,sp,80
80201370:	00008067          	ret
80201374:	00812703          	lw	a4,8(sp)
80201378:	02200793          	li	a5,34
8020137c:	000d8513          	mv	a0,s11
80201380:	00f72023          	sw	a5,0(a4)
80201384:	fa0a8ae3          	beqz	s5,80201338 <_strtol_l.part.0+0x18c>
80201388:	fff40993          	addi	s3,s0,-1
8020138c:	000d8513          	mv	a0,s11
80201390:	fa5ff06f          	j	80201334 <_strtol_l.part.0+0x188>
80201394:	00044703          	lbu	a4,0(s0)
80201398:	00260413          	addi	s0,a2,2
8020139c:	02091863          	bnez	s2,802013cc <_strtol_l.part.0+0x220>
802013a0:	03000793          	li	a5,48
802013a4:	10f70663          	beq	a4,a5,802014b0 <_strtol_l.part.0+0x304>
802013a8:	120b1863          	bnez	s6,802014d8 <_strtol_l.part.0+0x32c>
802013ac:	00a00b13          	li	s6,10
802013b0:	0cccdbb7          	lui	s7,0xcccd
802013b4:	cccb8b93          	addi	s7,s7,-820 # ccccccc <app_entry-0x73533334>
802013b8:	000b0a13          	mv	s4,s6
802013bc:	00800913          	li	s2,8
802013c0:	00100d13          	li	s10,1
802013c4:	80000db7          	lui	s11,0x80000
802013c8:	ee1ff06f          	j	802012a8 <_strtol_l.part.0+0xfc>
802013cc:	000b0593          	mv	a1,s6
802013d0:	80000537          	lui	a0,0x80000
802013d4:	00e12623          	sw	a4,12(sp)
802013d8:	08d000ef          	jal	80201c64 <__umodsi3>
802013dc:	000b0a13          	mv	s4,s6
802013e0:	00050913          	mv	s2,a0
802013e4:	000b0593          	mv	a1,s6
802013e8:	80000537          	lui	a0,0x80000
802013ec:	031000ef          	jal	80201c1c <__hidden___udivsi3>
802013f0:	00c12703          	lw	a4,12(sp)
802013f4:	00050b93          	mv	s7,a0
802013f8:	00100d13          	li	s10,1
802013fc:	80000db7          	lui	s11,0x80000
80201400:	ea9ff06f          	j	802012a8 <_strtol_l.part.0+0xfc>
80201404:	00050d93          	mv	s11,a0
80201408:	f81ff06f          	j	80201388 <_strtol_l.part.0+0x1dc>
8020140c:	03000793          	li	a5,48
80201410:	e2f716e3          	bne	a4,a5,8020123c <_strtol_l.part.0+0x90>
80201414:	00264783          	lbu	a5,2(a2)
80201418:	05800693          	li	a3,88
8020141c:	0df7f793          	andi	a5,a5,223
80201420:	08d79063          	bne	a5,a3,802014a0 <_strtol_l.part.0+0x2f4>
80201424:	00364703          	lbu	a4,3(a2)
80201428:	01000b13          	li	s6,16
8020142c:	000b0a13          	mv	s4,s6
80201430:	00460413          	addi	s0,a2,4
80201434:	800004b7          	lui	s1,0x80000
80201438:	000a0593          	mv	a1,s4
8020143c:	fff48513          	addi	a0,s1,-1 # 7fffffff <app_entry-0x200001>
80201440:	00e12623          	sw	a4,12(sp)
80201444:	021000ef          	jal	80201c64 <__umodsi3>
80201448:	00050913          	mv	s2,a0
8020144c:	000a0593          	mv	a1,s4
80201450:	fff48513          	addi	a0,s1,-1
80201454:	7c8000ef          	jal	80201c1c <__hidden___udivsi3>
80201458:	00c12703          	lw	a4,12(sp)
8020145c:	00050b93          	mv	s7,a0
80201460:	df5ff06f          	j	80201254 <_strtol_l.part.0+0xa8>
80201464:	00a00b13          	li	s6,10
80201468:	0cccdbb7          	lui	s7,0xcccd
8020146c:	cccb8b93          	addi	s7,s7,-820 # ccccccc <app_entry-0x73533334>
80201470:	000b0a13          	mv	s4,s6
80201474:	00700913          	li	s2,7
80201478:	dddff06f          	j	80201254 <_strtol_l.part.0+0xa8>
8020147c:	00044783          	lbu	a5,0(s0)
80201480:	05800693          	li	a3,88
80201484:	0df7f793          	andi	a5,a5,223
80201488:	00d79c63          	bne	a5,a3,802014a0 <_strtol_l.part.0+0x2f4>
8020148c:	01000b13          	li	s6,16
80201490:	00144703          	lbu	a4,1(s0)
80201494:	000b0a13          	mv	s4,s6
80201498:	00360413          	addi	s0,a2,3
8020149c:	f99ff06f          	j	80201434 <_strtol_l.part.0+0x288>
802014a0:	060b1263          	bnez	s6,80201504 <_strtol_l.part.0+0x358>
802014a4:	00800b13          	li	s6,8
802014a8:	000b0a13          	mv	s4,s6
802014ac:	f89ff06f          	j	80201434 <_strtol_l.part.0+0x288>
802014b0:	00264783          	lbu	a5,2(a2)
802014b4:	05800693          	li	a3,88
802014b8:	0df7f793          	andi	a5,a5,223
802014bc:	02d78a63          	beq	a5,a3,802014f0 <_strtol_l.part.0+0x344>
802014c0:	040b0863          	beqz	s6,80201510 <_strtol_l.part.0+0x364>
802014c4:	01000b13          	li	s6,16
802014c8:	000b0a13          	mv	s4,s6
802014cc:	00e12623          	sw	a4,12(sp)
802014d0:	000a0593          	mv	a1,s4
802014d4:	f15ff06f          	j	802013e8 <_strtol_l.part.0+0x23c>
802014d8:	01000b13          	li	s6,16
802014dc:	000b0a13          	mv	s4,s6
802014e0:	08000bb7          	lui	s7,0x8000
802014e4:	00100d13          	li	s10,1
802014e8:	80000db7          	lui	s11,0x80000
802014ec:	dbdff06f          	j	802012a8 <_strtol_l.part.0+0xfc>
802014f0:	01000b13          	li	s6,16
802014f4:	00364703          	lbu	a4,3(a2)
802014f8:	000b0a13          	mv	s4,s6
802014fc:	00460413          	addi	s0,a2,4
80201500:	fcdff06f          	j	802014cc <_strtol_l.part.0+0x320>
80201504:	01000b13          	li	s6,16
80201508:	000b0a13          	mv	s4,s6
8020150c:	f29ff06f          	j	80201434 <_strtol_l.part.0+0x288>
80201510:	00800b13          	li	s6,8
80201514:	000b0a13          	mv	s4,s6
80201518:	fb5ff06f          	j	802014cc <_strtol_l.part.0+0x320>

8020151c <strtol>:
strtol():
8020151c:	02563793          	sltiu	a5,a2,37
80201520:	02078463          	beqz	a5,80201548 <strtol+0x2c>
80201524:	fff60793          	addi	a5,a2,-1
80201528:	02078063          	beqz	a5,80201548 <strtol+0x2c>
8020152c:	00050713          	mv	a4,a0
80201530:	00007517          	auipc	a0,0x7
80201534:	ebc52503          	lw	a0,-324(a0) # 802083ec <_impure_ptr>
80201538:	00060693          	mv	a3,a2
8020153c:	00058613          	mv	a2,a1
80201540:	00070593          	mv	a1,a4
80201544:	c69ff06f          	j	802011ac <_strtol_l.part.0>
80201548:	ff010113          	addi	sp,sp,-16
8020154c:	00112623          	sw	ra,12(sp)
80201550:	360000ef          	jal	802018b0 <__errno>
80201554:	00c12083          	lw	ra,12(sp)
80201558:	01600793          	li	a5,22
8020155c:	00f52023          	sw	a5,0(a0)
80201560:	00000513          	li	a0,0
80201564:	01010113          	addi	sp,sp,16
80201568:	00008067          	ret

8020156c <__utoa>:
__utoa():
8020156c:	00007797          	auipc	a5,0x7
80201570:	bf478793          	addi	a5,a5,-1036 # 80208160 <__modsi3+0x64c8>
80201574:	0207a703          	lw	a4,32(a5)
80201578:	0007af83          	lw	t6,0(a5)
8020157c:	0047af03          	lw	t5,4(a5)
80201580:	0087ae83          	lw	t4,8(a5)
80201584:	00c7ae03          	lw	t3,12(a5)
80201588:	0107a303          	lw	t1,16(a5)
8020158c:	0147a883          	lw	a7,20(a5)
80201590:	0187a803          	lw	a6,24(a5)
80201594:	01c7a683          	lw	a3,28(a5)
80201598:	00007797          	auipc	a5,0x7
8020159c:	bec7c783          	lbu	a5,-1044(a5) # 80208184 <__modsi3+0x64ec>
802015a0:	fb010113          	addi	sp,sp,-80
802015a4:	03512a23          	sw	s5,52(sp)
802015a8:	02e12423          	sw	a4,40(sp)
802015ac:	02f10623          	sb	a5,44(sp)
802015b0:	04112623          	sw	ra,76(sp)
802015b4:	01f12423          	sw	t6,8(sp)
802015b8:	01e12623          	sw	t5,12(sp)
802015bc:	01d12823          	sw	t4,16(sp)
802015c0:	01c12a23          	sw	t3,20(sp)
802015c4:	00612c23          	sw	t1,24(sp)
802015c8:	01112e23          	sw	a7,28(sp)
802015cc:	03012023          	sw	a6,32(sp)
802015d0:	02d12223          	sw	a3,36(sp)
802015d4:	ffe60713          	addi	a4,a2,-2
802015d8:	02200793          	li	a5,34
802015dc:	00058a93          	mv	s5,a1
802015e0:	0ce7e463          	bltu	a5,a4,802016a8 <__utoa+0x13c>
802015e4:	04812423          	sw	s0,72(sp)
802015e8:	04912223          	sw	s1,68(sp)
802015ec:	05212023          	sw	s2,64(sp)
802015f0:	03312e23          	sw	s3,60(sp)
802015f4:	03412c23          	sw	s4,56(sp)
802015f8:	03612823          	sw	s6,48(sp)
802015fc:	00060493          	mv	s1,a2
80201600:	00050413          	mv	s0,a0
80201604:	00000913          	li	s2,0
80201608:	00048593          	mv	a1,s1
8020160c:	00040513          	mv	a0,s0
80201610:	654000ef          	jal	80201c64 <__umodsi3>
80201614:	00250533          	add	a0,a0,sp
80201618:	00854783          	lbu	a5,8(a0)
8020161c:	00090993          	mv	s3,s2
80201620:	00190913          	addi	s2,s2,1
80201624:	012a8a33          	add	s4,s5,s2
80201628:	00040513          	mv	a0,s0
8020162c:	00048593          	mv	a1,s1
80201630:	fefa0fa3          	sb	a5,-1(s4)
80201634:	00040b13          	mv	s6,s0
80201638:	5e4000ef          	jal	80201c1c <__hidden___udivsi3>
8020163c:	00050413          	mv	s0,a0
80201640:	fc9b74e3          	bgeu	s6,s1,80201608 <__utoa+0x9c>
80201644:	000a0023          	sb	zero,0(s4)
80201648:	02098a63          	beqz	s3,8020167c <__utoa+0x110>
8020164c:	000a8693          	mv	a3,s5
80201650:	013a8733          	add	a4,s5,s3
80201654:	00000793          	li	a5,0
80201658:	00074583          	lbu	a1,0(a4)
8020165c:	0006c603          	lbu	a2,0(a3)
80201660:	00178793          	addi	a5,a5,1
80201664:	00b68023          	sb	a1,0(a3)
80201668:	00c70023          	sb	a2,0(a4)
8020166c:	40f98633          	sub	a2,s3,a5
80201670:	00168693          	addi	a3,a3,1
80201674:	fff70713          	addi	a4,a4,-1
80201678:	fec7c0e3          	blt	a5,a2,80201658 <__utoa+0xec>
8020167c:	04812403          	lw	s0,72(sp)
80201680:	04c12083          	lw	ra,76(sp)
80201684:	04412483          	lw	s1,68(sp)
80201688:	04012903          	lw	s2,64(sp)
8020168c:	03c12983          	lw	s3,60(sp)
80201690:	03812a03          	lw	s4,56(sp)
80201694:	03012b03          	lw	s6,48(sp)
80201698:	000a8513          	mv	a0,s5
8020169c:	03412a83          	lw	s5,52(sp)
802016a0:	05010113          	addi	sp,sp,80
802016a4:	00008067          	ret
802016a8:	00058023          	sb	zero,0(a1)
802016ac:	04c12083          	lw	ra,76(sp)
802016b0:	03412a83          	lw	s5,52(sp)
802016b4:	00000513          	li	a0,0
802016b8:	05010113          	addi	sp,sp,80
802016bc:	00008067          	ret

802016c0 <strcat>:
strcat():
802016c0:	ff010113          	addi	sp,sp,-16
802016c4:	00812423          	sw	s0,8(sp)
802016c8:	00112623          	sw	ra,12(sp)
802016cc:	00357793          	andi	a5,a0,3
802016d0:	00050413          	mv	s0,a0
802016d4:	06079663          	bnez	a5,80201740 <strcat+0x80>
802016d8:	00052703          	lw	a4,0(a0)
802016dc:	feff0637          	lui	a2,0xfeff0
802016e0:	eff60613          	addi	a2,a2,-257 # fefefeff <__heap_end+0x7ecefeff>
802016e4:	00c707b3          	add	a5,a4,a2
802016e8:	808086b7          	lui	a3,0x80808
802016ec:	fff74713          	not	a4,a4
802016f0:	00e7f7b3          	and	a5,a5,a4
802016f4:	08068693          	addi	a3,a3,128 # 80808080 <__heap_end+0x508080>
802016f8:	00d7f7b3          	and	a5,a5,a3
802016fc:	04079263          	bnez	a5,80201740 <strcat+0x80>
80201700:	00452703          	lw	a4,4(a0)
80201704:	00450513          	addi	a0,a0,4
80201708:	00c707b3          	add	a5,a4,a2
8020170c:	fff74713          	not	a4,a4
80201710:	00e7f7b3          	and	a5,a5,a4
80201714:	00d7f7b3          	and	a5,a5,a3
80201718:	02079463          	bnez	a5,80201740 <strcat+0x80>
8020171c:	00452703          	lw	a4,4(a0)
80201720:	00450513          	addi	a0,a0,4
80201724:	00c707b3          	add	a5,a4,a2
80201728:	fff74713          	not	a4,a4
8020172c:	00e7f7b3          	and	a5,a5,a4
80201730:	00d7f7b3          	and	a5,a5,a3
80201734:	fc0786e3          	beqz	a5,80201700 <strcat+0x40>
80201738:	0080006f          	j	80201740 <strcat+0x80>
8020173c:	00150513          	addi	a0,a0,1
80201740:	00054783          	lbu	a5,0(a0)
80201744:	fe079ce3          	bnez	a5,8020173c <strcat+0x7c>
80201748:	404000ef          	jal	80201b4c <strcpy>
8020174c:	00c12083          	lw	ra,12(sp)
80201750:	00040513          	mv	a0,s0
80201754:	00812403          	lw	s0,8(sp)
80201758:	01010113          	addi	sp,sp,16
8020175c:	00008067          	ret

80201760 <strncat>:
strncat():
80201760:	00357713          	andi	a4,a0,3
80201764:	00050793          	mv	a5,a0
80201768:	06071663          	bnez	a4,802017d4 <strncat+0x74>
8020176c:	00052683          	lw	a3,0(a0)
80201770:	feff08b7          	lui	a7,0xfeff0
80201774:	eff88893          	addi	a7,a7,-257 # fefefeff <__heap_end+0x7ecefeff>
80201778:	01168733          	add	a4,a3,a7
8020177c:	80808837          	lui	a6,0x80808
80201780:	fff6c693          	not	a3,a3
80201784:	00d77733          	and	a4,a4,a3
80201788:	08080813          	addi	a6,a6,128 # 80808080 <__heap_end+0x508080>
8020178c:	01077733          	and	a4,a4,a6
80201790:	04071263          	bnez	a4,802017d4 <strncat+0x74>
80201794:	0047a683          	lw	a3,4(a5)
80201798:	00478793          	addi	a5,a5,4
8020179c:	01168733          	add	a4,a3,a7
802017a0:	fff6c693          	not	a3,a3
802017a4:	00d77733          	and	a4,a4,a3
802017a8:	01077733          	and	a4,a4,a6
802017ac:	02071463          	bnez	a4,802017d4 <strncat+0x74>
802017b0:	0047a683          	lw	a3,4(a5)
802017b4:	00478793          	addi	a5,a5,4
802017b8:	01168733          	add	a4,a3,a7
802017bc:	fff6c693          	not	a3,a3
802017c0:	00d77733          	and	a4,a4,a3
802017c4:	01077733          	and	a4,a4,a6
802017c8:	fc0706e3          	beqz	a4,80201794 <strncat+0x34>
802017cc:	0080006f          	j	802017d4 <strncat+0x74>
802017d0:	00178793          	addi	a5,a5,1
802017d4:	0007c703          	lbu	a4,0(a5)
802017d8:	fe071ce3          	bnez	a4,802017d0 <strncat+0x70>
802017dc:	00c786b3          	add	a3,a5,a2
802017e0:	02060463          	beqz	a2,80201808 <strncat+0xa8>
802017e4:	0005c703          	lbu	a4,0(a1)
802017e8:	00178793          	addi	a5,a5,1
802017ec:	00158593          	addi	a1,a1,1
802017f0:	fee78fa3          	sb	a4,-1(a5)
802017f4:	00070863          	beqz	a4,80201804 <strncat+0xa4>
802017f8:	fef696e3          	bne	a3,a5,802017e4 <strncat+0x84>
802017fc:	00068023          	sb	zero,0(a3)
80201800:	00008067          	ret
80201804:	00008067          	ret
80201808:	00008067          	ret

8020180c <strncmp>:
strncmp():
8020180c:	08060a63          	beqz	a2,802018a0 <strncmp+0x94>
80201810:	00b567b3          	or	a5,a0,a1
80201814:	0037f793          	andi	a5,a5,3
80201818:	04079a63          	bnez	a5,8020186c <strncmp+0x60>
8020181c:	feff0337          	lui	t1,0xfeff0
80201820:	808088b7          	lui	a7,0x80808
80201824:	00300e13          	li	t3,3
80201828:	eff30313          	addi	t1,t1,-257 # fefefeff <__heap_end+0x7ecefeff>
8020182c:	08088893          	addi	a7,a7,128 # 80808080 <__heap_end+0x508080>
80201830:	02ce6063          	bltu	t3,a2,80201850 <strncmp+0x44>
80201834:	0380006f          	j	8020186c <strncmp+0x60>
80201838:	ffc60613          	addi	a2,a2,-4
8020183c:	06060263          	beqz	a2,802018a0 <strncmp+0x94>
80201840:	06079063          	bnez	a5,802018a0 <strncmp+0x94>
80201844:	00450513          	addi	a0,a0,4
80201848:	00458593          	addi	a1,a1,4
8020184c:	02ce7063          	bgeu	t3,a2,8020186c <strncmp+0x60>
80201850:	00052703          	lw	a4,0(a0)
80201854:	0005a683          	lw	a3,0(a1)
80201858:	006707b3          	add	a5,a4,t1
8020185c:	fff74813          	not	a6,a4
80201860:	0107f7b3          	and	a5,a5,a6
80201864:	0117f7b3          	and	a5,a5,a7
80201868:	fcd708e3          	beq	a4,a3,80201838 <strncmp+0x2c>
8020186c:	00054783          	lbu	a5,0(a0)
80201870:	0005c703          	lbu	a4,0(a1)
80201874:	fff60613          	addi	a2,a2,-1
80201878:	00c50633          	add	a2,a0,a2
8020187c:	00e78e63          	beq	a5,a4,80201898 <strncmp+0x8c>
80201880:	0280006f          	j	802018a8 <strncmp+0x9c>
80201884:	00150513          	addi	a0,a0,1
80201888:	00078c63          	beqz	a5,802018a0 <strncmp+0x94>
8020188c:	00054783          	lbu	a5,0(a0)
80201890:	0005c703          	lbu	a4,0(a1)
80201894:	00e79a63          	bne	a5,a4,802018a8 <strncmp+0x9c>
80201898:	00158593          	addi	a1,a1,1
8020189c:	fec514e3          	bne	a0,a2,80201884 <strncmp+0x78>
802018a0:	00000513          	li	a0,0
802018a4:	00008067          	ret
802018a8:	40e78533          	sub	a0,a5,a4
802018ac:	00008067          	ret

802018b0 <__errno>:
__errno():
802018b0:	00007517          	auipc	a0,0x7
802018b4:	b3c52503          	lw	a0,-1220(a0) # 802083ec <_impure_ptr>
802018b8:	00008067          	ret

802018bc <memset>:
memset():
802018bc:	00f00313          	li	t1,15
802018c0:	00050713          	mv	a4,a0
802018c4:	02c37e63          	bgeu	t1,a2,80201900 <memset+0x44>
802018c8:	00f77793          	andi	a5,a4,15
802018cc:	0a079063          	bnez	a5,8020196c <memset+0xb0>
802018d0:	08059263          	bnez	a1,80201954 <memset+0x98>
802018d4:	ff067693          	andi	a3,a2,-16
802018d8:	00f67613          	andi	a2,a2,15
802018dc:	00e686b3          	add	a3,a3,a4
802018e0:	00b72023          	sw	a1,0(a4)
802018e4:	00b72223          	sw	a1,4(a4)
802018e8:	00b72423          	sw	a1,8(a4)
802018ec:	00b72623          	sw	a1,12(a4)
802018f0:	01070713          	addi	a4,a4,16
802018f4:	fed766e3          	bltu	a4,a3,802018e0 <memset+0x24>
802018f8:	00061463          	bnez	a2,80201900 <memset+0x44>
802018fc:	00008067          	ret
80201900:	40c306b3          	sub	a3,t1,a2
80201904:	00269693          	slli	a3,a3,0x2
80201908:	00000297          	auipc	t0,0x0
8020190c:	005686b3          	add	a3,a3,t0
80201910:	00c68067          	jr	12(a3)
80201914:	00b70723          	sb	a1,14(a4)
80201918:	00b706a3          	sb	a1,13(a4)
8020191c:	00b70623          	sb	a1,12(a4)
80201920:	00b705a3          	sb	a1,11(a4)
80201924:	00b70523          	sb	a1,10(a4)
80201928:	00b704a3          	sb	a1,9(a4)
8020192c:	00b70423          	sb	a1,8(a4)
80201930:	00b703a3          	sb	a1,7(a4)
80201934:	00b70323          	sb	a1,6(a4)
80201938:	00b702a3          	sb	a1,5(a4)
8020193c:	00b70223          	sb	a1,4(a4)
80201940:	00b701a3          	sb	a1,3(a4)
80201944:	00b70123          	sb	a1,2(a4)
80201948:	00b700a3          	sb	a1,1(a4)
8020194c:	00b70023          	sb	a1,0(a4)
80201950:	00008067          	ret
80201954:	0ff5f593          	zext.b	a1,a1
80201958:	00859693          	slli	a3,a1,0x8
8020195c:	00d5e5b3          	or	a1,a1,a3
80201960:	01059693          	slli	a3,a1,0x10
80201964:	00d5e5b3          	or	a1,a1,a3
80201968:	f6dff06f          	j	802018d4 <memset+0x18>
8020196c:	00279693          	slli	a3,a5,0x2
80201970:	00000297          	auipc	t0,0x0
80201974:	005686b3          	add	a3,a3,t0
80201978:	00008293          	mv	t0,ra
8020197c:	fa0680e7          	jalr	-96(a3)
80201980:	00028093          	mv	ra,t0
80201984:	ff078793          	addi	a5,a5,-16
80201988:	40f70733          	sub	a4,a4,a5
8020198c:	00f60633          	add	a2,a2,a5
80201990:	f6c378e3          	bgeu	t1,a2,80201900 <memset+0x44>
80201994:	f3dff06f          	j	802018d0 <memset+0x14>

80201998 <memcpy>:
memcpy():
80201998:	00a5c7b3          	xor	a5,a1,a0
8020199c:	0037f793          	andi	a5,a5,3
802019a0:	00c508b3          	add	a7,a0,a2
802019a4:	06079663          	bnez	a5,80201a10 <memcpy+0x78>
802019a8:	00463613          	sltiu	a2,a2,4
802019ac:	06061263          	bnez	a2,80201a10 <memcpy+0x78>
802019b0:	00357793          	andi	a5,a0,3
802019b4:	00050713          	mv	a4,a0
802019b8:	0c079a63          	bnez	a5,80201a8c <memcpy+0xf4>
802019bc:	ffc8f613          	andi	a2,a7,-4
802019c0:	40e606b3          	sub	a3,a2,a4
802019c4:	02000793          	li	a5,32
802019c8:	06d7c463          	blt	a5,a3,80201a30 <memcpy+0x98>
802019cc:	00058693          	mv	a3,a1
802019d0:	00070793          	mv	a5,a4
802019d4:	02c77a63          	bgeu	a4,a2,80201a08 <memcpy+0x70>
802019d8:	0006a803          	lw	a6,0(a3)
802019dc:	00478793          	addi	a5,a5,4
802019e0:	00468693          	addi	a3,a3,4
802019e4:	ff07ae23          	sw	a6,-4(a5)
802019e8:	fec7e8e3          	bltu	a5,a2,802019d8 <memcpy+0x40>
802019ec:	fff60613          	addi	a2,a2,-1
802019f0:	40e60633          	sub	a2,a2,a4
802019f4:	ffc67613          	andi	a2,a2,-4
802019f8:	00458593          	addi	a1,a1,4
802019fc:	00470713          	addi	a4,a4,4
80201a00:	00c585b3          	add	a1,a1,a2
80201a04:	00c70733          	add	a4,a4,a2
80201a08:	01176863          	bltu	a4,a7,80201a18 <memcpy+0x80>
80201a0c:	00008067          	ret
80201a10:	00050713          	mv	a4,a0
80201a14:	ff157ce3          	bgeu	a0,a7,80201a0c <memcpy+0x74>
80201a18:	0005c783          	lbu	a5,0(a1)
80201a1c:	00170713          	addi	a4,a4,1
80201a20:	00158593          	addi	a1,a1,1
80201a24:	fef70fa3          	sb	a5,-1(a4)
80201a28:	fee898e3          	bne	a7,a4,80201a18 <memcpy+0x80>
80201a2c:	00008067          	ret
80201a30:	0005a683          	lw	a3,0(a1)
80201a34:	0045a283          	lw	t0,4(a1)
80201a38:	0085af83          	lw	t6,8(a1)
80201a3c:	00c5af03          	lw	t5,12(a1)
80201a40:	0105ae83          	lw	t4,16(a1)
80201a44:	0145ae03          	lw	t3,20(a1)
80201a48:	0185a303          	lw	t1,24(a1)
80201a4c:	01c5a803          	lw	a6,28(a1)
80201a50:	00d72023          	sw	a3,0(a4)
80201a54:	0205a683          	lw	a3,32(a1)
80201a58:	02470713          	addi	a4,a4,36
80201a5c:	fe572023          	sw	t0,-32(a4)
80201a60:	fed72e23          	sw	a3,-4(a4)
80201a64:	fff72223          	sw	t6,-28(a4)
80201a68:	40e606b3          	sub	a3,a2,a4
80201a6c:	ffe72423          	sw	t5,-24(a4)
80201a70:	ffd72623          	sw	t4,-20(a4)
80201a74:	ffc72823          	sw	t3,-16(a4)
80201a78:	fe672a23          	sw	t1,-12(a4)
80201a7c:	ff072c23          	sw	a6,-8(a4)
80201a80:	02458593          	addi	a1,a1,36
80201a84:	fad7c6e3          	blt	a5,a3,80201a30 <memcpy+0x98>
80201a88:	f45ff06f          	j	802019cc <memcpy+0x34>
80201a8c:	0005c683          	lbu	a3,0(a1)
80201a90:	00170713          	addi	a4,a4,1
80201a94:	00377793          	andi	a5,a4,3
80201a98:	fed70fa3          	sb	a3,-1(a4)
80201a9c:	00158593          	addi	a1,a1,1
80201aa0:	f0078ee3          	beqz	a5,802019bc <memcpy+0x24>
80201aa4:	0005c683          	lbu	a3,0(a1)
80201aa8:	00170713          	addi	a4,a4,1
80201aac:	00377793          	andi	a5,a4,3
80201ab0:	fed70fa3          	sb	a3,-1(a4)
80201ab4:	00158593          	addi	a1,a1,1
80201ab8:	fc079ae3          	bnez	a5,80201a8c <memcpy+0xf4>
80201abc:	f01ff06f          	j	802019bc <memcpy+0x24>

80201ac0 <strlen>:
strlen():
80201ac0:	00357793          	andi	a5,a0,3
80201ac4:	00050713          	mv	a4,a0
80201ac8:	04079c63          	bnez	a5,80201b20 <strlen+0x60>
80201acc:	7f7f86b7          	lui	a3,0x7f7f8
80201ad0:	f7f68693          	addi	a3,a3,-129 # 7f7f7f7f <app_entry-0xa08081>
80201ad4:	fff00593          	li	a1,-1
80201ad8:	00072603          	lw	a2,0(a4)
80201adc:	00470713          	addi	a4,a4,4
80201ae0:	00d677b3          	and	a5,a2,a3
80201ae4:	00d787b3          	add	a5,a5,a3
80201ae8:	00c7e7b3          	or	a5,a5,a2
80201aec:	00d7e7b3          	or	a5,a5,a3
80201af0:	feb784e3          	beq	a5,a1,80201ad8 <strlen+0x18>
80201af4:	ffc74683          	lbu	a3,-4(a4)
80201af8:	40a707b3          	sub	a5,a4,a0
80201afc:	04068463          	beqz	a3,80201b44 <strlen+0x84>
80201b00:	ffd74683          	lbu	a3,-3(a4)
80201b04:	02068c63          	beqz	a3,80201b3c <strlen+0x7c>
80201b08:	ffe74503          	lbu	a0,-2(a4)
80201b0c:	00a03533          	snez	a0,a0
80201b10:	00f50533          	add	a0,a0,a5
80201b14:	ffe50513          	addi	a0,a0,-2
80201b18:	00008067          	ret
80201b1c:	fa0688e3          	beqz	a3,80201acc <strlen+0xc>
80201b20:	00074783          	lbu	a5,0(a4)
80201b24:	00170713          	addi	a4,a4,1
80201b28:	00377693          	andi	a3,a4,3
80201b2c:	fe0798e3          	bnez	a5,80201b1c <strlen+0x5c>
80201b30:	40a70733          	sub	a4,a4,a0
80201b34:	fff70513          	addi	a0,a4,-1
80201b38:	00008067          	ret
80201b3c:	ffd78513          	addi	a0,a5,-3
80201b40:	00008067          	ret
80201b44:	ffc78513          	addi	a0,a5,-4
80201b48:	00008067          	ret

80201b4c <strcpy>:
strcpy():
80201b4c:	00b567b3          	or	a5,a0,a1
80201b50:	0037f793          	andi	a5,a5,3
80201b54:	08079063          	bnez	a5,80201bd4 <strcpy+0x88>
80201b58:	0005a703          	lw	a4,0(a1)
80201b5c:	7f7f86b7          	lui	a3,0x7f7f8
80201b60:	f7f68693          	addi	a3,a3,-129 # 7f7f7f7f <app_entry-0xa08081>
80201b64:	00d77833          	and	a6,a4,a3
80201b68:	00d80833          	add	a6,a6,a3
80201b6c:	00e86833          	or	a6,a6,a4
80201b70:	00d86833          	or	a6,a6,a3
80201b74:	fff00793          	li	a5,-1
80201b78:	00050613          	mv	a2,a0
80201b7c:	02f81463          	bne	a6,a5,80201ba4 <strcpy+0x58>
80201b80:	00458593          	addi	a1,a1,4
80201b84:	00e62023          	sw	a4,0(a2)
80201b88:	0005a703          	lw	a4,0(a1)
80201b8c:	00460613          	addi	a2,a2,4
80201b90:	00d777b3          	and	a5,a4,a3
80201b94:	00d787b3          	add	a5,a5,a3
80201b98:	00e7e7b3          	or	a5,a5,a4
80201b9c:	00d7e7b3          	or	a5,a5,a3
80201ba0:	ff0780e3          	beq	a5,a6,80201b80 <strcpy+0x34>
80201ba4:	0005c783          	lbu	a5,0(a1)
80201ba8:	0015c703          	lbu	a4,1(a1)
80201bac:	0025c683          	lbu	a3,2(a1)
80201bb0:	00f60023          	sb	a5,0(a2)
80201bb4:	00078a63          	beqz	a5,80201bc8 <strcpy+0x7c>
80201bb8:	00e600a3          	sb	a4,1(a2)
80201bbc:	00070663          	beqz	a4,80201bc8 <strcpy+0x7c>
80201bc0:	00d60123          	sb	a3,2(a2)
80201bc4:	00069463          	bnez	a3,80201bcc <strcpy+0x80>
80201bc8:	00008067          	ret
80201bcc:	000601a3          	sb	zero,3(a2)
80201bd0:	00008067          	ret
80201bd4:	00050793          	mv	a5,a0
80201bd8:	0005c703          	lbu	a4,0(a1)
80201bdc:	00178793          	addi	a5,a5,1
80201be0:	00158593          	addi	a1,a1,1
80201be4:	fee78fa3          	sb	a4,-1(a5)
80201be8:	fe0718e3          	bnez	a4,80201bd8 <strcpy+0x8c>
80201bec:	00008067          	ret

80201bf0 <__mulsi3>:
__mulsi3():
80201bf0:	00050613          	mv	a2,a0
80201bf4:	00000513          	li	a0,0
80201bf8:	0015f693          	andi	a3,a1,1
80201bfc:	00068463          	beqz	a3,80201c04 <__mulsi3+0x14>
80201c00:	00c50533          	add	a0,a0,a2
80201c04:	0015d593          	srli	a1,a1,0x1
80201c08:	00161613          	slli	a2,a2,0x1
80201c0c:	fe0596e3          	bnez	a1,80201bf8 <__mulsi3+0x8>
80201c10:	00008067          	ret

80201c14 <__divsi3>:
__divsi3():
80201c14:	06054063          	bltz	a0,80201c74 <__umodsi3+0x10>
80201c18:	0605c663          	bltz	a1,80201c84 <__umodsi3+0x20>

80201c1c <__hidden___udivsi3>:
80201c1c:	00058613          	mv	a2,a1
80201c20:	00050593          	mv	a1,a0
80201c24:	fff00513          	li	a0,-1
80201c28:	02060c63          	beqz	a2,80201c60 <__hidden___udivsi3+0x44>
80201c2c:	00100693          	li	a3,1
80201c30:	00b67a63          	bgeu	a2,a1,80201c44 <__hidden___udivsi3+0x28>
80201c34:	00c05863          	blez	a2,80201c44 <__hidden___udivsi3+0x28>
80201c38:	00161613          	slli	a2,a2,0x1
80201c3c:	00169693          	slli	a3,a3,0x1
80201c40:	feb66ae3          	bltu	a2,a1,80201c34 <__hidden___udivsi3+0x18>
80201c44:	00000513          	li	a0,0
80201c48:	00c5e663          	bltu	a1,a2,80201c54 <__hidden___udivsi3+0x38>
80201c4c:	40c585b3          	sub	a1,a1,a2
80201c50:	00d56533          	or	a0,a0,a3
80201c54:	0016d693          	srli	a3,a3,0x1
80201c58:	00165613          	srli	a2,a2,0x1
80201c5c:	fe0696e3          	bnez	a3,80201c48 <__hidden___udivsi3+0x2c>
80201c60:	00008067          	ret

80201c64 <__umodsi3>:
80201c64:	00008293          	mv	t0,ra
80201c68:	fb5ff0ef          	jal	80201c1c <__hidden___udivsi3>
80201c6c:	00058513          	mv	a0,a1
80201c70:	00028067          	jr	t0 # 80201970 <memset+0xb4>
80201c74:	40a00533          	neg	a0,a0
80201c78:	00b04863          	bgtz	a1,80201c88 <__umodsi3+0x24>
80201c7c:	40b005b3          	neg	a1,a1
80201c80:	f9dff06f          	j	80201c1c <__hidden___udivsi3>
80201c84:	40b005b3          	neg	a1,a1
80201c88:	00008293          	mv	t0,ra
80201c8c:	f91ff0ef          	jal	80201c1c <__hidden___udivsi3>
80201c90:	40a00533          	neg	a0,a0
80201c94:	00028067          	jr	t0

80201c98 <__modsi3>:
__modsi3():
80201c98:	00008293          	mv	t0,ra
80201c9c:	0005ca63          	bltz	a1,80201cb0 <__modsi3+0x18>
80201ca0:	00054c63          	bltz	a0,80201cb8 <__modsi3+0x20>
80201ca4:	f79ff0ef          	jal	80201c1c <__hidden___udivsi3>
80201ca8:	00058513          	mv	a0,a1
80201cac:	00028067          	jr	t0
80201cb0:	40b005b3          	neg	a1,a1
80201cb4:	fe0558e3          	bgez	a0,80201ca4 <__modsi3+0xc>
80201cb8:	40a00533          	neg	a0,a0
80201cbc:	f61ff0ef          	jal	80201c1c <__hidden___udivsi3>
80201cc0:	40b00533          	neg	a0,a1
80201cc4:	00028067          	jr	t0
