
build/release/user/video_demo.elf:     file format elf32-littleriscv
build/release/user/video_demo.elf
architecture: riscv:rv32, flags 0x00000112:
EXEC_P, HAS_SYMS, D_PAGED
start address 0x80200000

Program Header:
0x70000003 off    0x00002008 vaddr 0x00000000 paddr 0x00000000 align 2**0
         filesz 0x0000004b memsz 0x00000000 flags r--
    LOAD off    0x00001000 vaddr 0x80200000 paddr 0x80200000 align 2**12
         filesz 0x00000300 memsz 0x00000300 flags r-x
    LOAD off    0x00002000 vaddr 0x80208000 paddr 0x80208000 align 2**12
         filesz 0x00000008 memsz 0x00000008 flags rw-

Sections:
Idx Name              Size      VMA       LMA       File off  Algn  Flags
  0 .text             00000300  80200000  80200000  00001000  2**3  CONTENTS, ALLOC, LOAD, READONLY, CODE
  1 .rodata           00000000  80208000  80208008  00002008  2**3  CONTENTS, ALLOC, LOAD, DATA
  2 .data             00000008  80208000  80208000  00002000  2**3  CONTENTS, ALLOC, LOAD, DATA
  3 .riscv.attributes 0000004b  00000000  00000000  00002008  2**0  CONTENTS, READONLY
  4 .comment          00000033  00000000  00000000  00002053  2**0  CONTENTS, READONLY
SYMBOL TABLE:
80200000 l    d  .text	00000000 .text
80208000 l    d  .rodata	00000000 .rodata
80208000 l    d  .data	00000000 .data
00000000 l    d  .riscv.attributes	00000000 .riscv.attributes
00000000 l    d  .comment	00000000 .comment
00000000 l    df *ABS*	00000000 ccoJEnR0.o
00000000 l    df *ABS*	00000000 video_demo.c
00000000 l    df *ABS*	00000000 servers.c
00000000 l    df *ABS*	00000000 syscall.c
80208004 l     O .data	00000004 sc
00000000 l    df *ABS*	00000000 libc_a-memcpy.o
80200000 g       .text	00000000 app_entry
802001d8 g     F .text	00000128 memcpy
80208000 g     O .data	00000004 earth
80200168 g     F .text	00000070 sys_send
80200010 g     F .text	00000124 main
80300000 g       *ABS*	00000000 __heap_end
80208008 g       .data	00000000 __heap_start
80200134 g     F .text	00000034 exit



Disassembly of section .text:

80200000 <app_entry>:
app_entry():
80200000:	00052503          	lw	a0,0(a0)
80200004:	80400137          	lui	sp,0x80400
80200008:	008000ef          	jal	80200010 <main>
8020000c:	128000ef          	jal	80200134 <exit>

80200010 <main>:
main():
80200010:	fe010113          	addi	sp,sp,-32 # 803fffe0 <__heap_end+0xfffe0>
80200014:	00112e23          	sw	ra,28(sp)
80200018:	00812c23          	sw	s0,24(sp)
8020001c:	02010413          	addi	s0,sp,32
80200020:	802087b7          	lui	a5,0x80208
80200024:	0007a783          	lw	a5,0(a5) # 80208000 <earth>
80200028:	0307a703          	lw	a4,48(a5)
8020002c:	00100793          	li	a5,1
80200030:	00f71a63          	bne	a4,a5,80200044 <main+0x34>
80200034:	222007b7          	lui	a5,0x22200
80200038:	93578793          	addi	a5,a5,-1739 # 221ff935 <app_entry-0x5e0006cb>
8020003c:	fef42623          	sw	a5,-20(s0)
80200040:	0100006f          	j	80200050 <main+0x40>
80200044:	206007b7          	lui	a5,0x20600
80200048:	93578793          	addi	a5,a5,-1739 # 205ff935 <app_entry-0x5fc006cb>
8020004c:	fef42623          	sw	a5,-20(s0)
80200050:	fe042423          	sw	zero,-24(s0)
80200054:	0bc0006f          	j	80200110 <main+0x100>
80200058:	fe042223          	sw	zero,-28(s0)
8020005c:	09c0006f          	j	802000f8 <main+0xe8>
80200060:	802087b7          	lui	a5,0x80208
80200064:	0007a783          	lw	a5,0(a5) # 80208000 <earth>
80200068:	0307a703          	lw	a4,48(a5)
8020006c:	00100793          	li	a5,1
80200070:	00f71663          	bne	a4,a5,8020007c <main+0x6c>
80200074:	420007b7          	lui	a5,0x42000
80200078:	0080006f          	j	80200080 <main+0x70>
8020007c:	806007b7          	lui	a5,0x80600
80200080:	fe842683          	lw	a3,-24(s0)
80200084:	32000713          	li	a4,800
80200088:	02e686b3          	mul	a3,a3,a4
8020008c:	fe442703          	lw	a4,-28(s0)
80200090:	40e68733          	sub	a4,a3,a4
80200094:	32070713          	addi	a4,a4,800
80200098:	00271713          	slli	a4,a4,0x2
8020009c:	00e787b3          	add	a5,a5,a4
802000a0:	fef42023          	sw	a5,-32(s0)
802000a4:	fec42783          	lw	a5,-20(s0)
802000a8:	0007c783          	lbu	a5,0(a5) # 80600000 <__heap_end+0x300000>
802000ac:	00078713          	mv	a4,a5
802000b0:	fec42783          	lw	a5,-20(s0)
802000b4:	00178793          	addi	a5,a5,1
802000b8:	0007c783          	lbu	a5,0(a5)
802000bc:	00879793          	slli	a5,a5,0x8
802000c0:	00f76733          	or	a4,a4,a5
802000c4:	fec42783          	lw	a5,-20(s0)
802000c8:	00278793          	addi	a5,a5,2
802000cc:	0007c783          	lbu	a5,0(a5)
802000d0:	01079793          	slli	a5,a5,0x10
802000d4:	00f76733          	or	a4,a4,a5
802000d8:	fe042783          	lw	a5,-32(s0)
802000dc:	00e7a023          	sw	a4,0(a5)
802000e0:	fec42783          	lw	a5,-20(s0)
802000e4:	ffd78793          	addi	a5,a5,-3
802000e8:	fef42623          	sw	a5,-20(s0)
802000ec:	fe442783          	lw	a5,-28(s0)
802000f0:	00178793          	addi	a5,a5,1
802000f4:	fef42223          	sw	a5,-28(s0)
802000f8:	fe442703          	lw	a4,-28(s0)
802000fc:	31f00793          	li	a5,799
80200100:	f6e7f0e3          	bgeu	a5,a4,80200060 <main+0x50>
80200104:	fe842783          	lw	a5,-24(s0)
80200108:	00178793          	addi	a5,a5,1
8020010c:	fef42423          	sw	a5,-24(s0)
80200110:	fe842703          	lw	a4,-24(s0)
80200114:	25700793          	li	a5,599
80200118:	f4e7f0e3          	bgeu	a5,a4,80200058 <main+0x48>
8020011c:	00000793          	li	a5,0
80200120:	00078513          	mv	a0,a5
80200124:	01c12083          	lw	ra,28(sp)
80200128:	01812403          	lw	s0,24(sp)
8020012c:	02010113          	addi	sp,sp,32
80200130:	00008067          	ret

80200134 <exit>:
exit():
80200134:	dd010113          	addi	sp,sp,-560
80200138:	22112623          	sw	ra,556(sp)
8020013c:	22812423          	sw	s0,552(sp)
80200140:	23010413          	addi	s0,sp,560
80200144:	dca42e23          	sw	a0,-548(s0)
80200148:	00100793          	li	a5,1
8020014c:	def42423          	sw	a5,-536(s0)
80200150:	de840793          	addi	a5,s0,-536
80200154:	20800613          	li	a2,520
80200158:	00078593          	mv	a1,a5
8020015c:	00100513          	li	a0,1
80200160:	008000ef          	jal	80200168 <sys_send>
80200164:	0000006f          	j	80200164 <exit+0x30>

80200168 <sys_send>:
sys_send():
80200168:	fe010113          	addi	sp,sp,-32
8020016c:	00112e23          	sw	ra,28(sp)
80200170:	00812c23          	sw	s0,24(sp)
80200174:	02010413          	addi	s0,sp,32
80200178:	fea42623          	sw	a0,-20(s0)
8020017c:	feb42423          	sw	a1,-24(s0)
80200180:	fec42223          	sw	a2,-28(s0)
80200184:	802087b7          	lui	a5,0x80208
80200188:	0047a783          	lw	a5,4(a5) # 80208004 <sc>
8020018c:	00200713          	li	a4,2
80200190:	00e7a023          	sw	a4,0(a5)
80200194:	802087b7          	lui	a5,0x80208
80200198:	0047a783          	lw	a5,4(a5) # 80208004 <sc>
8020019c:	fec42703          	lw	a4,-20(s0)
802001a0:	00e7a423          	sw	a4,8(a5)
802001a4:	802087b7          	lui	a5,0x80208
802001a8:	0047a783          	lw	a5,4(a5) # 80208004 <sc>
802001ac:	00c78793          	addi	a5,a5,12
802001b0:	fe442603          	lw	a2,-28(s0)
802001b4:	fe842583          	lw	a1,-24(s0)
802001b8:	00078513          	mv	a0,a5
802001bc:	01c000ef          	jal	802001d8 <memcpy>
802001c0:	00000073          	ecall
802001c4:	00000013          	nop
802001c8:	01c12083          	lw	ra,28(sp)
802001cc:	01812403          	lw	s0,24(sp)
802001d0:	02010113          	addi	sp,sp,32
802001d4:	00008067          	ret

802001d8 <memcpy>:
memcpy():
802001d8:	00a5c7b3          	xor	a5,a1,a0
802001dc:	0037f793          	andi	a5,a5,3
802001e0:	00c508b3          	add	a7,a0,a2
802001e4:	06079663          	bnez	a5,80200250 <memcpy+0x78>
802001e8:	00463613          	sltiu	a2,a2,4
802001ec:	06061263          	bnez	a2,80200250 <memcpy+0x78>
802001f0:	00357793          	andi	a5,a0,3
802001f4:	00050713          	mv	a4,a0
802001f8:	0c079a63          	bnez	a5,802002cc <memcpy+0xf4>
802001fc:	ffc8f613          	andi	a2,a7,-4
80200200:	40e606b3          	sub	a3,a2,a4
80200204:	02000793          	li	a5,32
80200208:	06d7c463          	blt	a5,a3,80200270 <memcpy+0x98>
8020020c:	00058693          	mv	a3,a1
80200210:	00070793          	mv	a5,a4
80200214:	02c77a63          	bgeu	a4,a2,80200248 <memcpy+0x70>
80200218:	0006a803          	lw	a6,0(a3)
8020021c:	00478793          	addi	a5,a5,4
80200220:	00468693          	addi	a3,a3,4
80200224:	ff07ae23          	sw	a6,-4(a5)
80200228:	fec7e8e3          	bltu	a5,a2,80200218 <memcpy+0x40>
8020022c:	fff60613          	addi	a2,a2,-1
80200230:	40e60633          	sub	a2,a2,a4
80200234:	ffc67613          	andi	a2,a2,-4
80200238:	00458593          	addi	a1,a1,4
8020023c:	00470713          	addi	a4,a4,4
80200240:	00c585b3          	add	a1,a1,a2
80200244:	00c70733          	add	a4,a4,a2
80200248:	01176863          	bltu	a4,a7,80200258 <memcpy+0x80>
8020024c:	00008067          	ret
80200250:	00050713          	mv	a4,a0
80200254:	ff157ce3          	bgeu	a0,a7,8020024c <memcpy+0x74>
80200258:	0005c783          	lbu	a5,0(a1)
8020025c:	00170713          	addi	a4,a4,1
80200260:	00158593          	addi	a1,a1,1
80200264:	fef70fa3          	sb	a5,-1(a4)
80200268:	fee898e3          	bne	a7,a4,80200258 <memcpy+0x80>
8020026c:	00008067          	ret
80200270:	0005a683          	lw	a3,0(a1)
80200274:	0045a283          	lw	t0,4(a1)
80200278:	0085af83          	lw	t6,8(a1)
8020027c:	00c5af03          	lw	t5,12(a1)
80200280:	0105ae83          	lw	t4,16(a1)
80200284:	0145ae03          	lw	t3,20(a1)
80200288:	0185a303          	lw	t1,24(a1)
8020028c:	01c5a803          	lw	a6,28(a1)
80200290:	00d72023          	sw	a3,0(a4)
80200294:	0205a683          	lw	a3,32(a1)
80200298:	02470713          	addi	a4,a4,36
8020029c:	fe572023          	sw	t0,-32(a4)
802002a0:	fed72e23          	sw	a3,-4(a4)
802002a4:	fff72223          	sw	t6,-28(a4)
802002a8:	40e606b3          	sub	a3,a2,a4
802002ac:	ffe72423          	sw	t5,-24(a4)
802002b0:	ffd72623          	sw	t4,-20(a4)
802002b4:	ffc72823          	sw	t3,-16(a4)
802002b8:	fe672a23          	sw	t1,-12(a4)
802002bc:	ff072c23          	sw	a6,-8(a4)
802002c0:	02458593          	addi	a1,a1,36
802002c4:	fad7c6e3          	blt	a5,a3,80200270 <memcpy+0x98>
802002c8:	f45ff06f          	j	8020020c <memcpy+0x34>
802002cc:	0005c683          	lbu	a3,0(a1)
802002d0:	00170713          	addi	a4,a4,1
802002d4:	00377793          	andi	a5,a4,3
802002d8:	fed70fa3          	sb	a3,-1(a4)
802002dc:	00158593          	addi	a1,a1,1
802002e0:	f0078ee3          	beqz	a5,802001fc <memcpy+0x24>
802002e4:	0005c683          	lbu	a3,0(a1)
802002e8:	00170713          	addi	a4,a4,1
802002ec:	00377793          	andi	a5,a4,3
802002f0:	fed70fa3          	sb	a3,-1(a4)
802002f4:	00158593          	addi	a1,a1,1
802002f8:	fc079ae3          	bnez	a5,802002cc <memcpy+0xf4>
802002fc:	f01ff06f          	j	802001fc <memcpy+0x24>
