
build/release/user/wcl.elf:     file format elf32-littleriscv
build/release/user/wcl.elf
architecture: riscv:rv32, flags 0x00000112:
EXEC_P, HAS_SYMS, D_PAGED
start address 0x80200000

Program Header:
0x70000003 off    0x000032b8 vaddr 0x00000000 paddr 0x00000000 align 2**0
         filesz 0x0000004b memsz 0x00000000 flags r--
    LOAD off    0x00001000 vaddr 0x80200000 paddr 0x80200000 align 2**12
         filesz 0x000013a8 memsz 0x000013a8 flags r-x
    LOAD off    0x00003000 vaddr 0x80208000 paddr 0x80208000 align 2**12
         filesz 0x000002b8 memsz 0x000007f4 flags rw-

Sections:
Idx Name              Size      VMA       LMA       File off  Algn  Flags
  0 .text             000013a8  80200000  80200000  00001000  2**3  CONTENTS, ALLOC, LOAD, READONLY, CODE
  1 .rodata           00000170  80208000  80208000  00003000  2**3  CONTENTS, ALLOC, LOAD, READONLY, DATA
  2 .data             00000148  80208170  80208170  00003170  2**3  CONTENTS, ALLOC, LOAD, DATA
  3 .bss              0000053c  802082b8  802082b8  000032b8  2**3  ALLOC
  4 .riscv.attributes 0000004b  00000000  00000000  000032b8  2**0  CONTENTS, READONLY
  5 .comment          00000033  00000000  00000000  00003303  2**0  CONTENTS, READONLY
SYMBOL TABLE:
80200000 l    d  .text	00000000 .text
80208000 l    d  .rodata	00000000 .rodata
80208170 l    d  .data	00000000 .data
802082b8 l    d  .bss	00000000 .bss
00000000 l    d  .riscv.attributes	00000000 .riscv.attributes
00000000 l    d  .comment	00000000 .comment
00000000 l    df *ABS*	00000000 ccFZbuB5.o
00000000 l    df *ABS*	00000000 wcl.c
00000000 l    df *ABS*	00000000 print.c
00000000 l    df *ABS*	00000000 servers.c
802082b8 l     O .bss	00000004 sender
802082bc l     O .bss	00000400 buf
00000000 l    df *ABS*	00000000 syscall.c
802082b0 l     O .data	00000004 sc
00000000 l    df *ABS*	00000000 libc_a-atoi.o
00000000 l    df *ABS*	00000000 libc_a-itoa.o
00000000 l    df *ABS*	00000000 libc_a-strtol.o
8020088c l     F .text	00000370 _strtol_l.part.0
00000000 l    df *ABS*	00000000 libc_a-utoa.o
00000000 l    df *ABS*	00000000 libc_a-strcat.o
00000000 l    df *ABS*	00000000 libc_a-strncat.o
00000000 l    df *ABS*	00000000 libc_a-strncmp.o
00000000 l    df *ABS*	00000000 libc_a-errno.o
00000000 l    df *ABS*	00000000 libc_a-memset.o
00000000 l    df *ABS*	00000000 libc_a-memcpy.o
00000000 l    df *ABS*	00000000 libc_a-strlen.o
00000000 l    df *ABS*	00000000 libc_a-strcpy.o
00000000 l    df *ABS*	00000000 muldi3.o
00000000 l    df *ABS*	00000000 div.o
80200778 g     F .text	00000090 sys_recv
8020122c g     F .text	000000a4 strcpy
8020032c g     F .text	00000098 my_printf
80200f90 g     F .text	0000000c __errno
80200000 g       .text	00000000 app_entry
80201078 g     F .text	00000128 memcpy
802012fc g     F .text	00000048 .hidden __hidden___udivsi3
802012fc g     F .text	00000048 .hidden __udivsi3
80200814 g     F .text	00000078 itoa
80200bfc g     F .text	00000050 strtol
802086bc g     O .bss	00000138 __sf
80200708 g     F .text	00000070 sys_send
80200da0 g     F .text	000000a0 strcat
80201344 g     F .text	00000010 .hidden __umodsi3
802005ec g     F .text	000000b4 file_read
802001e0 g     F .text	0000014c format_to_str
80200eec g     F .text	000000a4 strncmp
802012d0 g     F .text	00000024 .hidden __mulsi3
80200e40 g     F .text	000000ac strncat
80200c4c g     F .text	00000154 __utoa
80200f9c g     F .text	000000dc memset
80200010 g     F .text	000001d0 main
802012f4 g     F .text	00000084 .hidden __divsi3
80300000 g       *ABS*	00000000 __heap_end
802082b4 g     O .data	00000004 _impure_ptr
802087f8 g       .riscv.attributes	00000000 __heap_start
802006a0 g     F .text	00000068 term_write
802004a8 g     F .text	00000034 exit
80201378 g     F .text	00000030 .hidden __modsi3
80208170 g     O .data	00000140 _impure_data
80200808 g     F .text	0000000c atoi
80208068 g     O .rodata	00000101 _ctype_
802004dc g     F .text	00000110 dir_lookup
802011a0 g     F .text	0000008c strlen
802003c4 g     F .text	000000e4 INFO



Disassembly of section .text:

80200000 <app_entry>:
app_entry():
80200000:	00052503          	lw	a0,0(a0)
80200004:	80400137          	lui	sp,0x80400
80200008:	008000ef          	jal	80200010 <main>
8020000c:	49c000ef          	jal	802004a8 <exit>

80200010 <main>:
main():
80200010:	dc010113          	addi	sp,sp,-576 # 803ffdc0 <__heap_end+0xffdc0>
80200014:	22112e23          	sw	ra,572(sp)
80200018:	22812c23          	sw	s0,568(sp)
8020001c:	24010413          	addi	s0,sp,576
80200020:	dca42623          	sw	a0,-564(s0)
80200024:	dcb42423          	sw	a1,-568(s0)
80200028:	dcc42703          	lw	a4,-564(s0)
8020002c:	00100793          	li	a5,1
80200030:	00e7cc63          	blt	a5,a4,80200048 <main+0x38>
80200034:	802087b7          	lui	a5,0x80208
80200038:	00078513          	mv	a0,a5
8020003c:	388000ef          	jal	802003c4 <INFO>
80200040:	fff00793          	li	a5,-1
80200044:	1880006f          	j	802001cc <main+0x1bc>
80200048:	fe042623          	sw	zero,-20(s0)
8020004c:	00100793          	li	a5,1
80200050:	fef42423          	sw	a5,-24(s0)
80200054:	1580006f          	j	802001ac <main+0x19c>
80200058:	fe842783          	lw	a5,-24(s0)
8020005c:	00279793          	slli	a5,a5,0x2
80200060:	dc842703          	lw	a4,-568(s0)
80200064:	00f707b3          	add	a5,a4,a5
80200068:	0007a783          	lw	a5,0(a5) # 80208000 <__modsi3+0x6c88>
8020006c:	fcf42c23          	sw	a5,-40(s0)
80200070:	803027b7          	lui	a5,0x80302
80200074:	0007a783          	lw	a5,0(a5) # 80302000 <__heap_end+0x2000>
80200078:	fd842583          	lw	a1,-40(s0)
8020007c:	00078513          	mv	a0,a5
80200080:	45c000ef          	jal	802004dc <dir_lookup>
80200084:	fca42a23          	sw	a0,-44(s0)
80200088:	fd442783          	lw	a5,-44(s0)
8020008c:	0007dc63          	bgez	a5,802000a4 <main+0x94>
80200090:	fd842583          	lw	a1,-40(s0)
80200094:	802087b7          	lui	a5,0x80208
80200098:	02078513          	addi	a0,a5,32 # 80208020 <__modsi3+0x6ca8>
8020009c:	328000ef          	jal	802003c4 <INFO>
802000a0:	1000006f          	j	802001a0 <main+0x190>
802000a4:	dd040793          	addi	a5,s0,-560
802000a8:	20000613          	li	a2,512
802000ac:	00000593          	li	a1,0
802000b0:	00078513          	mv	a0,a5
802000b4:	6e9000ef          	jal	80200f9c <memset>
802000b8:	dd040793          	addi	a5,s0,-560
802000bc:	00078613          	mv	a2,a5
802000c0:	00000593          	li	a1,0
802000c4:	fd442503          	lw	a0,-44(s0)
802000c8:	524000ef          	jal	802005ec <file_read>
802000cc:	fca42823          	sw	a0,-48(s0)
802000d0:	fd042783          	lw	a5,-48(s0)
802000d4:	0c07c463          	bltz	a5,8020019c <main+0x18c>
802000d8:	fe042223          	sw	zero,-28(s0)
802000dc:	fe042023          	sw	zero,-32(s0)
802000e0:	fc042e23          	sw	zero,-36(s0)
802000e4:	0700006f          	j	80200154 <main+0x144>
802000e8:	fdc42783          	lw	a5,-36(s0)
802000ec:	ff078793          	addi	a5,a5,-16
802000f0:	008787b3          	add	a5,a5,s0
802000f4:	de07c703          	lbu	a4,-544(a5)
802000f8:	00a00793          	li	a5,10
802000fc:	00f71c63          	bne	a4,a5,80200114 <main+0x104>
80200100:	fe442783          	lw	a5,-28(s0)
80200104:	00178793          	addi	a5,a5,1
80200108:	fef42223          	sw	a5,-28(s0)
8020010c:	fe042023          	sw	zero,-32(s0)
80200110:	0380006f          	j	80200148 <main+0x138>
80200114:	fdc42783          	lw	a5,-36(s0)
80200118:	ff078793          	addi	a5,a5,-16
8020011c:	008787b3          	add	a5,a5,s0
80200120:	de07c703          	lbu	a4,-544(a5)
80200124:	00d00793          	li	a5,13
80200128:	02f70063          	beq	a4,a5,80200148 <main+0x138>
8020012c:	fdc42783          	lw	a5,-36(s0)
80200130:	ff078793          	addi	a5,a5,-16
80200134:	008787b3          	add	a5,a5,s0
80200138:	de07c783          	lbu	a5,-544(a5)
8020013c:	00078663          	beqz	a5,80200148 <main+0x138>
80200140:	00100793          	li	a5,1
80200144:	fef42023          	sw	a5,-32(s0)
80200148:	fdc42783          	lw	a5,-36(s0)
8020014c:	00178793          	addi	a5,a5,1
80200150:	fcf42e23          	sw	a5,-36(s0)
80200154:	fdc42703          	lw	a4,-36(s0)
80200158:	1ff00793          	li	a5,511
8020015c:	00e7cc63          	blt	a5,a4,80200174 <main+0x164>
80200160:	fdc42783          	lw	a5,-36(s0)
80200164:	ff078793          	addi	a5,a5,-16
80200168:	008787b3          	add	a5,a5,s0
8020016c:	de07c783          	lbu	a5,-544(a5)
80200170:	f6079ce3          	bnez	a5,802000e8 <main+0xd8>
80200174:	fe042783          	lw	a5,-32(s0)
80200178:	00078863          	beqz	a5,80200188 <main+0x178>
8020017c:	fe442783          	lw	a5,-28(s0)
80200180:	00178793          	addi	a5,a5,1
80200184:	fef42223          	sw	a5,-28(s0)
80200188:	fec42703          	lw	a4,-20(s0)
8020018c:	fe442783          	lw	a5,-28(s0)
80200190:	00f707b3          	add	a5,a4,a5
80200194:	fef42623          	sw	a5,-20(s0)
80200198:	0080006f          	j	802001a0 <main+0x190>
8020019c:	00000013          	nop
802001a0:	fe842783          	lw	a5,-24(s0)
802001a4:	00178793          	addi	a5,a5,1
802001a8:	fef42423          	sw	a5,-24(s0)
802001ac:	fe842703          	lw	a4,-24(s0)
802001b0:	dcc42783          	lw	a5,-564(s0)
802001b4:	eaf742e3          	blt	a4,a5,80200058 <main+0x48>
802001b8:	fec42583          	lw	a1,-20(s0)
802001bc:	802087b7          	lui	a5,0x80208
802001c0:	03878513          	addi	a0,a5,56 # 80208038 <__modsi3+0x6cc0>
802001c4:	168000ef          	jal	8020032c <my_printf>
802001c8:	00000793          	li	a5,0
802001cc:	00078513          	mv	a0,a5
802001d0:	23c12083          	lw	ra,572(sp)
802001d4:	23812403          	lw	s0,568(sp)
802001d8:	24010113          	addi	sp,sp,576
802001dc:	00008067          	ret

802001e0 <format_to_str>:
format_to_str():
802001e0:	fe010113          	addi	sp,sp,-32
802001e4:	00112e23          	sw	ra,28(sp)
802001e8:	00812c23          	sw	s0,24(sp)
802001ec:	00912a23          	sw	s1,20(sp)
802001f0:	02010413          	addi	s0,sp,32
802001f4:	fea42623          	sw	a0,-20(s0)
802001f8:	feb42423          	sw	a1,-24(s0)
802001fc:	fec42223          	sw	a2,-28(s0)
80200200:	fec42783          	lw	a5,-20(s0)
80200204:	00078023          	sb	zero,0(a5)
80200208:	0fc0006f          	j	80200304 <format_to_str+0x124>
8020020c:	fe842783          	lw	a5,-24(s0)
80200210:	0007c703          	lbu	a4,0(a5)
80200214:	02500793          	li	a5,37
80200218:	00f70c63          	beq	a4,a5,80200230 <format_to_str+0x50>
8020021c:	00100613          	li	a2,1
80200220:	fe842583          	lw	a1,-24(s0)
80200224:	fec42503          	lw	a0,-20(s0)
80200228:	419000ef          	jal	80200e40 <strncat>
8020022c:	0cc0006f          	j	802002f8 <format_to_str+0x118>
80200230:	fe842783          	lw	a5,-24(s0)
80200234:	00178793          	addi	a5,a5,1
80200238:	fef42423          	sw	a5,-24(s0)
8020023c:	fe842783          	lw	a5,-24(s0)
80200240:	0007c703          	lbu	a4,0(a5)
80200244:	07300793          	li	a5,115
80200248:	02f71263          	bne	a4,a5,8020026c <format_to_str+0x8c>
8020024c:	fe442783          	lw	a5,-28(s0)
80200250:	00478713          	addi	a4,a5,4
80200254:	fee42223          	sw	a4,-28(s0)
80200258:	0007a783          	lw	a5,0(a5)
8020025c:	00078593          	mv	a1,a5
80200260:	fec42503          	lw	a0,-20(s0)
80200264:	33d000ef          	jal	80200da0 <strcat>
80200268:	0900006f          	j	802002f8 <format_to_str+0x118>
8020026c:	fe842783          	lw	a5,-24(s0)
80200270:	0007c703          	lbu	a4,0(a5)
80200274:	06400793          	li	a5,100
80200278:	02f71e63          	bne	a4,a5,802002b4 <format_to_str+0xd4>
8020027c:	fe442783          	lw	a5,-28(s0)
80200280:	00478713          	addi	a4,a5,4
80200284:	fee42223          	sw	a4,-28(s0)
80200288:	0007a483          	lw	s1,0(a5)
8020028c:	fec42503          	lw	a0,-20(s0)
80200290:	711000ef          	jal	802011a0 <strlen>
80200294:	00050713          	mv	a4,a0
80200298:	fec42783          	lw	a5,-20(s0)
8020029c:	00e787b3          	add	a5,a5,a4
802002a0:	00a00613          	li	a2,10
802002a4:	00078593          	mv	a1,a5
802002a8:	00048513          	mv	a0,s1
802002ac:	568000ef          	jal	80200814 <itoa>
802002b0:	0480006f          	j	802002f8 <format_to_str+0x118>
802002b4:	fe842783          	lw	a5,-24(s0)
802002b8:	0007c703          	lbu	a4,0(a5)
802002bc:	07800793          	li	a5,120
802002c0:	02f71c63          	bne	a4,a5,802002f8 <format_to_str+0x118>
802002c4:	fe442783          	lw	a5,-28(s0)
802002c8:	00478713          	addi	a4,a5,4
802002cc:	fee42223          	sw	a4,-28(s0)
802002d0:	0007a483          	lw	s1,0(a5)
802002d4:	fec42503          	lw	a0,-20(s0)
802002d8:	6c9000ef          	jal	802011a0 <strlen>
802002dc:	00050713          	mv	a4,a0
802002e0:	fec42783          	lw	a5,-20(s0)
802002e4:	00e787b3          	add	a5,a5,a4
802002e8:	01000613          	li	a2,16
802002ec:	00078593          	mv	a1,a5
802002f0:	00048513          	mv	a0,s1
802002f4:	520000ef          	jal	80200814 <itoa>
802002f8:	fe842783          	lw	a5,-24(s0)
802002fc:	00178793          	addi	a5,a5,1
80200300:	fef42423          	sw	a5,-24(s0)
80200304:	fe842783          	lw	a5,-24(s0)
80200308:	0007c783          	lbu	a5,0(a5)
8020030c:	f00790e3          	bnez	a5,8020020c <format_to_str+0x2c>
80200310:	00000013          	nop
80200314:	00000013          	nop
80200318:	01c12083          	lw	ra,28(sp)
8020031c:	01812403          	lw	s0,24(sp)
80200320:	01412483          	lw	s1,20(sp)
80200324:	02010113          	addi	sp,sp,32
80200328:	00008067          	ret

8020032c <my_printf>:
my_printf():
8020032c:	db010113          	addi	sp,sp,-592
80200330:	22112623          	sw	ra,556(sp)
80200334:	22812423          	sw	s0,552(sp)
80200338:	23010413          	addi	s0,sp,560
8020033c:	dca42e23          	sw	a0,-548(s0)
80200340:	00b42223          	sw	a1,4(s0)
80200344:	00c42423          	sw	a2,8(s0)
80200348:	00d42623          	sw	a3,12(s0)
8020034c:	00e42823          	sw	a4,16(s0)
80200350:	00f42a23          	sw	a5,20(s0)
80200354:	01042c23          	sw	a6,24(s0)
80200358:	01142e23          	sw	a7,28(s0)
8020035c:	de040823          	sb	zero,-528(s0)
80200360:	02040793          	addi	a5,s0,32
80200364:	dcf42c23          	sw	a5,-552(s0)
80200368:	dd842783          	lw	a5,-552(s0)
8020036c:	fe478793          	addi	a5,a5,-28
80200370:	def42623          	sw	a5,-532(s0)
80200374:	dec42703          	lw	a4,-532(s0)
80200378:	df040793          	addi	a5,s0,-528
8020037c:	00070613          	mv	a2,a4
80200380:	ddc42583          	lw	a1,-548(s0)
80200384:	00078513          	mv	a0,a5
80200388:	e59ff0ef          	jal	802001e0 <format_to_str>
8020038c:	df040793          	addi	a5,s0,-528
80200390:	00078513          	mv	a0,a5
80200394:	60d000ef          	jal	802011a0 <strlen>
80200398:	00050713          	mv	a4,a0
8020039c:	df040793          	addi	a5,s0,-528
802003a0:	00070593          	mv	a1,a4
802003a4:	00078513          	mv	a0,a5
802003a8:	2f8000ef          	jal	802006a0 <term_write>
802003ac:	00000013          	nop
802003b0:	00078513          	mv	a0,a5
802003b4:	22c12083          	lw	ra,556(sp)
802003b8:	22812403          	lw	s0,552(sp)
802003bc:	25010113          	addi	sp,sp,592
802003c0:	00008067          	ret

802003c4 <INFO>:
INFO():
802003c4:	db010113          	addi	sp,sp,-592
802003c8:	22112623          	sw	ra,556(sp)
802003cc:	22812423          	sw	s0,552(sp)
802003d0:	23010413          	addi	s0,sp,560
802003d4:	dca42e23          	sw	a0,-548(s0)
802003d8:	00b42223          	sw	a1,4(s0)
802003dc:	00c42423          	sw	a2,8(s0)
802003e0:	00d42623          	sw	a3,12(s0)
802003e4:	00e42823          	sw	a4,16(s0)
802003e8:	00f42a23          	sw	a5,20(s0)
802003ec:	01042c23          	sw	a6,24(s0)
802003f0:	01142e23          	sw	a7,28(s0)
802003f4:	df040793          	addi	a5,s0,-528
802003f8:	464e5737          	lui	a4,0x464e5
802003fc:	95b70713          	addi	a4,a4,-1701 # 464e495b <app_entry-0x39d1b6a5>
80200400:	00e7a023          	sw	a4,0(a5)
80200404:	00206737          	lui	a4,0x206
80200408:	d4f70713          	addi	a4,a4,-689 # 205d4f <app_entry-0x7fffa2b1>
8020040c:	00e7a223          	sw	a4,4(a5)
80200410:	02040793          	addi	a5,s0,32
80200414:	dcf42c23          	sw	a5,-552(s0)
80200418:	dd842783          	lw	a5,-552(s0)
8020041c:	fe478793          	addi	a5,a5,-28
80200420:	def42623          	sw	a5,-532(s0)
80200424:	df040793          	addi	a5,s0,-528
80200428:	00778793          	addi	a5,a5,7
8020042c:	dec42703          	lw	a4,-532(s0)
80200430:	00070613          	mv	a2,a4
80200434:	ddc42583          	lw	a1,-548(s0)
80200438:	00078513          	mv	a0,a5
8020043c:	da5ff0ef          	jal	802001e0 <format_to_str>
80200440:	df040793          	addi	a5,s0,-528
80200444:	00078513          	mv	a0,a5
80200448:	559000ef          	jal	802011a0 <strlen>
8020044c:	00050793          	mv	a5,a0
80200450:	00078713          	mv	a4,a5
80200454:	df040793          	addi	a5,s0,-528
80200458:	00e787b3          	add	a5,a5,a4
8020045c:	00a00713          	li	a4,10
80200460:	00e78023          	sb	a4,0(a5)
80200464:	00d00713          	li	a4,13
80200468:	00e780a3          	sb	a4,1(a5)
8020046c:	00078123          	sb	zero,2(a5)
80200470:	df040793          	addi	a5,s0,-528
80200474:	00078513          	mv	a0,a5
80200478:	529000ef          	jal	802011a0 <strlen>
8020047c:	00050713          	mv	a4,a0
80200480:	df040793          	addi	a5,s0,-528
80200484:	00070593          	mv	a1,a4
80200488:	00078513          	mv	a0,a5
8020048c:	214000ef          	jal	802006a0 <term_write>
80200490:	00000013          	nop
80200494:	00078513          	mv	a0,a5
80200498:	22c12083          	lw	ra,556(sp)
8020049c:	22812403          	lw	s0,552(sp)
802004a0:	25010113          	addi	sp,sp,592
802004a4:	00008067          	ret

802004a8 <exit>:
exit():
802004a8:	dd010113          	addi	sp,sp,-560
802004ac:	22112623          	sw	ra,556(sp)
802004b0:	22812423          	sw	s0,552(sp)
802004b4:	23010413          	addi	s0,sp,560
802004b8:	dca42e23          	sw	a0,-548(s0)
802004bc:	00100793          	li	a5,1
802004c0:	def42423          	sw	a5,-536(s0)
802004c4:	de840793          	addi	a5,s0,-536
802004c8:	20800613          	li	a2,520
802004cc:	00078593          	mv	a1,a5
802004d0:	00100513          	li	a0,1
802004d4:	234000ef          	jal	80200708 <sys_send>
802004d8:	0000006f          	j	802004d8 <exit+0x30>

802004dc <dir_lookup>:
dir_lookup():
802004dc:	dd010113          	addi	sp,sp,-560
802004e0:	22112623          	sw	ra,556(sp)
802004e4:	22812423          	sw	s0,552(sp)
802004e8:	23010413          	addi	s0,sp,560
802004ec:	dca42e23          	sw	a0,-548(s0)
802004f0:	dcb42c23          	sw	a1,-552(s0)
802004f4:	de840793          	addi	a5,s0,-536
802004f8:	00078613          	mv	a2,a5
802004fc:	00000593          	li	a1,0
80200500:	ddc42503          	lw	a0,-548(s0)
80200504:	0e8000ef          	jal	802005ec <file_read>
80200508:	fe042623          	sw	zero,-20(s0)
8020050c:	dd842503          	lw	a0,-552(s0)
80200510:	491000ef          	jal	802011a0 <strlen>
80200514:	fea42423          	sw	a0,-24(s0)
80200518:	09c0006f          	j	802005b4 <dir_lookup+0xd8>
8020051c:	de840713          	addi	a4,s0,-536
80200520:	fec42783          	lw	a5,-20(s0)
80200524:	00f707b3          	add	a5,a4,a5
80200528:	fe842603          	lw	a2,-24(s0)
8020052c:	00078593          	mv	a1,a5
80200530:	dd842503          	lw	a0,-552(s0)
80200534:	1b9000ef          	jal	80200eec <strncmp>
80200538:	00050793          	mv	a5,a0
8020053c:	06079663          	bnez	a5,802005a8 <dir_lookup+0xcc>
80200540:	fec42703          	lw	a4,-20(s0)
80200544:	fe842783          	lw	a5,-24(s0)
80200548:	00f707b3          	add	a5,a4,a5
8020054c:	ff078793          	addi	a5,a5,-16
80200550:	008787b3          	add	a5,a5,s0
80200554:	df87c703          	lbu	a4,-520(a5)
80200558:	02000793          	li	a5,32
8020055c:	04f71663          	bne	a4,a5,802005a8 <dir_lookup+0xcc>
80200560:	fec42783          	lw	a5,-20(s0)
80200564:	02078063          	beqz	a5,80200584 <dir_lookup+0xa8>
80200568:	fec42783          	lw	a5,-20(s0)
8020056c:	fff78793          	addi	a5,a5,-1
80200570:	ff078793          	addi	a5,a5,-16
80200574:	008787b3          	add	a5,a5,s0
80200578:	df87c703          	lbu	a4,-520(a5)
8020057c:	02000793          	li	a5,32
80200580:	02f71463          	bne	a4,a5,802005a8 <dir_lookup+0xcc>
80200584:	fec42703          	lw	a4,-20(s0)
80200588:	fe842783          	lw	a5,-24(s0)
8020058c:	00f707b3          	add	a5,a4,a5
80200590:	de840713          	addi	a4,s0,-536
80200594:	00f707b3          	add	a5,a4,a5
80200598:	00078513          	mv	a0,a5
8020059c:	26c000ef          	jal	80200808 <atoi>
802005a0:	00050793          	mv	a5,a0
802005a4:	0340006f          	j	802005d8 <dir_lookup+0xfc>
802005a8:	fec42783          	lw	a5,-20(s0)
802005ac:	00178793          	addi	a5,a5,1
802005b0:	fef42623          	sw	a5,-20(s0)
802005b4:	de840793          	addi	a5,s0,-536
802005b8:	00078513          	mv	a0,a5
802005bc:	3e5000ef          	jal	802011a0 <strlen>
802005c0:	00050713          	mv	a4,a0
802005c4:	fe842783          	lw	a5,-24(s0)
802005c8:	40f707b3          	sub	a5,a4,a5
802005cc:	fec42703          	lw	a4,-20(s0)
802005d0:	f4f766e3          	bltu	a4,a5,8020051c <dir_lookup+0x40>
802005d4:	fff00793          	li	a5,-1
802005d8:	00078513          	mv	a0,a5
802005dc:	22c12083          	lw	ra,556(sp)
802005e0:	22812403          	lw	s0,552(sp)
802005e4:	23010113          	addi	sp,sp,560
802005e8:	00008067          	ret

802005ec <file_read>:
file_read():
802005ec:	dd010113          	addi	sp,sp,-560
802005f0:	22112623          	sw	ra,556(sp)
802005f4:	22812423          	sw	s0,552(sp)
802005f8:	23010413          	addi	s0,sp,560
802005fc:	dca42e23          	sw	a0,-548(s0)
80200600:	dcb42c23          	sw	a1,-552(s0)
80200604:	dcc42a23          	sw	a2,-556(s0)
80200608:	00100793          	li	a5,1
8020060c:	def42023          	sw	a5,-544(s0)
80200610:	ddc42783          	lw	a5,-548(s0)
80200614:	def42223          	sw	a5,-540(s0)
80200618:	dd842783          	lw	a5,-552(s0)
8020061c:	def42423          	sw	a5,-536(s0)
80200620:	de040793          	addi	a5,s0,-544
80200624:	20c00613          	li	a2,524
80200628:	00078593          	mv	a1,a5
8020062c:	00300513          	li	a0,3
80200630:	0d8000ef          	jal	80200708 <sys_send>
80200634:	40000693          	li	a3,1024
80200638:	802087b7          	lui	a5,0x80208
8020063c:	2bc78613          	addi	a2,a5,700 # 802082bc <buf>
80200640:	802087b7          	lui	a5,0x80208
80200644:	2b878593          	addi	a1,a5,696 # 802082b8 <sender>
80200648:	00300513          	li	a0,3
8020064c:	12c000ef          	jal	80200778 <sys_recv>
80200650:	802087b7          	lui	a5,0x80208
80200654:	2bc78793          	addi	a5,a5,700 # 802082bc <buf>
80200658:	fef42623          	sw	a5,-20(s0)
8020065c:	fec42783          	lw	a5,-20(s0)
80200660:	00478793          	addi	a5,a5,4
80200664:	20000613          	li	a2,512
80200668:	00078593          	mv	a1,a5
8020066c:	dd442503          	lw	a0,-556(s0)
80200670:	209000ef          	jal	80201078 <memcpy>
80200674:	fec42783          	lw	a5,-20(s0)
80200678:	0007a783          	lw	a5,0(a5)
8020067c:	00079663          	bnez	a5,80200688 <file_read+0x9c>
80200680:	00000793          	li	a5,0
80200684:	0080006f          	j	8020068c <file_read+0xa0>
80200688:	fff00793          	li	a5,-1
8020068c:	00078513          	mv	a0,a5
80200690:	22c12083          	lw	ra,556(sp)
80200694:	22812403          	lw	s0,552(sp)
80200698:	23010113          	addi	sp,sp,560
8020069c:	00008067          	ret

802006a0 <term_write>:
term_write():
802006a0:	dd010113          	addi	sp,sp,-560
802006a4:	22112623          	sw	ra,556(sp)
802006a8:	22812423          	sw	s0,552(sp)
802006ac:	23010413          	addi	s0,sp,560
802006b0:	dca42e23          	sw	a0,-548(s0)
802006b4:	dcb42c23          	sw	a1,-552(s0)
802006b8:	00100793          	li	a5,1
802006bc:	def42423          	sw	a5,-536(s0)
802006c0:	dd842783          	lw	a5,-552(s0)
802006c4:	def42623          	sw	a5,-532(s0)
802006c8:	de840793          	addi	a5,s0,-536
802006cc:	00878793          	addi	a5,a5,8
802006d0:	dd842603          	lw	a2,-552(s0)
802006d4:	ddc42583          	lw	a1,-548(s0)
802006d8:	00078513          	mv	a0,a5
802006dc:	19d000ef          	jal	80201078 <memcpy>
802006e0:	de840793          	addi	a5,s0,-536
802006e4:	20800613          	li	a2,520
802006e8:	00078593          	mv	a1,a5
802006ec:	00200513          	li	a0,2
802006f0:	018000ef          	jal	80200708 <sys_send>
802006f4:	00000013          	nop
802006f8:	22c12083          	lw	ra,556(sp)
802006fc:	22812403          	lw	s0,552(sp)
80200700:	23010113          	addi	sp,sp,560
80200704:	00008067          	ret

80200708 <sys_send>:
sys_send():
80200708:	fe010113          	addi	sp,sp,-32
8020070c:	00112e23          	sw	ra,28(sp)
80200710:	00812c23          	sw	s0,24(sp)
80200714:	02010413          	addi	s0,sp,32
80200718:	fea42623          	sw	a0,-20(s0)
8020071c:	feb42423          	sw	a1,-24(s0)
80200720:	fec42223          	sw	a2,-28(s0)
80200724:	802087b7          	lui	a5,0x80208
80200728:	2b07a783          	lw	a5,688(a5) # 802082b0 <sc>
8020072c:	00200713          	li	a4,2
80200730:	00e7a023          	sw	a4,0(a5)
80200734:	802087b7          	lui	a5,0x80208
80200738:	2b07a783          	lw	a5,688(a5) # 802082b0 <sc>
8020073c:	fec42703          	lw	a4,-20(s0)
80200740:	00e7a423          	sw	a4,8(a5)
80200744:	802087b7          	lui	a5,0x80208
80200748:	2b07a783          	lw	a5,688(a5) # 802082b0 <sc>
8020074c:	00c78793          	addi	a5,a5,12
80200750:	fe442603          	lw	a2,-28(s0)
80200754:	fe842583          	lw	a1,-24(s0)
80200758:	00078513          	mv	a0,a5
8020075c:	11d000ef          	jal	80201078 <memcpy>
80200760:	00000073          	ecall
80200764:	00000013          	nop
80200768:	01c12083          	lw	ra,28(sp)
8020076c:	01812403          	lw	s0,24(sp)
80200770:	02010113          	addi	sp,sp,32
80200774:	00008067          	ret

80200778 <sys_recv>:
sys_recv():
80200778:	fe010113          	addi	sp,sp,-32
8020077c:	00112e23          	sw	ra,28(sp)
80200780:	00812c23          	sw	s0,24(sp)
80200784:	02010413          	addi	s0,sp,32
80200788:	fea42623          	sw	a0,-20(s0)
8020078c:	feb42423          	sw	a1,-24(s0)
80200790:	fec42223          	sw	a2,-28(s0)
80200794:	fed42023          	sw	a3,-32(s0)
80200798:	802087b7          	lui	a5,0x80208
8020079c:	2b07a783          	lw	a5,688(a5) # 802082b0 <sc>
802007a0:	00100713          	li	a4,1
802007a4:	00e7a023          	sw	a4,0(a5)
802007a8:	802087b7          	lui	a5,0x80208
802007ac:	2b07a783          	lw	a5,688(a5) # 802082b0 <sc>
802007b0:	fec42703          	lw	a4,-20(s0)
802007b4:	00e7a223          	sw	a4,4(a5)
802007b8:	00000073          	ecall
802007bc:	802087b7          	lui	a5,0x80208
802007c0:	2b07a783          	lw	a5,688(a5) # 802082b0 <sc>
802007c4:	00c78793          	addi	a5,a5,12
802007c8:	fe042603          	lw	a2,-32(s0)
802007cc:	00078593          	mv	a1,a5
802007d0:	fe442503          	lw	a0,-28(s0)
802007d4:	0a5000ef          	jal	80201078 <memcpy>
802007d8:	fe842783          	lw	a5,-24(s0)
802007dc:	00078c63          	beqz	a5,802007f4 <sys_recv+0x7c>
802007e0:	802087b7          	lui	a5,0x80208
802007e4:	2b07a783          	lw	a5,688(a5) # 802082b0 <sc>
802007e8:	0047a703          	lw	a4,4(a5)
802007ec:	fe842783          	lw	a5,-24(s0)
802007f0:	00e7a023          	sw	a4,0(a5)
802007f4:	00000013          	nop
802007f8:	01c12083          	lw	ra,28(sp)
802007fc:	01812403          	lw	s0,24(sp)
80200800:	02010113          	addi	sp,sp,32
80200804:	00008067          	ret

80200808 <atoi>:
atoi():
80200808:	00a00613          	li	a2,10
8020080c:	00000593          	li	a1,0
80200810:	3ec0006f          	j	80200bfc <strtol>

80200814 <itoa>:
itoa():
80200814:	ffe60713          	addi	a4,a2,-2
80200818:	02200793          	li	a5,34
8020081c:	06e7e263          	bltu	a5,a4,80200880 <itoa+0x6c>
80200820:	fe010113          	addi	sp,sp,-32
80200824:	00112e23          	sw	ra,28(sp)
80200828:	ff660793          	addi	a5,a2,-10
8020082c:	02079a63          	bnez	a5,80200860 <itoa+0x4c>
80200830:	02055863          	bgez	a0,80200860 <itoa+0x4c>
80200834:	02d00793          	li	a5,45
80200838:	00158713          	addi	a4,a1,1
8020083c:	00b12623          	sw	a1,12(sp)
80200840:	00f58023          	sb	a5,0(a1)
80200844:	40a00533          	neg	a0,a0
80200848:	00070593          	mv	a1,a4
8020084c:	400000ef          	jal	80200c4c <__utoa>
80200850:	01c12083          	lw	ra,28(sp)
80200854:	00c12503          	lw	a0,12(sp)
80200858:	02010113          	addi	sp,sp,32
8020085c:	00008067          	ret
80200860:	00058713          	mv	a4,a1
80200864:	00b12623          	sw	a1,12(sp)
80200868:	00070593          	mv	a1,a4
8020086c:	3e0000ef          	jal	80200c4c <__utoa>
80200870:	01c12083          	lw	ra,28(sp)
80200874:	00c12503          	lw	a0,12(sp)
80200878:	02010113          	addi	sp,sp,32
8020087c:	00008067          	ret
80200880:	00058023          	sb	zero,0(a1)
80200884:	00000513          	li	a0,0
80200888:	00008067          	ret

8020088c <_strtol_l.part.0>:
_strtol_l.part.0():
8020088c:	fb010113          	addi	sp,sp,-80
80200890:	04812423          	sw	s0,72(sp)
80200894:	03312e23          	sw	s3,60(sp)
80200898:	03512a23          	sw	s5,52(sp)
8020089c:	03612823          	sw	s6,48(sp)
802008a0:	04112623          	sw	ra,76(sp)
802008a4:	00068b13          	mv	s6,a3
802008a8:	04912223          	sw	s1,68(sp)
802008ac:	05212023          	sw	s2,64(sp)
802008b0:	03412c23          	sw	s4,56(sp)
802008b4:	03712623          	sw	s7,44(sp)
802008b8:	03812423          	sw	s8,40(sp)
802008bc:	03912223          	sw	s9,36(sp)
802008c0:	03a12023          	sw	s10,32(sp)
802008c4:	01b12e23          	sw	s11,28(sp)
802008c8:	00058993          	mv	s3,a1
802008cc:	00a12423          	sw	a0,8(sp)
802008d0:	00060a93          	mv	s5,a2
802008d4:	00058413          	mv	s0,a1
802008d8:	00007697          	auipc	a3,0x7
802008dc:	79168693          	addi	a3,a3,1937 # 80208069 <_ctype_+0x1>
802008e0:	00040613          	mv	a2,s0
802008e4:	00044703          	lbu	a4,0(s0)
802008e8:	00140413          	addi	s0,s0,1
802008ec:	00e687b3          	add	a5,a3,a4
802008f0:	0007c783          	lbu	a5,0(a5)
802008f4:	0087f793          	andi	a5,a5,8
802008f8:	fe0794e3          	bnez	a5,802008e0 <_strtol_l.part.0+0x54>
802008fc:	02d00793          	li	a5,45
80200900:	fefb7913          	andi	s2,s6,-17
80200904:	16f70863          	beq	a4,a5,80200a74 <_strtol_l.part.0+0x1e8>
80200908:	02b00793          	li	a5,43
8020090c:	02f70c63          	beq	a4,a5,80200944 <_strtol_l.part.0+0xb8>
80200910:	04091063          	bnez	s2,80200950 <_strtol_l.part.0+0xc4>
80200914:	03000793          	li	a5,48
80200918:	24f70263          	beq	a4,a5,80200b5c <_strtol_l.part.0+0x2d0>
8020091c:	220b0463          	beqz	s6,80200b44 <_strtol_l.part.0+0x2b8>
80200920:	08000bb7          	lui	s7,0x8000
80200924:	01000b13          	li	s6,16
80200928:	fffb8b93          	addi	s7,s7,-1 # 7ffffff <app_entry-0x78200001>
8020092c:	000b0a13          	mv	s4,s6
80200930:	00f00913          	li	s2,15
80200934:	800007b7          	lui	a5,0x80000
80200938:	fff78d93          	addi	s11,a5,-1 # 7fffffff <app_entry-0x200001>
8020093c:	00000d13          	li	s10,0
80200940:	0480006f          	j	80200988 <_strtol_l.part.0+0xfc>
80200944:	00044703          	lbu	a4,0(s0)
80200948:	00260413          	addi	s0,a2,2
8020094c:	1a090063          	beqz	s2,80200aec <_strtol_l.part.0+0x260>
80200950:	800004b7          	lui	s1,0x80000
80200954:	000b0593          	mv	a1,s6
80200958:	fff48513          	addi	a0,s1,-1 # 7fffffff <app_entry-0x200001>
8020095c:	00e12623          	sw	a4,12(sp)
80200960:	1e5000ef          	jal	80201344 <__umodsi3>
80200964:	00050913          	mv	s2,a0
80200968:	000b0593          	mv	a1,s6
8020096c:	fff48513          	addi	a0,s1,-1
80200970:	18d000ef          	jal	802012fc <__hidden___udivsi3>
80200974:	00c12703          	lw	a4,12(sp)
80200978:	000b0a13          	mv	s4,s6
8020097c:	fff48d93          	addi	s11,s1,-1
80200980:	00050b93          	mv	s7,a0
80200984:	00000d13          	li	s10,0
80200988:	00000793          	li	a5,0
8020098c:	00000513          	li	a0,0
80200990:	00900c13          	li	s8,9
80200994:	01900c93          	li	s9,25
80200998:	fd070493          	addi	s1,a4,-48
8020099c:	009c7e63          	bgeu	s8,s1,802009b8 <_strtol_l.part.0+0x12c>
802009a0:	fbf70693          	addi	a3,a4,-65
802009a4:	fc970493          	addi	s1,a4,-55
802009a8:	00dcf863          	bgeu	s9,a3,802009b8 <_strtol_l.part.0+0x12c>
802009ac:	f9f70693          	addi	a3,a4,-97
802009b0:	04dce663          	bltu	s9,a3,802009fc <_strtol_l.part.0+0x170>
802009b4:	fa970493          	addi	s1,a4,-87
802009b8:	0564d263          	bge	s1,s6,802009fc <_strtol_l.part.0+0x170>
802009bc:	00178793          	addi	a5,a5,1
802009c0:	02078063          	beqz	a5,802009e0 <_strtol_l.part.0+0x154>
802009c4:	00abee63          	bltu	s7,a0,802009e0 <_strtol_l.part.0+0x154>
802009c8:	03751063          	bne	a0,s7,802009e8 <_strtol_l.part.0+0x15c>
802009cc:	fff00793          	li	a5,-1
802009d0:	00995c63          	bge	s2,s1,802009e8 <_strtol_l.part.0+0x15c>
802009d4:	00140413          	addi	s0,s0,1
802009d8:	fff44703          	lbu	a4,-1(s0)
802009dc:	fbdff06f          	j	80200998 <_strtol_l.part.0+0x10c>
802009e0:	fff00793          	li	a5,-1
802009e4:	ff1ff06f          	j	802009d4 <_strtol_l.part.0+0x148>
802009e8:	000a0593          	mv	a1,s4
802009ec:	0e5000ef          	jal	802012d0 <__mulsi3>
802009f0:	00a48533          	add	a0,s1,a0
802009f4:	00100793          	li	a5,1
802009f8:	fddff06f          	j	802009d4 <_strtol_l.part.0+0x148>
802009fc:	fff00713          	li	a4,-1
80200a00:	04e78a63          	beq	a5,a4,80200a54 <_strtol_l.part.0+0x1c8>
80200a04:	000d0463          	beqz	s10,80200a0c <_strtol_l.part.0+0x180>
80200a08:	40a00533          	neg	a0,a0
80200a0c:	000a8663          	beqz	s5,80200a18 <_strtol_l.part.0+0x18c>
80200a10:	0c079a63          	bnez	a5,80200ae4 <_strtol_l.part.0+0x258>
80200a14:	013aa023          	sw	s3,0(s5)
80200a18:	04c12083          	lw	ra,76(sp)
80200a1c:	04812403          	lw	s0,72(sp)
80200a20:	04412483          	lw	s1,68(sp)
80200a24:	04012903          	lw	s2,64(sp)
80200a28:	03c12983          	lw	s3,60(sp)
80200a2c:	03812a03          	lw	s4,56(sp)
80200a30:	03412a83          	lw	s5,52(sp)
80200a34:	03012b03          	lw	s6,48(sp)
80200a38:	02c12b83          	lw	s7,44(sp)
80200a3c:	02812c03          	lw	s8,40(sp)
80200a40:	02412c83          	lw	s9,36(sp)
80200a44:	02012d03          	lw	s10,32(sp)
80200a48:	01c12d83          	lw	s11,28(sp)
80200a4c:	05010113          	addi	sp,sp,80
80200a50:	00008067          	ret
80200a54:	00812703          	lw	a4,8(sp)
80200a58:	02200793          	li	a5,34
80200a5c:	000d8513          	mv	a0,s11
80200a60:	00f72023          	sw	a5,0(a4)
80200a64:	fa0a8ae3          	beqz	s5,80200a18 <_strtol_l.part.0+0x18c>
80200a68:	fff40993          	addi	s3,s0,-1
80200a6c:	000d8513          	mv	a0,s11
80200a70:	fa5ff06f          	j	80200a14 <_strtol_l.part.0+0x188>
80200a74:	00044703          	lbu	a4,0(s0)
80200a78:	00260413          	addi	s0,a2,2
80200a7c:	02091863          	bnez	s2,80200aac <_strtol_l.part.0+0x220>
80200a80:	03000793          	li	a5,48
80200a84:	10f70663          	beq	a4,a5,80200b90 <_strtol_l.part.0+0x304>
80200a88:	120b1863          	bnez	s6,80200bb8 <_strtol_l.part.0+0x32c>
80200a8c:	00a00b13          	li	s6,10
80200a90:	0cccdbb7          	lui	s7,0xcccd
80200a94:	cccb8b93          	addi	s7,s7,-820 # ccccccc <app_entry-0x73533334>
80200a98:	000b0a13          	mv	s4,s6
80200a9c:	00800913          	li	s2,8
80200aa0:	00100d13          	li	s10,1
80200aa4:	80000db7          	lui	s11,0x80000
80200aa8:	ee1ff06f          	j	80200988 <_strtol_l.part.0+0xfc>
80200aac:	000b0593          	mv	a1,s6
80200ab0:	80000537          	lui	a0,0x80000
80200ab4:	00e12623          	sw	a4,12(sp)
80200ab8:	08d000ef          	jal	80201344 <__umodsi3>
80200abc:	000b0a13          	mv	s4,s6
80200ac0:	00050913          	mv	s2,a0
80200ac4:	000b0593          	mv	a1,s6
80200ac8:	80000537          	lui	a0,0x80000
80200acc:	031000ef          	jal	802012fc <__hidden___udivsi3>
80200ad0:	00c12703          	lw	a4,12(sp)
80200ad4:	00050b93          	mv	s7,a0
80200ad8:	00100d13          	li	s10,1
80200adc:	80000db7          	lui	s11,0x80000
80200ae0:	ea9ff06f          	j	80200988 <_strtol_l.part.0+0xfc>
80200ae4:	00050d93          	mv	s11,a0
80200ae8:	f81ff06f          	j	80200a68 <_strtol_l.part.0+0x1dc>
80200aec:	03000793          	li	a5,48
80200af0:	e2f716e3          	bne	a4,a5,8020091c <_strtol_l.part.0+0x90>
80200af4:	00264783          	lbu	a5,2(a2)
80200af8:	05800693          	li	a3,88
80200afc:	0df7f793          	andi	a5,a5,223
80200b00:	08d79063          	bne	a5,a3,80200b80 <_strtol_l.part.0+0x2f4>
80200b04:	00364703          	lbu	a4,3(a2)
80200b08:	01000b13          	li	s6,16
80200b0c:	000b0a13          	mv	s4,s6
80200b10:	00460413          	addi	s0,a2,4
80200b14:	800004b7          	lui	s1,0x80000
80200b18:	000a0593          	mv	a1,s4
80200b1c:	fff48513          	addi	a0,s1,-1 # 7fffffff <app_entry-0x200001>
80200b20:	00e12623          	sw	a4,12(sp)
80200b24:	021000ef          	jal	80201344 <__umodsi3>
80200b28:	00050913          	mv	s2,a0
80200b2c:	000a0593          	mv	a1,s4
80200b30:	fff48513          	addi	a0,s1,-1
80200b34:	7c8000ef          	jal	802012fc <__hidden___udivsi3>
80200b38:	00c12703          	lw	a4,12(sp)
80200b3c:	00050b93          	mv	s7,a0
80200b40:	df5ff06f          	j	80200934 <_strtol_l.part.0+0xa8>
80200b44:	00a00b13          	li	s6,10
80200b48:	0cccdbb7          	lui	s7,0xcccd
80200b4c:	cccb8b93          	addi	s7,s7,-820 # ccccccc <app_entry-0x73533334>
80200b50:	000b0a13          	mv	s4,s6
80200b54:	00700913          	li	s2,7
80200b58:	dddff06f          	j	80200934 <_strtol_l.part.0+0xa8>
80200b5c:	00044783          	lbu	a5,0(s0)
80200b60:	05800693          	li	a3,88
80200b64:	0df7f793          	andi	a5,a5,223
80200b68:	00d79c63          	bne	a5,a3,80200b80 <_strtol_l.part.0+0x2f4>
80200b6c:	01000b13          	li	s6,16
80200b70:	00144703          	lbu	a4,1(s0)
80200b74:	000b0a13          	mv	s4,s6
80200b78:	00360413          	addi	s0,a2,3
80200b7c:	f99ff06f          	j	80200b14 <_strtol_l.part.0+0x288>
80200b80:	060b1263          	bnez	s6,80200be4 <_strtol_l.part.0+0x358>
80200b84:	00800b13          	li	s6,8
80200b88:	000b0a13          	mv	s4,s6
80200b8c:	f89ff06f          	j	80200b14 <_strtol_l.part.0+0x288>
80200b90:	00264783          	lbu	a5,2(a2)
80200b94:	05800693          	li	a3,88
80200b98:	0df7f793          	andi	a5,a5,223
80200b9c:	02d78a63          	beq	a5,a3,80200bd0 <_strtol_l.part.0+0x344>
80200ba0:	040b0863          	beqz	s6,80200bf0 <_strtol_l.part.0+0x364>
80200ba4:	01000b13          	li	s6,16
80200ba8:	000b0a13          	mv	s4,s6
80200bac:	00e12623          	sw	a4,12(sp)
80200bb0:	000a0593          	mv	a1,s4
80200bb4:	f15ff06f          	j	80200ac8 <_strtol_l.part.0+0x23c>
80200bb8:	01000b13          	li	s6,16
80200bbc:	000b0a13          	mv	s4,s6
80200bc0:	08000bb7          	lui	s7,0x8000
80200bc4:	00100d13          	li	s10,1
80200bc8:	80000db7          	lui	s11,0x80000
80200bcc:	dbdff06f          	j	80200988 <_strtol_l.part.0+0xfc>
80200bd0:	01000b13          	li	s6,16
80200bd4:	00364703          	lbu	a4,3(a2)
80200bd8:	000b0a13          	mv	s4,s6
80200bdc:	00460413          	addi	s0,a2,4
80200be0:	fcdff06f          	j	80200bac <_strtol_l.part.0+0x320>
80200be4:	01000b13          	li	s6,16
80200be8:	000b0a13          	mv	s4,s6
80200bec:	f29ff06f          	j	80200b14 <_strtol_l.part.0+0x288>
80200bf0:	00800b13          	li	s6,8
80200bf4:	000b0a13          	mv	s4,s6
80200bf8:	fb5ff06f          	j	80200bac <_strtol_l.part.0+0x320>

80200bfc <strtol>:
strtol():
80200bfc:	02563793          	sltiu	a5,a2,37
80200c00:	02078463          	beqz	a5,80200c28 <strtol+0x2c>
80200c04:	fff60793          	addi	a5,a2,-1
80200c08:	02078063          	beqz	a5,80200c28 <strtol+0x2c>
80200c0c:	00050713          	mv	a4,a0
80200c10:	00007517          	auipc	a0,0x7
80200c14:	6a452503          	lw	a0,1700(a0) # 802082b4 <_impure_ptr>
80200c18:	00060693          	mv	a3,a2
80200c1c:	00058613          	mv	a2,a1
80200c20:	00070593          	mv	a1,a4
80200c24:	c69ff06f          	j	8020088c <_strtol_l.part.0>
80200c28:	ff010113          	addi	sp,sp,-16
80200c2c:	00112623          	sw	ra,12(sp)
80200c30:	360000ef          	jal	80200f90 <__errno>
80200c34:	00c12083          	lw	ra,12(sp)
80200c38:	01600793          	li	a5,22
80200c3c:	00f52023          	sw	a5,0(a0)
80200c40:	00000513          	li	a0,0
80200c44:	01010113          	addi	sp,sp,16
80200c48:	00008067          	ret

80200c4c <__utoa>:
__utoa():
80200c4c:	00007797          	auipc	a5,0x7
80200c50:	3f478793          	addi	a5,a5,1012 # 80208040 <__modsi3+0x6cc8>
80200c54:	0207a703          	lw	a4,32(a5)
80200c58:	0007af83          	lw	t6,0(a5)
80200c5c:	0047af03          	lw	t5,4(a5)
80200c60:	0087ae83          	lw	t4,8(a5)
80200c64:	00c7ae03          	lw	t3,12(a5)
80200c68:	0107a303          	lw	t1,16(a5)
80200c6c:	0147a883          	lw	a7,20(a5)
80200c70:	0187a803          	lw	a6,24(a5)
80200c74:	01c7a683          	lw	a3,28(a5)
80200c78:	00007797          	auipc	a5,0x7
80200c7c:	3ec7c783          	lbu	a5,1004(a5) # 80208064 <__modsi3+0x6cec>
80200c80:	fb010113          	addi	sp,sp,-80
80200c84:	03512a23          	sw	s5,52(sp)
80200c88:	02e12423          	sw	a4,40(sp)
80200c8c:	02f10623          	sb	a5,44(sp)
80200c90:	04112623          	sw	ra,76(sp)
80200c94:	01f12423          	sw	t6,8(sp)
80200c98:	01e12623          	sw	t5,12(sp)
80200c9c:	01d12823          	sw	t4,16(sp)
80200ca0:	01c12a23          	sw	t3,20(sp)
80200ca4:	00612c23          	sw	t1,24(sp)
80200ca8:	01112e23          	sw	a7,28(sp)
80200cac:	03012023          	sw	a6,32(sp)
80200cb0:	02d12223          	sw	a3,36(sp)
80200cb4:	ffe60713          	addi	a4,a2,-2
80200cb8:	02200793          	li	a5,34
80200cbc:	00058a93          	mv	s5,a1
80200cc0:	0ce7e463          	bltu	a5,a4,80200d88 <__utoa+0x13c>
80200cc4:	04812423          	sw	s0,72(sp)
80200cc8:	04912223          	sw	s1,68(sp)
80200ccc:	05212023          	sw	s2,64(sp)
80200cd0:	03312e23          	sw	s3,60(sp)
80200cd4:	03412c23          	sw	s4,56(sp)
80200cd8:	03612823          	sw	s6,48(sp)
80200cdc:	00060493          	mv	s1,a2
80200ce0:	00050413          	mv	s0,a0
80200ce4:	00000913          	li	s2,0
80200ce8:	00048593          	mv	a1,s1
80200cec:	00040513          	mv	a0,s0
80200cf0:	654000ef          	jal	80201344 <__umodsi3>
80200cf4:	00250533          	add	a0,a0,sp
80200cf8:	00854783          	lbu	a5,8(a0)
80200cfc:	00090993          	mv	s3,s2
80200d00:	00190913          	addi	s2,s2,1
80200d04:	012a8a33          	add	s4,s5,s2
80200d08:	00040513          	mv	a0,s0
80200d0c:	00048593          	mv	a1,s1
80200d10:	fefa0fa3          	sb	a5,-1(s4)
80200d14:	00040b13          	mv	s6,s0
80200d18:	5e4000ef          	jal	802012fc <__hidden___udivsi3>
80200d1c:	00050413          	mv	s0,a0
80200d20:	fc9b74e3          	bgeu	s6,s1,80200ce8 <__utoa+0x9c>
80200d24:	000a0023          	sb	zero,0(s4)
80200d28:	02098a63          	beqz	s3,80200d5c <__utoa+0x110>
80200d2c:	000a8693          	mv	a3,s5
80200d30:	013a8733          	add	a4,s5,s3
80200d34:	00000793          	li	a5,0
80200d38:	00074583          	lbu	a1,0(a4)
80200d3c:	0006c603          	lbu	a2,0(a3)
80200d40:	00178793          	addi	a5,a5,1
80200d44:	00b68023          	sb	a1,0(a3)
80200d48:	00c70023          	sb	a2,0(a4)
80200d4c:	40f98633          	sub	a2,s3,a5
80200d50:	00168693          	addi	a3,a3,1
80200d54:	fff70713          	addi	a4,a4,-1
80200d58:	fec7c0e3          	blt	a5,a2,80200d38 <__utoa+0xec>
80200d5c:	04812403          	lw	s0,72(sp)
80200d60:	04c12083          	lw	ra,76(sp)
80200d64:	04412483          	lw	s1,68(sp)
80200d68:	04012903          	lw	s2,64(sp)
80200d6c:	03c12983          	lw	s3,60(sp)
80200d70:	03812a03          	lw	s4,56(sp)
80200d74:	03012b03          	lw	s6,48(sp)
80200d78:	000a8513          	mv	a0,s5
80200d7c:	03412a83          	lw	s5,52(sp)
80200d80:	05010113          	addi	sp,sp,80
80200d84:	00008067          	ret
80200d88:	00058023          	sb	zero,0(a1)
80200d8c:	04c12083          	lw	ra,76(sp)
80200d90:	03412a83          	lw	s5,52(sp)
80200d94:	00000513          	li	a0,0
80200d98:	05010113          	addi	sp,sp,80
80200d9c:	00008067          	ret

80200da0 <strcat>:
strcat():
80200da0:	ff010113          	addi	sp,sp,-16
80200da4:	00812423          	sw	s0,8(sp)
80200da8:	00112623          	sw	ra,12(sp)
80200dac:	00357793          	andi	a5,a0,3
80200db0:	00050413          	mv	s0,a0
80200db4:	06079663          	bnez	a5,80200e20 <strcat+0x80>
80200db8:	00052703          	lw	a4,0(a0)
80200dbc:	feff0637          	lui	a2,0xfeff0
80200dc0:	eff60613          	addi	a2,a2,-257 # fefefeff <__heap_end+0x7ecefeff>
80200dc4:	00c707b3          	add	a5,a4,a2
80200dc8:	808086b7          	lui	a3,0x80808
80200dcc:	fff74713          	not	a4,a4
80200dd0:	00e7f7b3          	and	a5,a5,a4
80200dd4:	08068693          	addi	a3,a3,128 # 80808080 <__heap_end+0x508080>
80200dd8:	00d7f7b3          	and	a5,a5,a3
80200ddc:	04079263          	bnez	a5,80200e20 <strcat+0x80>
80200de0:	00452703          	lw	a4,4(a0)
80200de4:	00450513          	addi	a0,a0,4
80200de8:	00c707b3          	add	a5,a4,a2
80200dec:	fff74713          	not	a4,a4
80200df0:	00e7f7b3          	and	a5,a5,a4
80200df4:	00d7f7b3          	and	a5,a5,a3
80200df8:	02079463          	bnez	a5,80200e20 <strcat+0x80>
80200dfc:	00452703          	lw	a4,4(a0)
80200e00:	00450513          	addi	a0,a0,4
80200e04:	00c707b3          	add	a5,a4,a2
80200e08:	fff74713          	not	a4,a4
80200e0c:	00e7f7b3          	and	a5,a5,a4
80200e10:	00d7f7b3          	and	a5,a5,a3
80200e14:	fc0786e3          	beqz	a5,80200de0 <strcat+0x40>
80200e18:	0080006f          	j	80200e20 <strcat+0x80>
80200e1c:	00150513          	addi	a0,a0,1
80200e20:	00054783          	lbu	a5,0(a0)
80200e24:	fe079ce3          	bnez	a5,80200e1c <strcat+0x7c>
80200e28:	404000ef          	jal	8020122c <strcpy>
80200e2c:	00c12083          	lw	ra,12(sp)
80200e30:	00040513          	mv	a0,s0
80200e34:	00812403          	lw	s0,8(sp)
80200e38:	01010113          	addi	sp,sp,16
80200e3c:	00008067          	ret

80200e40 <strncat>:
strncat():
80200e40:	00357713          	andi	a4,a0,3
80200e44:	00050793          	mv	a5,a0
80200e48:	06071663          	bnez	a4,80200eb4 <strncat+0x74>
80200e4c:	00052683          	lw	a3,0(a0)
80200e50:	feff08b7          	lui	a7,0xfeff0
80200e54:	eff88893          	addi	a7,a7,-257 # fefefeff <__heap_end+0x7ecefeff>
80200e58:	01168733          	add	a4,a3,a7
80200e5c:	80808837          	lui	a6,0x80808
80200e60:	fff6c693          	not	a3,a3
80200e64:	00d77733          	and	a4,a4,a3
80200e68:	08080813          	addi	a6,a6,128 # 80808080 <__heap_end+0x508080>
80200e6c:	01077733          	and	a4,a4,a6
80200e70:	04071263          	bnez	a4,80200eb4 <strncat+0x74>
80200e74:	0047a683          	lw	a3,4(a5)
80200e78:	00478793          	addi	a5,a5,4
80200e7c:	01168733          	add	a4,a3,a7
80200e80:	fff6c693          	not	a3,a3
80200e84:	00d77733          	and	a4,a4,a3
80200e88:	01077733          	and	a4,a4,a6
80200e8c:	02071463          	bnez	a4,80200eb4 <strncat+0x74>
80200e90:	0047a683          	lw	a3,4(a5)
80200e94:	00478793          	addi	a5,a5,4
80200e98:	01168733          	add	a4,a3,a7
80200e9c:	fff6c693          	not	a3,a3
80200ea0:	00d77733          	and	a4,a4,a3
80200ea4:	01077733          	and	a4,a4,a6
80200ea8:	fc0706e3          	beqz	a4,80200e74 <strncat+0x34>
80200eac:	0080006f          	j	80200eb4 <strncat+0x74>
80200eb0:	00178793          	addi	a5,a5,1
80200eb4:	0007c703          	lbu	a4,0(a5)
80200eb8:	fe071ce3          	bnez	a4,80200eb0 <strncat+0x70>
80200ebc:	00c786b3          	add	a3,a5,a2
80200ec0:	02060463          	beqz	a2,80200ee8 <strncat+0xa8>
80200ec4:	0005c703          	lbu	a4,0(a1)
80200ec8:	00178793          	addi	a5,a5,1
80200ecc:	00158593          	addi	a1,a1,1
80200ed0:	fee78fa3          	sb	a4,-1(a5)
80200ed4:	00070863          	beqz	a4,80200ee4 <strncat+0xa4>
80200ed8:	fef696e3          	bne	a3,a5,80200ec4 <strncat+0x84>
80200edc:	00068023          	sb	zero,0(a3)
80200ee0:	00008067          	ret
80200ee4:	00008067          	ret
80200ee8:	00008067          	ret

80200eec <strncmp>:
strncmp():
80200eec:	08060a63          	beqz	a2,80200f80 <strncmp+0x94>
80200ef0:	00b567b3          	or	a5,a0,a1
80200ef4:	0037f793          	andi	a5,a5,3
80200ef8:	04079a63          	bnez	a5,80200f4c <strncmp+0x60>
80200efc:	feff0337          	lui	t1,0xfeff0
80200f00:	808088b7          	lui	a7,0x80808
80200f04:	00300e13          	li	t3,3
80200f08:	eff30313          	addi	t1,t1,-257 # fefefeff <__heap_end+0x7ecefeff>
80200f0c:	08088893          	addi	a7,a7,128 # 80808080 <__heap_end+0x508080>
80200f10:	02ce6063          	bltu	t3,a2,80200f30 <strncmp+0x44>
80200f14:	0380006f          	j	80200f4c <strncmp+0x60>
80200f18:	ffc60613          	addi	a2,a2,-4
80200f1c:	06060263          	beqz	a2,80200f80 <strncmp+0x94>
80200f20:	06079063          	bnez	a5,80200f80 <strncmp+0x94>
80200f24:	00450513          	addi	a0,a0,4
80200f28:	00458593          	addi	a1,a1,4
80200f2c:	02ce7063          	bgeu	t3,a2,80200f4c <strncmp+0x60>
80200f30:	00052703          	lw	a4,0(a0)
80200f34:	0005a683          	lw	a3,0(a1)
80200f38:	006707b3          	add	a5,a4,t1
80200f3c:	fff74813          	not	a6,a4
80200f40:	0107f7b3          	and	a5,a5,a6
80200f44:	0117f7b3          	and	a5,a5,a7
80200f48:	fcd708e3          	beq	a4,a3,80200f18 <strncmp+0x2c>
80200f4c:	00054783          	lbu	a5,0(a0)
80200f50:	0005c703          	lbu	a4,0(a1)
80200f54:	fff60613          	addi	a2,a2,-1
80200f58:	00c50633          	add	a2,a0,a2
80200f5c:	00e78e63          	beq	a5,a4,80200f78 <strncmp+0x8c>
80200f60:	0280006f          	j	80200f88 <strncmp+0x9c>
80200f64:	00150513          	addi	a0,a0,1
80200f68:	00078c63          	beqz	a5,80200f80 <strncmp+0x94>
80200f6c:	00054783          	lbu	a5,0(a0)
80200f70:	0005c703          	lbu	a4,0(a1)
80200f74:	00e79a63          	bne	a5,a4,80200f88 <strncmp+0x9c>
80200f78:	00158593          	addi	a1,a1,1
80200f7c:	fec514e3          	bne	a0,a2,80200f64 <strncmp+0x78>
80200f80:	00000513          	li	a0,0
80200f84:	00008067          	ret
80200f88:	40e78533          	sub	a0,a5,a4
80200f8c:	00008067          	ret

80200f90 <__errno>:
__errno():
80200f90:	00007517          	auipc	a0,0x7
80200f94:	32452503          	lw	a0,804(a0) # 802082b4 <_impure_ptr>
80200f98:	00008067          	ret

80200f9c <memset>:
memset():
80200f9c:	00f00313          	li	t1,15
80200fa0:	00050713          	mv	a4,a0
80200fa4:	02c37e63          	bgeu	t1,a2,80200fe0 <memset+0x44>
80200fa8:	00f77793          	andi	a5,a4,15
80200fac:	0a079063          	bnez	a5,8020104c <memset+0xb0>
80200fb0:	08059263          	bnez	a1,80201034 <memset+0x98>
80200fb4:	ff067693          	andi	a3,a2,-16
80200fb8:	00f67613          	andi	a2,a2,15
80200fbc:	00e686b3          	add	a3,a3,a4
80200fc0:	00b72023          	sw	a1,0(a4)
80200fc4:	00b72223          	sw	a1,4(a4)
80200fc8:	00b72423          	sw	a1,8(a4)
80200fcc:	00b72623          	sw	a1,12(a4)
80200fd0:	01070713          	addi	a4,a4,16
80200fd4:	fed766e3          	bltu	a4,a3,80200fc0 <memset+0x24>
80200fd8:	00061463          	bnez	a2,80200fe0 <memset+0x44>
80200fdc:	00008067          	ret
80200fe0:	40c306b3          	sub	a3,t1,a2
80200fe4:	00269693          	slli	a3,a3,0x2
80200fe8:	00000297          	auipc	t0,0x0
80200fec:	005686b3          	add	a3,a3,t0
80200ff0:	00c68067          	jr	12(a3)
80200ff4:	00b70723          	sb	a1,14(a4)
80200ff8:	00b706a3          	sb	a1,13(a4)
80200ffc:	00b70623          	sb	a1,12(a4)
80201000:	00b705a3          	sb	a1,11(a4)
80201004:	00b70523          	sb	a1,10(a4)
80201008:	00b704a3          	sb	a1,9(a4)
8020100c:	00b70423          	sb	a1,8(a4)
80201010:	00b703a3          	sb	a1,7(a4)
80201014:	00b70323          	sb	a1,6(a4)
80201018:	00b702a3          	sb	a1,5(a4)
8020101c:	00b70223          	sb	a1,4(a4)
80201020:	00b701a3          	sb	a1,3(a4)
80201024:	00b70123          	sb	a1,2(a4)
80201028:	00b700a3          	sb	a1,1(a4)
8020102c:	00b70023          	sb	a1,0(a4)
80201030:	00008067          	ret
80201034:	0ff5f593          	zext.b	a1,a1
80201038:	00859693          	slli	a3,a1,0x8
8020103c:	00d5e5b3          	or	a1,a1,a3
80201040:	01059693          	slli	a3,a1,0x10
80201044:	00d5e5b3          	or	a1,a1,a3
80201048:	f6dff06f          	j	80200fb4 <memset+0x18>
8020104c:	00279693          	slli	a3,a5,0x2
80201050:	00000297          	auipc	t0,0x0
80201054:	005686b3          	add	a3,a3,t0
80201058:	00008293          	mv	t0,ra
8020105c:	fa0680e7          	jalr	-96(a3)
80201060:	00028093          	mv	ra,t0
80201064:	ff078793          	addi	a5,a5,-16
80201068:	40f70733          	sub	a4,a4,a5
8020106c:	00f60633          	add	a2,a2,a5
80201070:	f6c378e3          	bgeu	t1,a2,80200fe0 <memset+0x44>
80201074:	f3dff06f          	j	80200fb0 <memset+0x14>

80201078 <memcpy>:
memcpy():
80201078:	00a5c7b3          	xor	a5,a1,a0
8020107c:	0037f793          	andi	a5,a5,3
80201080:	00c508b3          	add	a7,a0,a2
80201084:	06079663          	bnez	a5,802010f0 <memcpy+0x78>
80201088:	00463613          	sltiu	a2,a2,4
8020108c:	06061263          	bnez	a2,802010f0 <memcpy+0x78>
80201090:	00357793          	andi	a5,a0,3
80201094:	00050713          	mv	a4,a0
80201098:	0c079a63          	bnez	a5,8020116c <memcpy+0xf4>
8020109c:	ffc8f613          	andi	a2,a7,-4
802010a0:	40e606b3          	sub	a3,a2,a4
802010a4:	02000793          	li	a5,32
802010a8:	06d7c463          	blt	a5,a3,80201110 <memcpy+0x98>
802010ac:	00058693          	mv	a3,a1
802010b0:	00070793          	mv	a5,a4
802010b4:	02c77a63          	bgeu	a4,a2,802010e8 <memcpy+0x70>
802010b8:	0006a803          	lw	a6,0(a3)
802010bc:	00478793          	addi	a5,a5,4
802010c0:	00468693          	addi	a3,a3,4
802010c4:	ff07ae23          	sw	a6,-4(a5)
802010c8:	fec7e8e3          	bltu	a5,a2,802010b8 <memcpy+0x40>
802010cc:	fff60613          	addi	a2,a2,-1
802010d0:	40e60633          	sub	a2,a2,a4
802010d4:	ffc67613          	andi	a2,a2,-4
802010d8:	00458593          	addi	a1,a1,4
802010dc:	00470713          	addi	a4,a4,4
802010e0:	00c585b3          	add	a1,a1,a2
802010e4:	00c70733          	add	a4,a4,a2
802010e8:	01176863          	bltu	a4,a7,802010f8 <memcpy+0x80>
802010ec:	00008067          	ret
802010f0:	00050713          	mv	a4,a0
802010f4:	ff157ce3          	bgeu	a0,a7,802010ec <memcpy+0x74>
802010f8:	0005c783          	lbu	a5,0(a1)
802010fc:	00170713          	addi	a4,a4,1
80201100:	00158593          	addi	a1,a1,1
80201104:	fef70fa3          	sb	a5,-1(a4)
80201108:	fee898e3          	bne	a7,a4,802010f8 <memcpy+0x80>
8020110c:	00008067          	ret
80201110:	0005a683          	lw	a3,0(a1)
80201114:	0045a283          	lw	t0,4(a1)
80201118:	0085af83          	lw	t6,8(a1)
8020111c:	00c5af03          	lw	t5,12(a1)
80201120:	0105ae83          	lw	t4,16(a1)
80201124:	0145ae03          	lw	t3,20(a1)
80201128:	0185a303          	lw	t1,24(a1)
8020112c:	01c5a803          	lw	a6,28(a1)
80201130:	00d72023          	sw	a3,0(a4)
80201134:	0205a683          	lw	a3,32(a1)
80201138:	02470713          	addi	a4,a4,36
8020113c:	fe572023          	sw	t0,-32(a4)
80201140:	fed72e23          	sw	a3,-4(a4)
80201144:	fff72223          	sw	t6,-28(a4)
80201148:	40e606b3          	sub	a3,a2,a4
8020114c:	ffe72423          	sw	t5,-24(a4)
80201150:	ffd72623          	sw	t4,-20(a4)
80201154:	ffc72823          	sw	t3,-16(a4)
80201158:	fe672a23          	sw	t1,-12(a4)
8020115c:	ff072c23          	sw	a6,-8(a4)
80201160:	02458593          	addi	a1,a1,36
80201164:	fad7c6e3          	blt	a5,a3,80201110 <memcpy+0x98>
80201168:	f45ff06f          	j	802010ac <memcpy+0x34>
8020116c:	0005c683          	lbu	a3,0(a1)
80201170:	00170713          	addi	a4,a4,1
80201174:	00377793          	andi	a5,a4,3
80201178:	fed70fa3          	sb	a3,-1(a4)
8020117c:	00158593          	addi	a1,a1,1
80201180:	f0078ee3          	beqz	a5,8020109c <memcpy+0x24>
80201184:	0005c683          	lbu	a3,0(a1)
80201188:	00170713          	addi	a4,a4,1
8020118c:	00377793          	andi	a5,a4,3
80201190:	fed70fa3          	sb	a3,-1(a4)
80201194:	00158593          	addi	a1,a1,1
80201198:	fc079ae3          	bnez	a5,8020116c <memcpy+0xf4>
8020119c:	f01ff06f          	j	8020109c <memcpy+0x24>

802011a0 <strlen>:
strlen():
802011a0:	00357793          	andi	a5,a0,3
802011a4:	00050713          	mv	a4,a0
802011a8:	04079c63          	bnez	a5,80201200 <strlen+0x60>
802011ac:	7f7f86b7          	lui	a3,0x7f7f8
802011b0:	f7f68693          	addi	a3,a3,-129 # 7f7f7f7f <app_entry-0xa08081>
802011b4:	fff00593          	li	a1,-1
802011b8:	00072603          	lw	a2,0(a4)
802011bc:	00470713          	addi	a4,a4,4
802011c0:	00d677b3          	and	a5,a2,a3
802011c4:	00d787b3          	add	a5,a5,a3
802011c8:	00c7e7b3          	or	a5,a5,a2
802011cc:	00d7e7b3          	or	a5,a5,a3
802011d0:	feb784e3          	beq	a5,a1,802011b8 <strlen+0x18>
802011d4:	ffc74683          	lbu	a3,-4(a4)
802011d8:	40a707b3          	sub	a5,a4,a0
802011dc:	04068463          	beqz	a3,80201224 <strlen+0x84>
802011e0:	ffd74683          	lbu	a3,-3(a4)
802011e4:	02068c63          	beqz	a3,8020121c <strlen+0x7c>
802011e8:	ffe74503          	lbu	a0,-2(a4)
802011ec:	00a03533          	snez	a0,a0
802011f0:	00f50533          	add	a0,a0,a5
802011f4:	ffe50513          	addi	a0,a0,-2
802011f8:	00008067          	ret
802011fc:	fa0688e3          	beqz	a3,802011ac <strlen+0xc>
80201200:	00074783          	lbu	a5,0(a4)
80201204:	00170713          	addi	a4,a4,1
80201208:	00377693          	andi	a3,a4,3
8020120c:	fe0798e3          	bnez	a5,802011fc <strlen+0x5c>
80201210:	40a70733          	sub	a4,a4,a0
80201214:	fff70513          	addi	a0,a4,-1
80201218:	00008067          	ret
8020121c:	ffd78513          	addi	a0,a5,-3
80201220:	00008067          	ret
80201224:	ffc78513          	addi	a0,a5,-4
80201228:	00008067          	ret

8020122c <strcpy>:
strcpy():
8020122c:	00b567b3          	or	a5,a0,a1
80201230:	0037f793          	andi	a5,a5,3
80201234:	08079063          	bnez	a5,802012b4 <strcpy+0x88>
80201238:	0005a703          	lw	a4,0(a1)
8020123c:	7f7f86b7          	lui	a3,0x7f7f8
80201240:	f7f68693          	addi	a3,a3,-129 # 7f7f7f7f <app_entry-0xa08081>
80201244:	00d77833          	and	a6,a4,a3
80201248:	00d80833          	add	a6,a6,a3
8020124c:	00e86833          	or	a6,a6,a4
80201250:	00d86833          	or	a6,a6,a3
80201254:	fff00793          	li	a5,-1
80201258:	00050613          	mv	a2,a0
8020125c:	02f81463          	bne	a6,a5,80201284 <strcpy+0x58>
80201260:	00458593          	addi	a1,a1,4
80201264:	00e62023          	sw	a4,0(a2)
80201268:	0005a703          	lw	a4,0(a1)
8020126c:	00460613          	addi	a2,a2,4
80201270:	00d777b3          	and	a5,a4,a3
80201274:	00d787b3          	add	a5,a5,a3
80201278:	00e7e7b3          	or	a5,a5,a4
8020127c:	00d7e7b3          	or	a5,a5,a3
80201280:	ff0780e3          	beq	a5,a6,80201260 <strcpy+0x34>
80201284:	0005c783          	lbu	a5,0(a1)
80201288:	0015c703          	lbu	a4,1(a1)
8020128c:	0025c683          	lbu	a3,2(a1)
80201290:	00f60023          	sb	a5,0(a2)
80201294:	00078a63          	beqz	a5,802012a8 <strcpy+0x7c>
80201298:	00e600a3          	sb	a4,1(a2)
8020129c:	00070663          	beqz	a4,802012a8 <strcpy+0x7c>
802012a0:	00d60123          	sb	a3,2(a2)
802012a4:	00069463          	bnez	a3,802012ac <strcpy+0x80>
802012a8:	00008067          	ret
802012ac:	000601a3          	sb	zero,3(a2)
802012b0:	00008067          	ret
802012b4:	00050793          	mv	a5,a0
802012b8:	0005c703          	lbu	a4,0(a1)
802012bc:	00178793          	addi	a5,a5,1
802012c0:	00158593          	addi	a1,a1,1
802012c4:	fee78fa3          	sb	a4,-1(a5)
802012c8:	fe0718e3          	bnez	a4,802012b8 <strcpy+0x8c>
802012cc:	00008067          	ret

802012d0 <__mulsi3>:
__mulsi3():
802012d0:	00050613          	mv	a2,a0
802012d4:	00000513          	li	a0,0
802012d8:	0015f693          	andi	a3,a1,1
802012dc:	00068463          	beqz	a3,802012e4 <__mulsi3+0x14>
802012e0:	00c50533          	add	a0,a0,a2
802012e4:	0015d593          	srli	a1,a1,0x1
802012e8:	00161613          	slli	a2,a2,0x1
802012ec:	fe0596e3          	bnez	a1,802012d8 <__mulsi3+0x8>
802012f0:	00008067          	ret

802012f4 <__divsi3>:
__divsi3():
802012f4:	06054063          	bltz	a0,80201354 <__umodsi3+0x10>
802012f8:	0605c663          	bltz	a1,80201364 <__umodsi3+0x20>

802012fc <__hidden___udivsi3>:
802012fc:	00058613          	mv	a2,a1
80201300:	00050593          	mv	a1,a0
80201304:	fff00513          	li	a0,-1
80201308:	02060c63          	beqz	a2,80201340 <__hidden___udivsi3+0x44>
8020130c:	00100693          	li	a3,1
80201310:	00b67a63          	bgeu	a2,a1,80201324 <__hidden___udivsi3+0x28>
80201314:	00c05863          	blez	a2,80201324 <__hidden___udivsi3+0x28>
80201318:	00161613          	slli	a2,a2,0x1
8020131c:	00169693          	slli	a3,a3,0x1
80201320:	feb66ae3          	bltu	a2,a1,80201314 <__hidden___udivsi3+0x18>
80201324:	00000513          	li	a0,0
80201328:	00c5e663          	bltu	a1,a2,80201334 <__hidden___udivsi3+0x38>
8020132c:	40c585b3          	sub	a1,a1,a2
80201330:	00d56533          	or	a0,a0,a3
80201334:	0016d693          	srli	a3,a3,0x1
80201338:	00165613          	srli	a2,a2,0x1
8020133c:	fe0696e3          	bnez	a3,80201328 <__hidden___udivsi3+0x2c>
80201340:	00008067          	ret

80201344 <__umodsi3>:
80201344:	00008293          	mv	t0,ra
80201348:	fb5ff0ef          	jal	802012fc <__hidden___udivsi3>
8020134c:	00058513          	mv	a0,a1
80201350:	00028067          	jr	t0 # 80201050 <memset+0xb4>
80201354:	40a00533          	neg	a0,a0
80201358:	00b04863          	bgtz	a1,80201368 <__umodsi3+0x24>
8020135c:	40b005b3          	neg	a1,a1
80201360:	f9dff06f          	j	802012fc <__hidden___udivsi3>
80201364:	40b005b3          	neg	a1,a1
80201368:	00008293          	mv	t0,ra
8020136c:	f91ff0ef          	jal	802012fc <__hidden___udivsi3>
80201370:	40a00533          	neg	a0,a0
80201374:	00028067          	jr	t0

80201378 <__modsi3>:
__modsi3():
80201378:	00008293          	mv	t0,ra
8020137c:	0005ca63          	bltz	a1,80201390 <__modsi3+0x18>
80201380:	00054c63          	bltz	a0,80201398 <__modsi3+0x20>
80201384:	f79ff0ef          	jal	802012fc <__hidden___udivsi3>
80201388:	00058513          	mv	a0,a1
8020138c:	00028067          	jr	t0
80201390:	40b005b3          	neg	a1,a1
80201394:	fe0558e3          	bgez	a0,80201384 <__modsi3+0xc>
80201398:	40a00533          	neg	a0,a0
8020139c:	f61ff0ef          	jal	802012fc <__hidden___udivsi3>
802013a0:	40b00533          	neg	a0,a1
802013a4:	00028067          	jr	t0
